2024-02-20 15:41:37.026 [info] Log level: Info
2024-02-20 15:41:37.026 [info] Validating found git in: "git"
2024-02-20 15:41:37.026 [info] Using git "2.34.1" from "git"
2024-02-20 15:41:37.026 [info] > git rev-parse --show-toplevel [35ms]
2024-02-20 15:41:37.026 [info] > git rev-parse --git-dir --git-common-dir [12ms]
2024-02-20 15:41:37.027 [info] Open repository: /var/lib/odoo
2024-02-20 15:41:37.027 [info] > git rev-parse --show-toplevel [3ms]
2024-02-20 15:41:37.027 [info] > git config --get commit.template [18ms]
2024-02-20 15:41:37.027 [info] > git for-each-ref --format=%(refname)%00%(upstream:short)%00%(objectname)%00%(upstream:track)%00%(upstream:remotename)%00%(upstream:remoteref) refs/heads/main refs/remotes/main [4ms]
2024-02-20 15:41:37.027 [info] > git rev-parse --show-toplevel [20ms]
2024-02-20 15:41:37.027 [info] > git rev-parse --show-toplevel [20ms]
2024-02-20 15:41:37.028 [info] > git rev-parse --show-toplevel [2ms]
2024-02-20 15:41:37.028 [info] > git rev-parse --show-toplevel [209ms]
2024-02-20 15:41:37.028 [info] > git status -z -uall [295ms]
2024-02-20 15:41:37.028 [info] > git rev-parse --show-toplevel [98ms]
2024-02-20 15:41:37.052 [info] > git fetch [978ms]
2024-02-20 15:41:37.054 [info] > git config --get commit.template [462ms]
2024-02-20 15:41:37.189 [info] > git config --get commit.template [23ms]
2024-02-20 15:41:37.190 [info] > git for-each-ref --format=%(refname)%00%(upstream:short)%00%(objectname)%00%(upstream:track)%00%(upstream:remotename)%00%(upstream:remoteref) refs/heads/main refs/remotes/main [38ms]
2024-02-20 15:41:37.210 [info] > git check-ignore -v -z --stdin [24ms]
2024-02-20 15:41:37.271 [info] > git for-each-ref --format=%(refname)%00%(upstream:short)%00%(objectname)%00%(upstream:track)%00%(upstream:remotename)%00%(upstream:remoteref) refs/heads/main refs/remotes/main [64ms]
2024-02-20 15:41:37.648 [info] > git status -z -uall [217ms]
2024-02-20 15:41:38.411 [info] > git check-ignore -v -z --stdin [76ms]
2024-02-20 15:41:38.413 [info] > git show --textconv :modules/tarea03abm/models/paciente.py [27ms]
2024-02-20 15:41:38.436 [info] > git ls-files --stage -- /var/lib/odoo/modules/tarea03abm/models/paciente.py [27ms]
2024-02-20 15:41:38.578 [info] > git cat-file -s 365f7c1cb8c7c0015e8f066c015d75f263617b1d [102ms]
2024-02-20 15:41:39.054 [info] > git show --textconv :modules/tarea03abm/models/diagnostico.py [115ms]
2024-02-20 15:41:39.055 [info] > git ls-files --stage -- /var/lib/odoo/modules/tarea03abm/models/diagnostico.py [70ms]
2024-02-20 15:41:39.176 [info] > git cat-file -s a78c3bad36db941447b0e2e25f8896929f848e3e [79ms]
2024-02-20 15:41:39.825 [info] > git show --textconv :modules/tarea03abm/__manifest__.py [43ms]
2024-02-20 15:41:39.907 [info] > git ls-files --stage -- /var/lib/odoo/modules/tarea03abm/__manifest__.py [84ms]
2024-02-20 15:41:39.947 [info] > git cat-file -s e3817401d1689f7b3371042d74d6c0d94422a590 [4ms]
2024-02-20 15:41:40.824 [info] > git show --textconv :modules/tarea03abm/__init__.py [17ms]
2024-02-20 15:41:40.829 [info] > git ls-files --stage -- /var/lib/odoo/modules/tarea03abm/__init__.py [6ms]
2024-02-20 15:41:40.863 [info] > git cat-file -s aa4d0fd63a9344bf3359c9a6abf0036bd9f2db1d [19ms]
2024-02-20 15:41:41.668 [info] > git show --textconv :modules/tarea03abm/models/__init__.py [16ms]
2024-02-20 15:41:41.672 [info] > git ls-files --stage -- /var/lib/odoo/modules/tarea03abm/models/__init__.py [5ms]
2024-02-20 15:41:41.706 [info] > git cat-file -s 4742275d63036c9fbbf04a83ea10ee10aa1db21f [18ms]
2024-02-20 15:41:43.783 [info] > git check-ignore -v -z --stdin [8ms]
2024-02-20 15:41:45.465 [info] > git check-ignore -v -z --stdin [7ms]
2024-02-20 15:41:47.036 [info] > git check-ignore -v -z --stdin [7ms]
2024-02-20 15:41:48.338 [info] > git check-ignore -v -z --stdin [7ms]
2024-02-20 15:41:49.707 [info] > git check-ignore -v -z --stdin [8ms]
2024-02-20 15:41:50.934 [info] > git check-ignore -v -z --stdin [7ms]
2024-02-20 15:42:22.954 [info] > git check-ignore -v -z --stdin [7ms]
2024-02-20 15:42:50.847 [info] > git check-ignore -v -z --stdin [8ms]
2024-02-20 15:44:38.279 [info] > git fetch [535ms]
2024-02-20 15:44:38.309 [info] > git config --get commit.template [17ms]
2024-02-20 15:44:38.310 [info] > git for-each-ref --format=%(refname)%00%(upstream:short)%00%(objectname)%00%(upstream:track)%00%(upstream:remotename)%00%(upstream:remoteref) refs/heads/main refs/remotes/main [2ms]
2024-02-20 15:44:38.427 [info] > git status -z -uall [102ms]
2024-02-20 15:47:39.067 [info] > git fetch [550ms]
2024-02-20 15:47:39.101 [info] > git config --get commit.template [17ms]
2024-02-20 15:47:39.102 [info] > git for-each-ref --format=%(refname)%00%(upstream:short)%00%(objectname)%00%(upstream:track)%00%(upstream:remotename)%00%(upstream:remoteref) refs/heads/main refs/remotes/main [3ms]
2024-02-20 15:47:39.226 [info] > git status -z -uall [109ms]
2024-02-20 15:50:39.831 [info] > git fetch [531ms]
2024-02-20 15:50:39.865 [info] > git config --get commit.template [16ms]
2024-02-20 15:50:39.866 [info] > git for-each-ref --format=%(refname)%00%(upstream:short)%00%(objectname)%00%(upstream:track)%00%(upstream:remotename)%00%(upstream:remoteref) refs/heads/main refs/remotes/main [3ms]
2024-02-20 15:50:39.983 [info] > git status -z -uall [101ms]
2024-02-20 15:53:40.594 [info] > git fetch [528ms]
2024-02-20 15:53:40.627 [info] > git config --get commit.template [16ms]
2024-02-20 15:53:40.627 [info] > git for-each-ref --format=%(refname)%00%(upstream:short)%00%(objectname)%00%(upstream:track)%00%(upstream:remotename)%00%(upstream:remoteref) refs/heads/main refs/remotes/main [3ms]
2024-02-20 15:53:40.750 [info] > git status -z -uall [107ms]
2024-02-20 15:56:41.561 [info] > git fetch [741ms]
2024-02-20 15:56:41.590 [info] > git config --get commit.template [14ms]
2024-02-20 15:56:41.591 [info] > git for-each-ref --format=%(refname)%00%(upstream:short)%00%(objectname)%00%(upstream:track)%00%(upstream:remotename)%00%(upstream:remoteref) refs/heads/main refs/remotes/main [3ms]
2024-02-20 15:56:41.768 [info] > git status -z -uall [161ms]
2024-02-20 15:56:42.134 [info] > git for-each-ref --format=%(refname)%00%(upstream:short)%00%(objectname)%00%(upstream:track)%00%(upstream:remotename)%00%(upstream:remoteref) refs/heads/main refs/remotes/main [251ms]
2024-02-20 15:56:42.142 [info] > git config --get commit.template [280ms]
2024-02-20 15:56:42.314 [info] > git status -z -uall [156ms]
2024-02-20 15:59:42.401 [info] > git fetch [555ms]
2024-02-20 15:59:42.435 [info] > git config --get commit.template [18ms]
2024-02-20 15:59:42.436 [info] > git for-each-ref --format=%(refname)%00%(upstream:short)%00%(objectname)%00%(upstream:track)%00%(upstream:remotename)%00%(upstream:remoteref) refs/heads/main refs/remotes/main [3ms]
2024-02-20 15:59:42.553 [info] > git status -z -uall [102ms]
2024-02-20 15:59:42.664 [info] > git config --get commit.template [21ms]
2024-02-20 15:59:42.665 [info] > git for-each-ref --format=%(refname)%00%(upstream:short)%00%(objectname)%00%(upstream:track)%00%(upstream:remotename)%00%(upstream:remoteref) refs/heads/main refs/remotes/main [4ms]
2024-02-20 15:59:42.964 [info] > git status -z -uall [284ms]
2024-02-20 16:02:43.203 [info] > git fetch [559ms]
2024-02-20 16:02:43.238 [info] > git config --get commit.template [18ms]
2024-02-20 16:02:43.239 [info] > git for-each-ref --format=%(refname)%00%(upstream:short)%00%(objectname)%00%(upstream:track)%00%(upstream:remotename)%00%(upstream:remoteref) refs/heads/main refs/remotes/main [3ms]
2024-02-20 16:02:43.369 [info] > git status -z -uall [112ms]
2024-02-20 16:02:43.458 [info] > git config --get commit.template [3ms]
2024-02-20 16:02:43.738 [info] > git for-each-ref --format=%(refname)%00%(upstream:short)%00%(objectname)%00%(upstream:track)%00%(upstream:remotename)%00%(upstream:remoteref) refs/heads/main refs/remotes/main [262ms]
2024-02-20 16:02:43.919 [info] > git status -z -uall [155ms]
2024-02-20 16:17:52.802 [info] > git fetch [878ms]
2024-02-20 16:17:52.836 [info] > git config --get commit.template [16ms]
2024-02-20 16:17:52.837 [info] > git for-each-ref --format=%(refname)%00%(upstream:short)%00%(objectname)%00%(upstream:track)%00%(upstream:remotename)%00%(upstream:remoteref) refs/heads/main refs/remotes/main [2ms]
2024-02-20 16:17:52.967 [info] > git status -z -uall [114ms]
2024-02-20 16:17:53.069 [info] > git config --get commit.template [20ms]
2024-02-20 16:17:53.071 [info] > git for-each-ref --format=%(refname)%00%(upstream:short)%00%(objectname)%00%(upstream:track)%00%(upstream:remotename)%00%(upstream:remoteref) refs/heads/main refs/remotes/main [3ms]
2024-02-20 16:17:53.364 [info] > git status -z -uall [270ms]
2024-02-20 16:17:55.391 [info] > git check-ignore -v -z --stdin [6ms]
2024-02-20 16:17:56.616 [info] > git show --textconv :modules/tarea04abm/models/models.py [17ms]
2024-02-20 16:17:56.620 [info] > git ls-files --stage -- /var/lib/odoo/modules/tarea04abm/models/models.py [6ms]
2024-02-20 16:18:04.990 [info] > git show --textconv :modules/tarea04abm/models/ciclos.py [17ms]
2024-02-20 16:18:04.994 [info] > git ls-files --stage -- /var/lib/odoo/modules/tarea04abm/models/ciclos.py [5ms]
2024-02-20 16:18:05.222 [info] > git check-ignore -v -z --stdin [7ms]
2024-02-20 16:18:12.274 [info] > git show --textconv :modules/tarea04abm/models/profesores.py [17ms]
2024-02-20 16:18:12.279 [info] > git ls-files --stage -- /var/lib/odoo/modules/tarea04abm/models/profesores.py [5ms]
2024-02-20 16:18:12.502 [info] > git check-ignore -v -z --stdin [7ms]
2024-02-20 16:18:17.156 [info] > git show --textconv :modules/tarea04abm/models/alumnos.py [17ms]
2024-02-20 16:18:17.161 [info] > git ls-files --stage -- /var/lib/odoo/modules/tarea04abm/models/alumnos.py [5ms]
2024-02-20 16:18:17.380 [info] > git check-ignore -v -z --stdin [7ms]
2024-02-20 16:18:25.512 [info] > git show --textconv :modules/tarea04abm/models/modulos.py [19ms]
2024-02-20 16:18:25.516 [info] > git ls-files --stage -- /var/lib/odoo/modules/tarea04abm/models/modulos.py [5ms]
2024-02-20 16:18:25.730 [info] > git check-ignore -v -z --stdin [5ms]
2024-02-20 16:18:28.728 [info] > git show --textconv :modules/tarea04abm/models/alumnos.py [16ms]
2024-02-20 16:18:28.733 [info] > git ls-files --stage -- /var/lib/odoo/modules/tarea04abm/models/alumnos.py [6ms]
2024-02-20 16:18:31.454 [info] > git show --textconv :modules/tarea04abm/models/profesores.py [17ms]
2024-02-20 16:18:31.457 [info] > git ls-files --stage -- /var/lib/odoo/modules/tarea04abm/models/profesores.py [5ms]
2024-02-20 16:18:32.027 [info] > git show --textconv :modules/tarea04abm/models/modulos.py [19ms]
2024-02-20 16:18:32.029 [info] > git ls-files --stage -- /var/lib/odoo/modules/tarea04abm/models/modulos.py [5ms]
2024-02-20 16:18:32.666 [info] > git show --textconv :modules/tarea04abm/models/ciclos.py [19ms]
2024-02-20 16:18:32.671 [info] > git ls-files --stage -- /var/lib/odoo/modules/tarea04abm/models/ciclos.py [7ms]
2024-02-20 16:19:32.522 [info] > git ls-files --stage -- /var/lib/odoo/modules/tarea04abm/models/ciclos.py [7ms]
2024-02-20 16:19:32.550 [info] > git show --textconv :modules/tarea04abm/models/ciclos.py [7ms]
2024-02-20 16:19:40.915 [info] > git show --textconv :modules/tarea03abm/models/diagnostico.py [22ms]
2024-02-20 16:19:40.930 [info] > git ls-files --stage -- /var/lib/odoo/modules/tarea03abm/models/diagnostico.py [18ms]
2024-02-20 16:19:40.954 [info] > git cat-file -s a78c3bad36db941447b0e2e25f8896929f848e3e [8ms]
2024-02-20 16:19:46.104 [info] > git show --textconv :modules/tarea04abm/models/ciclos.py [16ms]
2024-02-20 16:19:46.110 [info] > git ls-files --stage -- /var/lib/odoo/modules/tarea04abm/models/ciclos.py [8ms]
2024-02-20 16:20:07.220 [info] > git show --textconv :modules/tarea04abm/models/modulos.py [22ms]
2024-02-20 16:20:07.222 [info] > git ls-files --stage -- /var/lib/odoo/modules/tarea04abm/models/modulos.py [9ms]
2024-02-20 16:20:08.611 [info] > git show --textconv :modules/tarea03abm/models/diagnostico.py [16ms]
2024-02-20 16:20:08.622 [info] > git ls-files --stage -- /var/lib/odoo/modules/tarea03abm/models/diagnostico.py [12ms]
2024-02-20 16:20:08.642 [info] > git cat-file -s a78c3bad36db941447b0e2e25f8896929f848e3e [4ms]
2024-02-20 16:20:11.101 [info] > git show --textconv :modules/tarea04abm/models/ciclos.py [18ms]
2024-02-20 16:20:11.109 [info] > git ls-files --stage -- /var/lib/odoo/modules/tarea04abm/models/ciclos.py [10ms]
2024-02-20 16:20:27.889 [info] > git config --get commit.template [17ms]
2024-02-20 16:20:27.895 [info] > git for-each-ref --format=%(refname)%00%(upstream:short)%00%(objectname)%00%(upstream:track)%00%(upstream:remotename)%00%(upstream:remoteref) refs/heads/main refs/remotes/main [8ms]
2024-02-20 16:20:28.202 [info] > git status -z -uall [293ms]
2024-02-20 16:20:28.679 [info] > git show --textconv :modules/tarea03abm/models/diagnostico.py [61ms]
2024-02-20 16:20:28.680 [info] > git ls-files --stage -- /var/lib/odoo/modules/tarea03abm/models/diagnostico.py [42ms]
2024-02-20 16:20:28.706 [info] > git cat-file -s a78c3bad36db941447b0e2e25f8896929f848e3e [11ms]
2024-02-20 16:20:30.731 [info] > git show --textconv :modules/tarea04abm/models/ciclos.py [20ms]
2024-02-20 16:20:30.743 [info] > git ls-files --stage -- /var/lib/odoo/modules/tarea04abm/models/ciclos.py [13ms]
2024-02-20 16:20:33.817 [info] > git for-each-ref --format=%(refname)%00%(upstream:short)%00%(objectname)%00%(upstream:track)%00%(upstream:remotename)%00%(upstream:remoteref) refs/heads/main refs/remotes/main [2ms]
2024-02-20 16:20:33.818 [info] > git config --get commit.template [531ms]
2024-02-20 16:20:34.287 [info] > git status -z -uall [123ms]
2024-02-20 16:20:39.409 [info] > git config --get commit.template [19ms]
2024-02-20 16:20:39.413 [info] > git for-each-ref --format=%(refname)%00%(upstream:short)%00%(objectname)%00%(upstream:track)%00%(upstream:remotename)%00%(upstream:remoteref) refs/heads/main refs/remotes/main [5ms]
2024-02-20 16:20:40.039 [info] > git status -z -uall [611ms]
2024-02-20 16:20:43.249 [info] > git ls-files --stage -- /var/lib/odoo/modules/tarea03abm/models/diagnostico.py [17ms]
2024-02-20 16:20:43.322 [info] > git cat-file -s a78c3bad36db941447b0e2e25f8896929f848e3e [56ms]
2024-02-20 16:20:43.324 [info] > git show --textconv :modules/tarea03abm/models/diagnostico.py [306ms]
2024-02-20 16:20:45.897 [info] > git config --get commit.template [207ms]
2024-02-20 16:20:45.900 [info] > git for-each-ref --format=%(refname)%00%(upstream:short)%00%(objectname)%00%(upstream:track)%00%(upstream:remotename)%00%(upstream:remoteref) refs/heads/main refs/remotes/main [115ms]
2024-02-20 16:20:46.413 [info] > git status -z -uall [468ms]
2024-02-20 16:20:48.988 [info] > git show --textconv :modules/tarea04abm/models/ciclos.py [23ms]
2024-02-20 16:20:49.075 [info] > git ls-files --stage -- /var/lib/odoo/modules/tarea04abm/models/ciclos.py [88ms]
2024-02-20 16:20:51.512 [info] > git for-each-ref --format=%(refname)%00%(upstream:short)%00%(objectname)%00%(upstream:track)%00%(upstream:remotename)%00%(upstream:remoteref) refs/heads/main refs/remotes/main [29ms]
2024-02-20 16:20:51.514 [info] > git config --get commit.template [48ms]
2024-02-20 16:20:51.720 [info] > git status -z -uall [185ms]
2024-02-20 16:20:55.939 [info] > git ls-files --stage -- /var/lib/odoo/modules/tarea04abm/models/ciclos.py [27ms]
2024-02-20 16:20:56.212 [info] > git show --textconv :modules/tarea04abm/models/ciclos.py [92ms]
2024-02-20 16:20:56.895 [info] > git fetch [3728ms]
2024-02-20 16:20:56.931 [info] > git config --get commit.template [18ms]
2024-02-20 16:20:56.934 [info] > git for-each-ref --format=%(refname)%00%(upstream:short)%00%(objectname)%00%(upstream:track)%00%(upstream:remotename)%00%(upstream:remoteref) refs/heads/main refs/remotes/main [5ms]
2024-02-20 16:20:57.064 [info] > git status -z -uall [113ms]
2024-02-20 16:20:57.160 [info] > git config --get commit.template [26ms]
2024-02-20 16:20:57.170 [info] > git for-each-ref --format=%(refname)%00%(upstream:short)%00%(objectname)%00%(upstream:track)%00%(upstream:remotename)%00%(upstream:remoteref) refs/heads/main refs/remotes/main [11ms]
2024-02-20 16:20:57.568 [info] > git status -z -uall [381ms]
2024-02-20 16:20:58.277 [info] > git ls-files --stage -- /var/lib/odoo/modules/tarea04abm/models/ciclos.py [8ms]
2024-02-20 16:20:58.306 [info] > git show --textconv :modules/tarea04abm/models/ciclos.py [8ms]
2024-02-20 16:21:01.580 [info] > git show --textconv :modules/tarea04abm/models/__init__.py [25ms]
2024-02-20 16:21:01.591 [info] > git ls-files --stage -- /var/lib/odoo/modules/tarea04abm/models/__init__.py [12ms]
2024-02-20 16:21:05.572 [info] > git show --textconv :modules/tarea04abm/models/ciclos.py [26ms]
2024-02-20 16:21:05.584 [info] > git ls-files --stage -- /var/lib/odoo/modules/tarea04abm/models/ciclos.py [13ms]
2024-02-20 16:21:07.086 [info] > git show --textconv :modules/tarea04abm/models/__init__.py [19ms]
2024-02-20 16:21:07.091 [info] > git ls-files --stage -- /var/lib/odoo/modules/tarea04abm/models/__init__.py [6ms]
2024-02-20 16:21:09.714 [info] > git show --textconv :modules/tarea04abm/models/ciclos.py [20ms]
2024-02-20 16:21:09.723 [info] > git ls-files --stage -- /var/lib/odoo/modules/tarea04abm/models/ciclos.py [10ms]
2024-02-20 16:21:16.096 [info] > git show --textconv :modules/tarea03abm/models/__init__.py [48ms]
2024-02-20 16:21:16.101 [info] > git ls-files --stage -- /var/lib/odoo/modules/tarea03abm/models/__init__.py [29ms]
2024-02-20 16:21:16.149 [info] > git cat-file -s 4742275d63036c9fbbf04a83ea10ee10aa1db21f [7ms]
2024-02-20 16:21:21.140 [info] > git show --textconv :modules/tarea04abm/models/ciclos.py [19ms]
2024-02-20 16:21:21.146 [info] > git ls-files --stage -- /var/lib/odoo/modules/tarea04abm/models/ciclos.py [7ms]
2024-02-20 16:21:24.624 [info] > git show --textconv :modules/tarea04abm/models/__init__.py [21ms]
2024-02-20 16:21:24.629 [info] > git ls-files --stage -- /var/lib/odoo/modules/tarea04abm/models/__init__.py [6ms]
2024-02-20 16:21:28.906 [info] > git show --textconv :modules/tarea04abm/models/ciclos.py [19ms]
2024-02-20 16:21:28.915 [info] > git ls-files --stage -- /var/lib/odoo/modules/tarea04abm/models/ciclos.py [9ms]
2024-02-20 16:21:31.277 [info] > git show --textconv :modules/tarea04abm/models/__init__.py [20ms]
2024-02-20 16:21:31.282 [info] > git ls-files --stage -- /var/lib/odoo/modules/tarea04abm/models/__init__.py [5ms]
2024-02-20 16:21:32.525 [info] > git show --textconv :modules/tarea04abm/models/ciclos.py [20ms]
2024-02-20 16:21:32.529 [info] > git ls-files --stage -- /var/lib/odoo/modules/tarea04abm/models/ciclos.py [5ms]
2024-02-20 16:21:32.887 [info] > git show --textconv :modules/tarea04abm/models/__init__.py [20ms]
2024-02-20 16:21:32.892 [info] > git ls-files --stage -- /var/lib/odoo/modules/tarea04abm/models/__init__.py [6ms]
2024-02-20 16:22:16.108 [info] > git show --textconv :modules/tarea04abm/models/ciclos.py [17ms]
2024-02-20 16:22:16.115 [info] > git ls-files --stage -- /var/lib/odoo/modules/tarea04abm/models/ciclos.py [8ms]
2024-02-20 16:22:19.169 [info] > git config --get commit.template [21ms]
2024-02-20 16:22:19.170 [info] > git for-each-ref --format=%(refname)%00%(upstream:short)%00%(objectname)%00%(upstream:track)%00%(upstream:remotename)%00%(upstream:remoteref) refs/heads/main refs/remotes/main [3ms]
2024-02-20 16:22:19.264 [info] > git show --textconv :modules/tarea03abm/models/diagnostico.py [23ms]
2024-02-20 16:22:19.275 [info] > git ls-files --stage -- /var/lib/odoo/modules/tarea03abm/models/diagnostico.py [12ms]
2024-02-20 16:22:19.296 [info] > git cat-file -s a78c3bad36db941447b0e2e25f8896929f848e3e [6ms]
2024-02-20 16:22:19.329 [info] > git status -z -uall [142ms]
2024-02-20 16:22:23.032 [info] > git show --textconv :modules/tarea04abm/models/ciclos.py [19ms]
2024-02-20 16:22:23.042 [info] > git ls-files --stage -- /var/lib/odoo/modules/tarea04abm/models/ciclos.py [12ms]
2024-02-20 16:22:33.344 [info] > git ls-files --stage -- /var/lib/odoo/modules/tarea04abm/models/ciclos.py [5ms]
2024-02-20 16:22:33.371 [info] > git show --textconv :modules/tarea04abm/models/ciclos.py [6ms]
2024-02-20 16:22:57.186 [info] > git show --textconv :modules/tarea03abm/models/diagnostico.py [18ms]
2024-02-20 16:22:57.194 [info] > git ls-files --stage -- /var/lib/odoo/modules/tarea03abm/models/diagnostico.py [8ms]
2024-02-20 16:22:57.212 [info] > git cat-file -s a78c3bad36db941447b0e2e25f8896929f848e3e [4ms]
2024-02-20 16:22:59.436 [info] > git show --textconv :modules/tarea04abm/models/ciclos.py [19ms]
2024-02-20 16:22:59.440 [info] > git ls-files --stage -- /var/lib/odoo/modules/tarea04abm/models/ciclos.py [8ms]
2024-02-20 16:23:00.612 [info] > git show --textconv :modules/tarea03abm/models/diagnostico.py [29ms]
2024-02-20 16:23:00.625 [info] > git ls-files --stage -- /var/lib/odoo/modules/tarea03abm/models/diagnostico.py [15ms]
2024-02-20 16:23:00.650 [info] > git cat-file -s a78c3bad36db941447b0e2e25f8896929f848e3e [4ms]
2024-02-20 16:23:01.928 [info] > git show --textconv :modules/tarea04abm/models/__init__.py [18ms]
2024-02-20 16:23:01.933 [info] > git ls-files --stage -- /var/lib/odoo/modules/tarea04abm/models/__init__.py [7ms]
2024-02-20 16:23:03.235 [info] > git show --textconv :modules/tarea03abm/models/diagnostico.py [16ms]
2024-02-20 16:23:03.243 [info] > git ls-files --stage -- /var/lib/odoo/modules/tarea03abm/models/diagnostico.py [9ms]
2024-02-20 16:23:03.262 [info] > git cat-file -s a78c3bad36db941447b0e2e25f8896929f848e3e [4ms]
2024-02-20 16:23:04.191 [info] > git show --textconv :modules/tarea04abm/models/profesores.py [36ms]
2024-02-20 16:23:04.192 [info] > git ls-files --stage -- /var/lib/odoo/modules/tarea04abm/models/profesores.py [18ms]
2024-02-20 16:23:10.819 [info] > git show --textconv :modules/tarea04abm/models/ciclos.py [21ms]
2024-02-20 16:23:10.823 [info] > git ls-files --stage -- /var/lib/odoo/modules/tarea04abm/models/ciclos.py [7ms]
2024-02-20 16:23:14.725 [info] > git show --textconv :modules/tarea04abm/models/profesores.py [16ms]
2024-02-20 16:23:14.730 [info] > git ls-files --stage -- /var/lib/odoo/modules/tarea04abm/models/profesores.py [6ms]
2024-02-20 16:23:50.954 [info] > git show --textconv :modules/tarea04abm/models/alumnos.py [17ms]
2024-02-20 16:23:50.957 [info] > git ls-files --stage -- /var/lib/odoo/modules/tarea04abm/models/alumnos.py [6ms]
2024-02-20 16:23:53.216 [info] > git show --textconv :modules/tarea04abm/models/profesores.py [23ms]
2024-02-20 16:23:53.219 [info] > git ls-files --stage -- /var/lib/odoo/modules/tarea04abm/models/profesores.py [8ms]
2024-02-20 16:23:54.433 [info] > git show --textconv :modules/tarea04abm/models/alumnos.py [18ms]
2024-02-20 16:23:54.440 [info] > git ls-files --stage -- /var/lib/odoo/modules/tarea04abm/models/alumnos.py [8ms]
2024-02-20 16:23:57.681 [info] > git fetch [543ms]
2024-02-20 16:23:57.714 [info] > git config --get commit.template [17ms]
2024-02-20 16:23:57.718 [info] > git for-each-ref --format=%(refname)%00%(upstream:short)%00%(objectname)%00%(upstream:track)%00%(upstream:remotename)%00%(upstream:remoteref) refs/heads/main refs/remotes/main [5ms]
2024-02-20 16:23:57.865 [info] > git status -z -uall [132ms]
2024-02-20 16:23:58.251 [info] > git config --get commit.template [260ms]
2024-02-20 16:23:58.277 [info] > git for-each-ref --format=%(refname)%00%(upstream:short)%00%(objectname)%00%(upstream:track)%00%(upstream:remotename)%00%(upstream:remoteref) refs/heads/main refs/remotes/main [6ms]
2024-02-20 16:23:58.417 [info] > git status -z -uall [123ms]
2024-02-20 16:23:58.935 [info] > git ls-files --stage -- /var/lib/odoo/modules/tarea04abm/models/alumnos.py [6ms]
2024-02-20 16:23:58.971 [info] > git show --textconv :modules/tarea04abm/models/alumnos.py [15ms]
2024-02-20 16:24:51.368 [info] > git show --textconv :modules/tarea04abm/models/profesores.py [17ms]
2024-02-20 16:24:51.373 [info] > git ls-files --stage -- /var/lib/odoo/modules/tarea04abm/models/profesores.py [7ms]
2024-02-20 16:24:56.150 [info] > git show --textconv :modules/tarea04abm/models/ciclos.py [19ms]
2024-02-20 16:24:56.158 [info] > git ls-files --stage -- /var/lib/odoo/modules/tarea04abm/models/ciclos.py [9ms]
2024-02-20 16:25:02.895 [info] > git show --textconv :modules/tarea04abm/models/modulos.py [20ms]
2024-02-20 16:25:02.899 [info] > git ls-files --stage -- /var/lib/odoo/modules/tarea04abm/models/modulos.py [6ms]
2024-02-20 16:25:03.810 [info] > git show --textconv :modules/tarea04abm/models/alumnos.py [20ms]
2024-02-20 16:25:03.818 [info] > git ls-files --stage -- /var/lib/odoo/modules/tarea04abm/models/alumnos.py [9ms]
2024-02-20 16:25:05.306 [info] > git show --textconv :modules/tarea04abm/models/modulos.py [18ms]
2024-02-20 16:25:05.311 [info] > git ls-files --stage -- /var/lib/odoo/modules/tarea04abm/models/modulos.py [6ms]
2024-02-20 16:25:34.302 [info] > git ls-files --stage -- /var/lib/odoo/modules/tarea04abm/models/modulos.py [6ms]
2024-02-20 16:25:34.334 [info] > git show --textconv :modules/tarea04abm/models/modulos.py [6ms]
2024-02-20 16:25:47.988 [info] > git show --textconv :modules/tarea03abm/models/diagnostico.py [17ms]
2024-02-20 16:25:47.995 [info] > git ls-files --stage -- /var/lib/odoo/modules/tarea03abm/models/diagnostico.py [8ms]
2024-02-20 16:25:48.014 [info] > git cat-file -s a78c3bad36db941447b0e2e25f8896929f848e3e [4ms]
2024-02-20 16:25:50.544 [info] > git check-ignore -v -z --stdin [5ms]
2024-02-20 16:25:51.364 [info] > git show --textconv :modules/tarea04abm/views/templates.xml [19ms]
2024-02-20 16:25:51.367 [info] > git ls-files --stage -- /var/lib/odoo/modules/tarea04abm/views/templates.xml [6ms]
2024-02-20 16:25:54.864 [info] > git show --textconv :modules/tarea04abm/views/views.xml [22ms]
2024-02-20 16:25:54.868 [info] > git ls-files --stage -- /var/lib/odoo/modules/tarea04abm/views/views.xml [5ms]
2024-02-20 16:26:10.031 [info] > git show --textconv :modules/tarea04abm/views/vistaProfesores.xml [18ms]
2024-02-20 16:26:10.036 [info] > git ls-files --stage -- /var/lib/odoo/modules/tarea04abm/views/vistaProfesores.xml [6ms]
2024-02-20 16:26:10.320 [info] > git check-ignore -v -z --stdin [26ms]
2024-02-20 16:26:19.064 [info] > git show --textconv :modules/tarea04abm/views/vistaAlumnos.xml [18ms]
2024-02-20 16:26:19.068 [info] > git ls-files --stage -- /var/lib/odoo/modules/tarea04abm/views/vistaAlumnos.xml [5ms]
2024-02-20 16:26:19.310 [info] > git check-ignore -v -z --stdin [7ms]
2024-02-20 16:26:24.885 [info] > git show --textconv :modules/tarea04abm/views/vistaModulos.xml [19ms]
2024-02-20 16:26:24.888 [info] > git ls-files --stage -- /var/lib/odoo/modules/tarea04abm/views/vistaModulos.xml [6ms]
2024-02-20 16:26:25.104 [info] > git check-ignore -v -z --stdin [6ms]
2024-02-20 16:26:31.371 [info] > git show --textconv :modules/tarea04abm/views/vistaCiclos.xml [18ms]
2024-02-20 16:26:31.379 [info] > git ls-files --stage -- /var/lib/odoo/modules/tarea04abm/views/vistaCiclos.xml [7ms]
2024-02-20 16:26:31.590 [info] > git check-ignore -v -z --stdin [7ms]
2024-02-20 16:26:33.589 [info] > git show --textconv :modules/tarea04abm/views/vistaProfesores.xml [20ms]
2024-02-20 16:26:33.594 [info] > git ls-files --stage -- /var/lib/odoo/modules/tarea04abm/views/vistaProfesores.xml [6ms]
2024-02-20 16:26:41.225 [info] > git show --textconv :modules/tarea04abm/__manifest__.py [67ms]
2024-02-20 16:26:41.228 [info] > git ls-files --stage -- /var/lib/odoo/modules/tarea04abm/__manifest__.py [32ms]
2024-02-20 16:26:58.487 [info] > git fetch [547ms]
2024-02-20 16:26:58.528 [info] > git for-each-ref --format=%(refname)%00%(upstream:short)%00%(objectname)%00%(upstream:track)%00%(upstream:remotename)%00%(upstream:remoteref) refs/heads/main refs/remotes/main [4ms]
2024-02-20 16:26:58.529 [info] > git config --get commit.template [23ms]
2024-02-20 16:26:58.663 [info] > git status -z -uall [114ms]
2024-02-20 16:26:58.795 [info] > git config --get commit.template [1ms]
2024-02-20 16:26:59.130 [info] > git for-each-ref --format=%(refname)%00%(upstream:short)%00%(objectname)%00%(upstream:track)%00%(upstream:remotename)%00%(upstream:remoteref) refs/heads/main refs/remotes/main [306ms]
2024-02-20 16:26:59.357 [info] > git status -z -uall [162ms]
2024-02-20 16:27:00.015 [info] > git ls-files --stage -- /var/lib/odoo/modules/tarea04abm/__manifest__.py [5ms]
2024-02-20 16:27:00.127 [info] > git show --textconv :modules/tarea04abm/__manifest__.py [6ms]
2024-02-20 16:28:38.250 [info] > git show --textconv :modules/tarea03abm/__manifest__.py [16ms]
2024-02-20 16:28:38.258 [info] > git ls-files --stage -- /var/lib/odoo/modules/tarea03abm/__manifest__.py [9ms]
2024-02-20 16:28:38.275 [info] > git cat-file -s e3817401d1689f7b3371042d74d6c0d94422a590 [2ms]
2024-02-20 16:28:41.492 [info] > git show --textconv :modules/tarea04abm/__manifest__.py [19ms]
2024-02-20 16:28:41.498 [info] > git ls-files --stage -- /var/lib/odoo/modules/tarea04abm/__manifest__.py [7ms]
2024-02-20 16:29:59.335 [info] > git fetch [540ms]
2024-02-20 16:29:59.374 [info] > git config --get commit.template [19ms]
2024-02-20 16:29:59.376 [info] > git for-each-ref --format=%(refname)%00%(upstream:short)%00%(objectname)%00%(upstream:track)%00%(upstream:remotename)%00%(upstream:remoteref) refs/heads/main refs/remotes/main [4ms]
2024-02-20 16:29:59.519 [info] > git status -z -uall [122ms]
2024-02-20 16:29:59.634 [info] > git config --get commit.template [20ms]
2024-02-20 16:29:59.983 [info] > git for-each-ref --format=%(refname)%00%(upstream:short)%00%(objectname)%00%(upstream:track)%00%(upstream:remotename)%00%(upstream:remoteref) refs/heads/main refs/remotes/main [6ms]
2024-02-20 16:30:00.159 [info] > git status -z -uall [138ms]
2024-02-20 16:30:00.698 [info] > git ls-files --stage -- /var/lib/odoo/modules/tarea04abm/__manifest__.py [54ms]
2024-02-20 16:30:00.734 [info] > git show --textconv :modules/tarea04abm/__manifest__.py [5ms]
2024-02-20 16:30:53.063 [info] > git show --textconv :modules/tarea03abm/views/vistaPaciente.xml [25ms]
2024-02-20 16:30:53.075 [info] > git ls-files --stage -- /var/lib/odoo/modules/tarea03abm/views/vistaPaciente.xml [13ms]
2024-02-20 16:30:53.098 [info] > git cat-file -s 7a7cdf847d1fdba3bee6e2f052513b0710d5106d [5ms]
2024-02-20 16:31:18.162 [info] > git show --textconv :modules/tarea04abm/views/vistaAlumnos.xml [20ms]
2024-02-20 16:31:18.168 [info] > git ls-files --stage -- /var/lib/odoo/modules/tarea04abm/views/vistaAlumnos.xml [7ms]
2024-02-20 16:31:20.157 [info] > git show --textconv :modules/tarea03abm/views/vistaPaciente.xml [18ms]
2024-02-20 16:31:20.162 [info] > git ls-files --stage -- /var/lib/odoo/modules/tarea03abm/views/vistaPaciente.xml [6ms]
2024-02-20 16:31:20.182 [info] > git cat-file -s 7a7cdf847d1fdba3bee6e2f052513b0710d5106d [3ms]
2024-02-20 16:31:33.970 [info] > git show --textconv :modules/tarea04abm/views/vistaCiclos.xml [17ms]
2024-02-20 16:31:33.974 [info] > git ls-files --stage -- /var/lib/odoo/modules/tarea04abm/views/vistaCiclos.xml [5ms]
2024-02-20 16:32:18.585 [info] > git show --textconv :modules/tarea04abm/models/ciclos.py [26ms]
2024-02-20 16:32:18.592 [info] > git ls-files --stage -- /var/lib/odoo/modules/tarea04abm/models/ciclos.py [9ms]
2024-02-20 16:32:25.236 [info] > git show --textconv :modules/tarea04abm/views/vistaCiclos.xml [20ms]
2024-02-20 16:32:25.245 [info] > git ls-files --stage -- /var/lib/odoo/modules/tarea04abm/views/vistaCiclos.xml [10ms]
2024-02-20 16:33:00.148 [info] > git fetch [534ms]
2024-02-20 16:33:00.186 [info] > git config --get commit.template [20ms]
2024-02-20 16:33:00.187 [info] > git for-each-ref --format=%(refname)%00%(upstream:short)%00%(objectname)%00%(upstream:track)%00%(upstream:remotename)%00%(upstream:remoteref) refs/heads/main refs/remotes/main [3ms]
2024-02-20 16:33:00.320 [info] > git status -z -uall [110ms]
2024-02-20 16:33:00.737 [info] > git config --get commit.template [24ms]
2024-02-20 16:33:00.743 [info] > git for-each-ref --format=%(refname)%00%(upstream:short)%00%(objectname)%00%(upstream:track)%00%(upstream:remotename)%00%(upstream:remoteref) refs/heads/main refs/remotes/main [8ms]
2024-02-20 16:33:00.878 [info] > git status -z -uall [112ms]
2024-02-20 16:33:01.410 [info] > git ls-files --stage -- /var/lib/odoo/modules/tarea04abm/views/vistaCiclos.xml [6ms]
2024-02-20 16:33:01.439 [info] > git show --textconv :modules/tarea04abm/views/vistaCiclos.xml [6ms]
2024-02-20 16:34:43.665 [info] > git config --get commit.template [18ms]
2024-02-20 16:34:43.666 [info] > git for-each-ref --format=%(refname)%00%(upstream:short)%00%(objectname)%00%(upstream:track)%00%(upstream:remotename)%00%(upstream:remoteref) refs/heads/main refs/remotes/main [2ms]
2024-02-20 16:34:43.801 [info] > git status -z -uall [117ms]
2024-02-20 16:34:48.906 [info] > git config --get commit.template [20ms]
2024-02-20 16:34:48.907 [info] > git for-each-ref --format=%(refname)%00%(upstream:short)%00%(objectname)%00%(upstream:track)%00%(upstream:remotename)%00%(upstream:remoteref) refs/heads/main refs/remotes/main [3ms]
2024-02-20 16:34:49.031 [info] > git status -z -uall [106ms]
2024-02-20 16:34:53.032 [info] > git show --textconv :modules/tarea04abm/views/vistaProfesores.xml [55ms]
2024-02-20 16:34:53.040 [info] > git ls-files --stage -- /var/lib/odoo/modules/tarea04abm/views/vistaProfesores.xml [9ms]
2024-02-20 16:35:18.055 [info] > git show --textconv :modules/tarea04abm/models/profesores.py [18ms]
2024-02-20 16:35:18.060 [info] > git ls-files --stage -- /var/lib/odoo/modules/tarea04abm/models/profesores.py [7ms]
2024-02-20 16:35:20.030 [info] > git show --textconv :modules/tarea04abm/views/vistaProfesores.xml [19ms]
2024-02-20 16:35:20.035 [info] > git ls-files --stage -- /var/lib/odoo/modules/tarea04abm/views/vistaProfesores.xml [5ms]
2024-02-20 16:35:32.603 [info] > git config --get commit.template [18ms]
2024-02-20 16:35:32.604 [info] > git for-each-ref --format=%(refname)%00%(upstream:short)%00%(objectname)%00%(upstream:track)%00%(upstream:remotename)%00%(upstream:remoteref) refs/heads/main refs/remotes/main [2ms]
2024-02-20 16:35:32.737 [info] > git status -z -uall [115ms]
2024-02-20 16:35:37.835 [info] > git config --get commit.template [19ms]
2024-02-20 16:35:37.837 [info] > git for-each-ref --format=%(refname)%00%(upstream:short)%00%(objectname)%00%(upstream:track)%00%(upstream:remotename)%00%(upstream:remoteref) refs/heads/main refs/remotes/main [2ms]
2024-02-20 16:35:37.962 [info] > git status -z -uall [106ms]
2024-02-20 16:35:43.029 [info] > git config --get commit.template [1ms]
2024-02-20 16:35:43.050 [info] > git for-each-ref --format=%(refname)%00%(upstream:short)%00%(objectname)%00%(upstream:track)%00%(upstream:remotename)%00%(upstream:remoteref) refs/heads/main refs/remotes/main [3ms]
2024-02-20 16:35:43.191 [info] > git status -z -uall [120ms]
2024-02-20 16:35:48.272 [info] > git config --get commit.template [22ms]
2024-02-20 16:35:48.274 [info] > git for-each-ref --format=%(refname)%00%(upstream:short)%00%(objectname)%00%(upstream:track)%00%(upstream:remotename)%00%(upstream:remoteref) refs/heads/main refs/remotes/main [3ms]
2024-02-20 16:35:48.403 [info] > git status -z -uall [110ms]
2024-02-20 16:36:01.164 [info] > git fetch [711ms]
2024-02-20 16:36:01.204 [info] > git config --get commit.template [21ms]
2024-02-20 16:36:01.206 [info] > git for-each-ref --format=%(refname)%00%(upstream:short)%00%(objectname)%00%(upstream:track)%00%(upstream:remotename)%00%(upstream:remoteref) refs/heads/main refs/remotes/main [3ms]
2024-02-20 16:36:01.336 [info] > git status -z -uall [109ms]
2024-02-20 16:36:01.404 [info] > git config --get commit.template [8ms]
2024-02-20 16:36:01.427 [info] > git for-each-ref --format=%(refname)%00%(upstream:short)%00%(objectname)%00%(upstream:track)%00%(upstream:remotename)%00%(upstream:remoteref) refs/heads/main refs/remotes/main [4ms]
2024-02-20 16:36:01.707 [info] > git status -z -uall [259ms]
2024-02-20 16:36:02.539 [info] > git ls-files --stage -- /var/lib/odoo/modules/tarea04abm/views/vistaProfesores.xml [6ms]
2024-02-20 16:36:02.570 [info] > git show --textconv :modules/tarea04abm/views/vistaProfesores.xml [6ms]
2024-02-20 16:36:09.801 [info] > git show --textconv :modules/tarea04abm/views/vistaModulos.xml [21ms]
2024-02-20 16:36:09.806 [info] > git ls-files --stage -- /var/lib/odoo/modules/tarea04abm/views/vistaModulos.xml [5ms]
2024-02-20 16:36:39.041 [info] > git show --textconv :modules/tarea04abm/models/modulos.py [17ms]
2024-02-20 16:36:39.047 [info] > git ls-files --stage -- /var/lib/odoo/modules/tarea04abm/models/modulos.py [6ms]
2024-02-20 16:36:41.254 [info] > git show --textconv :modules/tarea04abm/views/vistaModulos.xml [17ms]
2024-02-20 16:36:41.259 [info] > git ls-files --stage -- /var/lib/odoo/modules/tarea04abm/views/vistaModulos.xml [6ms]
2024-02-20 16:37:33.232 [info] > git show --textconv :modules/tarea04abm/views/vistaAlumnos.xml [18ms]
2024-02-20 16:37:33.238 [info] > git ls-files --stage -- /var/lib/odoo/modules/tarea04abm/views/vistaAlumnos.xml [7ms]
2024-02-20 16:37:34.722 [info] > git show --textconv :modules/tarea04abm/views/vistaModulos.xml [18ms]
2024-02-20 16:37:34.726 [info] > git ls-files --stage -- /var/lib/odoo/modules/tarea04abm/views/vistaModulos.xml [5ms]
2024-02-20 16:37:36.191 [info] > git show --textconv :modules/tarea04abm/views/vistaAlumnos.xml [17ms]
2024-02-20 16:37:36.197 [info] > git ls-files --stage -- /var/lib/odoo/modules/tarea04abm/views/vistaAlumnos.xml [7ms]
2024-02-20 16:38:24.174 [info] > git show --textconv :modules/tarea04abm/views/vistaModulos.xml [17ms]
2024-02-20 16:38:24.179 [info] > git ls-files --stage -- /var/lib/odoo/modules/tarea04abm/views/vistaModulos.xml [6ms]
2024-02-20 16:38:25.775 [info] > git show --textconv :modules/tarea04abm/views/vistaAlumnos.xml [17ms]
2024-02-20 16:38:25.780 [info] > git ls-files --stage -- /var/lib/odoo/modules/tarea04abm/views/vistaAlumnos.xml [6ms]
2024-02-20 16:39:01.947 [info] > git fetch [552ms]
2024-02-20 16:39:01.982 [info] > git config --get commit.template [17ms]
2024-02-20 16:39:01.984 [info] > git for-each-ref --format=%(refname)%00%(upstream:short)%00%(objectname)%00%(upstream:track)%00%(upstream:remotename)%00%(upstream:remoteref) refs/heads/main refs/remotes/main [3ms]
2024-02-20 16:39:02.044 [info] > git check-ignore -v -z --stdin [8ms]
2024-02-20 16:39:02.121 [info] > git status -z -uall [119ms]
2024-02-20 16:39:02.222 [info] > git config --get commit.template [21ms]
2024-02-20 16:39:02.223 [info] > git for-each-ref --format=%(refname)%00%(upstream:short)%00%(objectname)%00%(upstream:track)%00%(upstream:remotename)%00%(upstream:remoteref) refs/heads/main refs/remotes/main [2ms]
2024-02-20 16:39:02.538 [info] > git status -z -uall [297ms]
2024-02-20 16:39:03.411 [info] > git show --textconv :modules/tarea04abm/security/ir.model.access.csv [21ms]
2024-02-20 16:39:03.418 [info] > git ls-files --stage -- /var/lib/odoo/modules/tarea04abm/security/ir.model.access.csv [9ms]
2024-02-20 16:39:15.172 [info] > git show --textconv :modules/tarea03abm/security/ir.model.access.csv [23ms]
2024-02-20 16:39:15.198 [info] > git ls-files --stage -- /var/lib/odoo/modules/tarea03abm/security/ir.model.access.csv [26ms]
2024-02-20 16:39:15.227 [info] > git cat-file -s 1333db1dcd2fd89bb23c026c761ddc72776d845b [5ms]
2024-02-20 16:39:21.758 [info] > git show --textconv :modules/tarea04abm/security/ir.model.access.csv [25ms]
2024-02-20 16:39:21.765 [info] > git ls-files --stage -- /var/lib/odoo/modules/tarea04abm/security/ir.model.access.csv [7ms]
2024-02-20 16:40:22.010 [info] > git show --textconv :modules/tarea03abm/security/ir.model.access.csv [20ms]
2024-02-20 16:40:22.015 [info] > git ls-files --stage -- /var/lib/odoo/modules/tarea03abm/security/ir.model.access.csv [6ms]
2024-02-20 16:40:22.035 [info] > git cat-file -s 1333db1dcd2fd89bb23c026c761ddc72776d845b [3ms]
2024-02-20 16:40:23.887 [info] > git show --textconv :modules/tarea04abm/security/ir.model.access.csv [19ms]
2024-02-20 16:40:23.890 [info] > git ls-files --stage -- /var/lib/odoo/modules/tarea04abm/security/ir.model.access.csv [5ms]
2024-02-20 16:41:01.055 [info] > git show --textconv :modules/tarea04abm/__manifest__.py [22ms]
2024-02-20 16:41:01.057 [info] > git ls-files --stage -- /var/lib/odoo/modules/tarea04abm/__manifest__.py [6ms]
2024-02-20 16:42:02.696 [info] > git fetch [489ms]
2024-02-20 16:42:02.732 [info] > git config --get commit.template [18ms]
2024-02-20 16:42:02.733 [info] > git for-each-ref --format=%(refname)%00%(upstream:short)%00%(objectname)%00%(upstream:track)%00%(upstream:remotename)%00%(upstream:remoteref) refs/heads/main refs/remotes/main [3ms]
2024-02-20 16:42:02.856 [info] > git status -z -uall [105ms]
2024-02-20 16:42:04.095 [info] > git ls-files --stage -- /var/lib/odoo/modules/tarea04abm/__manifest__.py [6ms]
2024-02-20 16:42:04.128 [info] > git show --textconv :modules/tarea04abm/__manifest__.py [7ms]
2024-02-20 16:42:10.315 [info] > git show --textconv :modules/tarea03abm/__manifest__.py [20ms]
2024-02-20 16:42:10.320 [info] > git ls-files --stage -- /var/lib/odoo/modules/tarea03abm/__manifest__.py [6ms]
2024-02-20 16:42:10.339 [info] > git cat-file -s e3817401d1689f7b3371042d74d6c0d94422a590 [3ms]
2024-02-20 16:42:18.504 [info] > git show --textconv :modules/tarea04abm/__manifest__.py [19ms]
2024-02-20 16:42:18.514 [info] > git ls-files --stage -- /var/lib/odoo/modules/tarea04abm/__manifest__.py [12ms]
2024-02-20 16:43:18.870 [info] > git check-ignore -v -z --stdin [15ms]
2024-02-20 16:44:02.264 [info] > git show --textconv :modules/tarea04abm/models/__init__.py [25ms]
2024-02-20 16:44:02.269 [info] > git ls-files --stage -- /var/lib/odoo/modules/tarea04abm/models/__init__.py [7ms]
2024-02-20 16:44:08.312 [info] > git show --textconv :modules/tarea04abm/__init__.py [18ms]
2024-02-20 16:44:08.316 [info] > git ls-files --stage -- /var/lib/odoo/modules/tarea04abm/__init__.py [6ms]
2024-02-20 16:45:06.414 [info] > git fetch [558ms]
2024-02-20 16:45:06.452 [info] > git config --get commit.template [20ms]
2024-02-20 16:45:06.453 [info] > git for-each-ref --format=%(refname)%00%(upstream:short)%00%(objectname)%00%(upstream:track)%00%(upstream:remotename)%00%(upstream:remoteref) refs/heads/main refs/remotes/main [3ms]
2024-02-20 16:45:06.598 [info] > git status -z -uall [122ms]
2024-02-20 16:45:06.716 [info] > git config --get commit.template [23ms]
2024-02-20 16:45:07.011 [info] > git for-each-ref --format=%(refname)%00%(upstream:short)%00%(objectname)%00%(upstream:track)%00%(upstream:remotename)%00%(upstream:remoteref) refs/heads/main refs/remotes/main [297ms]
2024-02-20 16:45:07.263 [info] > git status -z -uall [178ms]
2024-02-20 16:45:07.757 [info] > git show --textconv :modules/tarea04abm/security/ir.model.access.csv [30ms]
2024-02-20 16:45:07.764 [info] > git ls-files --stage -- /var/lib/odoo/modules/tarea04abm/security/ir.model.access.csv [9ms]
2024-02-20 16:45:07.839 [info] > git ls-files --stage -- /var/lib/odoo/modules/tarea04abm/security/ir.model.access.csv [6ms]
2024-02-20 16:45:07.910 [info] > git show --textconv :modules/tarea04abm/security/ir.model.access.csv [8ms]
2024-02-20 16:46:26.560 [info] > git show --textconv :modules/tarea04abm/__init__.py [18ms]
2024-02-20 16:46:26.566 [info] > git ls-files --stage -- /var/lib/odoo/modules/tarea04abm/__init__.py [7ms]
2024-02-20 16:46:27.722 [info] > git show --textconv :modules/tarea03abm/security/ir.model.access.csv [19ms]
2024-02-20 16:46:27.728 [info] > git ls-files --stage -- /var/lib/odoo/modules/tarea03abm/security/ir.model.access.csv [5ms]
2024-02-20 16:46:27.747 [info] > git cat-file -s 1333db1dcd2fd89bb23c026c761ddc72776d845b [3ms]
2024-02-20 16:46:31.408 [info] > git show --textconv :modules/tarea03abm/models/diagnostico.py [36ms]
2024-02-20 16:46:31.409 [info] > git ls-files --stage -- /var/lib/odoo/modules/tarea03abm/models/diagnostico.py [21ms]
2024-02-20 16:46:31.433 [info] > git cat-file -s a78c3bad36db941447b0e2e25f8896929f848e3e [7ms]
2024-02-20 16:46:42.408 [info] > git show --textconv :modules/tarea04abm/models/alumnos.py [19ms]
2024-02-20 16:46:42.412 [info] > git ls-files --stage -- /var/lib/odoo/modules/tarea04abm/models/alumnos.py [6ms]
2024-02-20 16:46:42.903 [info] > git show --textconv :modules/tarea04abm/models/ciclos.py [18ms]
2024-02-20 16:46:42.910 [info] > git ls-files --stage -- /var/lib/odoo/modules/tarea04abm/models/ciclos.py [8ms]
2024-02-20 16:46:43.469 [info] > git show --textconv :modules/tarea04abm/models/modulos.py [18ms]
2024-02-20 16:46:43.474 [info] > git ls-files --stage -- /var/lib/odoo/modules/tarea04abm/models/modulos.py [5ms]
2024-02-20 16:46:43.976 [info] > git show --textconv :modules/tarea04abm/models/profesores.py [29ms]
2024-02-20 16:46:43.980 [info] > git ls-files --stage -- /var/lib/odoo/modules/tarea04abm/models/profesores.py [7ms]
2024-02-20 16:46:45.119 [info] > git show --textconv :modules/tarea04abm/models/alumnos.py [19ms]
2024-02-20 16:46:45.125 [info] > git ls-files --stage -- /var/lib/odoo/modules/tarea04abm/models/alumnos.py [7ms]
2024-02-20 16:46:46.218 [info] > git show --textconv :modules/tarea04abm/models/ciclos.py [20ms]
2024-02-20 16:46:46.222 [info] > git ls-files --stage -- /var/lib/odoo/modules/tarea04abm/models/ciclos.py [7ms]
2024-02-20 16:46:47.009 [info] > git show --textconv :modules/tarea04abm/models/modulos.py [18ms]
2024-02-20 16:46:47.014 [info] > git ls-files --stage -- /var/lib/odoo/modules/tarea04abm/models/modulos.py [6ms]
2024-02-20 16:46:48.006 [info] > git show --textconv :modules/tarea04abm/models/profesores.py [19ms]
2024-02-20 16:46:48.013 [info] > git ls-files --stage -- /var/lib/odoo/modules/tarea04abm/models/profesores.py [8ms]
2024-02-20 16:46:55.079 [info] > git show --textconv :modules/tarea04abm/security/ir.model.access.csv [21ms]
2024-02-20 16:46:55.083 [info] > git ls-files --stage -- /var/lib/odoo/modules/tarea04abm/security/ir.model.access.csv [5ms]
2024-02-20 16:48:07.235 [info] > git fetch [537ms]
2024-02-20 16:48:07.274 [info] > git config --get commit.template [20ms]
2024-02-20 16:48:07.275 [info] > git for-each-ref --format=%(refname)%00%(upstream:short)%00%(objectname)%00%(upstream:track)%00%(upstream:remotename)%00%(upstream:remoteref) refs/heads/main refs/remotes/main [2ms]
2024-02-20 16:48:07.414 [info] > git status -z -uall [118ms]
2024-02-20 16:48:07.862 [info] > git config --get commit.template [26ms]
2024-02-20 16:48:07.863 [info] > git for-each-ref --format=%(refname)%00%(upstream:short)%00%(objectname)%00%(upstream:track)%00%(upstream:remotename)%00%(upstream:remoteref) refs/heads/main refs/remotes/main [4ms]
2024-02-20 16:48:07.993 [info] > git status -z -uall [111ms]
2024-02-20 16:48:08.503 [info] > git ls-files --stage -- /var/lib/odoo/modules/tarea04abm/security/ir.model.access.csv [6ms]
2024-02-20 16:48:08.661 [info] > git show --textconv :modules/tarea04abm/security/ir.model.access.csv [6ms]
2024-02-20 16:48:41.696 [info] > git show --textconv :modules/tarea04abm/models/__init__.py [21ms]
2024-02-20 16:48:41.702 [info] > git ls-files --stage -- /var/lib/odoo/modules/tarea04abm/models/__init__.py [7ms]
2024-02-20 16:49:35.110 [info] > git show --textconv :modules/tarea04abm/models/alumnos.py [22ms]
2024-02-20 16:49:35.114 [info] > git ls-files --stage -- /var/lib/odoo/modules/tarea04abm/models/alumnos.py [7ms]
2024-02-20 16:49:38.647 [info] > git show --textconv :modules/tarea04abm/models/ciclos.py [18ms]
2024-02-20 16:49:38.653 [info] > git ls-files --stage -- /var/lib/odoo/modules/tarea04abm/models/ciclos.py [6ms]
2024-02-20 16:49:40.097 [info] > git show --textconv :modules/tarea04abm/models/modulos.py [17ms]
2024-02-20 16:49:40.101 [info] > git ls-files --stage -- /var/lib/odoo/modules/tarea04abm/models/modulos.py [5ms]
2024-02-20 16:49:43.846 [info] > git show --textconv :modules/tarea04abm/models/profesores.py [18ms]
2024-02-20 16:49:43.852 [info] > git ls-files --stage -- /var/lib/odoo/modules/tarea04abm/models/profesores.py [8ms]
2024-02-20 16:49:48.722 [info] > git show --textconv :modules/tarea04abm/models/modulos.py [15ms]
2024-02-20 16:49:48.727 [info] > git ls-files --stage -- /var/lib/odoo/modules/tarea04abm/models/modulos.py [6ms]
2024-02-20 16:49:52.438 [info] > git show --textconv :modules/tarea04abm/__init__.py [18ms]
2024-02-20 16:49:52.443 [info] > git ls-files --stage -- /var/lib/odoo/modules/tarea04abm/__init__.py [7ms]
2024-02-20 16:49:53.232 [info] > git show --textconv :modules/tarea04abm/__manifest__.py [24ms]
2024-02-20 16:49:53.237 [info] > git ls-files --stage -- /var/lib/odoo/modules/tarea04abm/__manifest__.py [6ms]
2024-02-20 16:50:02.119 [info] > git show --textconv :modules/tarea04abm/security/ir.model.access.csv [19ms]
2024-02-20 16:50:02.125 [info] > git ls-files --stage -- /var/lib/odoo/modules/tarea04abm/security/ir.model.access.csv [7ms]
2024-02-20 16:50:42.403 [info] > git show --textconv :modules/tarea04abm/views/vistaAlumnos.xml [22ms]
2024-02-20 16:50:42.404 [info] > git ls-files --stage -- /var/lib/odoo/modules/tarea04abm/views/vistaAlumnos.xml [2ms]
2024-02-20 16:51:08.027 [info] > git fetch [514ms]
2024-02-20 16:51:08.064 [info] > git for-each-ref --format=%(refname)%00%(upstream:short)%00%(objectname)%00%(upstream:track)%00%(upstream:remotename)%00%(upstream:remoteref) refs/heads/main refs/remotes/main [3ms]
2024-02-20 16:51:08.065 [info] > git config --get commit.template [21ms]
2024-02-20 16:51:08.199 [info] > git status -z -uall [117ms]
2024-02-20 16:51:08.308 [info] > git config --get commit.template [21ms]
2024-02-20 16:51:08.310 [info] > git for-each-ref --format=%(refname)%00%(upstream:short)%00%(objectname)%00%(upstream:track)%00%(upstream:remotename)%00%(upstream:remoteref) refs/heads/main refs/remotes/main [3ms]
2024-02-20 16:51:08.636 [info] > git status -z -uall [308ms]
2024-02-20 16:51:09.427 [info] > git ls-files --stage -- /var/lib/odoo/modules/tarea04abm/views/vistaAlumnos.xml [6ms]
2024-02-20 16:51:09.461 [info] > git show --textconv :modules/tarea04abm/views/vistaAlumnos.xml [6ms]
2024-02-20 16:51:10.777 [info] > git show --textconv :modules/tarea04abm/views/vistaCiclos.xml [27ms]
2024-02-20 16:51:10.784 [info] > git ls-files --stage -- /var/lib/odoo/modules/tarea04abm/views/vistaCiclos.xml [8ms]
2024-02-20 16:51:29.452 [info] > git show --textconv :modules/tarea04abm/views/vistaModulos.xml [23ms]
2024-02-20 16:51:29.458 [info] > git ls-files --stage -- /var/lib/odoo/modules/tarea04abm/views/vistaModulos.xml [6ms]
2024-02-20 16:51:31.847 [info] > git config --get commit.template [23ms]
2024-02-20 16:51:31.848 [info] > git for-each-ref --format=%(refname)%00%(upstream:short)%00%(objectname)%00%(upstream:track)%00%(upstream:remotename)%00%(upstream:remoteref) refs/heads/main refs/remotes/main [3ms]
2024-02-20 16:51:32.008 [info] > git status -z -uall [139ms]
2024-02-20 16:51:56.143 [info] > git show --textconv :modules/tarea04abm/views/vistaProfesores.xml [20ms]
2024-02-20 16:51:56.148 [info] > git ls-files --stage -- /var/lib/odoo/modules/tarea04abm/views/vistaProfesores.xml [6ms]
2024-02-20 16:52:02.008 [info] > git show --textconv :modules/tarea04abm/__manifest__.py [24ms]
2024-02-20 16:52:02.012 [info] > git ls-files --stage -- /var/lib/odoo/modules/tarea04abm/__manifest__.py [6ms]
2024-02-20 16:52:04.911 [info] > git config --get commit.template [64ms]
2024-02-20 16:52:04.911 [info] > git for-each-ref --format=%(refname)%00%(upstream:short)%00%(objectname)%00%(upstream:track)%00%(upstream:remotename)%00%(upstream:remoteref) refs/heads/main refs/remotes/main [1ms]
2024-02-20 16:52:05.080 [info] > git status -z -uall [147ms]
2024-02-20 16:52:07.566 [info] > git show --textconv :modules/tarea04abm/views/vistaModulos.xml [19ms]
2024-02-20 16:52:07.571 [info] > git ls-files --stage -- /var/lib/odoo/modules/tarea04abm/views/vistaModulos.xml [5ms]
2024-02-20 16:52:42.006 [info] > git show --textconv :modules/tarea04abm/__manifest__.py [19ms]
2024-02-20 16:52:42.014 [info] > git ls-files --stage -- /var/lib/odoo/modules/tarea04abm/__manifest__.py [11ms]
2024-02-20 16:52:45.797 [info] > git show --textconv :modules/tarea04abm/security/ir.model.access.csv [18ms]
2024-02-20 16:52:45.800 [info] > git ls-files --stage -- /var/lib/odoo/modules/tarea04abm/security/ir.model.access.csv [5ms]
2024-02-20 16:53:56.847 [info] > git config --get commit.template [32ms]
2024-02-20 16:53:56.848 [info] > git for-each-ref --format=%(refname)%00%(upstream:short)%00%(objectname)%00%(upstream:track)%00%(upstream:remotename)%00%(upstream:remoteref) refs/heads/main refs/remotes/main [4ms]
2024-02-20 16:53:56.994 [info] > git status -z -uall [127ms]
2024-02-20 16:54:02.101 [info] > git config --get commit.template [18ms]
2024-02-20 16:54:02.102 [info] > git for-each-ref --format=%(refname)%00%(upstream:short)%00%(objectname)%00%(upstream:track)%00%(upstream:remotename)%00%(upstream:remoteref) refs/heads/main refs/remotes/main [3ms]
2024-02-20 16:54:02.261 [info] > git status -z -uall [141ms]
2024-02-20 16:54:41.535 [info] > git config --get commit.template [25ms]
2024-02-20 16:54:41.537 [info] > git for-each-ref --format=%(refname)%00%(upstream:short)%00%(objectname)%00%(upstream:track)%00%(upstream:remotename)%00%(upstream:remoteref) refs/heads/main refs/remotes/main [4ms]
2024-02-20 16:54:41.695 [info] > git status -z -uall [139ms]
2024-02-20 16:54:42.061 [info] > git fetch [577ms]
2024-02-20 16:54:42.151 [info] > git config --get commit.template [32ms]
2024-02-20 16:54:42.205 [info] > git for-each-ref --format=%(refname)%00%(upstream:short)%00%(objectname)%00%(upstream:track)%00%(upstream:remotename)%00%(upstream:remoteref) refs/heads/main refs/remotes/main [55ms]
2024-02-20 16:54:42.345 [info] > git status -z -uall [111ms]
2024-02-20 16:54:43.530 [info] > git ls-files --stage -- /var/lib/odoo/modules/tarea04abm/security/ir.model.access.csv [5ms]
2024-02-20 16:54:43.562 [info] > git show --textconv :modules/tarea04abm/security/ir.model.access.csv [6ms]
2024-02-20 16:54:46.811 [info] > git config --get commit.template [21ms]
2024-02-20 16:54:46.812 [info] > git for-each-ref --format=%(refname)%00%(upstream:short)%00%(objectname)%00%(upstream:track)%00%(upstream:remotename)%00%(upstream:remoteref) refs/heads/main refs/remotes/main [3ms]
2024-02-20 16:54:46.942 [info] > git status -z -uall [111ms]
2024-02-20 16:54:52.024 [info] > git config --get commit.template [20ms]
2024-02-20 16:54:52.026 [info] > git for-each-ref --format=%(refname)%00%(upstream:short)%00%(objectname)%00%(upstream:track)%00%(upstream:remotename)%00%(upstream:remoteref) refs/heads/main refs/remotes/main [2ms]
2024-02-20 16:54:52.148 [info] > git status -z -uall [102ms]
2024-02-20 16:54:57.227 [info] > git config --get commit.template [21ms]
2024-02-20 16:54:57.228 [info] > git for-each-ref --format=%(refname)%00%(upstream:short)%00%(objectname)%00%(upstream:track)%00%(upstream:remotename)%00%(upstream:remoteref) refs/heads/main refs/remotes/main [3ms]
2024-02-20 16:54:57.359 [info] > git status -z -uall [110ms]
2024-02-20 16:55:02.440 [info] > git config --get commit.template [21ms]
2024-02-20 16:55:02.441 [info] > git for-each-ref --format=%(refname)%00%(upstream:short)%00%(objectname)%00%(upstream:track)%00%(upstream:remotename)%00%(upstream:remoteref) refs/heads/main refs/remotes/main [3ms]
2024-02-20 16:55:02.579 [info] > git status -z -uall [119ms]
2024-02-20 16:55:03.162 [info] > git show --textconv :modules/tarea04abm/__manifest__.py [76ms]
2024-02-20 16:55:03.163 [info] > git ls-files --stage -- /var/lib/odoo/modules/tarea04abm/__manifest__.py [53ms]
2024-02-20 16:55:07.672 [info] > git for-each-ref --format=%(refname)%00%(upstream:short)%00%(objectname)%00%(upstream:track)%00%(upstream:remotename)%00%(upstream:remoteref) refs/heads/main refs/remotes/main [1ms]
2024-02-20 16:55:07.673 [info] > git config --get commit.template [25ms]
2024-02-20 16:55:07.808 [info] > git status -z -uall [116ms]
2024-02-20 16:55:11.029 [info] > git show --textconv :modules/tarea04abm/models/alumnos.py [25ms]
2024-02-20 16:55:11.034 [info] > git ls-files --stage -- /var/lib/odoo/modules/tarea04abm/models/alumnos.py [8ms]
2024-02-20 16:55:26.565 [info] > git show --textconv :modules/tarea04abm/security/ir.model.access.csv [22ms]
2024-02-20 16:55:26.570 [info] > git ls-files --stage -- /var/lib/odoo/modules/tarea04abm/security/ir.model.access.csv [6ms]
2024-02-20 16:57:42.926 [info] > git fetch [519ms]
2024-02-20 16:57:42.961 [info] > git config --get commit.template [17ms]
2024-02-20 16:57:42.962 [info] > git for-each-ref --format=%(refname)%00%(upstream:short)%00%(objectname)%00%(upstream:track)%00%(upstream:remotename)%00%(upstream:remoteref) refs/heads/main refs/remotes/main [2ms]
2024-02-20 16:57:43.085 [info] > git status -z -uall [103ms]
2024-02-20 16:57:44.312 [info] > git ls-files --stage -- /var/lib/odoo/modules/tarea04abm/security/ir.model.access.csv [6ms]
2024-02-20 16:57:44.341 [info] > git show --textconv :modules/tarea04abm/security/ir.model.access.csv [6ms]
2024-02-20 16:57:47.636 [info] > git show --textconv :modules/tarea04abm/__manifest__.py [24ms]
2024-02-20 16:57:47.643 [info] > git ls-files --stage -- /var/lib/odoo/modules/tarea04abm/__manifest__.py [7ms]
2024-02-20 16:57:51.992 [info] > git show --textconv :modules/tarea04abm/security/ir.model.access.csv [18ms]
2024-02-20 16:57:51.997 [info] > git ls-files --stage -- /var/lib/odoo/modules/tarea04abm/security/ir.model.access.csv [6ms]
2024-02-20 16:57:59.524 [info] > git show --textconv :modules/tarea04abm/__manifest__.py [18ms]
2024-02-20 16:57:59.533 [info] > git ls-files --stage -- /var/lib/odoo/modules/tarea04abm/__manifest__.py [10ms]
2024-02-20 16:58:01.311 [info] > git show --textconv :modules/tarea04abm/security/ir.model.access.csv [21ms]
2024-02-20 16:58:01.315 [info] > git ls-files --stage -- /var/lib/odoo/modules/tarea04abm/security/ir.model.access.csv [6ms]
2024-02-20 16:58:57.843 [info] > git show --textconv :modules/tarea04abm/__manifest__.py [27ms]
2024-02-20 16:58:57.844 [info] > git ls-files --stage -- /var/lib/odoo/modules/tarea04abm/__manifest__.py [2ms]
2024-02-20 17:01:23.421 [info] > git show --textconv :modules/tarea03abm/__manifest__.py [49ms]
2024-02-20 17:01:23.423 [info] > git ls-files --stage -- /var/lib/odoo/modules/tarea03abm/__manifest__.py [24ms]
2024-02-20 17:01:23.459 [info] > git cat-file -s e3817401d1689f7b3371042d74d6c0d94422a590 [17ms]
2024-02-20 17:01:25.764 [info] > git show --textconv :modules/tarea03abm/security/ir.model.access.csv [41ms]
2024-02-20 17:01:25.765 [info] > git ls-files --stage -- /var/lib/odoo/modules/tarea03abm/security/ir.model.access.csv [23ms]
2024-02-20 17:01:25.789 [info] > git cat-file -s 1333db1dcd2fd89bb23c026c761ddc72776d845b [7ms]
2024-02-20 17:01:28.953 [info] > git show --textconv :modules/tarea03abm/__manifest__.py [19ms]
2024-02-20 17:01:28.960 [info] > git ls-files --stage -- /var/lib/odoo/modules/tarea03abm/__manifest__.py [8ms]
2024-02-20 17:01:28.983 [info] > git cat-file -s e3817401d1689f7b3371042d74d6c0d94422a590 [6ms]
2024-02-20 17:01:30.930 [info] > git show --textconv :modules/tarea04abm/__manifest__.py [26ms]
2024-02-20 17:01:30.936 [info] > git ls-files --stage -- /var/lib/odoo/modules/tarea04abm/__manifest__.py [7ms]
2024-02-20 17:01:36.451 [info] > git show --textconv :modules/tarea03abm/security/ir.model.access.csv [25ms]
2024-02-20 17:01:36.457 [info] > git ls-files --stage -- /var/lib/odoo/modules/tarea03abm/security/ir.model.access.csv [6ms]
2024-02-20 17:01:36.481 [info] > git cat-file -s 1333db1dcd2fd89bb23c026c761ddc72776d845b [1ms]
2024-02-20 17:01:37.647 [info] > git show --textconv :modules/tarea04abm/__manifest__.py [23ms]
2024-02-20 17:01:37.652 [info] > git ls-files --stage -- /var/lib/odoo/modules/tarea04abm/__manifest__.py [8ms]
2024-02-20 17:02:27.554 [info] > git fetch [550ms]
2024-02-20 17:02:27.593 [info] > git config --get commit.template [20ms]
2024-02-20 17:02:27.597 [info] > git for-each-ref --format=%(refname)%00%(upstream:short)%00%(objectname)%00%(upstream:track)%00%(upstream:remotename)%00%(upstream:remoteref) refs/heads/main refs/remotes/main [5ms]
2024-02-20 17:02:27.766 [info] > git status -z -uall [150ms]
2024-02-20 17:02:27.875 [info] > git config --get commit.template [24ms]
2024-02-20 17:02:27.877 [info] > git for-each-ref --format=%(refname)%00%(upstream:short)%00%(objectname)%00%(upstream:track)%00%(upstream:remotename)%00%(upstream:remoteref) refs/heads/main refs/remotes/main [4ms]
2024-02-20 17:02:28.201 [info] > git status -z -uall [301ms]
2024-02-20 17:02:28.876 [info] > git ls-files --stage -- /var/lib/odoo/modules/tarea04abm/__manifest__.py [6ms]
2024-02-20 17:02:28.906 [info] > git show --textconv :modules/tarea04abm/__manifest__.py [5ms]
2024-02-20 17:02:31.574 [info] > git show --textconv :modules/tarea04abm/security/ir.model.access.csv [22ms]
2024-02-20 17:02:31.579 [info] > git ls-files --stage -- /var/lib/odoo/modules/tarea04abm/security/ir.model.access.csv [6ms]
2024-02-20 17:05:28.392 [info] > git fetch [538ms]
2024-02-20 17:05:28.433 [info] > git config --get commit.template [21ms]
2024-02-20 17:05:28.434 [info] > git for-each-ref --format=%(refname)%00%(upstream:short)%00%(objectname)%00%(upstream:track)%00%(upstream:remotename)%00%(upstream:remoteref) refs/heads/main refs/remotes/main [3ms]
2024-02-20 17:05:28.561 [info] > git status -z -uall [110ms]
2024-02-20 17:05:28.657 [info] > git config --get commit.template [20ms]
2024-02-20 17:05:28.658 [info] > git for-each-ref --format=%(refname)%00%(upstream:short)%00%(objectname)%00%(upstream:track)%00%(upstream:remotename)%00%(upstream:remoteref) refs/heads/main refs/remotes/main [3ms]
2024-02-20 17:05:28.959 [info] > git status -z -uall [285ms]
2024-02-20 17:05:29.648 [info] > git ls-files --stage -- /var/lib/odoo/modules/tarea04abm/security/ir.model.access.csv [6ms]
2024-02-20 17:05:29.679 [info] > git show --textconv :modules/tarea04abm/security/ir.model.access.csv [6ms]
2024-02-20 17:08:29.193 [info] > git fetch [548ms]
2024-02-20 17:08:29.229 [info] > git config --get commit.template [20ms]
2024-02-20 17:08:29.230 [info] > git for-each-ref --format=%(refname)%00%(upstream:short)%00%(objectname)%00%(upstream:track)%00%(upstream:remotename)%00%(upstream:remoteref) refs/heads/main refs/remotes/main [3ms]
2024-02-20 17:08:29.352 [info] > git status -z -uall [105ms]
2024-02-20 17:08:29.436 [info] > git config --get commit.template [3ms]
2024-02-20 17:08:29.457 [info] > git for-each-ref --format=%(refname)%00%(upstream:short)%00%(objectname)%00%(upstream:track)%00%(upstream:remotename)%00%(upstream:remoteref) refs/heads/main refs/remotes/main [2ms]
2024-02-20 17:08:29.756 [info] > git status -z -uall [278ms]
2024-02-20 17:08:30.592 [info] > git ls-files --stage -- /var/lib/odoo/modules/tarea04abm/security/ir.model.access.csv [6ms]
2024-02-20 17:08:30.623 [info] > git show --textconv :modules/tarea04abm/security/ir.model.access.csv [7ms]
2024-02-20 17:10:03.045 [info] > git show --textconv :modules/tarea04abm/models/alumnos.py [23ms]
2024-02-20 17:10:03.050 [info] > git ls-files --stage -- /var/lib/odoo/modules/tarea04abm/models/alumnos.py [6ms]
2024-02-20 17:10:12.631 [info] > git show --textconv :modules/tarea04abm/models/ciclos.py [19ms]
2024-02-20 17:10:12.636 [info] > git ls-files --stage -- /var/lib/odoo/modules/tarea04abm/models/ciclos.py [7ms]
2024-02-20 17:10:15.451 [info] > git show --textconv :modules/tarea04abm/models/modulos.py [25ms]
2024-02-20 17:10:15.455 [info] > git ls-files --stage -- /var/lib/odoo/modules/tarea04abm/models/modulos.py [5ms]
2024-02-20 17:10:18.798 [info] > git show --textconv :modules/tarea04abm/models/profesores.py [21ms]
2024-02-20 17:10:18.807 [info] > git ls-files --stage -- /var/lib/odoo/modules/tarea04abm/models/profesores.py [10ms]
2024-02-20 17:10:23.821 [info] > git show --textconv :modules/tarea04abm/models/modulos.py [17ms]
2024-02-20 17:10:23.825 [info] > git ls-files --stage -- /var/lib/odoo/modules/tarea04abm/models/modulos.py [5ms]
2024-02-20 17:10:24.773 [info] > git show --textconv :modules/tarea04abm/models/ciclos.py [16ms]
2024-02-20 17:10:24.779 [info] > git ls-files --stage -- /var/lib/odoo/modules/tarea04abm/models/ciclos.py [7ms]
2024-02-20 17:10:25.459 [info] > git show --textconv :modules/tarea04abm/models/alumnos.py [18ms]
2024-02-20 17:10:25.464 [info] > git ls-files --stage -- /var/lib/odoo/modules/tarea04abm/models/alumnos.py [6ms]
2024-02-20 17:10:30.411 [info] > git show --textconv :modules/tarea04abm/views/vistaAlumnos.xml [21ms]
2024-02-20 17:10:30.415 [info] > git ls-files --stage -- /var/lib/odoo/modules/tarea04abm/views/vistaAlumnos.xml [6ms]
2024-02-20 17:10:44.571 [info] > git show --textconv :modules/tarea04abm/views/vistaCiclos.xml [22ms]
2024-02-20 17:10:44.578 [info] > git ls-files --stage -- /var/lib/odoo/modules/tarea04abm/views/vistaCiclos.xml [8ms]
2024-02-20 17:10:53.804 [info] > git show --textconv :modules/tarea04abm/views/vistaModulos.xml [22ms]
2024-02-20 17:10:53.806 [info] > git ls-files --stage -- /var/lib/odoo/modules/tarea04abm/views/vistaModulos.xml [6ms]
2024-02-20 17:10:57.668 [info] > git show --textconv :modules/tarea04abm/views/vistaProfesores.xml [22ms]
2024-02-20 17:10:57.672 [info] > git ls-files --stage -- /var/lib/odoo/modules/tarea04abm/views/vistaProfesores.xml [6ms]
2024-02-20 17:11:01.334 [info] > git config --get commit.template [2ms]
2024-02-20 17:11:01.359 [info] > git for-each-ref --format=%(refname)%00%(upstream:short)%00%(objectname)%00%(upstream:track)%00%(upstream:remotename)%00%(upstream:remoteref) refs/heads/main refs/remotes/main [2ms]
2024-02-20 17:11:01.518 [info] > git status -z -uall [140ms]
2024-02-20 17:11:01.962 [info] > git show --textconv :modules/tarea04abm/__manifest__.py [337ms]
2024-02-20 17:11:01.963 [info] > git ls-files --stage -- /var/lib/odoo/modules/tarea04abm/__manifest__.py [313ms]
2024-02-20 17:11:05.100 [info] > git show --textconv :modules/tarea04abm/models/__init__.py [19ms]
2024-02-20 17:11:05.105 [info] > git ls-files --stage -- /var/lib/odoo/modules/tarea04abm/models/__init__.py [6ms]
2024-02-20 17:11:09.719 [info] > git show --textconv :modules/tarea04abm/security/ir.model.access.csv [22ms]
2024-02-20 17:11:09.724 [info] > git ls-files --stage -- /var/lib/odoo/modules/tarea04abm/security/ir.model.access.csv [7ms]
2024-02-20 17:11:29.934 [info] > git fetch [500ms]
2024-02-20 17:11:29.974 [info] > git config --get commit.template [19ms]
2024-02-20 17:11:29.975 [info] > git for-each-ref --format=%(refname)%00%(upstream:short)%00%(objectname)%00%(upstream:track)%00%(upstream:remotename)%00%(upstream:remoteref) refs/heads/main refs/remotes/main [3ms]
2024-02-20 17:11:30.105 [info] > git status -z -uall [108ms]
2024-02-20 17:11:31.339 [info] > git ls-files --stage -- /var/lib/odoo/modules/tarea04abm/security/ir.model.access.csv [7ms]
2024-02-20 17:11:31.370 [info] > git show --textconv :modules/tarea04abm/security/ir.model.access.csv [6ms]
2024-02-20 17:11:32.643 [info] > git check-ignore -v -z --stdin [7ms]
2024-02-20 17:11:41.303 [info] > git check-ignore -v -z --stdin [7ms]
2024-02-20 17:11:43.778 [info] > git check-ignore -v -z --stdin [7ms]
2024-02-20 17:11:52.578 [info] > git check-ignore -v -z --stdin [7ms]
2024-02-20 17:11:54.987 [info] > git check-ignore -v -z --stdin [6ms]
2024-02-20 17:12:02.111 [info] > git show --textconv :modules/tarea04abm/__init__.py [19ms]
2024-02-20 17:12:02.117 [info] > git ls-files --stage -- /var/lib/odoo/modules/tarea04abm/__init__.py [7ms]
2024-02-20 17:12:52.557 [info] > git show --textconv :modules/tarea04abm/models/__init__.py [25ms]
2024-02-20 17:12:52.563 [info] > git ls-files --stage -- /var/lib/odoo/modules/tarea04abm/models/__init__.py [7ms]
2024-02-20 17:12:57.219 [info] > git show --textconv :modules/tarea04abm/__init__.py [19ms]
2024-02-20 17:12:57.225 [info] > git ls-files --stage -- /var/lib/odoo/modules/tarea04abm/__init__.py [8ms]
2024-02-20 17:13:16.194 [info] > git show --textconv :modules/tarea04abm/__manifest__.py [23ms]
2024-02-20 17:13:16.203 [info] > git ls-files --stage -- /var/lib/odoo/modules/tarea04abm/__manifest__.py [11ms]
2024-02-20 17:13:17.927 [info] > git show --textconv :modules/tarea04abm/models/profesores.py [21ms]
2024-02-20 17:13:17.934 [info] > git ls-files --stage -- /var/lib/odoo/modules/tarea04abm/models/profesores.py [9ms]
2024-02-20 17:13:45.846 [info] > git show --textconv :modules/tarea04abm/__manifest__.py [22ms]
2024-02-20 17:13:45.858 [info] > git ls-files --stage -- /var/lib/odoo/modules/tarea04abm/__manifest__.py [15ms]
