2024-02-13 16:48:45.603 [info] Extension host with pid 12808 started
2024-02-13 16:48:45.603 [error] Error: EEXIST: file already exists, open '/var/lib/odoo/.vscode-server/data/User/workspaceStorage/b09d447946748cf914d57fecda080cc7/vscode.lock'
2024-02-13 16:48:45.609 [info] Lock '/var/lib/odoo/.vscode-server/data/User/workspaceStorage/b09d447946748cf914d57fecda080cc7/vscode.lock': Could not acquire lock, checking if the file is stale.
2024-02-13 16:48:45.626 [info] Lock '/var/lib/odoo/.vscode-server/data/User/workspaceStorage/b09d447946748cf914d57fecda080cc7/vscode.lock': The lock does not look stale, elapsed: 457 ms, giving up.
2024-02-13 16:48:45.627 [error] Error: EEXIST: file already exists, open '/var/lib/odoo/.vscode-server/data/User/workspaceStorage/b09d447946748cf914d57fecda080cc7-1/vscode.lock'
2024-02-13 16:48:45.627 [info] Lock '/var/lib/odoo/.vscode-server/data/User/workspaceStorage/b09d447946748cf914d57fecda080cc7-1/vscode.lock': Could not acquire lock, checking if the file is stale.
2024-02-13 16:48:45.628 [info] Lock '/var/lib/odoo/.vscode-server/data/User/workspaceStorage/b09d447946748cf914d57fecda080cc7-1/vscode.lock': The pid 42981 appears to be gone.
2024-02-13 16:48:45.628 [info] Lock '/var/lib/odoo/.vscode-server/data/User/workspaceStorage/b09d447946748cf914d57fecda080cc7-1/vscode.lock': Deleting a stale lock.
2024-02-13 16:48:45.632 [info] Lock '/var/lib/odoo/.vscode-server/data/User/workspaceStorage/b09d447946748cf914d57fecda080cc7-1/vscode.lock': Lock acquired.
2024-02-13 16:48:45.850 [info] ExtensionService#_doActivateExtension mechatroner.rainbow-csv, startup: false, activationEvent: 'onLanguage:plaintext'
2024-02-13 16:48:45.851 [info] ExtensionService#_doActivateExtension vscode.emmet, startup: false, activationEvent: 'onLanguage'
2024-02-13 16:48:46.853 [info] ExtensionService#_doActivateExtension vscode.git-base, startup: true, activationEvent: '*', root cause: vscode.git
2024-02-13 16:48:46.955 [info] ExtensionService#_doActivateExtension vscode.git, startup: true, activationEvent: '*'
2024-02-13 16:48:46.956 [info] ExtensionService#_doActivateExtension vscode.github, startup: true, activationEvent: '*'
2024-02-13 16:48:47.197 [info] Eager extensions activated
2024-02-13 16:48:47.197 [info] ExtensionService#_doActivateExtension vscode.debug-auto-launch, startup: false, activationEvent: 'onStartupFinished'
2024-02-13 16:48:47.198 [info] ExtensionService#_doActivateExtension vscode.merge-conflict, startup: false, activationEvent: 'onStartupFinished'
2024-02-13 16:48:47.198 [info] ExtensionService#_doActivateExtension eamodio.gitlens, startup: false, activationEvent: 'onStartupFinished'
2024-02-13 16:48:47.199 [info] ExtensionService#_doActivateExtension felipecaputo.git-project-manager, startup: false, activationEvent: 'onStartupFinished'
2024-02-13 16:48:47.828 [warning] [Decorations] CAPPING events from decorations provider vscode.git 814
2024-02-13 16:48:48.519 [warning] [Decorations] CAPPING events from decorations provider vscode.git 816
2024-02-13 16:51:08.981 [info] ExtensionService#_doActivateExtension vscode.npm, startup: false, activationEvent: 'onTerminalQuickFixRequest:ms-vscode.npm-command'
2024-02-13 16:51:49.277 [warning] [Decorations] CAPPING events from decorations provider vscode.git 817
2024-02-13 16:53:06.646 [warning] [Decorations] CAPPING events from decorations provider vscode.git 817
