2024-02-13 16:48:48.309 [info] Log level: Info
2024-02-13 16:48:48.309 [info] Validating found git in: "git"
2024-02-13 16:48:48.309 [info] Using git "2.34.1" from "git"
2024-02-13 16:48:48.309 [info] > git rev-parse --show-toplevel [15ms]
2024-02-13 16:48:48.309 [info] > git rev-parse --git-dir --git-common-dir [33ms]
2024-02-13 16:48:48.309 [info] Open repository: /var/lib/odoo
2024-02-13 16:48:48.309 [info] > git config --get commit.template [13ms]
2024-02-13 16:48:48.309 [info] > git rev-parse --show-toplevel [4ms]
2024-02-13 16:48:48.309 [info] > git for-each-ref --format=%(refname)%00%(upstream:short)%00%(objectname)%00%(upstream:track)%00%(upstream:remotename)%00%(upstream:remoteref) refs/heads/main refs/remotes/main [13ms]
2024-02-13 16:48:48.309 [info] > git rev-parse --show-toplevel [3ms]
2024-02-13 16:48:48.309 [info] > git rev-parse --show-toplevel [21ms]
2024-02-13 16:48:48.309 [info] > git rev-parse --show-toplevel [17ms]
2024-02-13 16:48:48.309 [info] > git rev-parse --show-toplevel [1ms]
2024-02-13 16:48:48.309 [info] > git status -z -uall [138ms]
2024-02-13 16:48:48.309 [info] > git for-each-ref --format=%(refname)%00%(upstream:short)%00%(objectname)%00%(upstream:track)%00%(upstream:remotename)%00%(upstream:remoteref) refs/heads/main refs/remotes/main [1ms]
2024-02-13 16:48:48.309 [info] > git config --get commit.template [23ms]
2024-02-13 16:48:48.309 [info] > git status -z -uall [355ms]
2024-02-13 16:48:48.309 [info] > git fetch [657ms]
2024-02-13 16:48:48.309 [info] > git config --get commit.template [17ms]
2024-02-13 16:48:48.309 [info] > git for-each-ref --format=%(refname)%00%(upstream:short)%00%(objectname)%00%(upstream:track)%00%(upstream:remotename)%00%(upstream:remoteref) refs/heads/main refs/remotes/main [2ms]
2024-02-13 16:48:48.489 [info] > git status -z -uall [189ms]
2024-02-13 16:48:49.085 [info] > git check-ignore -v -z --stdin [12ms]
2024-02-13 16:51:49.106 [info] > git fetch [556ms]
2024-02-13 16:51:49.133 [info] > git config --get commit.template [13ms]
2024-02-13 16:51:49.134 [info] > git for-each-ref --format=%(refname)%00%(upstream:short)%00%(objectname)%00%(upstream:track)%00%(upstream:remotename)%00%(upstream:remoteref) refs/heads/main refs/remotes/main [2ms]
2024-02-13 16:51:49.254 [info] > git status -z -uall [108ms]
2024-02-13 16:53:06.490 [info] > git config --get commit.template [15ms]
2024-02-13 16:53:06.494 [info] > git for-each-ref --format=%(refname)%00%(upstream:short)%00%(objectname)%00%(upstream:track)%00%(upstream:remotename)%00%(upstream:remoteref) refs/heads/main refs/remotes/main [5ms]
2024-02-13 16:53:06.632 [info] > git status -z -uall [127ms]
