2024-02-22 15:30:56.070 [info] Log level: Info
2024-02-22 15:30:56.070 [info] Validating found git in: "git"
2024-02-22 15:30:56.070 [info] Using git "2.34.1" from "git"
2024-02-22 15:30:56.070 [info] > git rev-parse --show-toplevel [20ms]
2024-02-22 15:30:56.070 [info] > git rev-parse --git-dir --git-common-dir [62ms]
2024-02-22 15:30:56.070 [info] Open repository: /var/lib/odoo
2024-02-22 15:30:56.070 [info] > git config --get commit.template [19ms]
2024-02-22 15:30:56.070 [info] > git for-each-ref --format=%(refname)%00%(upstream:short)%00%(objectname)%00%(upstream:track)%00%(upstream:remotename)%00%(upstream:remoteref) refs/heads/main refs/remotes/main [3ms]
2024-02-22 15:30:56.070 [info] > git rev-parse --show-toplevel [24ms]
2024-02-22 15:30:56.070 [info] > git rev-parse --show-toplevel [3ms]
2024-02-22 15:30:56.070 [info] > git rev-parse --show-toplevel [22ms]
2024-02-22 15:30:56.070 [info] > git rev-parse --show-toplevel [3ms]
2024-02-22 15:30:56.070 [info] > git rev-parse --show-toplevel [264ms]
2024-02-22 15:30:56.070 [info] > git status -z -uall [419ms]
2024-02-22 15:30:56.070 [info] > git rev-parse --show-toplevel [116ms]
2024-02-22 15:30:56.070 [info] > git config --get commit.template [421ms]
2024-02-22 15:30:56.070 [info] > git fetch [1072ms]
2024-02-22 15:30:56.132 [info] > git for-each-ref --format=%(refname)%00%(upstream:short)%00%(objectname)%00%(upstream:track)%00%(upstream:remotename)%00%(upstream:remoteref) refs/heads/main refs/remotes/main [6ms]
2024-02-22 15:30:56.133 [info] > git config --get commit.template [24ms]
2024-02-22 15:30:56.193 [info] > git for-each-ref --format=%(refname)%00%(upstream:short)%00%(objectname)%00%(upstream:track)%00%(upstream:remotename)%00%(upstream:remoteref) refs/heads/main refs/remotes/main [45ms]
2024-02-22 15:30:56.605 [info] > git status -z -uall [299ms]
2024-02-22 15:30:56.703 [info] > git check-ignore -v -z --stdin [103ms]
2024-02-22 15:30:57.230 [info] > git show --textconv :modules/tarea04abm/__manifest__.py [26ms]
2024-02-22 15:30:57.243 [info] > git ls-files --stage -- /var/lib/odoo/modules/tarea04abm/__manifest__.py [15ms]
2024-02-22 15:30:57.746 [info] > git ls-files --stage -- /var/lib/odoo/modules/tarea04abm/__manifest__.py [148ms]
2024-02-22 15:30:57.837 [info] > git show --textconv :modules/tarea04abm/__manifest__.py [13ms]
2024-02-22 15:33:57.285 [info] > git fetch [567ms]
2024-02-22 15:33:57.322 [info] > git config --get commit.template [19ms]
2024-02-22 15:33:57.322 [info] > git for-each-ref --format=%(refname)%00%(upstream:short)%00%(objectname)%00%(upstream:track)%00%(upstream:remotename)%00%(upstream:remoteref) refs/heads/main refs/remotes/main [4ms]
2024-02-22 15:33:57.503 [info] > git status -z -uall [165ms]
2024-02-22 15:33:57.942 [info] > git for-each-ref --format=%(refname)%00%(upstream:short)%00%(objectname)%00%(upstream:track)%00%(upstream:remotename)%00%(upstream:remoteref) refs/heads/main refs/remotes/main [323ms]
2024-02-22 15:33:57.944 [info] > git config --get commit.template [340ms]
2024-02-22 15:33:58.149 [info] > git status -z -uall [170ms]
2024-02-22 15:33:58.550 [info] > git ls-files --stage -- /var/lib/odoo/modules/tarea04abm/__manifest__.py [6ms]
2024-02-22 15:33:58.580 [info] > git show --textconv :modules/tarea04abm/__manifest__.py [6ms]
2024-02-22 15:35:46.018 [info] > git show --textconv :modules/tarea04abm/models/profesores.py [26ms]
2024-02-22 15:35:46.032 [info] > git ls-files --stage -- /var/lib/odoo/modules/tarea04abm/models/profesores.py [16ms]
2024-02-22 15:35:46.426 [info] > git check-ignore -v -z --stdin [7ms]
2024-02-22 15:35:52.619 [info] > git show --textconv :modules/tarea04abm/__init__.py [19ms]
2024-02-22 15:35:52.623 [info] > git ls-files --stage -- /var/lib/odoo/modules/tarea04abm/__init__.py [7ms]
2024-02-22 15:35:53.335 [info] > git show --textconv :modules/tarea04abm/views/vistaCiclos.xml [37ms]
2024-02-22 15:35:53.351 [info] > git ls-files --stage -- /var/lib/odoo/modules/tarea04abm/views/vistaCiclos.xml [39ms]
2024-02-22 15:35:53.741 [info] > git check-ignore -v -z --stdin [17ms]
2024-02-22 15:36:58.158 [info] > git fetch [547ms]
2024-02-22 15:36:58.197 [info] > git config --get commit.template [20ms]
2024-02-22 15:36:58.197 [info] > git for-each-ref --format=%(refname)%00%(upstream:short)%00%(objectname)%00%(upstream:track)%00%(upstream:remotename)%00%(upstream:remoteref) refs/heads/main refs/remotes/main [4ms]
2024-02-22 15:36:58.331 [info] > git status -z -uall [113ms]
2024-02-22 15:36:58.438 [info] > git config --get commit.template [19ms]
2024-02-22 15:36:58.439 [info] > git for-each-ref --format=%(refname)%00%(upstream:short)%00%(objectname)%00%(upstream:track)%00%(upstream:remotename)%00%(upstream:remoteref) refs/heads/main refs/remotes/main [3ms]
2024-02-22 15:36:58.748 [info] > git status -z -uall [290ms]
2024-02-22 15:36:59.420 [info] > git ls-files --stage -- /var/lib/odoo/modules/tarea04abm/views/vistaCiclos.xml [9ms]
2024-02-22 15:36:59.460 [info] > git show --textconv :modules/tarea04abm/views/vistaCiclos.xml [7ms]
2024-02-22 15:39:59.704 [info] > git ls-files --stage -- /var/lib/odoo/modules/tarea04abm/views/vistaCiclos.xml [12ms]
2024-02-22 15:39:59.739 [info] > git show --textconv :modules/tarea04abm/views/vistaCiclos.xml [1ms]
2024-02-22 15:40:00.017 [info] > git fetch [1594ms]
2024-02-22 15:40:00.054 [info] > git config --get commit.template [18ms]
2024-02-22 15:40:00.055 [info] > git for-each-ref --format=%(refname)%00%(upstream:short)%00%(objectname)%00%(upstream:track)%00%(upstream:remotename)%00%(upstream:remoteref) refs/heads/main refs/remotes/main [4ms]
2024-02-22 15:40:00.184 [info] > git status -z -uall [112ms]
2024-02-22 15:40:00.274 [info] > git config --get commit.template [3ms]
2024-02-22 15:40:00.298 [info] > git for-each-ref --format=%(refname)%00%(upstream:short)%00%(objectname)%00%(upstream:track)%00%(upstream:remotename)%00%(upstream:remoteref) refs/heads/main refs/remotes/main [5ms]
2024-02-22 15:40:00.859 [info] > git status -z -uall [170ms]
2024-02-22 15:40:01.416 [info] > git ls-files --stage -- /var/lib/odoo/modules/tarea04abm/views/vistaCiclos.xml [7ms]
2024-02-22 15:40:01.446 [info] > git show --textconv :modules/tarea04abm/views/vistaCiclos.xml [5ms]
2024-02-22 15:43:00.831 [info] > git fetch [561ms]
2024-02-22 15:43:00.872 [info] > git config --get commit.template [23ms]
2024-02-22 15:43:00.873 [info] > git for-each-ref --format=%(refname)%00%(upstream:short)%00%(objectname)%00%(upstream:track)%00%(upstream:remotename)%00%(upstream:remoteref) refs/heads/main refs/remotes/main [3ms]
2024-02-22 15:43:01.007 [info] > git status -z -uall [117ms]
2024-02-22 15:43:01.542 [info] > git config --get commit.template [80ms]
2024-02-22 15:43:01.545 [info] > git for-each-ref --format=%(refname)%00%(upstream:short)%00%(objectname)%00%(upstream:track)%00%(upstream:remotename)%00%(upstream:remoteref) refs/heads/main refs/remotes/main [31ms]
2024-02-22 15:43:01.745 [info] > git status -z -uall [132ms]
2024-02-22 15:43:02.156 [info] > git ls-files --stage -- /var/lib/odoo/modules/tarea04abm/views/vistaCiclos.xml [6ms]
2024-02-22 15:43:02.264 [info] > git show --textconv :modules/tarea04abm/views/vistaCiclos.xml [5ms]
2024-02-22 15:44:25.840 [info] > git show --textconv :modules/tarea04abm/views/vistaAlumnos.xml [18ms]
2024-02-22 15:44:25.845 [info] > git ls-files --stage -- /var/lib/odoo/modules/tarea04abm/views/vistaAlumnos.xml [6ms]
2024-02-22 15:44:26.395 [info] > git show --textconv :modules/tarea04abm/views/vistaModulos.xml [17ms]
2024-02-22 15:44:26.399 [info] > git ls-files --stage -- /var/lib/odoo/modules/tarea04abm/views/vistaModulos.xml [5ms]
2024-02-22 15:44:26.994 [info] > git show --textconv :modules/tarea04abm/views/vistaProfesores.xml [22ms]
2024-02-22 15:44:26.998 [info] > git ls-files --stage -- /var/lib/odoo/modules/tarea04abm/views/vistaProfesores.xml [5ms]
2024-02-22 15:44:27.849 [info] > git show --textconv :modules/tarea04abm/views/vistaCiclos.xml [18ms]
2024-02-22 15:44:27.854 [info] > git ls-files --stage -- /var/lib/odoo/modules/tarea04abm/views/vistaCiclos.xml [7ms]
2024-02-22 15:44:34.512 [info] > git config --get commit.template [29ms]
2024-02-22 15:44:34.513 [info] > git for-each-ref --format=%(refname)%00%(upstream:short)%00%(objectname)%00%(upstream:track)%00%(upstream:remotename)%00%(upstream:remoteref) refs/heads/main refs/remotes/main [4ms]
2024-02-22 15:44:34.664 [info] > git status -z -uall [129ms]
2024-02-22 15:44:34.762 [info] > git show --textconv :modules/tarea04abm/views/vistaModulos.xml [20ms]
2024-02-22 15:44:34.767 [info] > git ls-files --stage -- /var/lib/odoo/modules/tarea04abm/views/vistaModulos.xml [6ms]
2024-02-22 15:45:25.885 [info] > git show --textconv :modules/tarea04abm/views/vistaCiclos.xml [17ms]
2024-02-22 15:45:25.890 [info] > git ls-files --stage -- /var/lib/odoo/modules/tarea04abm/views/vistaCiclos.xml [7ms]
2024-02-22 15:45:27.018 [info] > git show --textconv :modules/tarea04abm/views/vistaProfesores.xml [16ms]
2024-02-22 15:45:27.023 [info] > git ls-files --stage -- /var/lib/odoo/modules/tarea04abm/views/vistaProfesores.xml [7ms]
2024-02-22 15:45:44.233 [info] > git show --textconv :modules/tarea04abm/views/vistaAlumnos.xml [24ms]
2024-02-22 15:45:44.236 [info] > git ls-files --stage -- /var/lib/odoo/modules/tarea04abm/views/vistaAlumnos.xml [5ms]
2024-02-22 15:45:48.378 [info] > git show --textconv :modules/tarea04abm/views/vistaModulos.xml [18ms]
2024-02-22 15:45:48.383 [info] > git ls-files --stage -- /var/lib/odoo/modules/tarea04abm/views/vistaModulos.xml [6ms]
2024-02-22 15:45:55.477 [info] > git show --textconv :modules/tarea04abm/views/vistaProfesores.xml [19ms]
2024-02-22 15:45:55.482 [info] > git ls-files --stage -- /var/lib/odoo/modules/tarea04abm/views/vistaProfesores.xml [7ms]
2024-02-22 15:45:57.241 [info] > git show --textconv :modules/tarea04abm/views/vistaAlumnos.xml [17ms]
2024-02-22 15:45:57.247 [info] > git ls-files --stage -- /var/lib/odoo/modules/tarea04abm/views/vistaAlumnos.xml [7ms]
2024-02-22 15:45:58.151 [info] > git show --textconv :modules/tarea04abm/views/vistaCiclos.xml [18ms]
2024-02-22 15:45:58.155 [info] > git ls-files --stage -- /var/lib/odoo/modules/tarea04abm/views/vistaCiclos.xml [5ms]
2024-02-22 15:46:01.602 [info] > git fetch [507ms]
2024-02-22 15:46:01.640 [info] > git config --get commit.template [20ms]
2024-02-22 15:46:01.642 [info] > git for-each-ref --format=%(refname)%00%(upstream:short)%00%(objectname)%00%(upstream:track)%00%(upstream:remotename)%00%(upstream:remoteref) refs/heads/main refs/remotes/main [5ms]
2024-02-22 15:46:01.771 [info] > git status -z -uall [112ms]
2024-02-22 15:46:01.873 [info] > git config --get commit.template [19ms]
2024-02-22 15:46:01.874 [info] > git for-each-ref --format=%(refname)%00%(upstream:short)%00%(objectname)%00%(upstream:track)%00%(upstream:remotename)%00%(upstream:remoteref) refs/heads/main refs/remotes/main [4ms]
2024-02-22 15:46:02.195 [info] > git status -z -uall [303ms]
2024-02-22 15:46:03.246 [info] > git show --textconv :modules/tarea04abm/views/vistaAlumnos.xml [22ms]
2024-02-22 15:46:03.279 [info] > git ls-files --stage -- /var/lib/odoo/modules/tarea04abm/views/vistaAlumnos.xml [34ms]
2024-02-22 15:46:03.983 [info] > git show --textconv :modules/tarea04abm/views/vistaModulos.xml [23ms]
2024-02-22 15:46:03.988 [info] > git ls-files --stage -- /var/lib/odoo/modules/tarea04abm/views/vistaModulos.xml [6ms]
2024-02-22 15:46:04.705 [info] > git show --textconv :modules/tarea04abm/views/vistaProfesores.xml [24ms]
2024-02-22 15:46:04.713 [info] > git ls-files --stage -- /var/lib/odoo/modules/tarea04abm/views/vistaProfesores.xml [10ms]
2024-02-22 15:47:21.068 [info] > git show --textconv :modules/tarea04abm/views/vistaAlumnos.xml [19ms]
2024-02-22 15:47:21.072 [info] > git ls-files --stage -- /var/lib/odoo/modules/tarea04abm/views/vistaAlumnos.xml [6ms]
2024-02-22 15:49:02.381 [info] > git fetch [523ms]
2024-02-22 15:49:02.419 [info] > git config --get commit.template [19ms]
2024-02-22 15:49:02.421 [info] > git for-each-ref --format=%(refname)%00%(upstream:short)%00%(objectname)%00%(upstream:track)%00%(upstream:remotename)%00%(upstream:remoteref) refs/heads/main refs/remotes/main [4ms]
2024-02-22 15:49:02.546 [info] > git status -z -uall [109ms]
2024-02-22 15:49:02.966 [info] > git config --get commit.template [51ms]
2024-02-22 15:49:02.998 [info] > git for-each-ref --format=%(refname)%00%(upstream:short)%00%(objectname)%00%(upstream:track)%00%(upstream:remotename)%00%(upstream:remoteref) refs/heads/main refs/remotes/main [36ms]
2024-02-22 15:49:03.129 [info] > git status -z -uall [112ms]
2024-02-22 15:49:03.640 [info] > git ls-files --stage -- /var/lib/odoo/modules/tarea04abm/views/vistaAlumnos.xml [6ms]
2024-02-22 15:49:03.671 [info] > git show --textconv :modules/tarea04abm/views/vistaAlumnos.xml [5ms]
2024-02-22 15:50:06.071 [info] > git show --textconv :modules/tarea04abm/views/vistaProfesores.xml [20ms]
2024-02-22 15:50:06.079 [info] > git ls-files --stage -- /var/lib/odoo/modules/tarea04abm/views/vistaProfesores.xml [10ms]
2024-02-22 15:50:09.321 [info] > git show --textconv :modules/tarea04abm/views/vistaAlumnos.xml [21ms]
2024-02-22 15:50:09.326 [info] > git ls-files --stage -- /var/lib/odoo/modules/tarea04abm/views/vistaAlumnos.xml [6ms]
2024-02-22 15:50:10.599 [info] > git show --textconv :modules/tarea04abm/views/vistaProfesores.xml [18ms]
2024-02-22 15:50:10.605 [info] > git ls-files --stage -- /var/lib/odoo/modules/tarea04abm/views/vistaProfesores.xml [6ms]
2024-02-22 15:50:12.010 [info] > git show --textconv :modules/tarea04abm/views/vistaAlumnos.xml [18ms]
2024-02-22 15:50:12.015 [info] > git ls-files --stage -- /var/lib/odoo/modules/tarea04abm/views/vistaAlumnos.xml [6ms]
2024-02-22 15:50:15.426 [info] > git show --textconv :modules/tarea04abm/views/vistaProfesores.xml [19ms]
2024-02-22 15:50:15.431 [info] > git ls-files --stage -- /var/lib/odoo/modules/tarea04abm/views/vistaProfesores.xml [7ms]
2024-02-22 15:50:21.134 [info] > git show --textconv :modules/tarea04abm/views/vistaAlumnos.xml [17ms]
2024-02-22 15:50:21.140 [info] > git ls-files --stage -- /var/lib/odoo/modules/tarea04abm/views/vistaAlumnos.xml [7ms]
2024-02-22 15:50:21.761 [info] > git show --textconv :modules/tarea04abm/views/vistaCiclos.xml [20ms]
2024-02-22 15:50:21.764 [info] > git ls-files --stage -- /var/lib/odoo/modules/tarea04abm/views/vistaCiclos.xml [6ms]
2024-02-22 15:50:22.651 [info] > git show --textconv :modules/tarea04abm/views/vistaModulos.xml [18ms]
2024-02-22 15:50:22.657 [info] > git ls-files --stage -- /var/lib/odoo/modules/tarea04abm/views/vistaModulos.xml [8ms]
2024-02-22 15:50:25.681 [info] > git show --textconv :modules/tarea04abm/views/vistaCiclos.xml [20ms]
2024-02-22 15:50:25.685 [info] > git ls-files --stage -- /var/lib/odoo/modules/tarea04abm/views/vistaCiclos.xml [5ms]
2024-02-22 15:50:27.494 [info] > git show --textconv :modules/tarea04abm/views/vistaProfesores.xml [20ms]
2024-02-22 15:50:27.501 [info] > git ls-files --stage -- /var/lib/odoo/modules/tarea04abm/views/vistaProfesores.xml [12ms]
2024-02-22 15:50:31.312 [info] > git show --textconv :modules/tarea04abm/views/vistaCiclos.xml [17ms]
2024-02-22 15:50:31.317 [info] > git ls-files --stage -- /var/lib/odoo/modules/tarea04abm/views/vistaCiclos.xml [6ms]
2024-02-22 15:50:32.410 [info] > git show --textconv :modules/tarea04abm/views/vistaModulos.xml [21ms]
2024-02-22 15:50:32.413 [info] > git ls-files --stage -- /var/lib/odoo/modules/tarea04abm/views/vistaModulos.xml [5ms]
2024-02-22 15:50:37.534 [info] > git show --textconv :modules/tarea04abm/views/vistaProfesores.xml [16ms]
2024-02-22 15:50:37.538 [info] > git ls-files --stage -- /var/lib/odoo/modules/tarea04abm/views/vistaProfesores.xml [6ms]
2024-02-22 15:50:53.583 [info] > git show --textconv :modules/tarea04abm/views/vistaAlumnos.xml [19ms]
2024-02-22 15:50:53.587 [info] > git ls-files --stage -- /var/lib/odoo/modules/tarea04abm/views/vistaAlumnos.xml [6ms]
2024-02-22 15:51:37.866 [info] > git config --get commit.template [17ms]
2024-02-22 15:51:37.869 [info] > git for-each-ref --format=%(refname)%00%(upstream:short)%00%(objectname)%00%(upstream:track)%00%(upstream:remotename)%00%(upstream:remoteref) refs/heads/main refs/remotes/main [4ms]
2024-02-22 15:51:38.067 [info] > git status -z -uall [156ms]
2024-02-22 15:51:38.067 [info] > git show --textconv :modules/tarea04abm/views/vistaProfesores.xml [24ms]
2024-02-22 15:51:38.070 [info] > git ls-files --stage -- /var/lib/odoo/modules/tarea04abm/views/vistaProfesores.xml [9ms]
2024-02-22 15:52:06.636 [info] > git fetch [534ms]
2024-02-22 15:52:06.674 [info] > git config --get commit.template [20ms]
2024-02-22 15:52:06.675 [info] > git for-each-ref --format=%(refname)%00%(upstream:short)%00%(objectname)%00%(upstream:track)%00%(upstream:remotename)%00%(upstream:remoteref) refs/heads/main refs/remotes/main [3ms]
2024-02-22 15:52:06.810 [info] > git status -z -uall [117ms]
2024-02-22 15:52:06.914 [info] > git config --get commit.template [2ms]
2024-02-22 15:52:07.184 [info] > git for-each-ref --format=%(refname)%00%(upstream:short)%00%(objectname)%00%(upstream:track)%00%(upstream:remotename)%00%(upstream:remoteref) refs/heads/main refs/remotes/main [253ms]
2024-02-22 15:52:07.407 [info] > git status -z -uall [144ms]
2024-02-22 15:52:07.937 [info] > git ls-files --stage -- /var/lib/odoo/modules/tarea04abm/views/vistaProfesores.xml [6ms]
2024-02-22 15:52:07.968 [info] > git show --textconv :modules/tarea04abm/views/vistaProfesores.xml [6ms]
2024-02-22 15:52:30.823 [info] > git show --textconv :modules/tarea04abm/views/vistaAlumnos.xml [18ms]
2024-02-22 15:52:30.830 [info] > git ls-files --stage -- /var/lib/odoo/modules/tarea04abm/views/vistaAlumnos.xml [8ms]
2024-02-22 15:52:33.457 [info] > git show --textconv :modules/tarea04abm/views/vistaModulos.xml [19ms]
2024-02-22 15:52:33.460 [info] > git ls-files --stage -- /var/lib/odoo/modules/tarea04abm/views/vistaModulos.xml [5ms]
2024-02-22 15:52:35.450 [info] > git show --textconv :modules/tarea04abm/views/vistaCiclos.xml [18ms]
2024-02-22 15:52:35.455 [info] > git ls-files --stage -- /var/lib/odoo/modules/tarea04abm/views/vistaCiclos.xml [6ms]
2024-02-22 15:53:16.045 [info] > git for-each-ref --format=%(refname)%00%(upstream:short)%00%(objectname)%00%(upstream:track)%00%(upstream:remotename)%00%(upstream:remoteref) refs/heads/main refs/remotes/main [3ms]
2024-02-22 15:53:16.047 [info] > git config --get commit.template [21ms]
2024-02-22 15:53:16.182 [info] > git status -z -uall [118ms]
2024-02-22 15:53:28.097 [info] > git show --textconv :modules/tarea04abm/models/ciclos.py [21ms]
2024-02-22 15:53:28.102 [info] > git ls-files --stage -- /var/lib/odoo/modules/tarea04abm/models/ciclos.py [7ms]
2024-02-22 15:54:48.067 [info] > git check-ignore -v -z --stdin [7ms]
2024-02-22 15:54:50.221 [info] > git check-ignore -v -z --stdin [16ms]
2024-02-22 15:54:51.050 [info] > git show --textconv :modules/tarea03abm/models/paciente.py [19ms]
2024-02-22 15:54:51.057 [info] > git ls-files --stage -- /var/lib/odoo/modules/tarea03abm/models/paciente.py [8ms]
2024-02-22 15:54:51.125 [info] > git cat-file -s 365f7c1cb8c7c0015e8f066c015d75f263617b1d [47ms]
2024-02-22 15:54:54.405 [info] > git show --textconv :modules/tarea04abm/models/ciclos.py [19ms]
2024-02-22 15:54:54.409 [info] > git ls-files --stage -- /var/lib/odoo/modules/tarea04abm/models/ciclos.py [6ms]
2024-02-22 15:55:07.432 [info] > git fetch [525ms]
2024-02-22 15:55:07.470 [info] > git for-each-ref --format=%(refname)%00%(upstream:short)%00%(objectname)%00%(upstream:track)%00%(upstream:remotename)%00%(upstream:remoteref) refs/heads/main refs/remotes/main [3ms]
2024-02-22 15:55:07.471 [info] > git config --get commit.template [22ms]
2024-02-22 15:55:07.634 [info] > git status -z -uall [144ms]
2024-02-22 15:55:07.754 [info] > git config --get commit.template [22ms]
2024-02-22 15:55:08.021 [info] > git for-each-ref --format=%(refname)%00%(upstream:short)%00%(objectname)%00%(upstream:track)%00%(upstream:remotename)%00%(upstream:remoteref) refs/heads/main refs/remotes/main [268ms]
2024-02-22 15:55:08.219 [info] > git status -z -uall [156ms]
2024-02-22 15:55:08.695 [info] > git ls-files --stage -- /var/lib/odoo/modules/tarea04abm/models/ciclos.py [5ms]
2024-02-22 15:55:08.725 [info] > git show --textconv :modules/tarea04abm/models/ciclos.py [6ms]
2024-02-22 15:55:18.719 [info] > git show --textconv :modules/tarea04abm/models/modulos.py [27ms]
2024-02-22 15:55:18.729 [info] > git ls-files --stage -- /var/lib/odoo/modules/tarea04abm/models/modulos.py [11ms]
2024-02-22 15:55:20.095 [info] > git show --textconv :modules/tarea04abm/models/ciclos.py [21ms]
2024-02-22 15:55:20.100 [info] > git ls-files --stage -- /var/lib/odoo/modules/tarea04abm/models/ciclos.py [7ms]
2024-02-22 15:55:28.225 [info] > git for-each-ref --format=%(refname)%00%(upstream:short)%00%(objectname)%00%(upstream:track)%00%(upstream:remotename)%00%(upstream:remoteref) refs/heads/main refs/remotes/main [2ms]
2024-02-22 15:55:28.226 [info] > git config --get commit.template [25ms]
2024-02-22 15:55:28.462 [info] > git status -z -uall [216ms]
2024-02-22 15:55:28.462 [info] > git show --textconv :modules/tarea03abm/models/paciente.py [28ms]
2024-02-22 15:55:28.520 [info] > git ls-files --stage -- /var/lib/odoo/modules/tarea03abm/models/paciente.py [62ms]
2024-02-22 15:55:28.544 [info] > git cat-file -s 365f7c1cb8c7c0015e8f066c015d75f263617b1d [7ms]
2024-02-22 15:55:30.422 [info] > git show --textconv :modules/tarea04abm/models/ciclos.py [21ms]
2024-02-22 15:55:30.429 [info] > git ls-files --stage -- /var/lib/odoo/modules/tarea04abm/models/ciclos.py [8ms]
2024-02-22 15:55:35.553 [info] > git show --textconv :modules/tarea04abm/models/modulos.py [21ms]
2024-02-22 15:55:35.557 [info] > git ls-files --stage -- /var/lib/odoo/modules/tarea04abm/models/modulos.py [5ms]
2024-02-22 15:55:37.612 [info] > git show --textconv :modules/tarea04abm/models/ciclos.py [20ms]
2024-02-22 15:55:37.617 [info] > git ls-files --stage -- /var/lib/odoo/modules/tarea04abm/models/ciclos.py [6ms]
2024-02-22 15:55:51.255 [info] > git show --textconv :modules/tarea03abm/models/paciente.py [20ms]
2024-02-22 15:55:51.259 [info] > git ls-files --stage -- /var/lib/odoo/modules/tarea03abm/models/paciente.py [5ms]
2024-02-22 15:55:51.279 [info] > git cat-file -s 365f7c1cb8c7c0015e8f066c015d75f263617b1d [2ms]
2024-02-22 15:55:57.909 [info] > git show --textconv :modules/tarea03abm/models/diagnostico.py [22ms]
2024-02-22 15:55:57.917 [info] > git ls-files --stage -- /var/lib/odoo/modules/tarea03abm/models/diagnostico.py [9ms]
2024-02-22 15:55:57.957 [info] > git cat-file -s a78c3bad36db941447b0e2e25f8896929f848e3e [22ms]
2024-02-22 15:56:04.229 [info] > git config --get commit.template [26ms]
2024-02-22 15:56:04.234 [info] > git for-each-ref --format=%(refname)%00%(upstream:short)%00%(objectname)%00%(upstream:track)%00%(upstream:remotename)%00%(upstream:remoteref) refs/heads/main refs/remotes/main [6ms]
2024-02-22 15:56:04.275 [info] > git show --textconv :modules/tarea04abm/models/modulos.py [20ms]
2024-02-22 15:56:04.295 [info] > git ls-files --stage -- /var/lib/odoo/modules/tarea04abm/models/modulos.py [22ms]
2024-02-22 15:56:04.410 [info] > git status -z -uall [116ms]
2024-02-22 15:56:15.857 [info] > git show --textconv :modules/tarea04abm/models/ciclos.py [26ms]
2024-02-22 15:56:15.859 [info] > git ls-files --stage -- /var/lib/odoo/modules/tarea04abm/models/ciclos.py [10ms]
2024-02-22 15:56:21.145 [info] > git show --textconv :modules/tarea03abm/models/diagnostico.py [18ms]
2024-02-22 15:56:21.152 [info] > git ls-files --stage -- /var/lib/odoo/modules/tarea03abm/models/diagnostico.py [8ms]
2024-02-22 15:56:21.172 [info] > git cat-file -s a78c3bad36db941447b0e2e25f8896929f848e3e [3ms]
2024-02-22 15:56:21.597 [info] > git show --textconv :modules/tarea04abm/models/modulos.py [30ms]
2024-02-22 15:56:21.604 [info] > git ls-files --stage -- /var/lib/odoo/modules/tarea04abm/models/modulos.py [8ms]
2024-02-22 15:56:52.657 [info] > git show --textconv :modules/tarea03abm/models/paciente.py [18ms]
2024-02-22 15:56:52.661 [info] > git ls-files --stage -- /var/lib/odoo/modules/tarea03abm/models/paciente.py [5ms]
2024-02-22 15:56:52.680 [info] > git cat-file -s 365f7c1cb8c7c0015e8f066c015d75f263617b1d [2ms]
2024-02-22 15:56:53.045 [info] > git show --textconv :modules/tarea03abm/models/diagnostico.py [19ms]
2024-02-22 15:56:53.051 [info] > git ls-files --stage -- /var/lib/odoo/modules/tarea03abm/models/diagnostico.py [7ms]
2024-02-22 15:56:53.071 [info] > git cat-file -s a78c3bad36db941447b0e2e25f8896929f848e3e [4ms]
2024-02-22 15:56:57.248 [info] > git show --textconv :modules/tarea04abm/models/modulos.py [20ms]
2024-02-22 15:56:57.254 [info] > git ls-files --stage -- /var/lib/odoo/modules/tarea04abm/models/modulos.py [7ms]
2024-02-22 15:56:58.610 [info] > git show --textconv :modules/tarea03abm/models/diagnostico.py [16ms]
2024-02-22 15:56:58.615 [info] > git ls-files --stage -- /var/lib/odoo/modules/tarea03abm/models/diagnostico.py [6ms]
2024-02-22 15:56:58.634 [info] > git cat-file -s a78c3bad36db941447b0e2e25f8896929f848e3e [2ms]
2024-02-22 15:57:00.472 [info] > git show --textconv :modules/tarea04abm/models/modulos.py [23ms]
2024-02-22 15:57:00.479 [info] > git ls-files --stage -- /var/lib/odoo/modules/tarea04abm/models/modulos.py [8ms]
2024-02-22 15:57:09.787 [info] > git show --textconv :modules/tarea03abm/models/diagnostico.py [25ms]
2024-02-22 15:57:09.797 [info] > git ls-files --stage -- /var/lib/odoo/modules/tarea03abm/models/diagnostico.py [11ms]
2024-02-22 15:57:09.816 [info] > git cat-file -s a78c3bad36db941447b0e2e25f8896929f848e3e [1ms]
2024-02-22 15:57:14.749 [info] > git show --textconv :modules/tarea03abm/models/paciente.py [16ms]
2024-02-22 15:57:14.754 [info] > git ls-files --stage -- /var/lib/odoo/modules/tarea03abm/models/paciente.py [6ms]
2024-02-22 15:57:14.775 [info] > git cat-file -s 365f7c1cb8c7c0015e8f066c015d75f263617b1d [2ms]
2024-02-22 15:57:17.368 [info] > git show --textconv :modules/tarea03abm/models/diagnostico.py [17ms]
2024-02-22 15:57:17.372 [info] > git ls-files --stage -- /var/lib/odoo/modules/tarea03abm/models/diagnostico.py [6ms]
2024-02-22 15:57:17.393 [info] > git cat-file -s a78c3bad36db941447b0e2e25f8896929f848e3e [4ms]
2024-02-22 15:57:24.122 [info] > git show --textconv :modules/tarea04abm/models/modulos.py [19ms]
2024-02-22 15:57:24.127 [info] > git ls-files --stage -- /var/lib/odoo/modules/tarea04abm/models/modulos.py [5ms]
2024-02-22 15:58:20.399 [info] > git fetch [547ms]
2024-02-22 15:58:20.435 [info] > git config --get commit.template [19ms]
2024-02-22 15:58:20.436 [info] > git for-each-ref --format=%(refname)%00%(upstream:short)%00%(objectname)%00%(upstream:track)%00%(upstream:remotename)%00%(upstream:remoteref) refs/heads/main refs/remotes/main [2ms]
2024-02-22 15:58:20.593 [info] > git status -z -uall [135ms]
2024-02-22 15:58:20.710 [info] > git config --get commit.template [20ms]
2024-02-22 15:58:21.073 [info] > git for-each-ref --format=%(refname)%00%(upstream:short)%00%(objectname)%00%(upstream:track)%00%(upstream:remotename)%00%(upstream:remoteref) refs/heads/main refs/remotes/main [4ms]
2024-02-22 15:58:21.226 [info] > git status -z -uall [125ms]
2024-02-22 15:58:21.745 [info] > git ls-files --stage -- /var/lib/odoo/modules/tarea04abm/models/modulos.py [6ms]
2024-02-22 15:58:21.793 [info] > git show --textconv :modules/tarea04abm/models/modulos.py [6ms]
2024-02-22 15:58:30.910 [info] > git check-ignore -v -z --stdin [29ms]
2024-02-22 15:58:32.779 [info] > git show --textconv :modules/tarea03abm/views/vistaPaciente.xml [42ms]
2024-02-22 15:58:32.780 [info] > git ls-files --stage -- /var/lib/odoo/modules/tarea03abm/views/vistaPaciente.xml [23ms]
2024-02-22 15:58:32.810 [info] > git cat-file -s 7a7cdf847d1fdba3bee6e2f052513b0710d5106d [8ms]
2024-02-22 15:58:37.199 [info] > git show --textconv :modules/tarea04abm/models/modulos.py [28ms]
2024-02-22 15:58:37.203 [info] > git ls-files --stage -- /var/lib/odoo/modules/tarea04abm/models/modulos.py [13ms]
2024-02-22 15:58:39.621 [info] > git show --textconv :modules/tarea04abm/views/vistaModulos.xml [22ms]
2024-02-22 15:58:39.625 [info] > git ls-files --stage -- /var/lib/odoo/modules/tarea04abm/views/vistaModulos.xml [6ms]
2024-02-22 15:58:41.071 [info] > git show --textconv :modules/tarea03abm/views/vistaPaciente.xml [26ms]
2024-02-22 15:58:41.072 [info] > git ls-files --stage -- /var/lib/odoo/modules/tarea03abm/views/vistaPaciente.xml [7ms]
2024-02-22 15:58:41.093 [info] > git cat-file -s 7a7cdf847d1fdba3bee6e2f052513b0710d5106d [3ms]
2024-02-22 15:58:42.655 [info] > git show --textconv :modules/tarea04abm/views/vistaModulos.xml [27ms]
2024-02-22 15:58:42.658 [info] > git ls-files --stage -- /var/lib/odoo/modules/tarea04abm/views/vistaModulos.xml [4ms]
2024-02-22 15:58:46.970 [info] > git show --textconv :modules/tarea03abm/views/vistaPaciente.xml [23ms]
2024-02-22 15:58:46.975 [info] > git ls-files --stage -- /var/lib/odoo/modules/tarea03abm/views/vistaPaciente.xml [6ms]
2024-02-22 15:58:46.997 [info] > git cat-file -s 7a7cdf847d1fdba3bee6e2f052513b0710d5106d [4ms]
2024-02-22 15:58:53.251 [info] > git show --textconv :modules/tarea04abm/views/vistaModulos.xml [20ms]
2024-02-22 15:58:53.259 [info] > git ls-files --stage -- /var/lib/odoo/modules/tarea04abm/views/vistaModulos.xml [9ms]
2024-02-22 15:58:55.792 [info] > git show --textconv :modules/tarea03abm/views/vistaPaciente.xml [19ms]
2024-02-22 15:58:55.798 [info] > git ls-files --stage -- /var/lib/odoo/modules/tarea03abm/views/vistaPaciente.xml [7ms]
2024-02-22 15:58:55.818 [info] > git cat-file -s 7a7cdf847d1fdba3bee6e2f052513b0710d5106d [2ms]
2024-02-22 15:58:57.429 [info] > git config --get commit.template [20ms]
2024-02-22 15:58:57.430 [info] > git for-each-ref --format=%(refname)%00%(upstream:short)%00%(objectname)%00%(upstream:track)%00%(upstream:remotename)%00%(upstream:remoteref) refs/heads/main refs/remotes/main [2ms]
2024-02-22 15:58:57.588 [info] > git status -z -uall [133ms]
2024-02-22 15:58:57.692 [info] > git show --textconv :modules/tarea04abm/views/vistaModulos.xml [20ms]
2024-02-22 15:58:57.973 [info] > git ls-files --stage -- /var/lib/odoo/modules/tarea04abm/views/vistaModulos.xml [282ms]
2024-02-22 15:59:14.953 [info] > git show --textconv :modules/tarea04abm/models/modulos.py [19ms]
2024-02-22 15:59:14.958 [info] > git ls-files --stage -- /var/lib/odoo/modules/tarea04abm/models/modulos.py [6ms]
2024-02-22 15:59:15.686 [info] > git show --textconv :modules/tarea04abm/views/vistaModulos.xml [18ms]
2024-02-22 15:59:15.691 [info] > git ls-files --stage -- /var/lib/odoo/modules/tarea04abm/views/vistaModulos.xml [6ms]
2024-02-22 15:59:19.727 [info] > git show --textconv :modules/tarea04abm/models/modulos.py [18ms]
2024-02-22 15:59:19.731 [info] > git ls-files --stage -- /var/lib/odoo/modules/tarea04abm/models/modulos.py [6ms]
2024-02-22 15:59:25.461 [info] > git config --get commit.template [30ms]
2024-02-22 15:59:25.462 [info] > git for-each-ref --format=%(refname)%00%(upstream:short)%00%(objectname)%00%(upstream:track)%00%(upstream:remotename)%00%(upstream:remoteref) refs/heads/main refs/remotes/main [3ms]
2024-02-22 15:59:25.625 [info] > git status -z -uall [138ms]
2024-02-22 16:01:52.317 [info] > git fetch [573ms]
2024-02-22 16:01:52.357 [info] > git config --get commit.template [19ms]
2024-02-22 16:01:52.359 [info] > git for-each-ref --format=%(refname)%00%(upstream:short)%00%(objectname)%00%(upstream:track)%00%(upstream:remotename)%00%(upstream:remoteref) refs/heads/main refs/remotes/main [3ms]
2024-02-22 16:01:52.505 [info] > git status -z -uall [128ms]
2024-02-22 16:01:52.897 [info] > git config --get commit.template [264ms]
2024-02-22 16:01:52.958 [info] > git for-each-ref --format=%(refname)%00%(upstream:short)%00%(objectname)%00%(upstream:track)%00%(upstream:remotename)%00%(upstream:remoteref) refs/heads/main refs/remotes/main [20ms]
2024-02-22 16:01:53.128 [info] > git status -z -uall [141ms]
2024-02-22 16:01:53.561 [info] > git ls-files --stage -- /var/lib/odoo/modules/tarea04abm/models/modulos.py [7ms]
2024-02-22 16:01:53.591 [info] > git show --textconv :modules/tarea04abm/models/modulos.py [6ms]
2024-02-22 16:02:00.407 [info] > git show --textconv :modules/tarea04abm/views/vistaModulos.xml [20ms]
2024-02-22 16:02:00.414 [info] > git ls-files --stage -- /var/lib/odoo/modules/tarea04abm/views/vistaModulos.xml [8ms]
2024-02-22 16:04:53.163 [info] > git fetch [526ms]
2024-02-22 16:04:53.198 [info] > git config --get commit.template [17ms]
2024-02-22 16:04:53.200 [info] > git for-each-ref --format=%(refname)%00%(upstream:short)%00%(objectname)%00%(upstream:track)%00%(upstream:remotename)%00%(upstream:remoteref) refs/heads/main refs/remotes/main [2ms]
2024-02-22 16:04:53.329 [info] > git status -z -uall [111ms]
2024-02-22 16:04:53.754 [info] > git config --get commit.template [273ms]
2024-02-22 16:04:53.797 [info] > git for-each-ref --format=%(refname)%00%(upstream:short)%00%(objectname)%00%(upstream:track)%00%(upstream:remotename)%00%(upstream:remoteref) refs/heads/main refs/remotes/main [9ms]
2024-02-22 16:04:54.008 [info] > git status -z -uall [186ms]
2024-02-22 16:04:54.423 [info] > git ls-files --stage -- /var/lib/odoo/modules/tarea04abm/views/vistaModulos.xml [7ms]
2024-02-22 16:04:54.457 [info] > git show --textconv :modules/tarea04abm/views/vistaModulos.xml [5ms]
2024-02-22 16:04:58.502 [info] > git show --textconv :modules/tarea03abm/views/vistaPaciente.xml [30ms]
2024-02-22 16:04:58.510 [info] > git ls-files --stage -- /var/lib/odoo/modules/tarea03abm/views/vistaPaciente.xml [9ms]
2024-02-22 16:04:58.533 [info] > git cat-file -s 7a7cdf847d1fdba3bee6e2f052513b0710d5106d [3ms]
2024-02-22 16:06:31.995 [info] > git config --get commit.template [18ms]
2024-02-22 16:06:31.998 [info] > git for-each-ref --format=%(refname)%00%(upstream:short)%00%(objectname)%00%(upstream:track)%00%(upstream:remotename)%00%(upstream:remoteref) refs/heads/main refs/remotes/main [5ms]
2024-02-22 16:06:32.084 [info] > git show --textconv :modules/tarea04abm/views/vistaModulos.xml [24ms]
2024-02-22 16:06:32.093 [info] > git ls-files --stage -- /var/lib/odoo/modules/tarea04abm/views/vistaModulos.xml [11ms]
2024-02-22 16:06:32.143 [info] > git status -z -uall [126ms]
2024-02-22 16:08:24.797 [info] > git fetch [590ms]
2024-02-22 16:08:24.840 [info] > git config --get commit.template [20ms]
2024-02-22 16:08:24.841 [info] > git for-each-ref --format=%(refname)%00%(upstream:short)%00%(objectname)%00%(upstream:track)%00%(upstream:remotename)%00%(upstream:remoteref) refs/heads/main refs/remotes/main [3ms]
2024-02-22 16:08:25.010 [info] > git status -z -uall [144ms]
2024-02-22 16:08:25.127 [info] > git config --get commit.template [20ms]
2024-02-22 16:08:25.394 [info] > git for-each-ref --format=%(refname)%00%(upstream:short)%00%(objectname)%00%(upstream:track)%00%(upstream:remotename)%00%(upstream:remoteref) refs/heads/main refs/remotes/main [267ms]
2024-02-22 16:08:25.596 [info] > git status -z -uall [134ms]
2024-02-22 16:08:26.018 [info] > git show --textconv :modules/tarea03abm/views/vistaPaciente.xml [23ms]
2024-02-22 16:08:26.022 [info] > git ls-files --stage -- /var/lib/odoo/modules/tarea03abm/views/vistaPaciente.xml [5ms]
2024-02-22 16:08:26.046 [info] > git cat-file -s 7a7cdf847d1fdba3bee6e2f052513b0710d5106d [3ms]
2024-02-22 16:08:26.093 [info] > git ls-files --stage -- /var/lib/odoo/modules/tarea03abm/views/vistaPaciente.xml [7ms]
2024-02-22 16:08:26.115 [info] > git cat-file -s 7a7cdf847d1fdba3bee6e2f052513b0710d5106d [3ms]
2024-02-22 16:09:05.168 [info] > git show --textconv :modules/tarea04abm/views/vistaModulos.xml [23ms]
2024-02-22 16:09:05.175 [info] > git ls-files --stage -- /var/lib/odoo/modules/tarea04abm/views/vistaModulos.xml [8ms]
2024-02-22 16:09:07.980 [info] > git show --textconv :modules/tarea04abm/models/modulos.py [19ms]
2024-02-22 16:09:07.984 [info] > git ls-files --stage -- /var/lib/odoo/modules/tarea04abm/models/modulos.py [6ms]
2024-02-22 16:09:09.027 [info] > git show --textconv :modules/tarea04abm/views/vistaModulos.xml [18ms]
2024-02-22 16:09:09.033 [info] > git ls-files --stage -- /var/lib/odoo/modules/tarea04abm/views/vistaModulos.xml [7ms]
2024-02-22 16:09:11.300 [info] > git show --textconv :modules/tarea04abm/models/modulos.py [20ms]
2024-02-22 16:09:11.302 [info] > git ls-files --stage -- /var/lib/odoo/modules/tarea04abm/models/modulos.py [5ms]
2024-02-22 16:09:15.100 [info] > git config --get commit.template [19ms]
2024-02-22 16:09:15.102 [info] > git for-each-ref --format=%(refname)%00%(upstream:short)%00%(objectname)%00%(upstream:track)%00%(upstream:remotename)%00%(upstream:remoteref) refs/heads/main refs/remotes/main [3ms]
2024-02-22 16:09:15.245 [info] > git status -z -uall [121ms]
2024-02-22 16:09:15.712 [info] > git show --textconv :modules/tarea03abm/views/vistaPaciente.xml [45ms]
2024-02-22 16:09:15.740 [info] > git ls-files --stage -- /var/lib/odoo/modules/tarea03abm/views/vistaPaciente.xml [41ms]
2024-02-22 16:09:15.797 [info] > git cat-file -s 7a7cdf847d1fdba3bee6e2f052513b0710d5106d [37ms]
2024-02-22 16:09:16.630 [info] > git show --textconv :modules/tarea03abm/models/paciente.py [22ms]
2024-02-22 16:09:16.640 [info] > git ls-files --stage -- /var/lib/odoo/modules/tarea03abm/models/paciente.py [11ms]
2024-02-22 16:09:16.660 [info] > git cat-file -s 365f7c1cb8c7c0015e8f066c015d75f263617b1d [2ms]
2024-02-22 16:09:22.553 [info] > git show --textconv :modules/tarea04abm/models/modulos.py [20ms]
2024-02-22 16:09:22.559 [info] > git ls-files --stage -- /var/lib/odoo/modules/tarea04abm/models/modulos.py [7ms]
2024-02-22 16:09:48.165 [info] > git config --get commit.template [1ms]
2024-02-22 16:09:48.189 [info] > git for-each-ref --format=%(refname)%00%(upstream:short)%00%(objectname)%00%(upstream:track)%00%(upstream:remotename)%00%(upstream:remoteref) refs/heads/main refs/remotes/main [3ms]
2024-02-22 16:09:48.351 [info] > git status -z -uall [143ms]
2024-02-22 16:10:14.592 [info] > git show --textconv :modules/tarea04abm/views/vistaModulos.xml [19ms]
2024-02-22 16:10:14.597 [info] > git ls-files --stage -- /var/lib/odoo/modules/tarea04abm/views/vistaModulos.xml [6ms]
2024-02-22 16:10:19.802 [info] > git show --textconv :modules/tarea04abm/models/modulos.py [20ms]
2024-02-22 16:10:19.806 [info] > git ls-files --stage -- /var/lib/odoo/modules/tarea04abm/models/modulos.py [5ms]
2024-02-22 16:10:22.498 [info] > git show --textconv :modules/tarea03abm/views/vistaPaciente.xml [25ms]
2024-02-22 16:10:22.502 [info] > git ls-files --stage -- /var/lib/odoo/modules/tarea03abm/views/vistaPaciente.xml [6ms]
2024-02-22 16:10:22.524 [info] > git cat-file -s 7a7cdf847d1fdba3bee6e2f052513b0710d5106d [2ms]
2024-02-22 16:10:27.457 [info] > git show --textconv :modules/tarea04abm/views/vistaModulos.xml [18ms]
2024-02-22 16:10:27.464 [info] > git ls-files --stage -- /var/lib/odoo/modules/tarea04abm/views/vistaModulos.xml [8ms]
2024-02-22 16:10:30.920 [info] > git show --textconv :modules/tarea03abm/views/vistaPaciente.xml [22ms]
2024-02-22 16:10:30.927 [info] > git ls-files --stage -- /var/lib/odoo/modules/tarea03abm/views/vistaPaciente.xml [8ms]
2024-02-22 16:10:30.948 [info] > git cat-file -s 7a7cdf847d1fdba3bee6e2f052513b0710d5106d [2ms]
2024-02-22 16:10:33.461 [info] > git show --textconv :modules/tarea04abm/views/vistaModulos.xml [18ms]
2024-02-22 16:10:33.466 [info] > git ls-files --stage -- /var/lib/odoo/modules/tarea04abm/views/vistaModulos.xml [6ms]
2024-02-22 16:10:35.540 [info] > git show --textconv :modules/tarea03abm/views/vistaPaciente.xml [19ms]
2024-02-22 16:10:35.545 [info] > git ls-files --stage -- /var/lib/odoo/modules/tarea03abm/views/vistaPaciente.xml [6ms]
2024-02-22 16:10:35.564 [info] > git cat-file -s 7a7cdf847d1fdba3bee6e2f052513b0710d5106d [2ms]
2024-02-22 16:10:38.574 [info] > git show --textconv :modules/tarea04abm/views/vistaModulos.xml [17ms]
2024-02-22 16:10:38.579 [info] > git ls-files --stage -- /var/lib/odoo/modules/tarea04abm/views/vistaModulos.xml [6ms]
2024-02-22 16:11:29.555 [info] > git fetch [514ms]
2024-02-22 16:11:29.598 [info] > git for-each-ref --format=%(refname)%00%(upstream:short)%00%(objectname)%00%(upstream:track)%00%(upstream:remotename)%00%(upstream:remoteref) refs/heads/main refs/remotes/main [1ms]
2024-02-22 16:11:29.599 [info] > git config --get commit.template [24ms]
2024-02-22 16:11:29.745 [info] > git status -z -uall [129ms]
2024-02-22 16:11:29.849 [info] > git config --get commit.template [6ms]
2024-02-22 16:11:30.150 [info] > git for-each-ref --format=%(refname)%00%(upstream:short)%00%(objectname)%00%(upstream:track)%00%(upstream:remotename)%00%(upstream:remoteref) refs/heads/main refs/remotes/main [275ms]
2024-02-22 16:11:30.372 [info] > git show --textconv :modules/tarea04abm/models/modulos.py [27ms]
2024-02-22 16:11:30.381 [info] > git ls-files --stage -- /var/lib/odoo/modules/tarea04abm/models/modulos.py [10ms]
2024-02-22 16:11:30.405 [info] > git status -z -uall [188ms]
2024-02-22 16:11:30.821 [info] > git ls-files --stage -- /var/lib/odoo/modules/tarea04abm/models/modulos.py [7ms]
2024-02-22 16:11:30.854 [info] > git show --textconv :modules/tarea04abm/models/modulos.py [8ms]
2024-02-22 16:11:40.267 [info] > git show --textconv :modules/tarea04abm/views/vistaModulos.xml [26ms]
2024-02-22 16:11:40.268 [info] > git ls-files --stage -- /var/lib/odoo/modules/tarea04abm/views/vistaModulos.xml [1ms]
2024-02-22 16:12:06.023 [info] > git show --textconv :modules/tarea04abm/models/modulos.py [22ms]
2024-02-22 16:12:06.027 [info] > git ls-files --stage -- /var/lib/odoo/modules/tarea04abm/models/modulos.py [5ms]
2024-02-22 16:13:08.211 [info] > git check-ignore -v -z --stdin [8ms]
