2024-02-23 15:02:35.474 [info] Log level: Info
2024-02-23 15:02:35.474 [info] Validating found git in: "git"
2024-02-23 15:02:35.474 [info] Using git "2.34.1" from "git"
2024-02-23 15:02:35.474 [info] > git rev-parse --show-toplevel [15ms]
2024-02-23 15:02:35.474 [info] > git rev-parse --git-dir --git-common-dir [2ms]
2024-02-23 15:02:35.474 [info] Open repository: /var/lib/odoo
2024-02-23 15:02:35.474 [info] > git rev-parse --show-toplevel [9ms]
2024-02-23 15:02:35.474 [info] > git config --get commit.template [24ms]
2024-02-23 15:02:35.474 [info] > git rev-parse --show-toplevel [18ms]
2024-02-23 15:02:35.474 [info] > git for-each-ref --format=%(refname)%00%(upstream:short)%00%(objectname)%00%(upstream:track)%00%(upstream:remotename)%00%(upstream:remoteref) refs/heads/main refs/remotes/main [33ms]
2024-02-23 15:02:35.474 [info] > git rev-parse --show-toplevel [23ms]
2024-02-23 15:02:35.474 [info] > git rev-parse --show-toplevel [3ms]
2024-02-23 15:02:35.474 [info] > git rev-parse --show-toplevel [11ms]
2024-02-23 15:02:35.699 [info] > git status -z -uall [328ms]
2024-02-23 15:02:35.823 [info] > git rev-parse --show-toplevel [351ms]
2024-02-23 15:02:35.843 [info] > git fetch [603ms]
2024-02-23 15:02:35.865 [info] > git config --get commit.template [24ms]
2024-02-23 15:02:35.868 [info] > git config --get commit.template [4ms]
2024-02-23 15:02:35.922 [info] > git for-each-ref --format=%(refname)%00%(upstream:short)%00%(objectname)%00%(upstream:track)%00%(upstream:remotename)%00%(upstream:remoteref) refs/heads/main refs/remotes/main [39ms]
2024-02-23 15:02:35.943 [info] > git for-each-ref --format=%(refname)%00%(upstream:short)%00%(objectname)%00%(upstream:track)%00%(upstream:remotename)%00%(upstream:remoteref) refs/heads/main refs/remotes/main [25ms]
2024-02-23 15:02:36.200 [info] > git status -z -uall [204ms]
2024-02-23 15:02:36.694 [info] > git show --textconv :modules/tarea04abm/__manifest__.py [28ms]
2024-02-23 15:02:36.732 [info] > git ls-files --stage -- /var/lib/odoo/modules/tarea04abm/__manifest__.py [47ms]
2024-02-23 15:02:36.804 [info] > git check-ignore -v -z --stdin [76ms]
2024-02-23 15:02:36.809 [info] > git cat-file -s b3b54bfc50d1989345d3863a37eb31ada4b28350 [26ms]
2024-02-23 15:02:37.482 [info] > git ls-files --stage -- /var/lib/odoo/modules/tarea04abm/__manifest__.py [41ms]
2024-02-23 15:02:37.512 [info] > git cat-file -s b3b54bfc50d1989345d3863a37eb31ada4b28350 [2ms]
2024-02-23 15:02:37.562 [info] > git show --textconv :modules/tarea04abm/__manifest__.py [19ms]
2024-02-23 15:04:23.687 [info] > git check-ignore -v -z --stdin [9ms]
2024-02-23 15:04:40.544 [info] > git ls-files --stage -- /var/lib/odoo/modules/tarea04abm/__manifest__.py [5ms]
2024-02-23 15:04:40.559 [info] > git cat-file -s b3b54bfc50d1989345d3863a37eb31ada4b28350 [2ms]
2024-02-23 15:04:40.584 [info] > git show --textconv :modules/tarea04abm/__manifest__.py [6ms]
2024-02-23 15:04:47.936 [info] > git check-ignore -v -z --stdin [10ms]
2024-02-23 15:04:50.700 [info] > git check-ignore -v -z --stdin [8ms]
2024-02-23 15:04:52.509 [info] > git check-ignore -v -z --stdin [7ms]
2024-02-23 15:04:54.259 [info] > git show --textconv :modules/comicsavanzada/security/groups.xml [23ms]
2024-02-23 15:04:54.265 [info] > git ls-files --stage -- /var/lib/odoo/modules/comicsavanzada/security/groups.xml [15ms]
2024-02-23 15:04:54.284 [info] > git cat-file -s 12c20277299ea3b3d0e8468c459ba4af1103d89c [3ms]
2024-02-23 15:05:36.757 [info] > git fetch [528ms]
2024-02-23 15:05:36.793 [info] > git config --get commit.template [19ms]
2024-02-23 15:05:36.795 [info] > git for-each-ref --format=%(refname)%00%(upstream:short)%00%(objectname)%00%(upstream:track)%00%(upstream:remotename)%00%(upstream:remoteref) refs/heads/main refs/remotes/main [4ms]
2024-02-23 15:05:36.904 [info] > git status -z -uall [94ms]
2024-02-23 15:05:36.969 [info] > git config --get commit.template [19ms]
2024-02-23 15:05:36.970 [info] > git for-each-ref --format=%(refname)%00%(upstream:short)%00%(objectname)%00%(upstream:track)%00%(upstream:remotename)%00%(upstream:remoteref) refs/heads/main refs/remotes/main [2ms]
2024-02-23 15:05:37.092 [info] > git status -z -uall [102ms]
2024-02-23 15:05:38.016 [info] > git ls-files --stage -- /var/lib/odoo/modules/comicsavanzada/security/groups.xml [5ms]
2024-02-23 15:05:38.035 [info] > git cat-file -s 12c20277299ea3b3d0e8468c459ba4af1103d89c [2ms]
2024-02-23 15:05:38.064 [info] > git show --textconv :modules/comicsavanzada/security/groups.xml [7ms]
2024-02-23 15:06:35.126 [info] > git check-ignore -v -z --stdin [6ms]
2024-02-23 15:06:47.227 [info] > git show --textconv :modules/tarea04abm/security/groups.xml [16ms]
2024-02-23 15:06:47.232 [info] > git ls-files --stage -- /var/lib/odoo/modules/tarea04abm/security/groups.xml [6ms]
2024-02-23 15:06:47.453 [info] > git check-ignore -v -z --stdin [6ms]
2024-02-23 15:07:01.989 [info] > git show --textconv :modules/comicsavanzada/security/groups.xml [17ms]
2024-02-23 15:07:01.994 [info] > git ls-files --stage -- /var/lib/odoo/modules/comicsavanzada/security/groups.xml [7ms]
2024-02-23 15:07:02.012 [info] > git cat-file -s 12c20277299ea3b3d0e8468c459ba4af1103d89c [2ms]
2024-02-23 15:07:41.295 [info] > git ls-files --stage -- /var/lib/odoo/modules/comicsavanzada/security/groups.xml [6ms]
2024-02-23 15:07:41.314 [info] > git cat-file -s 12c20277299ea3b3d0e8468c459ba4af1103d89c [2ms]
2024-02-23 15:07:41.344 [info] > git show --textconv :modules/comicsavanzada/security/groups.xml [6ms]
2024-02-23 15:08:37.443 [info] > git fetch [510ms]
2024-02-23 15:08:37.476 [info] > git config --get commit.template [16ms]
2024-02-23 15:08:37.478 [info] > git for-each-ref --format=%(refname)%00%(upstream:short)%00%(objectname)%00%(upstream:track)%00%(upstream:remotename)%00%(upstream:remoteref) refs/heads/main refs/remotes/main [3ms]
2024-02-23 15:08:37.586 [info] > git status -z -uall [90ms]
2024-02-23 15:08:38.780 [info] > git ls-files --stage -- /var/lib/odoo/modules/comicsavanzada/security/groups.xml [7ms]
2024-02-23 15:08:38.799 [info] > git cat-file -s 12c20277299ea3b3d0e8468c459ba4af1103d89c [3ms]
2024-02-23 15:08:38.834 [info] > git show --textconv :modules/comicsavanzada/security/groups.xml [8ms]
2024-02-23 15:10:41.911 [info] > git ls-files --stage -- /var/lib/odoo/modules/comicsavanzada/security/groups.xml [7ms]
2024-02-23 15:10:41.930 [info] > git cat-file -s 12c20277299ea3b3d0e8468c459ba4af1103d89c [2ms]
2024-02-23 15:10:41.960 [info] > git show --textconv :modules/comicsavanzada/security/groups.xml [6ms]
2024-02-23 15:10:42.125 [info] > git config --get commit.template [19ms]
2024-02-23 15:10:42.127 [info] > git for-each-ref --format=%(refname)%00%(upstream:short)%00%(objectname)%00%(upstream:track)%00%(upstream:remotename)%00%(upstream:remoteref) refs/heads/main refs/remotes/main [3ms]
2024-02-23 15:10:42.236 [info] > git status -z -uall [92ms]
2024-02-23 15:11:38.145 [info] > git fetch [539ms]
2024-02-23 15:11:38.184 [info] > git config --get commit.template [20ms]
2024-02-23 15:11:38.187 [info] > git for-each-ref --format=%(refname)%00%(upstream:short)%00%(objectname)%00%(upstream:track)%00%(upstream:remotename)%00%(upstream:remoteref) refs/heads/main refs/remotes/main [5ms]
2024-02-23 15:11:38.310 [info] > git status -z -uall [105ms]
2024-02-23 15:11:38.354 [info] > git config --get commit.template [21ms]
2024-02-23 15:11:38.355 [info] > git for-each-ref --format=%(refname)%00%(upstream:short)%00%(objectname)%00%(upstream:track)%00%(upstream:remotename)%00%(upstream:remoteref) refs/heads/main refs/remotes/main [3ms]
2024-02-23 15:11:38.488 [info] > git status -z -uall [107ms]
2024-02-23 15:11:39.482 [info] > git ls-files --stage -- /var/lib/odoo/modules/comicsavanzada/security/groups.xml [6ms]
2024-02-23 15:11:39.503 [info] > git cat-file -s 12c20277299ea3b3d0e8468c459ba4af1103d89c [2ms]
2024-02-23 15:11:39.549 [info] > git show --textconv :modules/comicsavanzada/security/groups.xml [1ms]
2024-02-23 15:11:43.527 [info] > git config --get commit.template [18ms]
2024-02-23 15:11:43.529 [info] > git for-each-ref --format=%(refname)%00%(upstream:short)%00%(objectname)%00%(upstream:track)%00%(upstream:remotename)%00%(upstream:remoteref) refs/heads/main refs/remotes/main [3ms]
2024-02-23 15:11:43.665 [info] > git status -z -uall [117ms]
2024-02-23 15:12:17.550 [info] > git config --get commit.template [18ms]
2024-02-23 15:12:17.551 [info] > git for-each-ref --format=%(refname)%00%(upstream:short)%00%(objectname)%00%(upstream:track)%00%(upstream:remotename)%00%(upstream:remoteref) refs/heads/main refs/remotes/main [2ms]
2024-02-23 15:12:17.666 [info] > git status -z -uall [99ms]
2024-02-23 15:13:42.638 [info] > git ls-files --stage -- /var/lib/odoo/modules/comicsavanzada/security/groups.xml [6ms]
2024-02-23 15:13:42.656 [info] > git cat-file -s 12c20277299ea3b3d0e8468c459ba4af1103d89c [2ms]
2024-02-23 15:13:42.685 [info] > git show --textconv :modules/comicsavanzada/security/groups.xml [6ms]
2024-02-23 15:13:50.367 [info] > git show --textconv :modules/tarea04abm/security/groups.xml [19ms]
2024-02-23 15:13:50.372 [info] > git ls-files --stage -- /var/lib/odoo/modules/tarea04abm/security/groups.xml [6ms]
2024-02-23 15:14:38.822 [info] > git fetch [485ms]
2024-02-23 15:14:38.858 [info] > git config --get commit.template [17ms]
2024-02-23 15:14:38.859 [info] > git for-each-ref --format=%(refname)%00%(upstream:short)%00%(objectname)%00%(upstream:track)%00%(upstream:remotename)%00%(upstream:remoteref) refs/heads/main refs/remotes/main [2ms]
2024-02-23 15:14:38.973 [info] > git status -z -uall [95ms]
2024-02-23 15:14:40.131 [info] > git ls-files --stage -- /var/lib/odoo/modules/tarea04abm/security/groups.xml [5ms]
2024-02-23 15:14:40.160 [info] > git show --textconv :modules/tarea04abm/security/groups.xml [6ms]
2024-02-23 15:15:13.289 [info] > git show --textconv :modules/tarea04abm/security/ir.model.access.csv [26ms]
2024-02-23 15:15:13.296 [info] > git ls-files --stage -- /var/lib/odoo/modules/tarea04abm/security/ir.model.access.csv [8ms]
2024-02-23 15:15:13.320 [info] > git cat-file -s 2115cdf8c74ecbdf84a7769110ca6a9049b9485c [2ms]
2024-02-23 15:15:35.269 [info] > git show --textconv :modules/tarea04abm/security/groups.xml [16ms]
2024-02-23 15:15:35.273 [info] > git ls-files --stage -- /var/lib/odoo/modules/tarea04abm/security/groups.xml [6ms]
2024-02-23 15:15:45.921 [info] > git show --textconv :modules/tarea04abm/security/ir.model.access.csv [17ms]
2024-02-23 15:15:45.926 [info] > git ls-files --stage -- /var/lib/odoo/modules/tarea04abm/security/ir.model.access.csv [6ms]
2024-02-23 15:15:45.943 [info] > git cat-file -s 2115cdf8c74ecbdf84a7769110ca6a9049b9485c [1ms]
2024-02-23 15:15:46.799 [info] > git show --textconv :modules/tarea04abm/security/groups.xml [18ms]
2024-02-23 15:15:46.803 [info] > git ls-files --stage -- /var/lib/odoo/modules/tarea04abm/security/groups.xml [6ms]
2024-02-23 15:15:53.100 [info] > git show --textconv :modules/tarea04abm/security/ir.model.access.csv [16ms]
2024-02-23 15:15:53.106 [info] > git ls-files --stage -- /var/lib/odoo/modules/tarea04abm/security/ir.model.access.csv [7ms]
2024-02-23 15:15:53.123 [info] > git cat-file -s 2115cdf8c74ecbdf84a7769110ca6a9049b9485c [2ms]
2024-02-23 15:16:04.518 [info] > git config --get commit.template [22ms]
2024-02-23 15:16:04.519 [info] > git for-each-ref --format=%(refname)%00%(upstream:short)%00%(objectname)%00%(upstream:track)%00%(upstream:remotename)%00%(upstream:remoteref) refs/heads/main refs/remotes/main [3ms]
2024-02-23 15:16:04.634 [info] > git status -z -uall [101ms]
2024-02-23 15:16:06.700 [info] > git show --textconv :modules/tarea04abm/security/groups.xml [16ms]
2024-02-23 15:16:06.705 [info] > git ls-files --stage -- /var/lib/odoo/modules/tarea04abm/security/groups.xml [6ms]
2024-02-23 15:16:16.156 [info] > git show --textconv :modules/tarea04abm/security/ir.model.access.csv [16ms]
2024-02-23 15:16:16.162 [info] > git ls-files --stage -- /var/lib/odoo/modules/tarea04abm/security/ir.model.access.csv [6ms]
2024-02-23 15:16:16.178 [info] > git cat-file -s 2115cdf8c74ecbdf84a7769110ca6a9049b9485c [2ms]
2024-02-23 15:16:43.347 [info] > git ls-files --stage -- /var/lib/odoo/modules/tarea04abm/security/ir.model.access.csv [7ms]
2024-02-23 15:16:43.361 [info] > git cat-file -s 2115cdf8c74ecbdf84a7769110ca6a9049b9485c [2ms]
2024-02-23 15:16:43.388 [info] > git show --textconv :modules/tarea04abm/security/ir.model.access.csv [7ms]
2024-02-23 15:17:39.504 [info] > git fetch [510ms]
2024-02-23 15:17:39.536 [info] > git config --get commit.template [17ms]
2024-02-23 15:17:39.537 [info] > git for-each-ref --format=%(refname)%00%(upstream:short)%00%(objectname)%00%(upstream:track)%00%(upstream:remotename)%00%(upstream:remoteref) refs/heads/main refs/remotes/main [2ms]
2024-02-23 15:17:39.648 [info] > git status -z -uall [97ms]
2024-02-23 15:17:39.687 [info] > git for-each-ref --format=%(refname)%00%(upstream:short)%00%(objectname)%00%(upstream:track)%00%(upstream:remotename)%00%(upstream:remoteref) refs/heads/main refs/remotes/main [4ms]
2024-02-23 15:17:39.687 [info] > git config --get commit.template [20ms]
2024-02-23 15:17:39.805 [info] > git status -z -uall [104ms]
2024-02-23 15:17:40.823 [info] > git ls-files --stage -- /var/lib/odoo/modules/tarea04abm/security/ir.model.access.csv [7ms]
2024-02-23 15:17:40.841 [info] > git cat-file -s 2115cdf8c74ecbdf84a7769110ca6a9049b9485c [2ms]
2024-02-23 15:17:40.885 [info] > git show --textconv :modules/tarea04abm/security/ir.model.access.csv [7ms]
2024-02-23 15:17:57.547 [info] > git config --get commit.template [18ms]
2024-02-23 15:17:57.548 [info] > git for-each-ref --format=%(refname)%00%(upstream:short)%00%(objectname)%00%(upstream:track)%00%(upstream:remotename)%00%(upstream:remoteref) refs/heads/main refs/remotes/main [3ms]
2024-02-23 15:17:57.657 [info] > git status -z -uall [93ms]
2024-02-23 15:18:02.685 [info] > git config --get commit.template [3ms]
2024-02-23 15:18:02.701 [info] > git for-each-ref --format=%(refname)%00%(upstream:short)%00%(objectname)%00%(upstream:track)%00%(upstream:remotename)%00%(upstream:remoteref) refs/heads/main refs/remotes/main [3ms]
2024-02-23 15:18:02.809 [info] > git status -z -uall [91ms]
2024-02-23 15:18:07.854 [info] > git config --get commit.template [17ms]
2024-02-23 15:18:07.856 [info] > git for-each-ref --format=%(refname)%00%(upstream:short)%00%(objectname)%00%(upstream:track)%00%(upstream:remotename)%00%(upstream:remoteref) refs/heads/main refs/remotes/main [3ms]
2024-02-23 15:18:07.963 [info] > git status -z -uall [93ms]
2024-02-23 15:18:12.992 [info] > git config --get commit.template [2ms]
2024-02-23 15:18:13.008 [info] > git for-each-ref --format=%(refname)%00%(upstream:short)%00%(objectname)%00%(upstream:track)%00%(upstream:remotename)%00%(upstream:remoteref) refs/heads/main refs/remotes/main [3ms]
2024-02-23 15:18:13.117 [info] > git status -z -uall [95ms]
2024-02-23 15:18:18.156 [info] > git config --get commit.template [18ms]
2024-02-23 15:18:18.157 [info] > git for-each-ref --format=%(refname)%00%(upstream:short)%00%(objectname)%00%(upstream:track)%00%(upstream:remotename)%00%(upstream:remoteref) refs/heads/main refs/remotes/main [2ms]
2024-02-23 15:18:18.269 [info] > git status -z -uall [96ms]
2024-02-23 15:18:23.310 [info] > git config --get commit.template [15ms]
2024-02-23 15:18:23.312 [info] > git for-each-ref --format=%(refname)%00%(upstream:short)%00%(objectname)%00%(upstream:track)%00%(upstream:remotename)%00%(upstream:remoteref) refs/heads/main refs/remotes/main [2ms]
2024-02-23 15:18:23.422 [info] > git status -z -uall [95ms]
2024-02-23 15:18:28.463 [info] > git config --get commit.template [16ms]
2024-02-23 15:18:28.464 [info] > git for-each-ref --format=%(refname)%00%(upstream:short)%00%(objectname)%00%(upstream:track)%00%(upstream:remotename)%00%(upstream:remoteref) refs/heads/main refs/remotes/main [3ms]
2024-02-23 15:18:28.575 [info] > git status -z -uall [96ms]
2024-02-23 15:18:33.617 [info] > git config --get commit.template [16ms]
2024-02-23 15:18:33.619 [info] > git for-each-ref --format=%(refname)%00%(upstream:short)%00%(objectname)%00%(upstream:track)%00%(upstream:remotename)%00%(upstream:remoteref) refs/heads/main refs/remotes/main [3ms]
2024-02-23 15:18:33.725 [info] > git status -z -uall [92ms]
2024-02-23 15:18:38.769 [info] > git config --get commit.template [19ms]
2024-02-23 15:18:38.772 [info] > git for-each-ref --format=%(refname)%00%(upstream:short)%00%(objectname)%00%(upstream:track)%00%(upstream:remotename)%00%(upstream:remoteref) refs/heads/main refs/remotes/main [2ms]
2024-02-23 15:18:38.880 [info] > git status -z -uall [92ms]
2024-02-23 15:18:43.915 [info] > git config --get commit.template [15ms]
2024-02-23 15:18:43.917 [info] > git for-each-ref --format=%(refname)%00%(upstream:short)%00%(objectname)%00%(upstream:track)%00%(upstream:remotename)%00%(upstream:remoteref) refs/heads/main refs/remotes/main [3ms]
2024-02-23 15:18:44.030 [info] > git status -z -uall [99ms]
2024-02-23 15:19:11.637 [info] > git config --get commit.template [16ms]
2024-02-23 15:19:11.639 [info] > git for-each-ref --format=%(refname)%00%(upstream:short)%00%(objectname)%00%(upstream:track)%00%(upstream:remotename)%00%(upstream:remoteref) refs/heads/main refs/remotes/main [3ms]
2024-02-23 15:19:11.744 [info] > git status -z -uall [92ms]
2024-02-23 15:19:16.785 [info] > git config --get commit.template [14ms]
2024-02-23 15:19:16.787 [info] > git for-each-ref --format=%(refname)%00%(upstream:short)%00%(objectname)%00%(upstream:track)%00%(upstream:remotename)%00%(upstream:remoteref) refs/heads/main refs/remotes/main [4ms]
2024-02-23 15:19:16.894 [info] > git status -z -uall [95ms]
2024-02-23 15:19:21.938 [info] > git config --get commit.template [15ms]
2024-02-23 15:19:21.939 [info] > git for-each-ref --format=%(refname)%00%(upstream:short)%00%(objectname)%00%(upstream:track)%00%(upstream:remotename)%00%(upstream:remoteref) refs/heads/main refs/remotes/main [4ms]
2024-02-23 15:19:22.047 [info] > git status -z -uall [95ms]
2024-02-23 15:19:27.087 [info] > git config --get commit.template [17ms]
2024-02-23 15:19:27.090 [info] > git for-each-ref --format=%(refname)%00%(upstream:short)%00%(objectname)%00%(upstream:track)%00%(upstream:remotename)%00%(upstream:remoteref) refs/heads/main refs/remotes/main [5ms]
2024-02-23 15:19:27.195 [info] > git status -z -uall [93ms]
2024-02-23 15:19:32.236 [info] > git config --get commit.template [16ms]
2024-02-23 15:19:32.238 [info] > git for-each-ref --format=%(refname)%00%(upstream:short)%00%(objectname)%00%(upstream:track)%00%(upstream:remotename)%00%(upstream:remoteref) refs/heads/main refs/remotes/main [2ms]
2024-02-23 15:19:32.346 [info] > git status -z -uall [94ms]
2024-02-23 15:19:37.385 [info] > git config --get commit.template [17ms]
2024-02-23 15:19:37.389 [info] > git for-each-ref --format=%(refname)%00%(upstream:short)%00%(objectname)%00%(upstream:track)%00%(upstream:remotename)%00%(upstream:remoteref) refs/heads/main refs/remotes/main [5ms]
2024-02-23 15:19:37.497 [info] > git status -z -uall [95ms]
2024-02-23 15:19:42.238 [info] > git show --textconv :modules/tarea04abm/__manifest__.py [35ms]
2024-02-23 15:19:42.239 [info] > git ls-files --stage -- /var/lib/odoo/modules/tarea04abm/__manifest__.py [21ms]
2024-02-23 15:19:42.267 [info] > git cat-file -s b3b54bfc50d1989345d3863a37eb31ada4b28350 [4ms]
2024-02-23 15:19:42.544 [info] > git config --get commit.template [25ms]
2024-02-23 15:19:42.557 [info] > git for-each-ref --format=%(refname)%00%(upstream:short)%00%(objectname)%00%(upstream:track)%00%(upstream:remotename)%00%(upstream:remoteref) refs/heads/main refs/remotes/main [17ms]
2024-02-23 15:19:42.694 [info] > git status -z -uall [122ms]
2024-02-23 15:19:44.054 [info] > git ls-files --stage -- /var/lib/odoo/modules/tarea04abm/__manifest__.py [7ms]
2024-02-23 15:19:44.068 [info] > git cat-file -s b3b54bfc50d1989345d3863a37eb31ada4b28350 [3ms]
2024-02-23 15:19:44.098 [info] > git show --textconv :modules/tarea04abm/__manifest__.py [9ms]
2024-02-23 15:19:49.673 [info] > git config --get commit.template [17ms]
2024-02-23 15:19:49.675 [info] > git for-each-ref --format=%(refname)%00%(upstream:short)%00%(objectname)%00%(upstream:track)%00%(upstream:remotename)%00%(upstream:remoteref) refs/heads/main refs/remotes/main [4ms]
2024-02-23 15:19:49.787 [info] > git status -z -uall [97ms]
2024-02-23 15:19:54.823 [info] > git config --get commit.template [16ms]
2024-02-23 15:19:54.825 [info] > git for-each-ref --format=%(refname)%00%(upstream:short)%00%(objectname)%00%(upstream:track)%00%(upstream:remotename)%00%(upstream:remoteref) refs/heads/main refs/remotes/main [3ms]
2024-02-23 15:19:54.938 [info] > git status -z -uall [97ms]
2024-02-23 15:19:59.980 [info] > git config --get commit.template [15ms]
2024-02-23 15:19:59.982 [info] > git for-each-ref --format=%(refname)%00%(upstream:short)%00%(objectname)%00%(upstream:track)%00%(upstream:remotename)%00%(upstream:remoteref) refs/heads/main refs/remotes/main [2ms]
2024-02-23 15:20:00.104 [info] > git status -z -uall [109ms]
2024-02-23 15:20:05.141 [info] > git config --get commit.template [16ms]
2024-02-23 15:20:05.142 [info] > git for-each-ref --format=%(refname)%00%(upstream:short)%00%(objectname)%00%(upstream:track)%00%(upstream:remotename)%00%(upstream:remoteref) refs/heads/main refs/remotes/main [2ms]
2024-02-23 15:20:05.251 [info] > git status -z -uall [95ms]
2024-02-23 15:20:10.283 [info] > git config --get commit.template [15ms]
2024-02-23 15:20:10.285 [info] > git for-each-ref --format=%(refname)%00%(upstream:short)%00%(objectname)%00%(upstream:track)%00%(upstream:remotename)%00%(upstream:remoteref) refs/heads/main refs/remotes/main [3ms]
2024-02-23 15:20:10.397 [info] > git status -z -uall [97ms]
2024-02-23 15:20:15.432 [info] > git config --get commit.template [17ms]
2024-02-23 15:20:15.434 [info] > git for-each-ref --format=%(refname)%00%(upstream:short)%00%(objectname)%00%(upstream:track)%00%(upstream:remotename)%00%(upstream:remoteref) refs/heads/main refs/remotes/main [3ms]
2024-02-23 15:20:15.549 [info] > git status -z -uall [100ms]
2024-02-23 15:20:20.588 [info] > git config --get commit.template [16ms]
2024-02-23 15:20:20.591 [info] > git for-each-ref --format=%(refname)%00%(upstream:short)%00%(objectname)%00%(upstream:track)%00%(upstream:remotename)%00%(upstream:remoteref) refs/heads/main refs/remotes/main [4ms]
2024-02-23 15:20:20.697 [info] > git status -z -uall [92ms]
2024-02-23 15:20:25.732 [info] > git config --get commit.template [14ms]
2024-02-23 15:20:25.734 [info] > git for-each-ref --format=%(refname)%00%(upstream:short)%00%(objectname)%00%(upstream:track)%00%(upstream:remotename)%00%(upstream:remoteref) refs/heads/main refs/remotes/main [3ms]
2024-02-23 15:20:25.841 [info] > git status -z -uall [93ms]
2024-02-23 15:20:30.876 [info] > git config --get commit.template [17ms]
2024-02-23 15:20:30.878 [info] > git for-each-ref --format=%(refname)%00%(upstream:short)%00%(objectname)%00%(upstream:track)%00%(upstream:remotename)%00%(upstream:remoteref) refs/heads/main refs/remotes/main [3ms]
2024-02-23 15:20:30.983 [info] > git status -z -uall [93ms]
2024-02-23 15:20:36.024 [info] > git config --get commit.template [15ms]
2024-02-23 15:20:36.026 [info] > git for-each-ref --format=%(refname)%00%(upstream:short)%00%(objectname)%00%(upstream:track)%00%(upstream:remotename)%00%(upstream:remoteref) refs/heads/main refs/remotes/main [3ms]
2024-02-23 15:20:36.131 [info] > git status -z -uall [91ms]
2024-02-23 15:20:40.249 [info] > git fetch [577ms]
2024-02-23 15:20:40.283 [info] > git config --get commit.template [15ms]
2024-02-23 15:20:40.283 [info] > git for-each-ref --format=%(refname)%00%(upstream:short)%00%(objectname)%00%(upstream:track)%00%(upstream:remotename)%00%(upstream:remoteref) refs/heads/main refs/remotes/main [4ms]
2024-02-23 15:20:40.392 [info] > git status -z -uall [96ms]
2024-02-23 15:20:41.174 [info] > git config --get commit.template [15ms]
2024-02-23 15:20:41.175 [info] > git for-each-ref --format=%(refname)%00%(upstream:short)%00%(objectname)%00%(upstream:track)%00%(upstream:remotename)%00%(upstream:remoteref) refs/heads/main refs/remotes/main [3ms]
2024-02-23 15:20:41.283 [info] > git status -z -uall [95ms]
2024-02-23 15:20:41.449 [info] > git ls-files --stage -- /var/lib/odoo/modules/tarea04abm/__manifest__.py [5ms]
2024-02-23 15:20:41.464 [info] > git cat-file -s b3b54bfc50d1989345d3863a37eb31ada4b28350 [2ms]
2024-02-23 15:20:41.497 [info] > git show --textconv :modules/tarea04abm/__manifest__.py [7ms]
2024-02-23 15:20:46.327 [info] > git config --get commit.template [16ms]
2024-02-23 15:20:46.328 [info] > git for-each-ref --format=%(refname)%00%(upstream:short)%00%(objectname)%00%(upstream:track)%00%(upstream:remotename)%00%(upstream:remoteref) refs/heads/main refs/remotes/main [2ms]
2024-02-23 15:20:46.436 [info] > git status -z -uall [94ms]
2024-02-23 15:20:51.476 [info] > git config --get commit.template [16ms]
2024-02-23 15:20:51.478 [info] > git for-each-ref --format=%(refname)%00%(upstream:short)%00%(objectname)%00%(upstream:track)%00%(upstream:remotename)%00%(upstream:remoteref) refs/heads/main refs/remotes/main [3ms]
2024-02-23 15:20:51.587 [info] > git status -z -uall [94ms]
2024-02-23 15:20:56.614 [info] > git config --get commit.template [3ms]
2024-02-23 15:20:56.631 [info] > git for-each-ref --format=%(refname)%00%(upstream:short)%00%(objectname)%00%(upstream:track)%00%(upstream:remotename)%00%(upstream:remoteref) refs/heads/main refs/remotes/main [3ms]
2024-02-23 15:20:56.738 [info] > git status -z -uall [92ms]
2024-02-23 15:21:01.773 [info] > git config --get commit.template [15ms]
2024-02-23 15:21:01.775 [info] > git for-each-ref --format=%(refname)%00%(upstream:short)%00%(objectname)%00%(upstream:track)%00%(upstream:remotename)%00%(upstream:remoteref) refs/heads/main refs/remotes/main [3ms]
2024-02-23 15:21:01.882 [info] > git status -z -uall [92ms]
2024-02-23 15:21:06.924 [info] > git config --get commit.template [15ms]
2024-02-23 15:21:06.926 [info] > git for-each-ref --format=%(refname)%00%(upstream:short)%00%(objectname)%00%(upstream:track)%00%(upstream:remotename)%00%(upstream:remoteref) refs/heads/main refs/remotes/main [3ms]
2024-02-23 15:21:07.032 [info] > git status -z -uall [92ms]
2024-02-23 15:21:12.073 [info] > git config --get commit.template [14ms]
2024-02-23 15:21:12.076 [info] > git for-each-ref --format=%(refname)%00%(upstream:short)%00%(objectname)%00%(upstream:track)%00%(upstream:remotename)%00%(upstream:remoteref) refs/heads/main refs/remotes/main [3ms]
2024-02-23 15:21:12.184 [info] > git status -z -uall [94ms]
2024-02-23 15:21:17.227 [info] > git config --get commit.template [18ms]
2024-02-23 15:21:17.229 [info] > git for-each-ref --format=%(refname)%00%(upstream:short)%00%(objectname)%00%(upstream:track)%00%(upstream:remotename)%00%(upstream:remoteref) refs/heads/main refs/remotes/main [4ms]
2024-02-23 15:21:17.338 [info] > git status -z -uall [96ms]
2024-02-23 15:21:22.360 [info] > git config --get commit.template [2ms]
2024-02-23 15:21:22.378 [info] > git for-each-ref --format=%(refname)%00%(upstream:short)%00%(objectname)%00%(upstream:track)%00%(upstream:remotename)%00%(upstream:remoteref) refs/heads/main refs/remotes/main [3ms]
2024-02-23 15:21:22.486 [info] > git status -z -uall [94ms]
2024-02-23 15:21:27.527 [info] > git config --get commit.template [16ms]
2024-02-23 15:21:27.528 [info] > git for-each-ref --format=%(refname)%00%(upstream:short)%00%(objectname)%00%(upstream:track)%00%(upstream:remotename)%00%(upstream:remoteref) refs/heads/main refs/remotes/main [3ms]
2024-02-23 15:21:27.635 [info] > git status -z -uall [93ms]
2024-02-23 15:21:32.673 [info] > git config --get commit.template [15ms]
2024-02-23 15:21:32.674 [info] > git for-each-ref --format=%(refname)%00%(upstream:short)%00%(objectname)%00%(upstream:track)%00%(upstream:remotename)%00%(upstream:remoteref) refs/heads/main refs/remotes/main [3ms]
2024-02-23 15:21:32.784 [info] > git status -z -uall [93ms]
2024-02-23 15:21:37.825 [info] > git config --get commit.template [14ms]
2024-02-23 15:21:37.827 [info] > git for-each-ref --format=%(refname)%00%(upstream:short)%00%(objectname)%00%(upstream:track)%00%(upstream:remotename)%00%(upstream:remoteref) refs/heads/main refs/remotes/main [3ms]
2024-02-23 15:21:37.934 [info] > git status -z -uall [94ms]
2024-02-23 15:21:42.969 [info] > git config --get commit.template [15ms]
2024-02-23 15:21:42.970 [info] > git for-each-ref --format=%(refname)%00%(upstream:short)%00%(objectname)%00%(upstream:track)%00%(upstream:remotename)%00%(upstream:remoteref) refs/heads/main refs/remotes/main [3ms]
2024-02-23 15:21:43.075 [info] > git status -z -uall [91ms]
2024-02-23 15:21:48.119 [info] > git config --get commit.template [18ms]
2024-02-23 15:21:48.121 [info] > git for-each-ref --format=%(refname)%00%(upstream:short)%00%(objectname)%00%(upstream:track)%00%(upstream:remotename)%00%(upstream:remoteref) refs/heads/main refs/remotes/main [3ms]
2024-02-23 15:21:48.232 [info] > git status -z -uall [95ms]
2024-02-23 15:21:53.277 [info] > git config --get commit.template [17ms]
2024-02-23 15:21:53.278 [info] > git for-each-ref --format=%(refname)%00%(upstream:short)%00%(objectname)%00%(upstream:track)%00%(upstream:remotename)%00%(upstream:remoteref) refs/heads/main refs/remotes/main [3ms]
2024-02-23 15:21:53.389 [info] > git status -z -uall [97ms]
2024-02-23 15:21:58.425 [info] > git config --get commit.template [15ms]
2024-02-23 15:21:58.427 [info] > git for-each-ref --format=%(refname)%00%(upstream:short)%00%(objectname)%00%(upstream:track)%00%(upstream:remotename)%00%(upstream:remoteref) refs/heads/main refs/remotes/main [3ms]
2024-02-23 15:21:58.535 [info] > git status -z -uall [94ms]
2024-02-23 15:22:03.584 [info] > git for-each-ref --format=%(refname)%00%(upstream:short)%00%(objectname)%00%(upstream:track)%00%(upstream:remotename)%00%(upstream:remoteref) refs/heads/main refs/remotes/main [2ms]
2024-02-23 15:22:03.585 [info] > git config --get commit.template [23ms]
2024-02-23 15:22:03.707 [info] > git status -z -uall [107ms]
2024-02-23 15:22:03.772 [info] > git show --textconv :modules/tarea04abm/security/groups.xml [15ms]
2024-02-23 15:22:03.776 [info] > git ls-files --stage -- /var/lib/odoo/modules/tarea04abm/security/groups.xml [5ms]
2024-02-23 15:22:08.754 [info] > git config --get commit.template [15ms]
2024-02-23 15:22:08.755 [info] > git for-each-ref --format=%(refname)%00%(upstream:short)%00%(objectname)%00%(upstream:track)%00%(upstream:remotename)%00%(upstream:remoteref) refs/heads/main refs/remotes/main [2ms]
2024-02-23 15:22:08.862 [info] > git status -z -uall [92ms]
2024-02-23 15:22:13.902 [info] > git config --get commit.template [15ms]
2024-02-23 15:22:13.904 [info] > git for-each-ref --format=%(refname)%00%(upstream:short)%00%(objectname)%00%(upstream:track)%00%(upstream:remotename)%00%(upstream:remoteref) refs/heads/main refs/remotes/main [3ms]
2024-02-23 15:22:14.009 [info] > git status -z -uall [92ms]
2024-02-23 15:22:19.050 [info] > git config --get commit.template [15ms]
2024-02-23 15:22:19.052 [info] > git for-each-ref --format=%(refname)%00%(upstream:short)%00%(objectname)%00%(upstream:track)%00%(upstream:remotename)%00%(upstream:remoteref) refs/heads/main refs/remotes/main [3ms]
2024-02-23 15:22:19.158 [info] > git status -z -uall [93ms]
2024-02-23 15:22:24.194 [info] > git config --get commit.template [15ms]
2024-02-23 15:22:24.196 [info] > git for-each-ref --format=%(refname)%00%(upstream:short)%00%(objectname)%00%(upstream:track)%00%(upstream:remotename)%00%(upstream:remoteref) refs/heads/main refs/remotes/main [3ms]
2024-02-23 15:22:24.303 [info] > git status -z -uall [91ms]
2024-02-23 15:22:29.339 [info] > git config --get commit.template [14ms]
2024-02-23 15:22:29.341 [info] > git for-each-ref --format=%(refname)%00%(upstream:short)%00%(objectname)%00%(upstream:track)%00%(upstream:remotename)%00%(upstream:remoteref) refs/heads/main refs/remotes/main [3ms]
2024-02-23 15:22:29.452 [info] > git status -z -uall [96ms]
2024-02-23 15:22:34.492 [info] > git config --get commit.template [15ms]
2024-02-23 15:22:34.493 [info] > git for-each-ref --format=%(refname)%00%(upstream:short)%00%(objectname)%00%(upstream:track)%00%(upstream:remotename)%00%(upstream:remoteref) refs/heads/main refs/remotes/main [2ms]
2024-02-23 15:22:34.602 [info] > git status -z -uall [95ms]
2024-02-23 15:22:39.645 [info] > git config --get commit.template [16ms]
2024-02-23 15:22:39.647 [info] > git for-each-ref --format=%(refname)%00%(upstream:short)%00%(objectname)%00%(upstream:track)%00%(upstream:remotename)%00%(upstream:remoteref) refs/heads/main refs/remotes/main [3ms]
2024-02-23 15:22:39.755 [info] > git status -z -uall [95ms]
2024-02-23 15:22:44.691 [info] > git ls-files --stage -- /var/lib/odoo/modules/tarea04abm/security/groups.xml [7ms]
2024-02-23 15:22:44.717 [info] > git show --textconv :modules/tarea04abm/security/groups.xml [6ms]
2024-02-23 15:22:44.798 [info] > git config --get commit.template [16ms]
2024-02-23 15:22:44.799 [info] > git for-each-ref --format=%(refname)%00%(upstream:short)%00%(objectname)%00%(upstream:track)%00%(upstream:remotename)%00%(upstream:remoteref) refs/heads/main refs/remotes/main [3ms]
2024-02-23 15:22:44.907 [info] > git status -z -uall [93ms]
2024-02-23 15:22:49.944 [info] > git config --get commit.template [16ms]
2024-02-23 15:22:49.946 [info] > git for-each-ref --format=%(refname)%00%(upstream:short)%00%(objectname)%00%(upstream:track)%00%(upstream:remotename)%00%(upstream:remoteref) refs/heads/main refs/remotes/main [3ms]
2024-02-23 15:22:50.052 [info] > git status -z -uall [93ms]
2024-02-23 15:22:55.097 [info] > git config --get commit.template [17ms]
2024-02-23 15:22:55.099 [info] > git for-each-ref --format=%(refname)%00%(upstream:short)%00%(objectname)%00%(upstream:track)%00%(upstream:remotename)%00%(upstream:remoteref) refs/heads/main refs/remotes/main [3ms]
2024-02-23 15:22:55.203 [info] > git status -z -uall [91ms]
2024-02-23 15:23:00.244 [info] > git config --get commit.template [16ms]
2024-02-23 15:23:00.246 [info] > git for-each-ref --format=%(refname)%00%(upstream:short)%00%(objectname)%00%(upstream:track)%00%(upstream:remotename)%00%(upstream:remoteref) refs/heads/main refs/remotes/main [3ms]
2024-02-23 15:23:00.351 [info] > git status -z -uall [89ms]
2024-02-23 15:23:05.390 [info] > git config --get commit.template [14ms]
2024-02-23 15:23:05.392 [info] > git for-each-ref --format=%(refname)%00%(upstream:short)%00%(objectname)%00%(upstream:track)%00%(upstream:remotename)%00%(upstream:remoteref) refs/heads/main refs/remotes/main [3ms]
2024-02-23 15:23:05.502 [info] > git status -z -uall [96ms]
2024-02-23 15:23:10.545 [info] > git config --get commit.template [15ms]
2024-02-23 15:23:10.547 [info] > git for-each-ref --format=%(refname)%00%(upstream:short)%00%(objectname)%00%(upstream:track)%00%(upstream:remotename)%00%(upstream:remoteref) refs/heads/main refs/remotes/main [3ms]
2024-02-23 15:23:10.656 [info] > git status -z -uall [92ms]
2024-02-23 15:23:15.694 [info] > git config --get commit.template [16ms]
2024-02-23 15:23:15.696 [info] > git for-each-ref --format=%(refname)%00%(upstream:short)%00%(objectname)%00%(upstream:track)%00%(upstream:remotename)%00%(upstream:remoteref) refs/heads/main refs/remotes/main [3ms]
2024-02-23 15:23:15.801 [info] > git status -z -uall [92ms]
2024-02-23 15:23:20.843 [info] > git config --get commit.template [17ms]
2024-02-23 15:23:20.845 [info] > git for-each-ref --format=%(refname)%00%(upstream:short)%00%(objectname)%00%(upstream:track)%00%(upstream:remotename)%00%(upstream:remoteref) refs/heads/main refs/remotes/main [3ms]
2024-02-23 15:23:20.952 [info] > git status -z -uall [93ms]
2024-02-23 15:23:25.989 [info] > git config --get commit.template [14ms]
2024-02-23 15:23:25.992 [info] > git for-each-ref --format=%(refname)%00%(upstream:short)%00%(objectname)%00%(upstream:track)%00%(upstream:remotename)%00%(upstream:remoteref) refs/heads/main refs/remotes/main [5ms]
2024-02-23 15:23:26.101 [info] > git status -z -uall [93ms]
2024-02-23 15:23:31.143 [info] > git config --get commit.template [16ms]
2024-02-23 15:23:31.144 [info] > git for-each-ref --format=%(refname)%00%(upstream:short)%00%(objectname)%00%(upstream:track)%00%(upstream:remotename)%00%(upstream:remoteref) refs/heads/main refs/remotes/main [3ms]
2024-02-23 15:23:31.255 [info] > git status -z -uall [96ms]
2024-02-23 15:23:40.926 [info] > git fetch [509ms]
2024-02-23 15:23:40.959 [info] > git config --get commit.template [16ms]
2024-02-23 15:23:40.960 [info] > git for-each-ref --format=%(refname)%00%(upstream:short)%00%(objectname)%00%(upstream:track)%00%(upstream:remotename)%00%(upstream:remoteref) refs/heads/main refs/remotes/main [4ms]
2024-02-23 15:23:41.068 [info] > git status -z -uall [94ms]
2024-02-23 15:23:41.102 [info] > git config --get commit.template [17ms]
2024-02-23 15:23:41.106 [info] > git for-each-ref --format=%(refname)%00%(upstream:short)%00%(objectname)%00%(upstream:track)%00%(upstream:remotename)%00%(upstream:remoteref) refs/heads/main refs/remotes/main [5ms]
2024-02-23 15:23:41.214 [info] > git status -z -uall [93ms]
2024-02-23 15:23:42.242 [info] > git ls-files --stage -- /var/lib/odoo/modules/tarea04abm/security/groups.xml [6ms]
2024-02-23 15:23:42.267 [info] > git show --textconv :modules/tarea04abm/security/groups.xml [6ms]
2024-02-23 15:24:16.307 [info] > git show --textconv :modules/tarea04abm/__manifest__.py [15ms]
2024-02-23 15:24:16.311 [info] > git ls-files --stage -- /var/lib/odoo/modules/tarea04abm/__manifest__.py [6ms]
2024-02-23 15:24:16.328 [info] > git cat-file -s b3b54bfc50d1989345d3863a37eb31ada4b28350 [4ms]
2024-02-23 15:24:41.212 [info] > git show --textconv :modules/tarea04abm/security/groups.xml [15ms]
2024-02-23 15:24:41.218 [info] > git ls-files --stage -- /var/lib/odoo/modules/tarea04abm/security/groups.xml [7ms]
2024-02-23 15:25:08.840 [info] > git show --textconv :modules/tarea04abm/security/ir.model.access.csv [15ms]
2024-02-23 15:25:08.847 [info] > git ls-files --stage -- /var/lib/odoo/modules/tarea04abm/security/ir.model.access.csv [8ms]
2024-02-23 15:25:08.861 [info] > git cat-file -s 2115cdf8c74ecbdf84a7769110ca6a9049b9485c [2ms]
2024-02-23 15:25:09.071 [info] > git config --get commit.template [16ms]
2024-02-23 15:25:09.074 [info] > git for-each-ref --format=%(refname)%00%(upstream:short)%00%(objectname)%00%(upstream:track)%00%(upstream:remotename)%00%(upstream:remoteref) refs/heads/main refs/remotes/main [4ms]
2024-02-23 15:25:09.187 [info] > git status -z -uall [97ms]
2024-02-23 15:25:45.477 [info] > git ls-files --stage -- /var/lib/odoo/modules/tarea04abm/security/ir.model.access.csv [9ms]
2024-02-23 15:25:45.492 [info] > git cat-file -s 2115cdf8c74ecbdf84a7769110ca6a9049b9485c [2ms]
2024-02-23 15:25:45.521 [info] > git show --textconv :modules/tarea04abm/security/ir.model.access.csv [7ms]
2024-02-23 15:28:40.795 [info] > git config --get commit.template [25ms]
2024-02-23 15:28:40.800 [info] > git for-each-ref --format=%(refname)%00%(upstream:short)%00%(objectname)%00%(upstream:track)%00%(upstream:remotename)%00%(upstream:remoteref) refs/heads/main refs/remotes/main [5ms]
2024-02-23 15:28:40.930 [info] > git status -z -uall [112ms]
2024-02-23 15:28:41.267 [info] > git fetch [523ms]
2024-02-23 15:28:41.299 [info] > git config --get commit.template [16ms]
2024-02-23 15:28:41.301 [info] > git for-each-ref --format=%(refname)%00%(upstream:short)%00%(objectname)%00%(upstream:track)%00%(upstream:remotename)%00%(upstream:remoteref) refs/heads/main refs/remotes/main [3ms]
2024-02-23 15:28:41.422 [info] > git status -z -uall [106ms]
2024-02-23 15:28:46.330 [info] > git config --get commit.template [18ms]
2024-02-23 15:28:46.332 [info] > git for-each-ref --format=%(refname)%00%(upstream:short)%00%(objectname)%00%(upstream:track)%00%(upstream:remotename)%00%(upstream:remoteref) refs/heads/main refs/remotes/main [4ms]
2024-02-23 15:28:46.493 [info] > git status -z -uall [143ms]
2024-02-23 15:28:46.714 [info] > git show --textconv :modules/tarea04abm/views/vistaAlumnos.xml [18ms]
2024-02-23 15:28:46.748 [info] > git ls-files --stage -- /var/lib/odoo/modules/tarea04abm/views/vistaAlumnos.xml [36ms]
2024-02-23 15:28:46.770 [info] > git cat-file -s cbfc417a26c5d15d25af688a0e9f041ef749c28a [7ms]
2024-02-23 15:30:38.770 [info] > git config --get commit.template [25ms]
2024-02-23 15:30:38.773 [info] > git for-each-ref --format=%(refname)%00%(upstream:short)%00%(objectname)%00%(upstream:track)%00%(upstream:remotename)%00%(upstream:remoteref) refs/heads/main refs/remotes/main [5ms]
2024-02-23 15:30:38.892 [info] > git status -z -uall [103ms]
2024-02-23 15:30:41.157 [info] > git show --textconv :modules/tarea04abm/security/groups.xml [17ms]
2024-02-23 15:30:41.163 [info] > git ls-files --stage -- /var/lib/odoo/modules/tarea04abm/security/groups.xml [8ms]
2024-02-23 15:30:53.057 [info] > git show --textconv :modules/tarea04abm/security/ir.model.access.csv [15ms]
2024-02-23 15:30:53.063 [info] > git ls-files --stage -- /var/lib/odoo/modules/tarea04abm/security/ir.model.access.csv [5ms]
2024-02-23 15:30:53.085 [info] > git cat-file -s 2115cdf8c74ecbdf84a7769110ca6a9049b9485c [3ms]
2024-02-23 15:31:41.944 [info] > git fetch [503ms]
2024-02-23 15:31:41.975 [info] > git config --get commit.template [15ms]
2024-02-23 15:31:41.976 [info] > git for-each-ref --format=%(refname)%00%(upstream:short)%00%(objectname)%00%(upstream:track)%00%(upstream:remotename)%00%(upstream:remoteref) refs/heads/main refs/remotes/main [3ms]
2024-02-23 15:31:42.092 [info] > git status -z -uall [101ms]
2024-02-23 15:31:43.262 [info] > git ls-files --stage -- /var/lib/odoo/modules/tarea04abm/security/ir.model.access.csv [3ms]
2024-02-23 15:31:43.278 [info] > git cat-file -s 2115cdf8c74ecbdf84a7769110ca6a9049b9485c [2ms]
2024-02-23 15:31:43.311 [info] > git show --textconv :modules/tarea04abm/security/ir.model.access.csv [7ms]
2024-02-23 15:31:46.897 [info] > git ls-files --stage -- /var/lib/odoo/modules/tarea04abm/security/ir.model.access.csv [7ms]
2024-02-23 15:31:46.912 [info] > git cat-file -s 2115cdf8c74ecbdf84a7769110ca6a9049b9485c [2ms]
2024-02-23 15:31:46.943 [info] > git show --textconv :modules/tarea04abm/security/ir.model.access.csv [4ms]
2024-02-23 15:38:15.941 [info] > git ls-files --stage -- /var/lib/odoo/modules/tarea04abm/security/ir.model.access.csv [7ms]
2024-02-23 15:38:15.976 [info] > git cat-file -s 2115cdf8c74ecbdf84a7769110ca6a9049b9485c [8ms]
2024-02-23 15:38:16.018 [info] > git show --textconv :modules/tarea04abm/security/ir.model.access.csv [8ms]
2024-02-23 15:38:16.404 [info] > git fetch [530ms]
2024-02-23 15:38:16.436 [info] > git config --get commit.template [16ms]
2024-02-23 15:38:16.438 [info] > git for-each-ref --format=%(refname)%00%(upstream:short)%00%(objectname)%00%(upstream:track)%00%(upstream:remotename)%00%(upstream:remoteref) refs/heads/main refs/remotes/main [3ms]
2024-02-23 15:38:16.556 [info] > git status -z -uall [101ms]
2024-02-23 15:38:17.714 [info] > git ls-files --stage -- /var/lib/odoo/modules/tarea04abm/security/ir.model.access.csv [6ms]
2024-02-23 15:38:17.730 [info] > git cat-file -s 2115cdf8c74ecbdf84a7769110ca6a9049b9485c [2ms]
2024-02-23 15:38:17.790 [info] > git show --textconv :modules/tarea04abm/security/ir.model.access.csv [7ms]
2024-02-23 15:38:28.426 [info] > git show --textconv :modules/tarea04abm/security/groups.xml [15ms]
2024-02-23 15:38:28.432 [info] > git ls-files --stage -- /var/lib/odoo/modules/tarea04abm/security/groups.xml [7ms]
2024-02-23 15:38:29.929 [info] > git show --textconv :modules/tarea04abm/views/vistaAlumnos.xml [17ms]
2024-02-23 15:38:29.935 [info] > git ls-files --stage -- /var/lib/odoo/modules/tarea04abm/views/vistaAlumnos.xml [7ms]
2024-02-23 15:38:29.969 [info] > git cat-file -s cbfc417a26c5d15d25af688a0e9f041ef749c28a [9ms]
2024-02-23 15:39:43.570 [info] > git merge-base refs/heads/main refs/remotes/master/main [2ms]
2024-02-23 15:39:43.590 [info] > git rev-list --count --left-right refs/heads/main...refs/remotes/master/main [4ms]
2024-02-23 15:39:44.445 [info] > git check-ignore -v -z --stdin [11ms]
