2024-02-15 15:55:51.462 [info] Log level: Info
2024-02-15 15:55:51.462 [info] Validating found git in: "git"
2024-02-15 15:55:51.462 [info] Using git "2.34.1" from "git"
2024-02-15 15:55:51.462 [info] > git rev-parse --show-toplevel [7ms]
2024-02-15 15:55:51.462 [info] > git rev-parse --show-toplevel [6ms]
2024-02-15 15:55:51.462 [info] > git rev-parse --show-toplevel [3ms]
2024-02-15 15:55:51.481 [info] > git rev-parse --show-toplevel [3ms]
2024-02-15 15:55:51.499 [info] > git rev-parse --show-toplevel [2ms]
2024-02-15 15:55:51.518 [info] > git rev-parse --show-toplevel [2ms]
2024-02-15 15:55:51.543 [info] > git rev-parse --show-toplevel [3ms]
2024-02-15 15:55:51.571 [info] > git rev-parse --show-toplevel [3ms]
2024-02-15 15:55:51.849 [info] > git rev-parse --show-toplevel [253ms]
2024-02-15 15:55:51.892 [info] > git rev-parse --show-toplevel [7ms]
2024-02-15 15:55:51.929 [info] > git rev-parse --show-toplevel [21ms]
2024-02-15 15:55:51.962 [info] > git rev-parse --show-toplevel [3ms]
2024-02-15 15:55:52.024 [info] > git rev-parse --show-toplevel [11ms]
2024-02-15 15:56:07.460 [info] > git rev-parse --show-toplevel [2ms]
2024-02-15 15:56:07.475 [info] > git rev-parse --git-dir --git-common-dir [3ms]
2024-02-15 15:56:07.503 [info] Open repository: /var/lib/odoo
2024-02-15 15:56:07.538 [info] > git config --get commit.template [18ms]
2024-02-15 15:56:07.539 [info] > git for-each-ref --format=%(refname)%00%(upstream:short)%00%(objectname)%00%(upstream:track)%00%(upstream:remotename)%00%(upstream:remoteref) refs/heads/main refs/remotes/main [4ms]
2024-02-15 15:56:07.716 [info] > git status -z -uall [160ms]
2024-02-15 15:56:07.833 [info] > git config --get commit.template [2ms]
2024-02-15 15:56:08.701 [info] > git fetch [1199ms]
2024-02-15 15:56:08.702 [info] > git for-each-ref --format=%(refname)%00%(upstream:short)%00%(objectname)%00%(upstream:track)%00%(upstream:remotename)%00%(upstream:remoteref) refs/heads/main refs/remotes/main [854ms]
2024-02-15 15:56:08.745 [info] > git check-ignore -v -z --stdin [26ms]
2024-02-15 15:56:08.747 [info] > git config --get commit.template [6ms]
2024-02-15 15:56:08.771 [info] > git for-each-ref --format=%(refname)%00%(upstream:short)%00%(objectname)%00%(upstream:track)%00%(upstream:remotename)%00%(upstream:remoteref) refs/heads/main refs/remotes/main [4ms]
2024-02-15 15:56:08.939 [info] > git status -z -uall [146ms]
2024-02-15 15:56:09.897 [info] > git show --textconv :modules/lista_tareas/views/views.xml [23ms]
2024-02-15 15:56:09.918 [info] > git ls-files --stage -- /var/lib/odoo/modules/lista_tareas/views/views.xml [23ms]
2024-02-15 15:56:09.951 [info] > git cat-file -s d66957a2b3f3556b864e4f2d0342e66172781b71 [15ms]
2024-02-15 15:56:10.014 [info] > git ls-files --stage -- /var/lib/odoo/modules/lista_tareas/views/views.xml [11ms]
2024-02-15 15:56:10.031 [info] > git cat-file -s d66957a2b3f3556b864e4f2d0342e66172781b71 [2ms]
2024-02-15 15:56:10.389 [info] > git merge-base refs/heads/main refs/remotes/master/main [7ms]
2024-02-15 15:56:10.414 [info] > git rev-list --count --left-right refs/heads/main...refs/remotes/master/main [7ms]
2024-02-15 15:56:11.443 [info] > git check-ignore -v -z --stdin [6ms]
2024-02-15 15:56:27.371 [info] > git ls-files --stage -- /var/lib/odoo/modules/lista_tareas/views/views.xml [5ms]
2024-02-15 15:56:27.390 [info] > git cat-file -s d66957a2b3f3556b864e4f2d0342e66172781b71 [2ms]
2024-02-15 15:56:27.418 [info] > git show --textconv :modules/lista_tareas/views/views.xml [5ms]
2024-02-15 15:57:05.018 [info] > git check-ignore -v -z --stdin [6ms]
2024-02-15 15:57:08.729 [info] > git check-ignore -v -z --stdin [5ms]
2024-02-15 15:57:11.895 [info] > git show --textconv :modules/tarea03abm/models/paciente.py [21ms]
2024-02-15 15:57:11.906 [info] > git ls-files --stage -- /var/lib/odoo/modules/tarea03abm/models/paciente.py [12ms]
2024-02-15 15:57:13.618 [info] > git check-ignore -v -z --stdin [11ms]
2024-02-15 15:57:14.597 [info] > git show --textconv :modules/tarea03abm/views/views.xml [19ms]
2024-02-15 15:57:14.600 [info] > git ls-files --stage -- /var/lib/odoo/modules/tarea03abm/views/views.xml [5ms]
2024-02-15 15:59:09.616 [info] > git fetch [584ms]
2024-02-15 15:59:09.652 [info] > git config --get commit.template [17ms]
2024-02-15 15:59:09.653 [info] > git for-each-ref --format=%(refname)%00%(upstream:short)%00%(objectname)%00%(upstream:track)%00%(upstream:remotename)%00%(upstream:remoteref) refs/heads/main refs/remotes/main [3ms]
2024-02-15 15:59:09.813 [info] > git status -z -uall [143ms]
2024-02-15 15:59:09.935 [info] > git config --get commit.template [6ms]
2024-02-15 15:59:10.996 [info] > git for-each-ref --format=%(refname)%00%(upstream:short)%00%(objectname)%00%(upstream:track)%00%(upstream:remotename)%00%(upstream:remoteref) refs/heads/main refs/remotes/main [1043ms]
2024-02-15 15:59:11.103 [info] > git ls-files --stage -- /var/lib/odoo/modules/tarea03abm/views/views.xml [11ms]
2024-02-15 15:59:11.155 [info] > git show --textconv :modules/tarea03abm/views/views.xml [6ms]
2024-02-15 15:59:11.179 [info] > git status -z -uall [162ms]
2024-02-15 15:59:28.148 [info] > git ls-files --stage -- /var/lib/odoo/modules/tarea03abm/views/views.xml [5ms]
2024-02-15 15:59:28.177 [info] > git show --textconv :modules/tarea03abm/views/views.xml [5ms]
2024-02-15 16:00:49.233 [info] > git config --get commit.template [3ms]
2024-02-15 16:00:49.255 [info] > git for-each-ref --format=%(refname)%00%(upstream:short)%00%(objectname)%00%(upstream:track)%00%(upstream:remotename)%00%(upstream:remoteref) refs/heads/main refs/remotes/main [4ms]
2024-02-15 16:00:49.434 [info] > git status -z -uall [157ms]
2024-02-15 16:02:10.502 [info] > git fetch [568ms]
2024-02-15 16:02:10.535 [info] > git config --get commit.template [17ms]
2024-02-15 16:02:10.535 [info] > git for-each-ref --format=%(refname)%00%(upstream:short)%00%(objectname)%00%(upstream:track)%00%(upstream:remotename)%00%(upstream:remoteref) refs/heads/main refs/remotes/main [2ms]
2024-02-15 16:02:10.693 [info] > git status -z -uall [141ms]
2024-02-15 16:02:10.811 [info] > git config --get commit.template [20ms]
2024-02-15 16:02:10.812 [info] > git for-each-ref --format=%(refname)%00%(upstream:short)%00%(objectname)%00%(upstream:track)%00%(upstream:remotename)%00%(upstream:remoteref) refs/heads/main refs/remotes/main [3ms]
2024-02-15 16:02:11.598 [info] > git status -z -uall [770ms]
2024-02-15 16:02:12.387 [info] > git ls-files --stage -- /var/lib/odoo/modules/tarea03abm/views/views.xml [4ms]
2024-02-15 16:02:12.416 [info] > git show --textconv :modules/tarea03abm/views/views.xml [4ms]
2024-02-15 16:02:29.059 [info] > git ls-files --stage -- /var/lib/odoo/modules/tarea03abm/views/views.xml [4ms]
2024-02-15 16:02:29.088 [info] > git show --textconv :modules/tarea03abm/views/views.xml [4ms]
2024-02-15 16:05:11.302 [info] > git fetch [504ms]
2024-02-15 16:05:11.342 [info] > git config --get commit.template [19ms]
2024-02-15 16:05:11.343 [info] > git for-each-ref --format=%(refname)%00%(upstream:short)%00%(objectname)%00%(upstream:track)%00%(upstream:remotename)%00%(upstream:remoteref) refs/heads/main refs/remotes/main [2ms]
2024-02-15 16:05:11.508 [info] > git status -z -uall [145ms]
2024-02-15 16:05:11.626 [info] > git config --get commit.template [20ms]
2024-02-15 16:05:11.627 [info] > git for-each-ref --format=%(refname)%00%(upstream:short)%00%(objectname)%00%(upstream:track)%00%(upstream:remotename)%00%(upstream:remoteref) refs/heads/main refs/remotes/main [3ms]
2024-02-15 16:05:12.342 [info] > git status -z -uall [690ms]
2024-02-15 16:05:13.169 [info] > git ls-files --stage -- /var/lib/odoo/modules/tarea03abm/views/views.xml [4ms]
2024-02-15 16:05:13.196 [info] > git show --textconv :modules/tarea03abm/views/views.xml [4ms]
2024-02-15 16:05:29.844 [info] > git ls-files --stage -- /var/lib/odoo/modules/tarea03abm/views/views.xml [4ms]
2024-02-15 16:05:29.871 [info] > git show --textconv :modules/tarea03abm/views/views.xml [5ms]
2024-02-15 16:08:12.126 [info] > git fetch [518ms]
2024-02-15 16:08:12.161 [info] > git config --get commit.template [17ms]
2024-02-15 16:08:12.162 [info] > git for-each-ref --format=%(refname)%00%(upstream:short)%00%(objectname)%00%(upstream:track)%00%(upstream:remotename)%00%(upstream:remoteref) refs/heads/main refs/remotes/main [3ms]
2024-02-15 16:08:12.325 [info] > git status -z -uall [147ms]
2024-02-15 16:08:13.431 [info] > git ls-files --stage -- /var/lib/odoo/modules/tarea03abm/views/views.xml [5ms]
2024-02-15 16:08:13.466 [info] > git show --textconv :modules/tarea03abm/views/views.xml [5ms]
2024-02-15 16:08:30.654 [info] > git ls-files --stage -- /var/lib/odoo/modules/tarea03abm/views/views.xml [5ms]
2024-02-15 16:08:30.680 [info] > git show --textconv :modules/tarea03abm/views/views.xml [3ms]
2024-02-15 16:11:12.930 [info] > git fetch [512ms]
2024-02-15 16:11:12.965 [info] > git config --get commit.template [16ms]
2024-02-15 16:11:12.966 [info] > git for-each-ref --format=%(refname)%00%(upstream:short)%00%(objectname)%00%(upstream:track)%00%(upstream:remotename)%00%(upstream:remoteref) refs/heads/main refs/remotes/main [3ms]
2024-02-15 16:11:13.116 [info] > git status -z -uall [134ms]
2024-02-15 16:11:13.205 [info] > git config --get commit.template [3ms]
2024-02-15 16:11:13.223 [info] > git for-each-ref --format=%(refname)%00%(upstream:short)%00%(objectname)%00%(upstream:track)%00%(upstream:remotename)%00%(upstream:remoteref) refs/heads/main refs/remotes/main [2ms]
2024-02-15 16:11:13.949 [info] > git status -z -uall [709ms]
2024-02-15 16:11:14.707 [info] > git ls-files --stage -- /var/lib/odoo/modules/tarea03abm/views/views.xml [4ms]
2024-02-15 16:11:14.735 [info] > git show --textconv :modules/tarea03abm/views/views.xml [3ms]
2024-02-15 16:11:31.451 [info] > git ls-files --stage -- /var/lib/odoo/modules/tarea03abm/views/views.xml [4ms]
2024-02-15 16:11:31.477 [info] > git show --textconv :modules/tarea03abm/views/views.xml [4ms]
2024-02-15 16:14:13.720 [info] > git fetch [520ms]
2024-02-15 16:14:13.754 [info] > git config --get commit.template [16ms]
2024-02-15 16:14:13.755 [info] > git for-each-ref --format=%(refname)%00%(upstream:short)%00%(objectname)%00%(upstream:track)%00%(upstream:remotename)%00%(upstream:remoteref) refs/heads/main refs/remotes/main [2ms]
2024-02-15 16:14:13.915 [info] > git status -z -uall [143ms]
2024-02-15 16:14:14.833 [info] > git config --get commit.template [2ms]
2024-02-15 16:14:14.855 [info] > git for-each-ref --format=%(refname)%00%(upstream:short)%00%(objectname)%00%(upstream:track)%00%(upstream:remotename)%00%(upstream:remoteref) refs/heads/main refs/remotes/main [4ms]
2024-02-15 16:14:15.017 [info] > git status -z -uall [143ms]
2024-02-15 16:14:15.018 [info] > git ls-files --stage -- /var/lib/odoo/modules/tarea03abm/views/views.xml [7ms]
2024-02-15 16:14:15.118 [info] > git show --textconv :modules/tarea03abm/views/views.xml [6ms]
2024-02-15 16:14:32.260 [info] > git ls-files --stage -- /var/lib/odoo/modules/tarea03abm/views/views.xml [5ms]
2024-02-15 16:14:32.294 [info] > git show --textconv :modules/tarea03abm/views/views.xml [4ms]
2024-02-15 16:17:14.526 [info] > git fetch [523ms]
2024-02-15 16:17:14.561 [info] > git config --get commit.template [17ms]
2024-02-15 16:17:14.562 [info] > git for-each-ref --format=%(refname)%00%(upstream:short)%00%(objectname)%00%(upstream:track)%00%(upstream:remotename)%00%(upstream:remoteref) refs/heads/main refs/remotes/main [3ms]
2024-02-15 16:17:14.723 [info] > git status -z -uall [144ms]
2024-02-15 16:17:14.815 [info] > git config --get commit.template [2ms]
2024-02-15 16:17:14.839 [info] > git for-each-ref --format=%(refname)%00%(upstream:short)%00%(objectname)%00%(upstream:track)%00%(upstream:remotename)%00%(upstream:remoteref) refs/heads/main refs/remotes/main [4ms]
2024-02-15 16:17:15.543 [info] > git status -z -uall [684ms]
2024-02-15 16:17:16.323 [info] > git ls-files --stage -- /var/lib/odoo/modules/tarea03abm/views/views.xml [4ms]
2024-02-15 16:17:16.351 [info] > git show --textconv :modules/tarea03abm/views/views.xml [4ms]
2024-02-15 16:17:33.018 [info] > git ls-files --stage -- /var/lib/odoo/modules/tarea03abm/views/views.xml [4ms]
2024-02-15 16:17:33.046 [info] > git show --textconv :modules/tarea03abm/views/views.xml [4ms]
2024-02-15 16:20:15.358 [info] > git fetch [547ms]
2024-02-15 16:20:15.378 [info] > git config --get commit.template [1ms]
2024-02-15 16:20:15.396 [info] > git for-each-ref --format=%(refname)%00%(upstream:short)%00%(objectname)%00%(upstream:track)%00%(upstream:remotename)%00%(upstream:remoteref) refs/heads/main refs/remotes/main [3ms]
2024-02-15 16:20:15.562 [info] > git status -z -uall [147ms]
2024-02-15 16:20:16.492 [info] > git config --get commit.template [21ms]
2024-02-15 16:20:16.493 [info] > git for-each-ref --format=%(refname)%00%(upstream:short)%00%(objectname)%00%(upstream:track)%00%(upstream:remotename)%00%(upstream:remoteref) refs/heads/main refs/remotes/main [4ms]
2024-02-15 16:20:16.669 [info] > git status -z -uall [157ms]
2024-02-15 16:20:16.737 [info] > git ls-files --stage -- /var/lib/odoo/modules/tarea03abm/views/views.xml [78ms]
2024-02-15 16:20:16.780 [info] > git show --textconv :modules/tarea03abm/views/views.xml [4ms]
2024-02-15 16:20:33.795 [info] > git ls-files --stage -- /var/lib/odoo/modules/tarea03abm/views/views.xml [4ms]
2024-02-15 16:20:33.825 [info] > git show --textconv :modules/tarea03abm/views/views.xml [5ms]
2024-02-15 16:23:16.216 [info] > git fetch [545ms]
2024-02-15 16:23:16.257 [info] > git config --get commit.template [20ms]
2024-02-15 16:23:16.258 [info] > git for-each-ref --format=%(refname)%00%(upstream:short)%00%(objectname)%00%(upstream:track)%00%(upstream:remotename)%00%(upstream:remoteref) refs/heads/main refs/remotes/main [3ms]
2024-02-15 16:23:16.418 [info] > git status -z -uall [143ms]
2024-02-15 16:23:16.530 [info] > git config --get commit.template [24ms]
2024-02-15 16:23:16.531 [info] > git for-each-ref --format=%(refname)%00%(upstream:short)%00%(objectname)%00%(upstream:track)%00%(upstream:remotename)%00%(upstream:remoteref) refs/heads/main refs/remotes/main [2ms]
2024-02-15 16:23:17.234 [info] > git status -z -uall [684ms]
2024-02-15 16:23:17.998 [info] > git ls-files --stage -- /var/lib/odoo/modules/tarea03abm/views/views.xml [4ms]
2024-02-15 16:23:18.028 [info] > git show --textconv :modules/tarea03abm/views/views.xml [4ms]
2024-02-15 16:23:34.649 [info] > git ls-files --stage -- /var/lib/odoo/modules/tarea03abm/views/views.xml [5ms]
2024-02-15 16:23:34.680 [info] > git show --textconv :modules/tarea03abm/views/views.xml [4ms]
2024-02-15 16:25:05.016 [info] > git show --textconv :modules/tarea03abm/models/paciente.py [17ms]
2024-02-15 16:25:05.018 [info] > git ls-files --stage -- /var/lib/odoo/modules/tarea03abm/models/paciente.py [3ms]
2024-02-15 16:25:13.418 [info] > git show --textconv :modules/tarea03abm/__manifest__.py [29ms]
2024-02-15 16:25:13.422 [info] > git ls-files --stage -- /var/lib/odoo/modules/tarea03abm/__manifest__.py [5ms]
2024-02-15 16:25:24.380 [info] > git show --textconv :modules/tarea03abm/views/views.xml [19ms]
2024-02-15 16:25:24.384 [info] > git ls-files --stage -- /var/lib/odoo/modules/tarea03abm/views/views.xml [7ms]
2024-02-15 16:25:41.609 [info] > git show --textconv :modules/tarea03abm/__manifest__.py [19ms]
2024-02-15 16:25:41.613 [info] > git ls-files --stage -- /var/lib/odoo/modules/tarea03abm/__manifest__.py [6ms]
2024-02-15 16:25:55.270 [info] > git show --textconv :modules/tarea03abm/models/paciente.py [16ms]
2024-02-15 16:25:55.273 [info] > git ls-files --stage -- /var/lib/odoo/modules/tarea03abm/models/paciente.py [4ms]
2024-02-15 16:25:57.757 [info] > git config --get commit.template [34ms]
2024-02-15 16:25:57.760 [info] > git for-each-ref --format=%(refname)%00%(upstream:short)%00%(objectname)%00%(upstream:track)%00%(upstream:remotename)%00%(upstream:remoteref) refs/heads/main refs/remotes/main [5ms]
2024-02-15 16:25:57.912 [info] > git show --textconv :modules/tarea03abm/models/__init__.py [26ms]
2024-02-15 16:25:57.919 [info] > git ls-files --stage -- /var/lib/odoo/modules/tarea03abm/models/__init__.py [9ms]
2024-02-15 16:25:57.950 [info] > git status -z -uall [166ms]
2024-02-15 16:26:17.045 [info] > git fetch [540ms]
2024-02-15 16:26:17.081 [info] > git config --get commit.template [18ms]
2024-02-15 16:26:17.083 [info] > git for-each-ref --format=%(refname)%00%(upstream:short)%00%(objectname)%00%(upstream:track)%00%(upstream:remotename)%00%(upstream:remoteref) refs/heads/main refs/remotes/main [4ms]
2024-02-15 16:26:17.244 [info] > git status -z -uall [142ms]
2024-02-15 16:26:17.371 [info] > git config --get commit.template [23ms]
2024-02-15 16:26:17.372 [info] > git for-each-ref --format=%(refname)%00%(upstream:short)%00%(objectname)%00%(upstream:track)%00%(upstream:remotename)%00%(upstream:remoteref) refs/heads/main refs/remotes/main [6ms]
2024-02-15 16:26:18.024 [info] > git status -z -uall [631ms]
2024-02-15 16:26:18.846 [info] > git ls-files --stage -- /var/lib/odoo/modules/tarea03abm/models/__init__.py [5ms]
2024-02-15 16:26:18.883 [info] > git show --textconv :modules/tarea03abm/models/__init__.py [4ms]
2024-02-15 16:26:29.057 [info] > git show --textconv :modules/tarea03abm/models/paciente.py [27ms]
2024-02-15 16:26:29.060 [info] > git ls-files --stage -- /var/lib/odoo/modules/tarea03abm/models/paciente.py [4ms]
2024-02-15 16:26:30.493 [info] > git show --textconv :modules/tarea03abm/views/views.xml [19ms]
2024-02-15 16:26:30.496 [info] > git ls-files --stage -- /var/lib/odoo/modules/tarea03abm/views/views.xml [4ms]
2024-02-15 16:26:35.489 [info] > git ls-files --stage -- /var/lib/odoo/modules/tarea03abm/views/views.xml [4ms]
2024-02-15 16:26:35.521 [info] > git show --textconv :modules/tarea03abm/views/views.xml [5ms]
2024-02-15 16:26:51.216 [info] > git show --textconv :modules/tarea03abm/views/vistaPaciente.xml [24ms]
2024-02-15 16:26:51.225 [info] > git ls-files --stage -- /var/lib/odoo/modules/tarea03abm/views/vistaPaciente.xml [10ms]
2024-02-15 16:26:51.373 [info] > git check-ignore -v -z --stdin [7ms]
2024-02-15 16:26:53.797 [info] > git show --textconv :modules/tarea03abm/__manifest__.py [22ms]
2024-02-15 16:26:53.804 [info] > git ls-files --stage -- /var/lib/odoo/modules/tarea03abm/__manifest__.py [9ms]
2024-02-15 16:29:06.154 [info] > git show --textconv :modules/tarea03abm/models/paciente.py [18ms]
2024-02-15 16:29:06.157 [info] > git ls-files --stage -- /var/lib/odoo/modules/tarea03abm/models/paciente.py [4ms]
2024-02-15 16:29:17.897 [info] > git fetch [543ms]
2024-02-15 16:29:17.931 [info] > git config --get commit.template [17ms]
2024-02-15 16:29:17.932 [info] > git for-each-ref --format=%(refname)%00%(upstream:short)%00%(objectname)%00%(upstream:track)%00%(upstream:remotename)%00%(upstream:remoteref) refs/heads/main refs/remotes/main [3ms]
2024-02-15 16:29:18.090 [info] > git status -z -uall [141ms]
2024-02-15 16:29:18.947 [info] > git config --get commit.template [2ms]
2024-02-15 16:29:18.968 [info] > git for-each-ref --format=%(refname)%00%(upstream:short)%00%(objectname)%00%(upstream:track)%00%(upstream:remotename)%00%(upstream:remoteref) refs/heads/main refs/remotes/main [3ms]
2024-02-15 16:29:19.116 [info] > git status -z -uall [129ms]
2024-02-15 16:29:19.201 [info] > git ls-files --stage -- /var/lib/odoo/modules/tarea03abm/models/paciente.py [5ms]
2024-02-15 16:29:19.879 [info] > git show --textconv :modules/tarea03abm/models/paciente.py [650ms]
2024-02-15 16:29:36.366 [info] > git ls-files --stage -- /var/lib/odoo/modules/tarea03abm/models/paciente.py [5ms]
2024-02-15 16:29:36.400 [info] > git show --textconv :modules/tarea03abm/models/paciente.py [4ms]
2024-02-15 16:30:30.895 [info] > git show --textconv :modules/tarea03abm/models/medico.py [18ms]
2024-02-15 16:30:30.898 [info] > git ls-files --stage -- /var/lib/odoo/modules/tarea03abm/models/medico.py [5ms]
2024-02-15 16:30:31.110 [info] > git check-ignore -v -z --stdin [5ms]
2024-02-15 16:30:33.210 [info] > git show --textconv :modules/tarea03abm/models/paciente.py [19ms]
2024-02-15 16:30:33.213 [info] > git ls-files --stage -- /var/lib/odoo/modules/tarea03abm/models/paciente.py [4ms]
2024-02-15 16:30:39.596 [info] > git show --textconv :modules/tarea03abm/models/medico.py [19ms]
2024-02-15 16:30:39.599 [info] > git ls-files --stage -- /var/lib/odoo/modules/tarea03abm/models/medico.py [4ms]
2024-02-15 16:31:34.269 [info] > git show --textconv :modules/tarea03abm/models/paciente.py [18ms]
2024-02-15 16:31:34.273 [info] > git ls-files --stage -- /var/lib/odoo/modules/tarea03abm/models/paciente.py [5ms]
2024-02-15 16:31:37.434 [info] > git show --textconv :modules/tarea03abm/models/medico.py [23ms]
2024-02-15 16:31:37.436 [info] > git ls-files --stage -- /var/lib/odoo/modules/tarea03abm/models/medico.py [5ms]
2024-02-15 16:32:02.569 [info] > git show --textconv :modules/tarea03abm/views/vistaMedico.xml [19ms]
2024-02-15 16:32:02.572 [info] > git ls-files --stage -- /var/lib/odoo/modules/tarea03abm/views/vistaMedico.xml [4ms]
2024-02-15 16:32:02.799 [info] > git check-ignore -v -z --stdin [5ms]
2024-02-15 16:32:06.996 [info] > git show --textconv :modules/tarea03abm/models/paciente.py [20ms]
2024-02-15 16:32:07.001 [info] > git ls-files --stage -- /var/lib/odoo/modules/tarea03abm/models/paciente.py [7ms]
2024-02-15 16:32:07.725 [info] > git show --textconv :modules/tarea03abm/views/vistaPaciente.xml [20ms]
2024-02-15 16:32:07.729 [info] > git ls-files --stage -- /var/lib/odoo/modules/tarea03abm/views/vistaPaciente.xml [5ms]
2024-02-15 16:32:13.203 [info] > git show --textconv :modules/tarea03abm/views/vistaMedico.xml [22ms]
2024-02-15 16:32:13.208 [info] > git ls-files --stage -- /var/lib/odoo/modules/tarea03abm/views/vistaMedico.xml [6ms]
2024-02-15 16:32:18.949 [info] > git fetch [758ms]
2024-02-15 16:32:18.984 [info] > git config --get commit.template [18ms]
2024-02-15 16:32:18.986 [info] > git for-each-ref --format=%(refname)%00%(upstream:short)%00%(objectname)%00%(upstream:track)%00%(upstream:remotename)%00%(upstream:remoteref) refs/heads/main refs/remotes/main [3ms]
2024-02-15 16:32:19.138 [info] > git status -z -uall [134ms]
2024-02-15 16:32:19.222 [info] > git config --get commit.template [7ms]
2024-02-15 16:32:19.246 [info] > git for-each-ref --format=%(refname)%00%(upstream:short)%00%(objectname)%00%(upstream:track)%00%(upstream:remotename)%00%(upstream:remoteref) refs/heads/main refs/remotes/main [6ms]
2024-02-15 16:32:20.005 [info] > git status -z -uall [739ms]
2024-02-15 16:32:20.741 [info] > git ls-files --stage -- /var/lib/odoo/modules/tarea03abm/views/vistaMedico.xml [4ms]
2024-02-15 16:32:20.771 [info] > git show --textconv :modules/tarea03abm/views/vistaMedico.xml [4ms]
2024-02-15 16:32:37.279 [info] > git ls-files --stage -- /var/lib/odoo/modules/tarea03abm/views/vistaMedico.xml [5ms]
2024-02-15 16:32:37.307 [info] > git show --textconv :modules/tarea03abm/views/vistaMedico.xml [4ms]
2024-02-15 16:33:20.123 [info] > git config --get commit.template [3ms]
2024-02-15 16:33:20.141 [info] > git for-each-ref --format=%(refname)%00%(upstream:short)%00%(objectname)%00%(upstream:track)%00%(upstream:remotename)%00%(upstream:remoteref) refs/heads/main refs/remotes/main [2ms]
2024-02-15 16:33:20.314 [info] > git status -z -uall [154ms]
2024-02-15 16:34:11.037 [info] > git show --textconv :modules/tarea03abm/models/medico.py [19ms]
2024-02-15 16:34:11.041 [info] > git ls-files --stage -- /var/lib/odoo/modules/tarea03abm/models/medico.py [5ms]
2024-02-15 16:35:07.716 [info] > git show --textconv :modules/tarea03abm/views/vistaMedico.xml [24ms]
2024-02-15 16:35:07.723 [info] > git ls-files --stage -- /var/lib/odoo/modules/tarea03abm/views/vistaMedico.xml [9ms]
2024-02-15 16:35:09.533 [info] > git show --textconv :modules/tarea03abm/__manifest__.py [21ms]
2024-02-15 16:35:09.541 [info] > git ls-files --stage -- /var/lib/odoo/modules/tarea03abm/__manifest__.py [9ms]
2024-02-15 16:35:19.785 [info] > git fetch [566ms]
2024-02-15 16:35:19.820 [info] > git config --get commit.template [18ms]
2024-02-15 16:35:19.821 [info] > git for-each-ref --format=%(refname)%00%(upstream:short)%00%(objectname)%00%(upstream:track)%00%(upstream:remotename)%00%(upstream:remoteref) refs/heads/main refs/remotes/main [3ms]
2024-02-15 16:35:19.971 [info] > git status -z -uall [134ms]
2024-02-15 16:35:20.071 [info] > git config --get commit.template [18ms]
2024-02-15 16:35:20.072 [info] > git for-each-ref --format=%(refname)%00%(upstream:short)%00%(objectname)%00%(upstream:track)%00%(upstream:remotename)%00%(upstream:remoteref) refs/heads/main refs/remotes/main [3ms]
2024-02-15 16:35:20.808 [info] > git status -z -uall [719ms]
2024-02-15 16:35:21.560 [info] > git ls-files --stage -- /var/lib/odoo/modules/tarea03abm/__manifest__.py [4ms]
2024-02-15 16:35:21.588 [info] > git show --textconv :modules/tarea03abm/__manifest__.py [6ms]
2024-02-15 16:35:38.054 [info] > git ls-files --stage -- /var/lib/odoo/modules/tarea03abm/__manifest__.py [4ms]
2024-02-15 16:35:38.087 [info] > git show --textconv :modules/tarea03abm/__manifest__.py [4ms]
2024-02-15 16:36:10.266 [info] > git show --textconv :modules/tarea03abm/views/vistaMedico.xml [75ms]
2024-02-15 16:36:10.278 [info] > git ls-files --stage -- /var/lib/odoo/modules/tarea03abm/views/vistaMedico.xml [15ms]
2024-02-15 16:36:36.021 [info] > git config --get commit.template [19ms]
2024-02-15 16:36:36.022 [info] > git for-each-ref --format=%(refname)%00%(upstream:short)%00%(objectname)%00%(upstream:track)%00%(upstream:remotename)%00%(upstream:remoteref) refs/heads/main refs/remotes/main [4ms]
2024-02-15 16:36:36.179 [info] > git status -z -uall [140ms]
2024-02-15 16:37:14.604 [info] > git show --textconv :modules/tarea03abm/models/medico.py [18ms]
2024-02-15 16:37:14.607 [info] > git ls-files --stage -- /var/lib/odoo/modules/tarea03abm/models/medico.py [5ms]
2024-02-15 16:37:20.893 [info] > git show --textconv :modules/tarea03abm/views/vistaMedico.xml [16ms]
2024-02-15 16:37:20.897 [info] > git ls-files --stage -- /var/lib/odoo/modules/tarea03abm/views/vistaMedico.xml [5ms]
2024-02-15 16:37:37.670 [info] > git show --textconv :modules/tarea03abm/models/medico.py [22ms]
2024-02-15 16:37:37.672 [info] > git ls-files --stage -- /var/lib/odoo/modules/tarea03abm/models/medico.py [3ms]
2024-02-15 16:37:41.094 [info] > git show --textconv :modules/tarea03abm/views/vistaMedico.xml [21ms]
2024-02-15 16:37:41.101 [info] > git ls-files --stage -- /var/lib/odoo/modules/tarea03abm/views/vistaMedico.xml [5ms]
2024-02-15 16:37:49.752 [info] > git show --textconv :modules/tarea03abm/models/medico.py [20ms]
2024-02-15 16:37:49.756 [info] > git ls-files --stage -- /var/lib/odoo/modules/tarea03abm/models/medico.py [4ms]
2024-02-15 16:37:52.764 [info] > git show --textconv :modules/tarea03abm/views/vistaMedico.xml [20ms]
2024-02-15 16:37:52.769 [info] > git ls-files --stage -- /var/lib/odoo/modules/tarea03abm/views/vistaMedico.xml [6ms]
2024-02-15 16:38:20.227 [info] > git show --textconv :modules/tarea03abm/views/vistaPaciente.xml [17ms]
2024-02-15 16:38:20.234 [info] > git ls-files --stage -- /var/lib/odoo/modules/tarea03abm/views/vistaPaciente.xml [8ms]
2024-02-15 16:38:20.570 [info] > git fetch [510ms]
2024-02-15 16:38:20.609 [info] > git config --get commit.template [19ms]
2024-02-15 16:38:20.610 [info] > git for-each-ref --format=%(refname)%00%(upstream:short)%00%(objectname)%00%(upstream:track)%00%(upstream:remotename)%00%(upstream:remoteref) refs/heads/main refs/remotes/main [2ms]
2024-02-15 16:38:20.772 [info] > git status -z -uall [145ms]
2024-02-15 16:38:20.881 [info] > git config --get commit.template [19ms]
2024-02-15 16:38:20.882 [info] > git for-each-ref --format=%(refname)%00%(upstream:short)%00%(objectname)%00%(upstream:track)%00%(upstream:remotename)%00%(upstream:remoteref) refs/heads/main refs/remotes/main [3ms]
2024-02-15 16:38:21.658 [info] > git status -z -uall [757ms]
2024-02-15 16:38:22.455 [info] > git ls-files --stage -- /var/lib/odoo/modules/tarea03abm/views/vistaPaciente.xml [4ms]
2024-02-15 16:38:22.489 [info] > git show --textconv :modules/tarea03abm/views/vistaPaciente.xml [5ms]
2024-02-15 16:38:26.332 [info] > git show --textconv :modules/tarea03abm/models/medico.py [25ms]
2024-02-15 16:38:26.334 [info] > git ls-files --stage -- /var/lib/odoo/modules/tarea03abm/models/medico.py [3ms]
2024-02-15 16:38:27.291 [info] > git show --textconv :modules/tarea03abm/views/vistaMedico.xml [20ms]
2024-02-15 16:38:27.295 [info] > git ls-files --stage -- /var/lib/odoo/modules/tarea03abm/views/vistaMedico.xml [5ms]
2024-02-15 16:38:38.934 [info] > git ls-files --stage -- /var/lib/odoo/modules/tarea03abm/views/vistaMedico.xml [8ms]
2024-02-15 16:38:38.965 [info] > git show --textconv :modules/tarea03abm/views/vistaMedico.xml [5ms]
2024-02-15 16:39:48.508 [info] > git show --textconv :modules/tarea03abm/models/__init__.py [26ms]
2024-02-15 16:39:48.516 [info] > git ls-files --stage -- /var/lib/odoo/modules/tarea03abm/models/__init__.py [9ms]
2024-02-15 16:40:31.871 [info] > git show --textconv :modules/tarea03abm/views/vistaPaciente.xml [19ms]
2024-02-15 16:40:31.874 [info] > git ls-files --stage -- /var/lib/odoo/modules/tarea03abm/views/vistaPaciente.xml [4ms]
2024-02-15 16:40:32.636 [info] > git show --textconv :modules/tarea03abm/views/vistaMedico.xml [19ms]
2024-02-15 16:40:32.640 [info] > git ls-files --stage -- /var/lib/odoo/modules/tarea03abm/views/vistaMedico.xml [6ms]
2024-02-15 16:41:21.427 [info] > git fetch [559ms]
2024-02-15 16:41:21.475 [info] > git config --get commit.template [22ms]
2024-02-15 16:41:21.477 [info] > git for-each-ref --format=%(refname)%00%(upstream:short)%00%(objectname)%00%(upstream:track)%00%(upstream:remotename)%00%(upstream:remoteref) refs/heads/main refs/remotes/main [7ms]
2024-02-15 16:41:21.670 [info] > git status -z -uall [172ms]
2024-02-15 16:41:22.628 [info] > git config --get commit.template [21ms]
2024-02-15 16:41:22.629 [info] > git for-each-ref --format=%(refname)%00%(upstream:short)%00%(objectname)%00%(upstream:track)%00%(upstream:remotename)%00%(upstream:remoteref) refs/heads/main refs/remotes/main [3ms]
2024-02-15 16:41:22.766 [info] > git ls-files --stage -- /var/lib/odoo/modules/tarea03abm/views/vistaMedico.xml [6ms]
2024-02-15 16:41:22.797 [info] > git show --textconv :modules/tarea03abm/views/vistaMedico.xml [8ms]
2024-02-15 16:41:22.798 [info] > git status -z -uall [146ms]
2024-02-15 16:41:39.819 [info] > git show --textconv :modules/tarea03abm/views/vistaPaciente.xml [22ms]
2024-02-15 16:41:39.823 [info] > git ls-files --stage -- /var/lib/odoo/modules/tarea03abm/views/vistaPaciente.xml [5ms]
2024-02-15 16:41:43.657 [info] > git show --textconv :modules/tarea03abm/views/vistaMedico.xml [22ms]
2024-02-15 16:41:43.660 [info] > git ls-files --stage -- /var/lib/odoo/modules/tarea03abm/views/vistaMedico.xml [4ms]
2024-02-15 16:42:34.129 [info] > git show --textconv :modules/tarea03abm/views/vistaPaciente.xml [19ms]
2024-02-15 16:42:34.131 [info] > git ls-files --stage -- /var/lib/odoo/modules/tarea03abm/views/vistaPaciente.xml [4ms]
2024-02-15 16:42:56.538 [info] > git show --textconv :modules/tarea03abm/views/vistaMedico.xml [20ms]
2024-02-15 16:42:56.541 [info] > git ls-files --stage -- /var/lib/odoo/modules/tarea03abm/views/vistaMedico.xml [4ms]
2024-02-15 16:43:05.874 [info] > git show --textconv :modules/tarea03abm/views/vistaPaciente.xml [19ms]
2024-02-15 16:43:05.876 [info] > git ls-files --stage -- /var/lib/odoo/modules/tarea03abm/views/vistaPaciente.xml [5ms]
2024-02-15 16:43:10.672 [info] > git show --textconv :modules/tarea03abm/views/vistaMedico.xml [17ms]
2024-02-15 16:43:10.677 [info] > git ls-files --stage -- /var/lib/odoo/modules/tarea03abm/views/vistaMedico.xml [6ms]
2024-02-15 16:43:11.891 [info] > git show --textconv :modules/tarea03abm/views/vistaPaciente.xml [19ms]
2024-02-15 16:43:11.893 [info] > git ls-files --stage -- /var/lib/odoo/modules/tarea03abm/views/vistaPaciente.xml [3ms]
2024-02-15 16:43:40.663 [info] > git show --textconv :modules/tarea03abm/views/vistaMedico.xml [17ms]
2024-02-15 16:43:40.669 [info] > git ls-files --stage -- /var/lib/odoo/modules/tarea03abm/views/vistaMedico.xml [7ms]
2024-02-15 16:43:55.559 [info] > git show --textconv :modules/tarea03abm/views/vistaPaciente.xml [18ms]
2024-02-15 16:43:55.562 [info] > git ls-files --stage -- /var/lib/odoo/modules/tarea03abm/views/vistaPaciente.xml [5ms]
2024-02-15 16:44:41.859 [info] > git ls-files --stage -- /var/lib/odoo/modules/tarea03abm/views/vistaPaciente.xml [5ms]
2024-02-15 16:44:41.920 [info] > git show --textconv :modules/tarea03abm/views/vistaPaciente.xml [10ms]
2024-02-15 16:44:42.352 [info] > git fetch [537ms]
2024-02-15 16:44:42.374 [info] > git config --get commit.template [4ms]
2024-02-15 16:44:42.393 [info] > git for-each-ref --format=%(refname)%00%(upstream:short)%00%(objectname)%00%(upstream:track)%00%(upstream:remotename)%00%(upstream:remoteref) refs/heads/main refs/remotes/main [2ms]
2024-02-15 16:44:42.562 [info] > git status -z -uall [152ms]
2024-02-15 16:44:42.694 [info] > git config --get commit.template [30ms]
2024-02-15 16:44:43.431 [info] > git for-each-ref --format=%(refname)%00%(upstream:short)%00%(objectname)%00%(upstream:track)%00%(upstream:remotename)%00%(upstream:remoteref) refs/heads/main refs/remotes/main [3ms]
2024-02-15 16:44:43.598 [info] > git status -z -uall [147ms]
2024-02-15 16:44:43.706 [info] > git ls-files --stage -- /var/lib/odoo/modules/tarea03abm/views/vistaPaciente.xml [5ms]
2024-02-15 16:44:44.390 [info] > git show --textconv :modules/tarea03abm/views/vistaPaciente.xml [661ms]
2024-02-15 16:44:44.560 [info] > git show --textconv :modules/tarea03abm/views/vistaMedico.xml [21ms]
2024-02-15 16:44:44.564 [info] > git ls-files --stage -- /var/lib/odoo/modules/tarea03abm/views/vistaMedico.xml [6ms]
2024-02-15 16:45:03.228 [info] > git show --textconv :modules/tarea03abm/__manifest__.py [21ms]
2024-02-15 16:45:03.231 [info] > git ls-files --stage -- /var/lib/odoo/modules/tarea03abm/__manifest__.py [5ms]
2024-02-15 16:45:06.643 [info] > git config --get commit.template [26ms]
2024-02-15 16:45:06.646 [info] > git for-each-ref --format=%(refname)%00%(upstream:short)%00%(objectname)%00%(upstream:track)%00%(upstream:remotename)%00%(upstream:remoteref) refs/heads/main refs/remotes/main [5ms]
2024-02-15 16:45:06.815 [info] > git status -z -uall [148ms]
2024-02-15 16:45:07.618 [info] > git show --textconv :modules/tarea03abm/views/vistaMedico.xml [696ms]
2024-02-15 16:45:07.618 [info] > git ls-files --stage -- /var/lib/odoo/modules/tarea03abm/views/vistaMedico.xml [678ms]
2024-02-15 16:45:43.647 [info] > git show --textconv :modules/tarea03abm/__manifest__.py [19ms]
2024-02-15 16:45:43.653 [info] > git ls-files --stage -- /var/lib/odoo/modules/tarea03abm/__manifest__.py [8ms]
2024-02-15 16:45:46.527 [info] > git show --textconv :modules/tarea03abm/models/__init__.py [27ms]
2024-02-15 16:45:46.527 [info] > git ls-files --stage -- /var/lib/odoo/modules/tarea03abm/models/__init__.py [1ms]
2024-02-15 16:45:49.417 [info] > git show --textconv :modules/tarea03abm/views/vistaMedico.xml [18ms]
2024-02-15 16:45:49.420 [info] > git ls-files --stage -- /var/lib/odoo/modules/tarea03abm/views/vistaMedico.xml [3ms]
2024-02-15 16:45:50.668 [info] > git show --textconv :modules/tarea03abm/models/medico.py [43ms]
2024-02-15 16:45:50.669 [info] > git ls-files --stage -- /var/lib/odoo/modules/tarea03abm/models/medico.py [17ms]
2024-02-15 16:46:12.470 [info] > git show --textconv :modules/tarea03abm/views/vistaMedico.xml [18ms]
2024-02-15 16:46:12.472 [info] > git ls-files --stage -- /var/lib/odoo/modules/tarea03abm/views/vistaMedico.xml [3ms]
2024-02-15 16:46:17.123 [info] > git show --textconv :modules/tarea03abm/views/vistaPaciente.xml [20ms]
2024-02-15 16:46:17.126 [info] > git ls-files --stage -- /var/lib/odoo/modules/tarea03abm/views/vistaPaciente.xml [4ms]
2024-02-15 16:46:46.133 [info] > git show --textconv :modules/tarea03abm/views/vistaMedico.xml [17ms]
2024-02-15 16:46:46.136 [info] > git ls-files --stage -- /var/lib/odoo/modules/tarea03abm/views/vistaMedico.xml [4ms]
2024-02-15 16:47:05.795 [info] > git show --textconv :modules/tarea03abm/models/medico.py [18ms]
2024-02-15 16:47:05.799 [info] > git ls-files --stage -- /var/lib/odoo/modules/tarea03abm/models/medico.py [5ms]
2024-02-15 16:47:06.621 [info] > git show --textconv :modules/tarea03abm/views/vistaPaciente.xml [18ms]
2024-02-15 16:47:06.624 [info] > git ls-files --stage -- /var/lib/odoo/modules/tarea03abm/views/vistaPaciente.xml [4ms]
2024-02-15 16:47:41.374 [info] > git ls-files --stage -- /var/lib/odoo/modules/tarea03abm/views/vistaPaciente.xml [4ms]
2024-02-15 16:47:41.403 [info] > git show --textconv :modules/tarea03abm/views/vistaPaciente.xml [3ms]
2024-02-15 16:47:43.204 [info] > git fetch [542ms]
2024-02-15 16:47:43.240 [info] > git config --get commit.template [19ms]
2024-02-15 16:47:43.241 [info] > git for-each-ref --format=%(refname)%00%(upstream:short)%00%(objectname)%00%(upstream:track)%00%(upstream:remotename)%00%(upstream:remoteref) refs/heads/main refs/remotes/main [3ms]
2024-02-15 16:47:43.397 [info] > git status -z -uall [139ms]
2024-02-15 16:47:43.486 [info] > git config --get commit.template [5ms]
2024-02-15 16:47:43.509 [info] > git for-each-ref --format=%(refname)%00%(upstream:short)%00%(objectname)%00%(upstream:track)%00%(upstream:remotename)%00%(upstream:remoteref) refs/heads/main refs/remotes/main [4ms]
2024-02-15 16:47:44.264 [info] > git status -z -uall [736ms]
2024-02-15 16:47:45.065 [info] > git ls-files --stage -- /var/lib/odoo/modules/tarea03abm/views/vistaPaciente.xml [5ms]
2024-02-15 16:47:45.098 [info] > git show --textconv :modules/tarea03abm/views/vistaPaciente.xml [4ms]
2024-02-15 16:47:47.500 [info] > git show --textconv :modules/tarea03abm/views/vistaMedico.xml [20ms]
2024-02-15 16:47:47.502 [info] > git ls-files --stage -- /var/lib/odoo/modules/tarea03abm/views/vistaMedico.xml [3ms]
2024-02-15 16:47:54.687 [info] > git show --textconv :modules/tarea03abm/views/vistaPaciente.xml [20ms]
2024-02-15 16:47:54.690 [info] > git ls-files --stage -- /var/lib/odoo/modules/tarea03abm/views/vistaPaciente.xml [4ms]
2024-02-15 16:47:57.727 [info] > git show --textconv :modules/tarea03abm/views/vistaMedico.xml [21ms]
2024-02-15 16:47:57.731 [info] > git ls-files --stage -- /var/lib/odoo/modules/tarea03abm/views/vistaMedico.xml [4ms]
2024-02-15 16:48:00.503 [info] > git show --textconv :modules/tarea03abm/views/vistaPaciente.xml [19ms]
2024-02-15 16:48:00.506 [info] > git ls-files --stage -- /var/lib/odoo/modules/tarea03abm/views/vistaPaciente.xml [4ms]
2024-02-15 16:48:01.725 [info] > git show --textconv :modules/tarea03abm/views/vistaMedico.xml [23ms]
2024-02-15 16:48:01.728 [info] > git ls-files --stage -- /var/lib/odoo/modules/tarea03abm/views/vistaMedico.xml [4ms]
2024-02-15 16:48:32.402 [info] > git show --textconv :modules/tarea03abm/views/vistaPaciente.xml [27ms]
2024-02-15 16:48:32.406 [info] > git ls-files --stage -- /var/lib/odoo/modules/tarea03abm/views/vistaPaciente.xml [5ms]
2024-02-15 16:48:34.191 [info] > git show --textconv :modules/tarea03abm/views/vistaMedico.xml [21ms]
2024-02-15 16:48:34.196 [info] > git ls-files --stage -- /var/lib/odoo/modules/tarea03abm/views/vistaMedico.xml [5ms]
2024-02-15 16:49:17.003 [info] > git show --textconv :modules/tarea03abm/views/vistaPaciente.xml [21ms]
2024-02-15 16:49:17.006 [info] > git ls-files --stage -- /var/lib/odoo/modules/tarea03abm/views/vistaPaciente.xml [5ms]
2024-02-15 16:50:42.167 [info] > git ls-files --stage -- /var/lib/odoo/modules/tarea03abm/views/vistaPaciente.xml [5ms]
2024-02-15 16:50:42.206 [info] > git show --textconv :modules/tarea03abm/views/vistaPaciente.xml [5ms]
2024-02-15 16:50:43.989 [info] > git fetch [499ms]
2024-02-15 16:50:44.026 [info] > git config --get commit.template [18ms]
2024-02-15 16:50:44.027 [info] > git for-each-ref --format=%(refname)%00%(upstream:short)%00%(objectname)%00%(upstream:track)%00%(upstream:remotename)%00%(upstream:remoteref) refs/heads/main refs/remotes/main [3ms]
2024-02-15 16:50:44.203 [info] > git status -z -uall [160ms]
2024-02-15 16:50:44.327 [info] > git config --get commit.template [25ms]
2024-02-15 16:50:45.103 [info] > git for-each-ref --format=%(refname)%00%(upstream:short)%00%(objectname)%00%(upstream:track)%00%(upstream:remotename)%00%(upstream:remoteref) refs/heads/main refs/remotes/main [756ms]
2024-02-15 16:50:45.239 [info] > git show --textconv :modules/tarea03abm/views/vistaMedico.xml [22ms]
2024-02-15 16:50:45.247 [info] > git ls-files --stage -- /var/lib/odoo/modules/tarea03abm/views/vistaMedico.xml [8ms]
2024-02-15 16:50:45.292 [info] > git status -z -uall [168ms]
2024-02-15 16:50:45.358 [info] > git ls-files --stage -- /var/lib/odoo/modules/tarea03abm/views/vistaMedico.xml [70ms]
2024-02-15 16:50:45.403 [info] > git show --textconv :modules/tarea03abm/views/vistaMedico.xml [5ms]
2024-02-15 16:51:16.832 [info] > git show --textconv :modules/tarea03abm/views/vistaPaciente.xml [26ms]
2024-02-15 16:51:16.838 [info] > git ls-files --stage -- /var/lib/odoo/modules/tarea03abm/views/vistaPaciente.xml [6ms]
2024-02-15 16:53:42.997 [info] > git ls-files --stage -- /var/lib/odoo/modules/tarea03abm/views/vistaPaciente.xml [4ms]
2024-02-15 16:53:43.028 [info] > git show --textconv :modules/tarea03abm/views/vistaPaciente.xml [1ms]
2024-02-15 16:53:44.834 [info] > git fetch [530ms]
2024-02-15 16:53:44.877 [info] > git config --get commit.template [21ms]
2024-02-15 16:53:44.878 [info] > git for-each-ref --format=%(refname)%00%(upstream:short)%00%(objectname)%00%(upstream:track)%00%(upstream:remotename)%00%(upstream:remoteref) refs/heads/main refs/remotes/main [2ms]
2024-02-15 16:53:45.048 [info] > git status -z -uall [150ms]
2024-02-15 16:53:45.144 [info] > git config --get commit.template [4ms]
2024-02-15 16:53:45.167 [info] > git for-each-ref --format=%(refname)%00%(upstream:short)%00%(objectname)%00%(upstream:track)%00%(upstream:remotename)%00%(upstream:remoteref) refs/heads/main refs/remotes/main [3ms]
2024-02-15 16:53:45.883 [info] > git status -z -uall [693ms]
2024-02-15 16:53:46.708 [info] > git ls-files --stage -- /var/lib/odoo/modules/tarea03abm/views/vistaPaciente.xml [7ms]
2024-02-15 16:53:46.743 [info] > git show --textconv :modules/tarea03abm/views/vistaPaciente.xml [6ms]
2024-02-15 16:55:59.112 [info] > git config --get commit.template [25ms]
2024-02-15 16:55:59.113 [info] > git for-each-ref --format=%(refname)%00%(upstream:short)%00%(objectname)%00%(upstream:track)%00%(upstream:remotename)%00%(upstream:remoteref) refs/heads/main refs/remotes/main [5ms]
2024-02-15 16:55:59.295 [info] > git status -z -uall [160ms]
2024-02-15 16:55:59.425 [info] > git show --textconv :modules/tarea03abm/views/vistaMedico.xml [25ms]
2024-02-15 16:56:00.207 [info] > git ls-files --stage -- /var/lib/odoo/modules/tarea03abm/views/vistaMedico.xml [784ms]
2024-02-15 16:56:38.319 [info] > git show --textconv :modules/tarea03abm/__manifest__.py [35ms]
2024-02-15 16:56:38.320 [info] > git ls-files --stage -- /var/lib/odoo/modules/tarea03abm/__manifest__.py [16ms]
2024-02-15 16:56:43.814 [info] > git ls-files --stage -- /var/lib/odoo/modules/tarea03abm/__manifest__.py [4ms]
2024-02-15 16:56:43.845 [info] > git show --textconv :modules/tarea03abm/__manifest__.py [3ms]
2024-02-15 16:56:45.661 [info] > git fetch [520ms]
2024-02-15 16:56:45.698 [info] > git config --get commit.template [20ms]
2024-02-15 16:56:45.699 [info] > git for-each-ref --format=%(refname)%00%(upstream:short)%00%(objectname)%00%(upstream:track)%00%(upstream:remotename)%00%(upstream:remoteref) refs/heads/main refs/remotes/main [3ms]
2024-02-15 16:56:45.859 [info] > git status -z -uall [141ms]
2024-02-15 16:56:45.968 [info] > git config --get commit.template [27ms]
2024-02-15 16:56:45.969 [info] > git for-each-ref --format=%(refname)%00%(upstream:short)%00%(objectname)%00%(upstream:track)%00%(upstream:remotename)%00%(upstream:remoteref) refs/heads/main refs/remotes/main [9ms]
2024-02-15 16:56:46.685 [info] > git status -z -uall [699ms]
2024-02-15 16:56:47.483 [info] > git ls-files --stage -- /var/lib/odoo/modules/tarea03abm/__manifest__.py [7ms]
2024-02-15 16:56:47.517 [info] > git show --textconv :modules/tarea03abm/__manifest__.py [6ms]
2024-02-15 16:57:04.517 [info] > git show --textconv :modules/tarea03abm/views/vistaPaciente.xml [22ms]
2024-02-15 16:57:04.520 [info] > git ls-files --stage -- /var/lib/odoo/modules/tarea03abm/views/vistaPaciente.xml [4ms]
2024-02-15 16:57:15.630 [info] > git show --textconv :modules/tarea03abm/views/vistaMedico.xml [18ms]
2024-02-15 16:57:15.635 [info] > git ls-files --stage -- /var/lib/odoo/modules/tarea03abm/views/vistaMedico.xml [6ms]
2024-02-15 16:57:50.433 [info] > git show --textconv :modules/tarea03abm/views/vistaPaciente.xml [18ms]
2024-02-15 16:57:50.437 [info] > git ls-files --stage -- /var/lib/odoo/modules/tarea03abm/views/vistaPaciente.xml [5ms]
2024-02-15 16:58:19.507 [info] > git show --textconv :modules/tarea03abm/views/vistaMedico.xml [18ms]
2024-02-15 16:58:19.510 [info] > git ls-files --stage -- /var/lib/odoo/modules/tarea03abm/views/vistaMedico.xml [4ms]
2024-02-15 16:58:28.291 [info] > git show --textconv :modules/tarea03abm/views/vistaPaciente.xml [20ms]
2024-02-15 16:58:28.294 [info] > git ls-files --stage -- /var/lib/odoo/modules/tarea03abm/views/vistaPaciente.xml [4ms]
2024-02-15 16:58:45.284 [info] > git show --textconv :modules/tarea03abm/views/vistaMedico.xml [17ms]
2024-02-15 16:58:45.287 [info] > git ls-files --stage -- /var/lib/odoo/modules/tarea03abm/views/vistaMedico.xml [5ms]
2024-02-15 16:59:01.482 [info] > git show --textconv :modules/tarea03abm/__manifest__.py [21ms]
2024-02-15 16:59:01.485 [info] > git ls-files --stage -- /var/lib/odoo/modules/tarea03abm/__manifest__.py [4ms]
2024-02-15 16:59:09.810 [info] > git show --textconv :modules/tarea03abm/views/vistaPaciente.xml [20ms]
2024-02-15 16:59:09.816 [info] > git ls-files --stage -- /var/lib/odoo/modules/tarea03abm/views/vistaPaciente.xml [8ms]
2024-02-15 16:59:47.812 [info] > git ls-files --stage -- /var/lib/odoo/modules/tarea03abm/views/vistaPaciente.xml [6ms]
2024-02-15 16:59:47.870 [info] > git show --textconv :modules/tarea03abm/views/vistaPaciente.xml [10ms]
2024-02-15 16:59:48.476 [info] > git fetch [740ms]
2024-02-15 16:59:48.509 [info] > git config --get commit.template [16ms]
2024-02-15 16:59:48.510 [info] > git for-each-ref --format=%(refname)%00%(upstream:short)%00%(objectname)%00%(upstream:track)%00%(upstream:remotename)%00%(upstream:remoteref) refs/heads/main refs/remotes/main [2ms]
2024-02-15 16:59:48.671 [info] > git status -z -uall [144ms]
2024-02-15 16:59:48.778 [info] > git config --get commit.template [8ms]
2024-02-15 16:59:49.533 [info] > git for-each-ref --format=%(refname)%00%(upstream:short)%00%(objectname)%00%(upstream:track)%00%(upstream:remotename)%00%(upstream:remoteref) refs/heads/main refs/remotes/main [738ms]
2024-02-15 16:59:49.711 [info] > git status -z -uall [155ms]
2024-02-15 16:59:50.526 [info] > git ls-files --stage -- /var/lib/odoo/modules/tarea03abm/views/vistaPaciente.xml [688ms]
2024-02-15 16:59:50.578 [info] > git show --textconv :modules/tarea03abm/views/vistaPaciente.xml [10ms]
2024-02-15 16:59:52.855 [info] > git show --textconv :modules/tarea03abm/models/__init__.py [20ms]
2024-02-15 16:59:52.859 [info] > git ls-files --stage -- /var/lib/odoo/modules/tarea03abm/models/__init__.py [5ms]
2024-02-15 17:00:02.154 [info] > git show --textconv :modules/tarea03abm/__init__.py [20ms]
2024-02-15 17:00:02.158 [info] > git ls-files --stage -- /var/lib/odoo/modules/tarea03abm/__init__.py [5ms]
2024-02-15 17:00:30.469 [info] > git show --textconv :modules/tarea03abm/__manifest__.py [22ms]
2024-02-15 17:00:30.480 [info] > git ls-files --stage -- /var/lib/odoo/modules/tarea03abm/__manifest__.py [8ms]
2024-02-15 17:01:02.788 [info] > git show --textconv :modules/tarea03abm/models/medico.py [18ms]
2024-02-15 17:01:02.791 [info] > git ls-files --stage -- /var/lib/odoo/modules/tarea03abm/models/medico.py [4ms]
2024-02-15 17:01:04.422 [info] > git show --textconv :modules/tarea03abm/views/vistaMedico.xml [16ms]
2024-02-15 17:01:04.427 [info] > git ls-files --stage -- /var/lib/odoo/modules/tarea03abm/views/vistaMedico.xml [7ms]
2024-02-15 17:02:45.425 [info] > git ls-files --stage -- /var/lib/odoo/modules/tarea03abm/views/vistaMedico.xml [4ms]
2024-02-15 17:02:45.451 [info] > git show --textconv :modules/tarea03abm/views/vistaMedico.xml [4ms]
2024-02-15 17:02:49.261 [info] > git fetch [499ms]
2024-02-15 17:02:49.297 [info] > git for-each-ref --format=%(refname)%00%(upstream:short)%00%(objectname)%00%(upstream:track)%00%(upstream:remotename)%00%(upstream:remoteref) refs/heads/main refs/remotes/main [3ms]
2024-02-15 17:02:49.298 [info] > git config --get commit.template [17ms]
2024-02-15 17:02:49.461 [info] > git status -z -uall [146ms]
2024-02-15 17:02:49.555 [info] > git config --get commit.template [4ms]
2024-02-15 17:02:49.575 [info] > git for-each-ref --format=%(refname)%00%(upstream:short)%00%(objectname)%00%(upstream:track)%00%(upstream:remotename)%00%(upstream:remoteref) refs/heads/main refs/remotes/main [4ms]
2024-02-15 17:02:50.317 [info] > git status -z -uall [725ms]
2024-02-15 17:02:51.103 [info] > git ls-files --stage -- /var/lib/odoo/modules/tarea03abm/views/vistaMedico.xml [5ms]
2024-02-15 17:02:51.133 [info] > git show --textconv :modules/tarea03abm/views/vistaMedico.xml [4ms]
2024-02-15 17:03:30.900 [info] > git show --textconv :modules/tarea03abm/views/vistaPaciente.xml [21ms]
2024-02-15 17:03:30.903 [info] > git ls-files --stage -- /var/lib/odoo/modules/tarea03abm/views/vistaPaciente.xml [4ms]
2024-02-15 17:03:40.529 [info] > git config --get commit.template [23ms]
2024-02-15 17:03:40.530 [info] > git for-each-ref --format=%(refname)%00%(upstream:short)%00%(objectname)%00%(upstream:track)%00%(upstream:remotename)%00%(upstream:remoteref) refs/heads/main refs/remotes/main [4ms]
2024-02-15 17:03:40.704 [info] > git status -z -uall [151ms]
2024-02-15 17:06:08.271 [info] > git ls-files --stage -- /var/lib/odoo/modules/tarea03abm/views/vistaPaciente.xml [21ms]
2024-02-15 17:06:08.321 [info] > git show --textconv :modules/tarea03abm/views/vistaPaciente.xml [4ms]
2024-02-15 17:06:08.699 [info] > git fetch [545ms]
2024-02-15 17:06:08.735 [info] > git config --get commit.template [18ms]
2024-02-15 17:06:08.736 [info] > git for-each-ref --format=%(refname)%00%(upstream:short)%00%(objectname)%00%(upstream:track)%00%(upstream:remotename)%00%(upstream:remoteref) refs/heads/main refs/remotes/main [2ms]
2024-02-15 17:06:08.918 [info] > git status -z -uall [156ms]
2024-02-15 17:06:09.021 [info] > git config --get commit.template [4ms]
2024-02-15 17:06:09.042 [info] > git for-each-ref --format=%(refname)%00%(upstream:short)%00%(objectname)%00%(upstream:track)%00%(upstream:remotename)%00%(upstream:remoteref) refs/heads/main refs/remotes/main [3ms]
2024-02-15 17:06:09.961 [info] > git status -z -uall [899ms]
2024-02-15 17:06:10.828 [info] > git ls-files --stage -- /var/lib/odoo/modules/tarea03abm/views/vistaPaciente.xml [56ms]
2024-02-15 17:06:10.910 [info] > git show --textconv :modules/tarea03abm/views/vistaPaciente.xml [44ms]
2024-02-15 17:06:10.910 [info] > git show --textconv :modules/tarea03abm/views/vistaMedico.xml [22ms]
2024-02-15 17:06:10.913 [info] > git ls-files --stage -- /var/lib/odoo/modules/tarea03abm/views/vistaMedico.xml [5ms]
2024-02-15 17:06:54.502 [info] > git show --textconv :modules/tarea03abm/views/vistaPaciente.xml [21ms]
2024-02-15 17:06:54.506 [info] > git ls-files --stage -- /var/lib/odoo/modules/tarea03abm/views/vistaPaciente.xml [5ms]
2024-02-15 17:06:59.045 [info] > git show --textconv :modules/tarea03abm/views/vistaMedico.xml [20ms]
2024-02-15 17:06:59.049 [info] > git ls-files --stage -- /var/lib/odoo/modules/tarea03abm/views/vistaMedico.xml [5ms]
2024-02-15 17:07:14.917 [info] > git show --textconv :modules/tarea03abm/views/vistaPaciente.xml [20ms]
2024-02-15 17:07:14.920 [info] > git ls-files --stage -- /var/lib/odoo/modules/tarea03abm/views/vistaPaciente.xml [4ms]
2024-02-15 17:07:25.418 [info] > git show --textconv :modules/tarea03abm/views/vistaMedico.xml [18ms]
2024-02-15 17:07:25.421 [info] > git ls-files --stage -- /var/lib/odoo/modules/tarea03abm/views/vistaMedico.xml [4ms]
2024-02-15 17:08:16.529 [info] > git show --textconv :modules/tarea03abm/views/vistaPaciente.xml [21ms]
2024-02-15 17:08:16.533 [info] > git ls-files --stage -- /var/lib/odoo/modules/tarea03abm/views/vistaPaciente.xml [5ms]
2024-02-15 17:08:21.745 [info] > git show --textconv :modules/tarea03abm/views/vistaMedico.xml [20ms]
2024-02-15 17:08:21.749 [info] > git ls-files --stage -- /var/lib/odoo/modules/tarea03abm/views/vistaMedico.xml [4ms]
2024-02-15 17:08:46.617 [info] > git ls-files --stage -- /var/lib/odoo/modules/tarea03abm/views/vistaMedico.xml [5ms]
2024-02-15 17:08:46.647 [info] > git show --textconv :modules/tarea03abm/views/vistaMedico.xml [5ms]
2024-02-15 17:08:48.177 [info] > git ls-files --stage -- /var/lib/odoo/modules/tarea03abm/views/vistaMedico.xml [5ms]
2024-02-15 17:08:48.206 [info] > git show --textconv :modules/tarea03abm/views/vistaMedico.xml [4ms]
2024-02-15 17:09:07.530 [info] > git check-ignore -v -z --stdin [3ms]
2024-02-15 17:09:07.844 [info] > git show --textconv :modules/tarea03abm/security/ir.model.access.csv [18ms]
2024-02-15 17:09:07.848 [info] > git ls-files --stage -- /var/lib/odoo/modules/tarea03abm/security/ir.model.access.csv [5ms]
2024-02-15 17:09:09.533 [info] > git fetch [514ms]
2024-02-15 17:09:09.569 [info] > git config --get commit.template [19ms]
2024-02-15 17:09:09.570 [info] > git for-each-ref --format=%(refname)%00%(upstream:short)%00%(objectname)%00%(upstream:track)%00%(upstream:remotename)%00%(upstream:remoteref) refs/heads/main refs/remotes/main [2ms]
2024-02-15 17:09:09.727 [info] > git status -z -uall [136ms]
2024-02-15 17:09:10.608 [info] > git config --get commit.template [23ms]
2024-02-15 17:09:10.610 [info] > git for-each-ref --format=%(refname)%00%(upstream:short)%00%(objectname)%00%(upstream:track)%00%(upstream:remotename)%00%(upstream:remoteref) refs/heads/main refs/remotes/main [5ms]
2024-02-15 17:09:10.772 [info] > git status -z -uall [140ms]
2024-02-15 17:09:10.882 [info] > git ls-files --stage -- /var/lib/odoo/modules/tarea03abm/security/ir.model.access.csv [4ms]
2024-02-15 17:09:11.570 [info] > git show --textconv :modules/tarea03abm/security/ir.model.access.csv [6ms]
2024-02-15 17:10:12.112 [info] > git show --textconv :modules/tarea03abm/views/vistaMedico.xml [19ms]
2024-02-15 17:10:12.116 [info] > git ls-files --stage -- /var/lib/odoo/modules/tarea03abm/views/vistaMedico.xml [5ms]
2024-02-15 17:10:58.857 [info] > git show --textconv :modules/tarea03abm/models/medico.py [21ms]
2024-02-15 17:10:58.862 [info] > git ls-files --stage -- /var/lib/odoo/modules/tarea03abm/models/medico.py [7ms]
2024-02-15 17:10:59.422 [info] > git show --textconv :modules/tarea03abm/models/paciente.py [18ms]
2024-02-15 17:10:59.425 [info] > git ls-files --stage -- /var/lib/odoo/modules/tarea03abm/models/paciente.py [4ms]
2024-02-15 17:11:01.167 [info] > git show --textconv :modules/tarea03abm/models/medico.py [20ms]
2024-02-15 17:11:01.168 [info] > git ls-files --stage -- /var/lib/odoo/modules/tarea03abm/models/medico.py [5ms]
2024-02-15 17:11:07.372 [info] > git show --textconv :modules/tarea03abm/views/vistaMedico.xml [17ms]
2024-02-15 17:11:07.376 [info] > git ls-files --stage -- /var/lib/odoo/modules/tarea03abm/views/vistaMedico.xml [5ms]
2024-02-15 17:11:13.729 [info] > git show --textconv :modules/tarea03abm/views/vistaPaciente.xml [20ms]
2024-02-15 17:11:13.732 [info] > git ls-files --stage -- /var/lib/odoo/modules/tarea03abm/views/vistaPaciente.xml [5ms]
2024-02-15 17:11:46.118 [info] > git show --textconv :modules/tarea03abm/views/vistaMedico.xml [23ms]
2024-02-15 17:11:46.120 [info] > git ls-files --stage -- /var/lib/odoo/modules/tarea03abm/views/vistaMedico.xml [4ms]
2024-02-15 17:11:48.993 [info] > git ls-files --stage -- /var/lib/odoo/modules/tarea03abm/views/vistaMedico.xml [5ms]
2024-02-15 17:11:49.020 [info] > git show --textconv :modules/tarea03abm/views/vistaMedico.xml [4ms]
2024-02-15 17:12:23.872 [info] > git fetch [479ms]
2024-02-15 17:12:23.906 [info] > git config --get commit.template [18ms]
2024-02-15 17:12:23.907 [info] > git for-each-ref --format=%(refname)%00%(upstream:short)%00%(objectname)%00%(upstream:track)%00%(upstream:remotename)%00%(upstream:remoteref) refs/heads/main refs/remotes/main [2ms]
2024-02-15 17:12:24.085 [info] > git status -z -uall [160ms]
2024-02-15 17:12:24.960 [info] > git config --get commit.template [780ms]
2024-02-15 17:12:24.983 [info] > git for-each-ref --format=%(refname)%00%(upstream:short)%00%(objectname)%00%(upstream:track)%00%(upstream:remotename)%00%(upstream:remoteref) refs/heads/main refs/remotes/main [3ms]
2024-02-15 17:12:25.158 [info] > git status -z -uall [155ms]
2024-02-15 17:12:25.254 [info] > git ls-files --stage -- /var/lib/odoo/modules/tarea03abm/views/vistaMedico.xml [4ms]
2024-02-15 17:12:25.926 [info] > git show --textconv :modules/tarea03abm/views/vistaMedico.xml [643ms]
2024-02-15 17:12:32.148 [info] > git show --textconv :modules/tarea03abm/views/vistaPaciente.xml [18ms]
2024-02-15 17:12:32.154 [info] > git ls-files --stage -- /var/lib/odoo/modules/tarea03abm/views/vistaPaciente.xml [7ms]
2024-02-15 17:12:32.673 [info] > git show --textconv :modules/tarea03abm/views/vistaMedico.xml [19ms]
2024-02-15 17:12:32.676 [info] > git ls-files --stage -- /var/lib/odoo/modules/tarea03abm/views/vistaMedico.xml [4ms]
2024-02-15 17:12:34.350 [info] > git show --textconv :modules/tarea03abm/__manifest__.py [22ms]
2024-02-15 17:12:34.355 [info] > git ls-files --stage -- /var/lib/odoo/modules/tarea03abm/__manifest__.py [9ms]
2024-02-15 17:12:47.700 [info] > git show --textconv :modules/tarea03abm/security/ir.model.access.csv [21ms]
2024-02-15 17:12:47.704 [info] > git ls-files --stage -- /var/lib/odoo/modules/tarea03abm/security/ir.model.access.csv [5ms]
2024-02-15 17:13:04.394 [info] > git show --textconv :modules/tarea03abm/__manifest__.py [24ms]
2024-02-15 17:13:04.397 [info] > git ls-files --stage -- /var/lib/odoo/modules/tarea03abm/__manifest__.py [4ms]
2024-02-15 17:13:07.956 [info] > git show --textconv :modules/tarea03abm/security/ir.model.access.csv [18ms]
2024-02-15 17:13:07.962 [info] > git ls-files --stage -- /var/lib/odoo/modules/tarea03abm/security/ir.model.access.csv [7ms]
2024-02-15 17:13:29.539 [info] > git show --textconv :modules/tarea03abm/models/medico.py [21ms]
2024-02-15 17:13:29.542 [info] > git ls-files --stage -- /var/lib/odoo/modules/tarea03abm/models/medico.py [4ms]
2024-02-15 17:13:31.179 [info] > git show --textconv :modules/tarea03abm/views/vistaMedico.xml [22ms]
2024-02-15 17:13:31.179 [info] > git ls-files --stage -- /var/lib/odoo/modules/tarea03abm/views/vistaMedico.xml [2ms]
2024-02-15 17:13:34.922 [info] > git show --textconv :modules/tarea03abm/models/medico.py [21ms]
2024-02-15 17:13:34.925 [info] > git ls-files --stage -- /var/lib/odoo/modules/tarea03abm/models/medico.py [4ms]
2024-02-15 17:13:53.626 [info] > git show --textconv :modules/tarea03abm/models/paciente.py [24ms]
2024-02-15 17:13:53.629 [info] > git ls-files --stage -- /var/lib/odoo/modules/tarea03abm/models/paciente.py [5ms]
2024-02-15 17:14:08.962 [info] > git show --textconv :modules/tarea03abm/models/medico.py [21ms]
2024-02-15 17:14:08.965 [info] > git ls-files --stage -- /var/lib/odoo/modules/tarea03abm/models/medico.py [4ms]
2024-02-15 17:14:35.202 [info] > git config --get commit.template [2ms]
2024-02-15 17:14:35.238 [info] > git for-each-ref --format=%(refname)%00%(upstream:short)%00%(objectname)%00%(upstream:track)%00%(upstream:remotename)%00%(upstream:remoteref) refs/heads/main refs/remotes/main [7ms]
2024-02-15 17:14:35.430 [info] > git status -z -uall [164ms]
2024-02-15 17:14:37.607 [info] > git show --textconv :modules/tarea03abm/views/vistaMedico.xml [25ms]
2024-02-15 17:14:37.609 [info] > git ls-files --stage -- /var/lib/odoo/modules/tarea03abm/views/vistaMedico.xml [4ms]
2024-02-15 17:14:43.856 [info] > git show --textconv :modules/tarea03abm/__manifest__.py [21ms]
2024-02-15 17:14:43.860 [info] > git ls-files --stage -- /var/lib/odoo/modules/tarea03abm/__manifest__.py [5ms]
2024-02-15 17:14:45.989 [info] > git show --textconv :modules/tarea03abm/views/vistaMedico.xml [29ms]
2024-02-15 17:14:45.994 [info] > git ls-files --stage -- /var/lib/odoo/modules/tarea03abm/views/vistaMedico.xml [6ms]
2024-02-15 17:14:49.810 [info] > git ls-files --stage -- /var/lib/odoo/modules/tarea03abm/views/vistaMedico.xml [4ms]
2024-02-15 17:14:49.840 [info] > git show --textconv :modules/tarea03abm/views/vistaMedico.xml [4ms]
2024-02-15 17:15:10.443 [info] > git show --textconv :modules/tarea03abm/models/medico.py [20ms]
2024-02-15 17:15:10.446 [info] > git ls-files --stage -- /var/lib/odoo/modules/tarea03abm/models/medico.py [4ms]
2024-02-15 17:15:13.714 [info] > git config --get commit.template [25ms]
2024-02-15 17:15:13.716 [info] > git for-each-ref --format=%(refname)%00%(upstream:short)%00%(objectname)%00%(upstream:track)%00%(upstream:remotename)%00%(upstream:remoteref) refs/heads/main refs/remotes/main [3ms]
2024-02-15 17:15:13.878 [info] > git status -z -uall [142ms]
2024-02-15 17:15:14.729 [info] > git show --textconv :modules/tarea03abm/views/vistaMedico.xml [721ms]
2024-02-15 17:15:14.730 [info] > git ls-files --stage -- /var/lib/odoo/modules/tarea03abm/views/vistaMedico.xml [702ms]
2024-02-15 17:15:24.693 [info] > git fetch [509ms]
2024-02-15 17:15:24.732 [info] > git config --get commit.template [20ms]
2024-02-15 17:15:24.733 [info] > git for-each-ref --format=%(refname)%00%(upstream:short)%00%(objectname)%00%(upstream:track)%00%(upstream:remotename)%00%(upstream:remoteref) refs/heads/main refs/remotes/main [4ms]
2024-02-15 17:15:24.887 [info] > git status -z -uall [133ms]
2024-02-15 17:15:24.978 [info] > git config --get commit.template [6ms]
2024-02-15 17:15:25.002 [info] > git for-each-ref --format=%(refname)%00%(upstream:short)%00%(objectname)%00%(upstream:track)%00%(upstream:remotename)%00%(upstream:remoteref) refs/heads/main refs/remotes/main [3ms]
2024-02-15 17:15:25.691 [info] > git status -z -uall [668ms]
2024-02-15 17:15:26.574 [info] > git ls-files --stage -- /var/lib/odoo/modules/tarea03abm/views/vistaMedico.xml [34ms]
2024-02-15 17:15:26.643 [info] > git show --textconv :modules/tarea03abm/views/vistaMedico.xml [8ms]
2024-02-15 17:16:05.058 [info] > git show --textconv :modules/tarea03abm/views/vistaPaciente.xml [21ms]
2024-02-15 17:16:05.061 [info] > git ls-files --stage -- /var/lib/odoo/modules/tarea03abm/views/vistaPaciente.xml [4ms]
2024-02-15 17:16:11.218 [info] > git show --textconv :modules/tarea03abm/__manifest__.py [25ms]
2024-02-15 17:16:11.222 [info] > git ls-files --stage -- /var/lib/odoo/modules/tarea03abm/__manifest__.py [5ms]
2024-02-15 17:16:21.963 [info] > git for-each-ref --format=%(refname)%00%(upstream:short)%00%(objectname)%00%(upstream:track)%00%(upstream:remotename)%00%(upstream:remoteref) refs/heads/main refs/remotes/main [6ms]
2024-02-15 17:16:21.964 [info] > git config --get commit.template [35ms]
2024-02-15 17:16:22.141 [info] > git status -z -uall [149ms]
2024-02-16 14:49:37.952 [info] > git fetch [10548ms]
2024-02-16 14:49:37.988 [info] > git config --get commit.template [19ms]
2024-02-16 14:49:37.990 [info] > git for-each-ref --format=%(refname)%00%(upstream:short)%00%(objectname)%00%(upstream:track)%00%(upstream:remotename)%00%(upstream:remoteref) refs/heads/main refs/remotes/main [4ms]
2024-02-16 14:49:38.149 [info] > git status -z -uall [140ms]
2024-02-16 14:52:38.803 [info] > git fetch [541ms]
2024-02-16 14:52:38.843 [info] > git config --get commit.template [18ms]
2024-02-16 14:52:38.844 [info] > git for-each-ref --format=%(refname)%00%(upstream:short)%00%(objectname)%00%(upstream:track)%00%(upstream:remotename)%00%(upstream:remoteref) refs/heads/main refs/remotes/main [2ms]
2024-02-16 14:52:39.001 [info] > git status -z -uall [137ms]
2024-02-16 14:55:59.190 [info] > git fetch [20039ms]
2024-02-16 14:55:59.190 [info] fatal: unable to access 'https://github.com/Adrienmol/SGE-ABM.git/': Could not resolve host: github.com
2024-02-16 14:55:59.226 [info] > git config --get commit.template [16ms]
2024-02-16 14:55:59.228 [info] > git for-each-ref --format=%(refname)%00%(upstream:short)%00%(objectname)%00%(upstream:track)%00%(upstream:remotename)%00%(upstream:remoteref) refs/heads/main refs/remotes/main [2ms]
2024-02-16 14:55:59.397 [info] > git status -z -uall [152ms]
2024-02-16 14:59:27.222 [info] > git fetch [27717ms]
2024-02-16 14:59:27.222 [info] fatal: unable to access 'https://github.com/Adrienmol/SGE-ABM.git/': Could not resolve host: github.com
2024-02-16 14:59:27.263 [info] > git config --get commit.template [19ms]
2024-02-16 14:59:27.266 [info] > git for-each-ref --format=%(refname)%00%(upstream:short)%00%(objectname)%00%(upstream:track)%00%(upstream:remotename)%00%(upstream:remoteref) refs/heads/main refs/remotes/main [4ms]
2024-02-16 14:59:27.622 [info] > git status -z -uall [337ms]
2024-02-16 15:02:28.556 [info] > git fetch [812ms]
2024-02-16 15:02:28.598 [info] > git config --get commit.template [23ms]
2024-02-16 15:02:28.600 [info] > git for-each-ref --format=%(refname)%00%(upstream:short)%00%(objectname)%00%(upstream:track)%00%(upstream:remotename)%00%(upstream:remoteref) refs/heads/main refs/remotes/main [3ms]
2024-02-16 15:02:28.766 [info] > git status -z -uall [150ms]
2024-02-16 15:05:39.456 [info] > git fetch [10584ms]
2024-02-16 15:05:39.494 [info] > git config --get commit.template [20ms]
2024-02-16 15:05:39.495 [info] > git for-each-ref --format=%(refname)%00%(upstream:short)%00%(objectname)%00%(upstream:track)%00%(upstream:remotename)%00%(upstream:remoteref) refs/heads/main refs/remotes/main [2ms]
2024-02-16 15:05:39.649 [info] > git status -z -uall [135ms]
2024-02-16 15:08:40.333 [info] > git fetch [568ms]
2024-02-16 15:08:40.370 [info] > git config --get commit.template [19ms]
2024-02-16 15:08:40.371 [info] > git for-each-ref --format=%(refname)%00%(upstream:short)%00%(objectname)%00%(upstream:track)%00%(upstream:remotename)%00%(upstream:remoteref) refs/heads/main refs/remotes/main [2ms]
2024-02-16 15:08:40.524 [info] > git status -z -uall [135ms]
2024-02-16 15:11:41.188 [info] > git fetch [554ms]
2024-02-16 15:11:41.223 [info] > git config --get commit.template [17ms]
2024-02-16 15:11:41.224 [info] > git for-each-ref --format=%(refname)%00%(upstream:short)%00%(objectname)%00%(upstream:track)%00%(upstream:remotename)%00%(upstream:remoteref) refs/heads/main refs/remotes/main [3ms]
2024-02-16 15:11:41.374 [info] > git status -z -uall [130ms]
2024-02-16 15:14:52.022 [info] > git fetch [10542ms]
2024-02-16 15:14:52.060 [info] > git config --get commit.template [18ms]
2024-02-16 15:14:52.061 [info] > git for-each-ref --format=%(refname)%00%(upstream:short)%00%(objectname)%00%(upstream:track)%00%(upstream:remotename)%00%(upstream:remoteref) refs/heads/main refs/remotes/main [3ms]
2024-02-16 15:14:52.219 [info] > git status -z -uall [139ms]
2024-02-16 15:18:12.378 [info] > git fetch [20044ms]
2024-02-16 15:18:12.379 [info] fatal: unable to access 'https://github.com/Adrienmol/SGE-ABM.git/': Could not resolve host: github.com
2024-02-16 15:18:12.417 [info] > git config --get commit.template [18ms]
2024-02-16 15:18:12.419 [info] > git for-each-ref --format=%(refname)%00%(upstream:short)%00%(objectname)%00%(upstream:track)%00%(upstream:remotename)%00%(upstream:remoteref) refs/heads/main refs/remotes/main [3ms]
2024-02-16 15:18:12.585 [info] > git status -z -uall [149ms]
2024-02-16 15:21:13.266 [info] > git fetch [583ms]
2024-02-16 15:21:13.307 [info] > git config --get commit.template [21ms]
2024-02-16 15:21:13.309 [info] > git for-each-ref --format=%(refname)%00%(upstream:short)%00%(objectname)%00%(upstream:track)%00%(upstream:remotename)%00%(upstream:remoteref) refs/heads/main refs/remotes/main [3ms]
2024-02-16 15:21:13.466 [info] > git status -z -uall [135ms]
2024-02-16 15:24:33.627 [info] > git fetch [20038ms]
2024-02-16 15:24:33.628 [info] fatal: unable to access 'https://github.com/Adrienmol/SGE-ABM.git/': Could not resolve host: github.com
2024-02-16 15:24:33.664 [info] > git config --get commit.template [16ms]
2024-02-16 15:24:33.665 [info] > git for-each-ref --format=%(refname)%00%(upstream:short)%00%(objectname)%00%(upstream:track)%00%(upstream:remotename)%00%(upstream:remoteref) refs/heads/main refs/remotes/main [2ms]
2024-02-16 15:24:33.837 [info] > git status -z -uall [154ms]
2024-02-16 15:32:33.990 [info] > git fetch [300048ms]
2024-02-16 15:32:33.990 [info] fatal: unable to access 'https://github.com/Adrienmol/SGE-ABM.git/': SSL connection timeout
2024-02-16 15:32:34.044 [info] > git config --get commit.template [29ms]
2024-02-16 15:32:34.049 [info] > git for-each-ref --format=%(refname)%00%(upstream:short)%00%(objectname)%00%(upstream:track)%00%(upstream:remotename)%00%(upstream:remoteref) refs/heads/main refs/remotes/main [7ms]
2024-02-16 15:32:34.324 [info] > git status -z -uall [244ms]
2024-02-16 15:51:57.001 [info] > git fetch [982441ms]
2024-02-16 15:51:57.001 [info] fatal: unable to access 'https://github.com/Adrienmol/SGE-ABM.git/': GnuTLS recv error (-54): Error in the pull function.
2024-02-16 15:51:57.041 [info] > git config --get commit.template [21ms]
2024-02-16 15:51:57.042 [info] > git for-each-ref --format=%(refname)%00%(upstream:short)%00%(objectname)%00%(upstream:track)%00%(upstream:remotename)%00%(upstream:remoteref) refs/heads/main refs/remotes/main [3ms]
2024-02-16 15:51:57.196 [info] > git status -z -uall [138ms]
2024-02-16 15:54:57.843 [info] > git fetch [551ms]
2024-02-16 15:54:57.880 [info] > git config --get commit.template [16ms]
2024-02-16 15:54:57.881 [info] > git for-each-ref --format=%(refname)%00%(upstream:short)%00%(objectname)%00%(upstream:track)%00%(upstream:remotename)%00%(upstream:remoteref) refs/heads/main refs/remotes/main [3ms]
2024-02-16 15:54:58.045 [info] > git status -z -uall [146ms]
2024-02-16 15:58:08.676 [info] > git fetch [10525ms]
2024-02-16 15:58:08.717 [info] > git config --get commit.template [22ms]
2024-02-16 15:58:08.720 [info] > git for-each-ref --format=%(refname)%00%(upstream:short)%00%(objectname)%00%(upstream:track)%00%(upstream:remotename)%00%(upstream:remoteref) refs/heads/main refs/remotes/main [4ms]
2024-02-16 15:58:08.890 [info] > git status -z -uall [148ms]
2024-02-16 16:01:09.550 [info] > git fetch [554ms]
2024-02-16 16:01:09.583 [info] > git config --get commit.template [16ms]
2024-02-16 16:01:09.584 [info] > git for-each-ref --format=%(refname)%00%(upstream:short)%00%(objectname)%00%(upstream:track)%00%(upstream:remotename)%00%(upstream:remoteref) refs/heads/main refs/remotes/main [3ms]
2024-02-16 16:01:09.748 [info] > git status -z -uall [147ms]
2024-02-16 16:04:10.410 [info] > git fetch [561ms]
2024-02-16 16:04:10.454 [info] > git config --get commit.template [22ms]
2024-02-16 16:04:10.455 [info] > git for-each-ref --format=%(refname)%00%(upstream:short)%00%(objectname)%00%(upstream:track)%00%(upstream:remotename)%00%(upstream:remoteref) refs/heads/main refs/remotes/main [2ms]
2024-02-16 16:04:10.609 [info] > git status -z -uall [132ms]
2024-02-16 16:07:11.228 [info] > git fetch [521ms]
2024-02-16 16:07:11.265 [info] > git config --get commit.template [16ms]
2024-02-16 16:07:11.266 [info] > git for-each-ref --format=%(refname)%00%(upstream:short)%00%(objectname)%00%(upstream:track)%00%(upstream:remotename)%00%(upstream:remoteref) refs/heads/main refs/remotes/main [3ms]
2024-02-16 16:07:11.428 [info] > git status -z -uall [144ms]
2024-02-16 16:10:12.059 [info] > git fetch [523ms]
2024-02-16 16:10:12.097 [info] > git config --get commit.template [19ms]
2024-02-16 16:10:12.100 [info] > git for-each-ref --format=%(refname)%00%(upstream:short)%00%(objectname)%00%(upstream:track)%00%(upstream:remotename)%00%(upstream:remoteref) refs/heads/main refs/remotes/main [4ms]
2024-02-16 16:10:12.256 [info] > git status -z -uall [138ms]
2024-02-16 16:13:12.918 [info] > git fetch [554ms]
2024-02-16 16:13:12.953 [info] > git config --get commit.template [18ms]
2024-02-16 16:13:12.954 [info] > git for-each-ref --format=%(refname)%00%(upstream:short)%00%(objectname)%00%(upstream:track)%00%(upstream:remotename)%00%(upstream:remoteref) refs/heads/main refs/remotes/main [2ms]
2024-02-16 16:13:13.132 [info] > git status -z -uall [158ms]
2024-02-16 16:16:13.741 [info] > git fetch [503ms]
2024-02-16 16:16:13.783 [info] > git config --get commit.template [20ms]
2024-02-16 16:16:13.787 [info] > git for-each-ref --format=%(refname)%00%(upstream:short)%00%(objectname)%00%(upstream:track)%00%(upstream:remotename)%00%(upstream:remoteref) refs/heads/main refs/remotes/main [5ms]
2024-02-16 16:16:13.958 [info] > git status -z -uall [152ms]
2024-02-16 16:19:45.116 [info] > git fetch [31044ms]
2024-02-16 16:19:45.153 [info] > git config --get commit.template [19ms]
2024-02-16 16:19:45.154 [info] > git for-each-ref --format=%(refname)%00%(upstream:short)%00%(objectname)%00%(upstream:track)%00%(upstream:remotename)%00%(upstream:remoteref) refs/heads/main refs/remotes/main [2ms]
2024-02-16 16:19:45.320 [info] > git status -z -uall [148ms]
2024-02-16 16:22:46.064 [info] > git fetch [629ms]
2024-02-16 16:22:46.142 [info] > git config --get commit.template [38ms]
2024-02-16 16:22:46.144 [info] > git for-each-ref --format=%(refname)%00%(upstream:short)%00%(objectname)%00%(upstream:track)%00%(upstream:remotename)%00%(upstream:remoteref) refs/heads/main refs/remotes/main [3ms]
2024-02-16 16:22:46.349 [info] > git status -z -uall [162ms]
2024-02-16 16:25:46.963 [info] > git fetch [550ms]
2024-02-16 16:25:47.003 [info] > git config --get commit.template [20ms]
2024-02-16 16:25:47.004 [info] > git for-each-ref --format=%(refname)%00%(upstream:short)%00%(objectname)%00%(upstream:track)%00%(upstream:remotename)%00%(upstream:remoteref) refs/heads/main refs/remotes/main [2ms]
2024-02-16 16:25:47.106 [info] > git status -z -uall [82ms]
2024-02-16 16:28:47.659 [info] > git fetch [526ms]
2024-02-16 16:28:47.694 [info] > git config --get commit.template [18ms]
2024-02-16 16:28:47.695 [info] > git for-each-ref --format=%(refname)%00%(upstream:short)%00%(objectname)%00%(upstream:track)%00%(upstream:remotename)%00%(upstream:remoteref) refs/heads/main refs/remotes/main [2ms]
2024-02-16 16:28:47.798 [info] > git status -z -uall [84ms]
2024-02-16 16:31:48.347 [info] > git fetch [524ms]
2024-02-16 16:31:48.386 [info] > git config --get commit.template [19ms]
2024-02-16 16:31:48.387 [info] > git for-each-ref --format=%(refname)%00%(upstream:short)%00%(objectname)%00%(upstream:track)%00%(upstream:remotename)%00%(upstream:remoteref) refs/heads/main refs/remotes/main [2ms]
2024-02-16 16:31:48.492 [info] > git status -z -uall [86ms]
2024-02-16 16:34:49.075 [info] > git fetch [556ms]
2024-02-16 16:34:49.113 [info] > git config --get commit.template [18ms]
2024-02-16 16:34:49.113 [info] > git for-each-ref --format=%(refname)%00%(upstream:short)%00%(objectname)%00%(upstream:track)%00%(upstream:remotename)%00%(upstream:remoteref) refs/heads/main refs/remotes/main [2ms]
2024-02-16 16:34:49.218 [info] > git status -z -uall [84ms]
2024-02-16 16:37:49.841 [info] > git fetch [594ms]
2024-02-16 16:37:49.881 [info] > git config --get commit.template [19ms]
2024-02-16 16:37:49.882 [info] > git for-each-ref --format=%(refname)%00%(upstream:short)%00%(objectname)%00%(upstream:track)%00%(upstream:remotename)%00%(upstream:remoteref) refs/heads/main refs/remotes/main [2ms]
2024-02-16 16:37:49.984 [info] > git status -z -uall [83ms]
2024-02-16 16:40:50.558 [info] > git fetch [551ms]
2024-02-16 16:40:50.599 [info] > git config --get commit.template [22ms]
2024-02-16 16:40:50.600 [info] > git for-each-ref --format=%(refname)%00%(upstream:short)%00%(objectname)%00%(upstream:track)%00%(upstream:remotename)%00%(upstream:remoteref) refs/heads/main refs/remotes/main [2ms]
2024-02-16 16:40:50.719 [info] > git status -z -uall [95ms]
2024-02-16 16:43:51.289 [info] > git fetch [545ms]
2024-02-16 16:43:51.330 [info] > git config --get commit.template [21ms]
2024-02-16 16:43:51.332 [info] > git for-each-ref --format=%(refname)%00%(upstream:short)%00%(objectname)%00%(upstream:track)%00%(upstream:remotename)%00%(upstream:remoteref) refs/heads/main refs/remotes/main [3ms]
2024-02-16 16:43:51.444 [info] > git status -z -uall [91ms]
2024-02-16 16:46:52.055 [info] > git fetch [580ms]
2024-02-16 16:46:52.080 [info] > git config --get commit.template [1ms]
2024-02-16 16:46:52.101 [info] > git for-each-ref --format=%(refname)%00%(upstream:short)%00%(objectname)%00%(upstream:track)%00%(upstream:remotename)%00%(upstream:remoteref) refs/heads/main refs/remotes/main [4ms]
2024-02-16 16:46:52.226 [info] > git status -z -uall [106ms]
