2024-02-20 15:41:33.275 [info] Extension host with pid 20691 started
2024-02-20 15:41:33.292 [info] Lock '/var/lib/odoo/.vscode-server/data/User/workspaceStorage/b09d447946748cf914d57fecda080cc7/vscode.lock': Lock acquired.
2024-02-20 15:41:33.810 [info] ExtensionService#_doActivateExtension mechatroner.rainbow-csv, startup: false, activationEvent: 'onLanguage:plaintext'
2024-02-20 15:41:33.817 [info] ExtensionService#_doActivateExtension vscode.emmet, startup: false, activationEvent: 'onLanguage'
2024-02-20 15:41:33.819 [info] ExtensionService#_doActivateExtension ms-python.debugpy, startup: false, activationEvent: 'onLanguage:python'
2024-02-20 15:41:33.823 [info] ExtensionService#_doActivateExtension ms-python.python, startup: false, activationEvent: 'onLanguage:python'
2024-02-20 15:41:34.826 [info] ExtensionService#_doActivateExtension vscode.git-base, startup: true, activationEvent: '*', root cause: vscode.git
2024-02-20 15:41:35.012 [info] ExtensionService#_doActivateExtension vscode.git, startup: true, activationEvent: '*'
2024-02-20 15:41:35.013 [info] ExtensionService#_doActivateExtension vscode.github, startup: true, activationEvent: '*'
2024-02-20 15:41:35.589 [info] Eager extensions activated
2024-02-20 15:41:35.590 [info] ExtensionService#_doActivateExtension vscode.debug-auto-launch, startup: false, activationEvent: 'onStartupFinished'
2024-02-20 15:41:35.591 [info] ExtensionService#_doActivateExtension vscode.merge-conflict, startup: false, activationEvent: 'onStartupFinished'
2024-02-20 15:41:35.592 [info] ExtensionService#_doActivateExtension eamodio.gitlens, startup: false, activationEvent: 'onStartupFinished'
2024-02-20 15:41:35.593 [info] ExtensionService#_doActivateExtension felipecaputo.git-project-manager, startup: false, activationEvent: 'onStartupFinished'
2024-02-20 15:41:36.562 [warning] [Decorations] CAPPING events from decorations provider vscode.git 2220
2024-02-20 15:41:37.707 [warning] [Decorations] CAPPING events from decorations provider vscode.git 2224
2024-02-20 15:44:38.487 [warning] [Decorations] CAPPING events from decorations provider vscode.git 2237
2024-02-20 15:47:39.276 [warning] [Decorations] CAPPING events from decorations provider vscode.git 2236
2024-02-20 15:50:40.032 [warning] [Decorations] CAPPING events from decorations provider vscode.git 2236
2024-02-20 15:53:40.797 [warning] [Decorations] CAPPING events from decorations provider vscode.git 2236
2024-02-20 15:56:41.824 [warning] [Decorations] CAPPING events from decorations provider vscode.git 2236
2024-02-20 15:56:42.363 [warning] [Decorations] CAPPING events from decorations provider vscode.git 2236
2024-02-20 15:59:42.621 [warning] [Decorations] CAPPING events from decorations provider vscode.git 2236
2024-02-20 15:59:43.026 [warning] [Decorations] CAPPING events from decorations provider vscode.git 2236
2024-02-20 16:02:43.430 [warning] [Decorations] CAPPING events from decorations provider vscode.git 2236
2024-02-20 16:02:43.963 [warning] [Decorations] CAPPING events from decorations provider vscode.git 2236
2024-02-20 16:17:53.026 [warning] [Decorations] CAPPING events from decorations provider vscode.git 2236
2024-02-20 16:17:53.448 [warning] [Decorations] CAPPING events from decorations provider vscode.git 2236
2024-02-20 16:19:45.930 [warning] TextEditor is closed/disposed
2024-02-20 16:20:10.926 [warning] TextEditor is closed/disposed
2024-02-20 16:20:28.259 [warning] [Decorations] CAPPING events from decorations provider vscode.git 2247
2024-02-20 16:20:29.442 [warning] TextEditor is closed/disposed
2024-02-20 16:20:34.333 [warning] [Decorations] CAPPING events from decorations provider vscode.git 2246
2024-02-20 16:20:40.220 [warning] [Decorations] CAPPING events from decorations provider vscode.git 2246
2024-02-20 16:20:45.905 [warning] TextEditor is closed/disposed
2024-02-20 16:20:46.439 [warning] [Decorations] CAPPING events from decorations provider vscode.git 2247
2024-02-20 16:20:51.748 [warning] [Decorations] CAPPING events from decorations provider vscode.git 2247
2024-02-20 16:20:57.110 [warning] [Decorations] CAPPING events from decorations provider vscode.git 2247
2024-02-20 16:20:57.638 [warning] [Decorations] CAPPING events from decorations provider vscode.git 2247
2024-02-20 16:21:20.955 [warning] TextEditor is closed/disposed
2024-02-20 16:22:19.377 [warning] [Decorations] CAPPING events from decorations provider vscode.git 2281
2024-02-20 16:22:22.960 [warning] TextEditor is closed/disposed
2024-02-20 16:22:59.243 [warning] TextEditor is closed/disposed
2024-02-20 16:23:01.741 [warning] TextEditor is closed/disposed
2024-02-20 16:23:03.989 [warning] TextEditor is closed/disposed
2024-02-20 16:23:57.908 [warning] [Decorations] CAPPING events from decorations provider vscode.git 2289
2024-02-20 16:23:58.452 [warning] [Decorations] CAPPING events from decorations provider vscode.git 2289
2024-02-20 16:25:48.389 [warning] TextEditor is closed/disposed
2024-02-20 16:25:50.964 [info] ExtensionService#_doActivateExtension redhat.vscode-xml, startup: false, activationEvent: 'onLanguage:xml'
2024-02-20 16:25:52.696 [warning] [redhat.vscode-xml] Accessing a resource scoped configuration without providing a resource is not expected. To get the effective value for '[xml]', provide the URI of a resource or 'null' for any resource.
2024-02-20 16:26:58.758 [warning] [Decorations] CAPPING events from decorations provider vscode.git 2312
2024-02-20 16:26:59.388 [warning] [Decorations] CAPPING events from decorations provider vscode.git 2310
2024-02-20 16:28:41.286 [warning] TextEditor is closed/disposed
2024-02-20 16:29:59.581 [warning] [Decorations] CAPPING events from decorations provider vscode.git 2319
2024-02-20 16:30:00.207 [warning] [Decorations] CAPPING events from decorations provider vscode.git 2319
2024-02-20 16:31:17.746 [warning] TextEditor is closed/disposed
2024-02-20 16:33:00.409 [warning] [Decorations] CAPPING events from decorations provider vscode.git 2323
2024-02-20 16:33:00.918 [warning] [Decorations] CAPPING events from decorations provider vscode.git 2323
2024-02-20 16:34:16.467 [error] [redhat.vscode-xml] provider FAILED
2024-02-20 16:34:16.468 [error] TypeError: Cannot read properties of null (reading 'tags')
	at Object.D [as asCompletionItem] (/var/lib/odoo/.vscode-server/extensions/redhat.vscode-xml-0.26.1-linux-x64/dist/extension.js:2:459134)
	at /var/lib/odoo/.vscode-server/extensions/redhat.vscode-xml-0.26.1-linux-x64/dist/extension.js:2:385140
	at async $e.resolveCompletionItem (/var/lib/odoo/.vscode-server/bin/903b1e9d8990623e3d7da1df3d33db3e42d80eda/out/vs/workbench/api/node/extensionHostProcess.js:150:99793)
2024-02-20 16:34:43.853 [warning] [Decorations] CAPPING events from decorations provider vscode.git 2328
2024-02-20 16:34:49.072 [warning] [Decorations] CAPPING events from decorations provider vscode.git 2328
2024-02-20 16:35:32.789 [warning] [Decorations] CAPPING events from decorations provider vscode.git 2331
2024-02-20 16:35:37.998 [warning] [Decorations] CAPPING events from decorations provider vscode.git 2331
2024-02-20 16:35:43.221 [warning] [Decorations] CAPPING events from decorations provider vscode.git 2332
2024-02-20 16:35:48.431 [warning] [Decorations] CAPPING events from decorations provider vscode.git 2332
2024-02-20 16:36:01.369 [warning] [Decorations] CAPPING events from decorations provider vscode.git 2333
2024-02-20 16:36:01.737 [warning] [Decorations] CAPPING events from decorations provider vscode.git 2333
2024-02-20 16:39:02.178 [warning] [Decorations] CAPPING events from decorations provider vscode.git 2343
2024-02-20 16:39:02.599 [warning] [Decorations] CAPPING events from decorations provider vscode.git 2343
2024-02-20 16:39:21.560 [warning] TextEditor is closed/disposed
2024-02-20 16:40:23.705 [warning] TextEditor is closed/disposed
2024-02-20 16:42:02.917 [warning] [Decorations] CAPPING events from decorations provider vscode.git 2350
2024-02-20 16:42:18.333 [warning] TextEditor is closed/disposed
2024-02-20 16:45:06.668 [warning] [Decorations] CAPPING events from decorations provider vscode.git 2359
2024-02-20 16:45:07.311 [warning] [Decorations] CAPPING events from decorations provider vscode.git 2359
2024-02-20 16:46:28.111 [warning] TextEditor is closed/disposed
2024-02-20 16:46:40.199 [warning] TextEditor is closed/disposed
2024-02-20 16:48:07.480 [warning] [Decorations] CAPPING events from decorations provider vscode.git 2359
2024-02-20 16:48:08.028 [warning] [Decorations] CAPPING events from decorations provider vscode.git 2359
2024-02-20 16:51:08.261 [warning] [Decorations] CAPPING events from decorations provider vscode.git 2360
2024-02-20 16:51:08.716 [warning] [Decorations] CAPPING events from decorations provider vscode.git 2360
2024-02-20 16:51:32.082 [warning] [Decorations] CAPPING events from decorations provider vscode.git 2360
2024-02-20 16:52:05.133 [warning] [Decorations] CAPPING events from decorations provider vscode.git 2360
2024-02-20 16:53:57.049 [warning] [Decorations] CAPPING events from decorations provider vscode.git 2361
2024-02-20 16:54:02.306 [warning] [Decorations] CAPPING events from decorations provider vscode.git 2361
2024-02-20 16:54:41.759 [warning] [Decorations] CAPPING events from decorations provider vscode.git 2361
2024-02-20 16:54:42.383 [warning] [Decorations] CAPPING events from decorations provider vscode.git 2361
2024-02-20 16:54:46.975 [warning] [Decorations] CAPPING events from decorations provider vscode.git 2361
2024-02-20 16:54:52.177 [warning] [Decorations] CAPPING events from decorations provider vscode.git 2361
2024-02-20 16:54:57.389 [warning] [Decorations] CAPPING events from decorations provider vscode.git 2361
2024-02-20 16:55:02.618 [warning] [Decorations] CAPPING events from decorations provider vscode.git 2361
2024-02-20 16:55:07.838 [warning] [Decorations] CAPPING events from decorations provider vscode.git 2361
2024-02-20 16:57:43.140 [warning] [Decorations] CAPPING events from decorations provider vscode.git 2362
2024-02-20 17:01:25.437 [warning] TextEditor is closed/disposed
2024-02-20 17:01:28.736 [warning] TextEditor is closed/disposed
2024-02-20 17:01:30.626 [warning] TextEditor is closed/disposed
2024-02-20 17:01:37.433 [warning] TextEditor is closed/disposed
2024-02-20 17:02:27.824 [warning] [Decorations] CAPPING events from decorations provider vscode.git 2364
2024-02-20 17:02:28.304 [warning] [Decorations] CAPPING events from decorations provider vscode.git 2364
2024-02-20 17:05:28.613 [warning] [Decorations] CAPPING events from decorations provider vscode.git 2365
2024-02-20 17:05:29.033 [warning] [Decorations] CAPPING events from decorations provider vscode.git 2365
2024-02-20 17:08:29.409 [warning] [Decorations] CAPPING events from decorations provider vscode.git 2365
2024-02-20 17:08:29.819 [warning] [Decorations] CAPPING events from decorations provider vscode.git 2365
2024-02-20 17:11:01.572 [warning] [Decorations] CAPPING events from decorations provider vscode.git 2365
2024-02-20 17:11:30.170 [warning] [Decorations] CAPPING events from decorations provider vscode.git 2366
