2024-02-09 16:14:36.929 [info] Log level: Info
2024-02-09 16:14:36.929 [info] Validating found git in: "git"
2024-02-09 16:14:36.929 [info] Using git "2.34.1" from "git"
2024-02-09 16:14:36.929 [info] > git rev-parse --show-toplevel [5ms]
2024-02-09 16:14:36.929 [info] > git rev-parse --git-dir --git-common-dir [11ms]
2024-02-09 16:14:36.929 [info] Open repository: /var/lib/odoo
2024-02-09 16:14:36.929 [info] > git rev-parse --show-toplevel [8ms]
2024-02-09 16:14:36.929 [info] > git config --get commit.template [22ms]
2024-02-09 16:14:36.929 [info] > git rev-parse --show-toplevel [42ms]
2024-02-09 16:14:36.929 [info] > git for-each-ref --format=%(refname)%00%(upstream:short)%00%(objectname)%00%(upstream:track)%00%(upstream:remotename)%00%(upstream:remoteref) refs/heads/main refs/remotes/main [61ms]
2024-02-09 16:14:36.929 [info] > git rev-parse --show-toplevel [45ms]
2024-02-09 16:14:36.987 [info] > git rev-parse --show-toplevel [63ms]
2024-02-09 16:14:37.147 [info] > git status -z -uall [168ms]
2024-02-09 16:14:37.148 [info] > git rev-parse --show-toplevel [70ms]
2024-02-09 16:14:38.505 [info] > git check-ignore -v -z --stdin [973ms]
2024-02-09 16:14:38.522 [info] > git config --get commit.template [61ms]
2024-02-09 16:14:38.525 [info] > git rev-parse --show-toplevel [89ms]
2024-02-09 16:14:38.600 [info] > git for-each-ref --format=%(refname)%00%(upstream:short)%00%(objectname)%00%(upstream:track)%00%(upstream:remotename)%00%(upstream:remoteref) refs/heads/main refs/remotes/main [14ms]
2024-02-09 16:14:39.201 [info] > git check-ignore -v -z --stdin [81ms]
2024-02-09 16:14:39.212 [info] > git status -z -uall [577ms]
2024-02-09 16:14:39.935 [info] > git check-ignore -v -z --stdin [49ms]
2024-02-09 16:14:40.080 [info] > git show --textconv :modules/tarea01abm/views/views.xml [58ms]
2024-02-09 16:14:40.142 [info] > git ls-files --stage -- /var/lib/odoo/modules/tarea01abm/views/views.xml [72ms]
2024-02-09 16:14:40.179 [info] > git cat-file -s 3541e97164440c24c0bc0eb711745a0f3c62805f [18ms]
2024-02-09 16:15:18.640 [info] > git ls-files --stage -- /var/lib/odoo/modules/tarea01abm/views/views.xml [3ms]
2024-02-09 16:15:18.658 [info] > git cat-file -s 3541e97164440c24c0bc0eb711745a0f3c62805f [2ms]
2024-02-09 16:15:18.731 [info] > git show --textconv :modules/tarea01abm/views/views.xml [3ms]
2024-02-09 16:15:41.248 [info] > git ls-files --stage -- /var/lib/odoo/modules/tarea01abm/views/views.xml [3ms]
2024-02-09 16:15:41.265 [info] > git cat-file -s 3541e97164440c24c0bc0eb711745a0f3c62805f [2ms]
2024-02-09 16:15:41.292 [info] > git show --textconv :modules/tarea01abm/views/views.xml [3ms]
2024-02-09 16:16:03.111 [info] > git merge-base refs/heads/main refs/remotes/origin/main [3ms]
2024-02-09 16:16:03.138 [info] > git rev-list --count --left-right refs/heads/main...refs/remotes/origin/main [11ms]
2024-02-09 16:16:04.138 [info] > git check-ignore -v -z --stdin [3ms]
2024-02-09 16:16:10.244 [info] > git check-ignore -v -z --stdin [7ms]
2024-02-09 16:16:46.603 [info] > git fetch [129899ms]
2024-02-09 16:16:46.604 [info] ssh: connect to host github.com port 22: Connection timed out
fatal: Could not read from remote repository.

Please make sure you have the correct access rights
and the repository exists.
2024-02-09 16:16:46.631 [info] > git config --get commit.template [12ms]
2024-02-09 16:16:46.632 [info] > git for-each-ref --format=%(refname)%00%(upstream:short)%00%(objectname)%00%(upstream:track)%00%(upstream:remotename)%00%(upstream:remoteref) refs/heads/main refs/remotes/main [3ms]
2024-02-09 16:16:46.685 [info] > git status -z -uall [40ms]
2024-02-09 16:16:50.622 [info] > git config --get commit.template [13ms]
2024-02-09 16:16:50.624 [info] > git for-each-ref --format=%(refname)%00%(upstream:short)%00%(objectname)%00%(upstream:track)%00%(upstream:remotename)%00%(upstream:remoteref) refs/heads/main refs/remotes/main [2ms]
2024-02-09 16:16:50.679 [info] > git status -z -uall [42ms]
2024-02-09 16:16:55.736 [info] > git config --get commit.template [15ms]
2024-02-09 16:16:55.739 [info] > git for-each-ref --format=%(refname)%00%(upstream:short)%00%(objectname)%00%(upstream:track)%00%(upstream:remotename)%00%(upstream:remoteref) refs/heads/main refs/remotes/main [5ms]
2024-02-09 16:16:55.793 [info] > git status -z -uall [41ms]
2024-02-09 16:16:59.609 [info] > git merge-base refs/heads/main refs/remotes/origin/main [2ms]
2024-02-09 16:16:59.625 [info] > git rev-list --count --left-right refs/heads/main...refs/remotes/origin/main [3ms]
2024-02-09 16:17:00.845 [info] > git config --get commit.template [15ms]
2024-02-09 16:17:00.846 [info] > git for-each-ref --format=%(refname)%00%(upstream:short)%00%(objectname)%00%(upstream:track)%00%(upstream:remotename)%00%(upstream:remoteref) refs/heads/main refs/remotes/main [3ms]
2024-02-09 16:17:00.901 [info] > git status -z -uall [41ms]
2024-02-09 16:17:06.442 [info] > git config --get commit.template [40ms]
2024-02-09 16:17:06.448 [info] > git for-each-ref --format=%(refname)%00%(upstream:short)%00%(objectname)%00%(upstream:track)%00%(upstream:remotename)%00%(upstream:remoteref) refs/heads/main refs/remotes/main [7ms]
2024-02-09 16:17:06.543 [info] > git status -z -uall [82ms]
2024-02-09 16:17:09.968 [info] > git add -A -- . [3545ms]
2024-02-09 16:17:10.585 [info] > git show --textconv :.git/COMMIT_EDITMSG [16ms]
2024-02-09 16:17:10.588 [info] > git ls-files --stage -- /var/lib/odoo/.git/COMMIT_EDITMSG [5ms]
2024-02-09 16:17:10.938 [info] > git check-ignore -v -z --stdin [3ms]
2024-02-09 16:17:11.558 [info] > git ls-files --stage -- /var/lib/odoo/.git/COMMIT_EDITMSG [3ms]
2024-02-09 16:17:11.583 [info] > git show --textconv :.git/COMMIT_EDITMSG [4ms]
2024-02-09 16:18:52.676 [info] > git ls-files --stage -- /var/lib/odoo/.git/COMMIT_EDITMSG [4ms]
2024-02-09 16:18:52.698 [info] > git show --textconv :.git/COMMIT_EDITMSG [3ms]
2024-02-09 16:24:03.987 [info] > git ls-files --stage -- /var/lib/odoo/.git/COMMIT_EDITMSG [3ms]
2024-02-09 16:24:04.006 [info] > git show --textconv :.git/COMMIT_EDITMSG [3ms]
2024-02-09 16:29:15.331 [info] > git ls-files --stage -- /var/lib/odoo/.git/COMMIT_EDITMSG [4ms]
2024-02-09 16:29:15.352 [info] > git show --textconv :.git/COMMIT_EDITMSG [4ms]
