2024-02-09 16:30:25.239 [info] Log level: Info
2024-02-09 16:30:25.239 [info] Validating found git in: "git"
2024-02-09 16:30:25.240 [info] Using git "2.34.1" from "git"
2024-02-09 16:30:25.240 [info] > git rev-parse --show-toplevel [4ms]
2024-02-09 16:30:25.241 [info] > git rev-parse --git-dir --git-common-dir [3ms]
2024-02-09 16:30:25.241 [info] Open repository: /var/lib/odoo
2024-02-09 16:30:25.242 [info] > git config --get commit.template [14ms]
2024-02-09 16:30:25.243 [info] > git rev-parse --show-toplevel [17ms]
2024-02-09 16:30:25.243 [info] fatal: this operation must be run in a work tree
2024-02-09 16:30:25.244 [info] > git for-each-ref --format=%(refname)%00%(upstream:short)%00%(objectname)%00%(upstream:track)%00%(upstream:remotename)%00%(upstream:remoteref) refs/heads/main refs/remotes/main [14ms]
2024-02-09 16:30:25.244 [info] > git rev-parse --show-toplevel [4ms]
2024-02-09 16:30:25.245 [info] > git rev-parse --show-toplevel [25ms]
2024-02-09 16:30:25.245 [info] > git rev-parse --show-toplevel [6ms]
2024-02-09 16:30:25.245 [info] > git rev-parse --show-toplevel [3ms]
2024-02-09 16:30:25.246 [info] > git rev-parse --show-toplevel [3ms]
2024-02-09 16:30:25.246 [info] > git status -z -uall [115ms]
2024-02-09 16:30:25.247 [info] > git config --get commit.template [1043ms]
2024-02-09 16:30:25.248 [info] > git for-each-ref --format=%(refname)%00%(upstream:short)%00%(objectname)%00%(upstream:track)%00%(upstream:remotename)%00%(upstream:remoteref) refs/heads/main refs/remotes/main [169ms]
2024-02-09 16:30:25.339 [info] > git status -z -uall [110ms]
2024-02-09 16:30:26.097 [info] > git check-ignore -v -z --stdin [26ms]
2024-02-09 16:30:26.397 [info] > git show --textconv :modules/tarea01abm/views/views.xml [23ms]
2024-02-09 16:30:26.399 [info] > git ls-files --stage -- /var/lib/odoo/modules/tarea01abm/views/views.xml [10ms]
2024-02-09 16:30:26.438 [info] > git cat-file -s 3541e97164440c24c0bc0eb711745a0f3c62805f [28ms]
2024-02-09 16:30:26.537 [info] > git merge-base refs/heads/main refs/remotes/origin/main [8ms]
2024-02-09 16:30:26.559 [info] > git rev-list --count --left-right refs/heads/main...refs/remotes/origin/main [6ms]
2024-02-09 16:30:27.656 [info] > git check-ignore -v -z --stdin [19ms]
2024-02-09 16:30:35.516 [info] > git check-ignore -v -z --stdin [5ms]
2024-02-09 16:30:37.448 [info] > git log --format=%H%n%aN%n%aE%n%at%n%ct%n%P%n%D%n%B -z --shortstat --diff-merges=first-parent --author-date-order 74564307fe212a3d10cf8e693ef23b4aba38d0d3..003e133697b8ab2575a48546f3389151beec0483 [7ms]
2024-02-09 16:30:38.413 [info] > git diff --name-status -z --diff-filter=ADMR 74564307fe212a3d10cf8e693ef23b4aba38d0d3...003e133697b8ab2575a48546f3389151beec0483 [5ms]
2024-02-09 16:30:38.950 [info] > git check-ignore -v -z --stdin [4ms]
2024-02-09 16:30:43.187 [info] > git check-ignore -v -z --stdin [3ms]
2024-02-09 16:31:43.315 [info] > git ls-files --stage -- /var/lib/odoo/modules/tarea01abm/views/views.xml [18ms]
2024-02-09 16:31:43.333 [info] > git cat-file -s 3541e97164440c24c0bc0eb711745a0f3c62805f [2ms]
2024-02-09 16:31:43.363 [info] > git show --textconv :modules/tarea01abm/views/views.xml [5ms]
2024-02-09 16:32:26.907 [info] > git ls-files --stage -- /var/lib/odoo/modules/tarea01abm/views/views.xml [4ms]
2024-02-09 16:32:26.921 [info] > git cat-file -s 3541e97164440c24c0bc0eb711745a0f3c62805f [4ms]
2024-02-09 16:32:26.945 [info] > git show --textconv :modules/tarea01abm/views/views.xml [3ms]
2024-02-09 16:32:34.830 [info] > git fetch [131240ms]
2024-02-09 16:32:34.831 [info] ssh: connect to host github.com port 22: Connection timed out
fatal: Could not read from remote repository.

Please make sure you have the correct access rights
and the repository exists.
2024-02-09 16:32:34.861 [info] > git config --get commit.template [13ms]
2024-02-09 16:32:34.862 [info] > git for-each-ref --format=%(refname)%00%(upstream:short)%00%(objectname)%00%(upstream:track)%00%(upstream:remotename)%00%(upstream:remoteref) refs/heads/main refs/remotes/main [3ms]
2024-02-09 16:32:34.929 [info] > git status -z -uall [54ms]
2024-02-09 16:32:35.026 [info] > git merge-base refs/heads/main refs/remotes/origin/main [2ms]
2024-02-09 16:32:35.251 [info] > git rev-list --count --left-right refs/heads/main...refs/remotes/origin/main [212ms]
2024-02-09 16:34:26.693 [info] > git ls-files --stage -- /var/lib/odoo/modules/tarea01abm/views/views.xml [3ms]
2024-02-09 16:34:26.708 [info] > git cat-file -s 3541e97164440c24c0bc0eb711745a0f3c62805f [2ms]
2024-02-09 16:34:26.732 [info] > git show --textconv :modules/tarea01abm/views/views.xml [4ms]
2024-02-09 16:35:22.627 [info] > git -c user.useConfigOnly=true commit --quiet --allow-empty-message --file - [82ms]
2024-02-09 16:35:22.643 [info] > git config --get commit.template [2ms]
2024-02-09 16:35:22.679 [info] > git config --get commit.template [16ms]
2024-02-09 16:35:22.680 [info] > git for-each-ref --format=%(refname)%00%(upstream:short)%00%(objectname)%00%(upstream:track)%00%(upstream:remotename)%00%(upstream:remoteref) refs/heads/main refs/remotes/main [3ms]
2024-02-09 16:35:22.754 [info] > git status -z -uall [57ms]
2024-02-09 16:35:22.887 [info] > git merge-base refs/heads/main refs/remotes/origin/main [34ms]
2024-02-09 16:35:22.912 [info] > git rev-list --count --left-right refs/heads/main...refs/remotes/origin/main [8ms]
2024-02-09 16:35:27.017 [info] > git show --textconv :modules/tarea01abm/views/views.xml [15ms]
2024-02-09 16:35:27.020 [info] > git ls-files --stage -- /var/lib/odoo/modules/tarea01abm/views/views.xml [4ms]
2024-02-09 16:35:27.036 [info] > git cat-file -s 3541e97164440c24c0bc0eb711745a0f3c62805f [2ms]
2024-02-09 16:37:33.833 [info] > git push origin main:main [131037ms]
2024-02-09 16:37:33.834 [info] ssh: connect to host github.com port 22: Connection timed out
fatal: Could not read from remote repository.

Please make sure you have the correct access rights
and the repository exists.
2024-02-09 16:37:33.865 [info] > git config --get commit.template [14ms]
2024-02-09 16:37:33.868 [info] > git for-each-ref --format=%(refname)%00%(upstream:short)%00%(objectname)%00%(upstream:track)%00%(upstream:remotename)%00%(upstream:remoteref) refs/heads/main refs/remotes/main [4ms]
2024-02-09 16:37:33.934 [info] > git status -z -uall [52ms]
2024-02-09 16:37:34.202 [info] > git config --get commit.template [25ms]
2024-02-09 16:37:34.204 [info] > git for-each-ref --format=%(refname)%00%(upstream:short)%00%(objectname)%00%(upstream:track)%00%(upstream:remotename)%00%(upstream:remoteref) refs/heads/main refs/remotes/main [11ms]
2024-02-09 16:37:34.277 [info] > git status -z -uall [58ms]
2024-02-09 16:37:58.232 [info] > git config --get commit.template [17ms]
2024-02-09 16:37:58.235 [info] > git for-each-ref --format=%(refname)%00%(upstream:short)%00%(objectname)%00%(upstream:track)%00%(upstream:remotename)%00%(upstream:remoteref) refs/heads/main refs/remotes/main [4ms]
2024-02-09 16:37:58.307 [info] > git status -z -uall [56ms]
2024-02-09 16:37:59.519 [info] > git ls-files --stage -- /var/lib/odoo/modules/tarea01abm/views/views.xml [3ms]
2024-02-09 16:37:59.536 [info] > git cat-file -s 3541e97164440c24c0bc0eb711745a0f3c62805f [2ms]
2024-02-09 16:37:59.683 [info] > git show --textconv :modules/tarea01abm/views/views.xml [33ms]
2024-02-09 16:39:47.385 [info] > git check-ignore -v -z --stdin [2ms]
2024-02-09 16:40:07.440 [info] > git fetch [129242ms]
2024-02-09 16:40:07.440 [info] ssh: connect to host github.com port 22: Connection timed out
fatal: Could not read from remote repository.

Please make sure you have the correct access rights
and the repository exists.
2024-02-09 16:40:07.468 [info] > git config --get commit.template [14ms]
2024-02-09 16:40:07.469 [info] > git for-each-ref --format=%(refname)%00%(upstream:short)%00%(objectname)%00%(upstream:track)%00%(upstream:remotename)%00%(upstream:remoteref) refs/heads/main refs/remotes/main [3ms]
2024-02-09 16:40:07.542 [info] > git status -z -uall [58ms]
2024-02-09 16:40:07.593 [info] > git config --get commit.template [13ms]
2024-02-09 16:40:07.595 [info] > git for-each-ref --format=%(refname)%00%(upstream:short)%00%(objectname)%00%(upstream:track)%00%(upstream:remotename)%00%(upstream:remoteref) refs/heads/main refs/remotes/main [3ms]
2024-02-09 16:40:07.786 [info] > git status -z -uall [177ms]
2024-02-09 16:41:10.568 [info] > git log --oneline --cherry main...main@{upstream} -- [4ms]
