2024-02-06 15:26:56.398 [info] Extension host with pid 21581 started
2024-02-06 15:26:56.398 [error] Error: EEXIST: file already exists, open '/var/lib/odoo/.vscode-server/data/User/workspaceStorage/b09d447946748cf914d57fecda080cc7/vscode.lock'
2024-02-06 15:26:56.402 [info] Lock '/var/lib/odoo/.vscode-server/data/User/workspaceStorage/b09d447946748cf914d57fecda080cc7/vscode.lock': Could not acquire lock, checking if the file is stale.
2024-02-06 15:26:56.419 [info] Lock '/var/lib/odoo/.vscode-server/data/User/workspaceStorage/b09d447946748cf914d57fecda080cc7/vscode.lock': The lock does not look stale, elapsed: 153 ms, giving up.
2024-02-06 15:26:56.422 [info] Lock '/var/lib/odoo/.vscode-server/data/User/workspaceStorage/b09d447946748cf914d57fecda080cc7-1/vscode.lock': Lock acquired.
2024-02-06 15:26:56.569 [info] ExtensionService#_doActivateExtension vscode.git-base, startup: true, activationEvent: '*', root cause: vscode.git
2024-02-06 15:26:56.653 [info] ExtensionService#_doActivateExtension vscode.git, startup: true, activationEvent: '*'
2024-02-06 15:26:56.654 [info] ExtensionService#_doActivateExtension vscode.github, startup: true, activationEvent: '*'
2024-02-06 15:26:57.309 [info] Eager extensions activated
2024-02-06 15:26:57.310 [info] ExtensionService#_doActivateExtension vscode.debug-auto-launch, startup: false, activationEvent: 'onStartupFinished'
2024-02-06 15:26:57.311 [info] ExtensionService#_doActivateExtension vscode.merge-conflict, startup: false, activationEvent: 'onStartupFinished'
2024-02-06 15:38:19.509 [info] ExtensionService#_doActivateExtension redhat.vscode-xml, startup: false, activationEvent: 'onLanguage:xml'
2024-02-06 15:38:19.510 [info] ExtensionService#_doActivateExtension vscode.emmet, startup: false, activationEvent: 'onLanguage'
2024-02-06 15:38:20.464 [warning] [redhat.vscode-xml] Accessing a resource scoped configuration without providing a resource is not expected. To get the effective value for '[xml]', provide the URI of a resource or 'null' for any resource.
2024-02-06 16:37:20.679 [warning] [Decorations] CAPPING events from decorations provider vscode.git 1655
2024-02-06 16:37:21.138 [warning] [Decorations] CAPPING events from decorations provider vscode.git 1655
2024-02-06 16:37:41.637 [info] ExtensionService#_doActivateExtension vscode.npm, startup: false, activationEvent: 'onTerminalQuickFixRequest:ms-vscode.npm-command'
2024-02-06 16:41:54.938 [warning] [Decorations] CAPPING events from decorations provider vscode.git 1655
2024-02-06 16:41:55.383 [warning] [Decorations] CAPPING events from decorations provider vscode.git 1655
2024-02-06 16:42:20.744 [warning] [Decorations] CAPPING events from decorations provider vscode.git 1655
2024-02-06 16:42:25.848 [warning] [Decorations] CAPPING events from decorations provider vscode.git 1655
2024-02-06 16:42:40.915 [warning] [Decorations] CAPPING events from decorations provider vscode.git 1655
2024-02-06 16:43:36.197 [warning] [Decorations] CAPPING events from decorations provider vscode.git 1656
