2024-02-15 15:55:48.996 [info] Extension host with pid 3781 started
2024-02-15 15:55:49.011 [info] Lock '/var/lib/odoo/.vscode-server/data/User/workspaceStorage/8d1d908c3f65b5ed7a811258dccbaedd/vscode.lock': Lock acquired.
2024-02-15 15:55:49.112 [info] ExtensionService#_doActivateExtension redhat.vscode-xml, startup: false, activationEvent: 'onLanguage:xml'
2024-02-15 15:55:49.113 [info] ExtensionService#_doActivateExtension vscode.emmet, startup: false, activationEvent: 'onLanguage'
2024-02-15 15:55:50.099 [warning] [redhat.vscode-xml] Accessing a resource scoped configuration without providing a resource is not expected. To get the effective value for '[xml]', provide the URI of a resource or 'null' for any resource.
2024-02-15 15:55:50.106 [info] ExtensionService#_doActivateExtension vscode.git-base, startup: true, activationEvent: '*', root cause: vscode.git
2024-02-15 15:55:50.644 [info] ExtensionService#_doActivateExtension vscode.git, startup: true, activationEvent: '*'
2024-02-15 15:55:50.645 [info] ExtensionService#_doActivateExtension vscode.github, startup: true, activationEvent: '*'
2024-02-15 15:55:51.099 [info] Eager extensions activated
2024-02-15 15:55:51.099 [info] ExtensionService#_doActivateExtension vscode.debug-auto-launch, startup: false, activationEvent: 'onStartupFinished'
2024-02-15 15:55:51.100 [info] ExtensionService#_doActivateExtension vscode.merge-conflict, startup: false, activationEvent: 'onStartupFinished'
2024-02-15 15:55:51.101 [info] ExtensionService#_doActivateExtension eamodio.gitlens, startup: false, activationEvent: 'onStartupFinished'
2024-02-15 15:55:51.101 [info] ExtensionService#_doActivateExtension felipecaputo.git-project-manager, startup: false, activationEvent: 'onStartupFinished'
2024-02-15 15:56:07.796 [warning] [Decorations] CAPPING events from decorations provider vscode.git 4544
2024-02-15 15:56:08.996 [warning] [Decorations] CAPPING events from decorations provider vscode.git 4544
2024-02-15 15:56:09.987 [info] ExtensionService#_doActivateExtension mechatroner.rainbow-csv, startup: false, activationEvent: 'onLanguage:plaintext'
2024-02-15 15:57:00.967 [warning] TextEditor is closed/disposed
2024-02-15 15:57:01.028 [info] ExtensionService#_doActivateExtension ms-python.debugpy, startup: false, activationEvent: 'onLanguage:python'
2024-02-15 15:57:01.029 [info] ExtensionService#_doActivateExtension ms-python.python, startup: false, activationEvent: 'onLanguage:python'
2024-02-15 15:59:09.895 [warning] [Decorations] CAPPING events from decorations provider vscode.git 4728
2024-02-15 15:59:11.234 [warning] [Decorations] CAPPING events from decorations provider vscode.git 4728
2024-02-15 16:00:23.603 [error] [redhat.vscode-xml] provider FAILED
2024-02-15 16:00:23.603 [error] TypeError: Cannot read properties of null (reading 'tags')
	at Object.D [as asCompletionItem] (/var/lib/odoo/.vscode-server/extensions/redhat.vscode-xml-0.26.1-linux-x64/dist/extension.js:2:459134)
	at /var/lib/odoo/.vscode-server/extensions/redhat.vscode-xml-0.26.1-linux-x64/dist/extension.js:2:385140
	at async $e.resolveCompletionItem (/var/lib/odoo/.vscode-server/bin/31c37ee8f63491495ac49e43b8544550fbae4533/out/vs/workbench/api/node/extensionHostProcess.js:150:99793)
2024-02-15 16:00:49.496 [warning] [Decorations] CAPPING events from decorations provider vscode.git 4730
2024-02-15 16:02:10.763 [warning] [Decorations] CAPPING events from decorations provider vscode.git 4730
2024-02-15 16:02:11.640 [warning] [Decorations] CAPPING events from decorations provider vscode.git 4730
2024-02-15 16:05:11.575 [warning] [Decorations] CAPPING events from decorations provider vscode.git 4730
2024-02-15 16:05:12.433 [warning] [Decorations] CAPPING events from decorations provider vscode.git 4730
2024-02-15 16:08:12.391 [warning] [Decorations] CAPPING events from decorations provider vscode.git 4730
2024-02-15 16:11:13.174 [warning] [Decorations] CAPPING events from decorations provider vscode.git 4730
2024-02-15 16:11:13.995 [warning] [Decorations] CAPPING events from decorations provider vscode.git 4730
2024-02-15 16:14:13.975 [warning] [Decorations] CAPPING events from decorations provider vscode.git 4730
2024-02-15 16:14:15.072 [warning] [Decorations] CAPPING events from decorations provider vscode.git 4730
2024-02-15 16:17:14.782 [warning] [Decorations] CAPPING events from decorations provider vscode.git 4730
2024-02-15 16:17:15.624 [warning] [Decorations] CAPPING events from decorations provider vscode.git 4730
2024-02-15 16:20:15.633 [warning] [Decorations] CAPPING events from decorations provider vscode.git 4730
2024-02-15 16:20:16.725 [warning] [Decorations] CAPPING events from decorations provider vscode.git 4730
2024-02-15 16:23:16.470 [warning] [Decorations] CAPPING events from decorations provider vscode.git 4730
2024-02-15 16:23:17.300 [warning] [Decorations] CAPPING events from decorations provider vscode.git 4730
2024-02-15 16:25:58.009 [warning] [Decorations] CAPPING events from decorations provider vscode.git 4731
2024-02-15 16:26:17.313 [warning] [Decorations] CAPPING events from decorations provider vscode.git 4734
2024-02-15 16:26:18.060 [warning] [Decorations] CAPPING events from decorations provider vscode.git 4734
2024-02-15 16:29:18.158 [warning] [Decorations] CAPPING events from decorations provider vscode.git 4756
2024-02-15 16:29:19.160 [warning] [Decorations] CAPPING events from decorations provider vscode.git 4737
2024-02-15 16:32:19.189 [warning] [Decorations] CAPPING events from decorations provider vscode.git 4776
2024-02-15 16:32:20.042 [warning] [Decorations] CAPPING events from decorations provider vscode.git 4776
2024-02-15 16:33:20.378 [warning] [Decorations] CAPPING events from decorations provider vscode.git 4779
2024-02-15 16:35:20.024 [warning] [Decorations] CAPPING events from decorations provider vscode.git 4780
2024-02-15 16:35:20.848 [warning] [Decorations] CAPPING events from decorations provider vscode.git 4780
2024-02-15 16:36:36.236 [warning] [Decorations] CAPPING events from decorations provider vscode.git 4782
2024-02-15 16:38:20.832 [warning] [Decorations] CAPPING events from decorations provider vscode.git 4783
2024-02-15 16:38:21.706 [warning] [Decorations] CAPPING events from decorations provider vscode.git 4783
2024-02-15 16:41:21.744 [warning] [Decorations] CAPPING events from decorations provider vscode.git 4787
2024-02-15 16:41:22.849 [warning] [Decorations] CAPPING events from decorations provider vscode.git 4787
2024-02-15 16:44:42.630 [warning] [Decorations] CAPPING events from decorations provider vscode.git 4796
2024-02-15 16:44:43.645 [warning] [Decorations] CAPPING events from decorations provider vscode.git 4796
2024-02-15 16:45:06.887 [warning] [Decorations] CAPPING events from decorations provider vscode.git 4796
2024-02-15 16:47:43.456 [warning] [Decorations] CAPPING events from decorations provider vscode.git 4796
2024-02-15 16:47:44.305 [warning] [Decorations] CAPPING events from decorations provider vscode.git 4796
2024-02-15 16:48:11.058 [error] [redhat.vscode-xml] provider FAILED
2024-02-15 16:48:11.059 [error] TypeError: Cannot read properties of null (reading 'tags')
	at Object.D [as asCompletionItem] (/var/lib/odoo/.vscode-server/extensions/redhat.vscode-xml-0.26.1-linux-x64/dist/extension.js:2:459134)
	at /var/lib/odoo/.vscode-server/extensions/redhat.vscode-xml-0.26.1-linux-x64/dist/extension.js:2:385140
	at async $e.resolveCompletionItem (/var/lib/odoo/.vscode-server/bin/31c37ee8f63491495ac49e43b8544550fbae4533/out/vs/workbench/api/node/extensionHostProcess.js:150:99793)
2024-02-15 16:50:44.267 [warning] [Decorations] CAPPING events from decorations provider vscode.git 4801
2024-02-15 16:50:45.347 [warning] [Decorations] CAPPING events from decorations provider vscode.git 4801
2024-02-15 16:50:59.134 [error] [redhat.vscode-xml] provider FAILED
2024-02-15 16:50:59.134 [error] TypeError: Cannot read properties of null (reading 'tags')
	at Object.D [as asCompletionItem] (/var/lib/odoo/.vscode-server/extensions/redhat.vscode-xml-0.26.1-linux-x64/dist/extension.js:2:459134)
	at /var/lib/odoo/.vscode-server/extensions/redhat.vscode-xml-0.26.1-linux-x64/dist/extension.js:2:385140
	at async $e.resolveCompletionItem (/var/lib/odoo/.vscode-server/bin/31c37ee8f63491495ac49e43b8544550fbae4533/out/vs/workbench/api/node/extensionHostProcess.js:150:99793)
2024-02-15 16:53:45.111 [warning] [Decorations] CAPPING events from decorations provider vscode.git 4804
2024-02-15 16:53:45.967 [warning] [Decorations] CAPPING events from decorations provider vscode.git 4804
2024-02-15 16:55:59.364 [warning] [Decorations] CAPPING events from decorations provider vscode.git 4805
2024-02-15 16:56:22.340 [error] [redhat.vscode-xml] provider FAILED
2024-02-15 16:56:22.341 [error] TypeError: Cannot read properties of null (reading 'tags')
	at Object.D [as asCompletionItem] (/var/lib/odoo/.vscode-server/extensions/redhat.vscode-xml-0.26.1-linux-x64/dist/extension.js:2:459134)
	at /var/lib/odoo/.vscode-server/extensions/redhat.vscode-xml-0.26.1-linux-x64/dist/extension.js:2:385140
	at async $e.resolveCompletionItem (/var/lib/odoo/.vscode-server/bin/31c37ee8f63491495ac49e43b8544550fbae4533/out/vs/workbench/api/node/extensionHostProcess.js:150:99793)
2024-02-15 16:56:22.562 [error] [redhat.vscode-xml] provider FAILED
2024-02-15 16:56:22.562 [error] TypeError: Cannot read properties of null (reading 'tags')
	at Object.D [as asCompletionItem] (/var/lib/odoo/.vscode-server/extensions/redhat.vscode-xml-0.26.1-linux-x64/dist/extension.js:2:459134)
	at /var/lib/odoo/.vscode-server/extensions/redhat.vscode-xml-0.26.1-linux-x64/dist/extension.js:2:385140
	at async $e.resolveCompletionItem (/var/lib/odoo/.vscode-server/bin/31c37ee8f63491495ac49e43b8544550fbae4533/out/vs/workbench/api/node/extensionHostProcess.js:150:99793)
2024-02-15 16:56:22.573 [error] [redhat.vscode-xml] provider FAILED
2024-02-15 16:56:22.573 [error] TypeError: Cannot read properties of null (reading 'tags')
	at Object.D [as asCompletionItem] (/var/lib/odoo/.vscode-server/extensions/redhat.vscode-xml-0.26.1-linux-x64/dist/extension.js:2:459134)
	at /var/lib/odoo/.vscode-server/extensions/redhat.vscode-xml-0.26.1-linux-x64/dist/extension.js:2:385140
	at async $e.resolveCompletionItem (/var/lib/odoo/.vscode-server/bin/31c37ee8f63491495ac49e43b8544550fbae4533/out/vs/workbench/api/node/extensionHostProcess.js:150:99793)
2024-02-15 16:56:45.912 [warning] [Decorations] CAPPING events from decorations provider vscode.git 4806
2024-02-15 16:56:46.765 [warning] [Decorations] CAPPING events from decorations provider vscode.git 4806
2024-02-15 16:58:51.627 [error] [redhat.vscode-xml] provider FAILED
2024-02-15 16:58:51.628 [error] TypeError: Cannot read properties of null (reading 'tags')
	at Object.D [as asCompletionItem] (/var/lib/odoo/.vscode-server/extensions/redhat.vscode-xml-0.26.1-linux-x64/dist/extension.js:2:459134)
	at /var/lib/odoo/.vscode-server/extensions/redhat.vscode-xml-0.26.1-linux-x64/dist/extension.js:2:385140
	at async $e.resolveCompletionItem (/var/lib/odoo/.vscode-server/bin/31c37ee8f63491495ac49e43b8544550fbae4533/out/vs/workbench/api/node/extensionHostProcess.js:150:99793)
2024-02-15 16:58:54.215 [error] [redhat.vscode-xml] provider FAILED
2024-02-15 16:58:54.216 [error] TypeError: Cannot read properties of null (reading 'tags')
	at Object.D [as asCompletionItem] (/var/lib/odoo/.vscode-server/extensions/redhat.vscode-xml-0.26.1-linux-x64/dist/extension.js:2:459134)
	at /var/lib/odoo/.vscode-server/extensions/redhat.vscode-xml-0.26.1-linux-x64/dist/extension.js:2:385140
	at async $e.resolveCompletionItem (/var/lib/odoo/.vscode-server/bin/31c37ee8f63491495ac49e43b8544550fbae4533/out/vs/workbench/api/node/extensionHostProcess.js:150:99793)
2024-02-15 16:59:48.730 [warning] [Decorations] CAPPING events from decorations provider vscode.git 4810
2024-02-15 16:59:49.775 [warning] [Decorations] CAPPING events from decorations provider vscode.git 4810
2024-02-15 17:02:49.524 [warning] [Decorations] CAPPING events from decorations provider vscode.git 4812
2024-02-15 17:02:50.359 [warning] [Decorations] CAPPING events from decorations provider vscode.git 4812
2024-02-15 17:03:40.756 [warning] [Decorations] CAPPING events from decorations provider vscode.git 4813
2024-02-15 17:06:08.988 [warning] [Decorations] CAPPING events from decorations provider vscode.git 4815
2024-02-15 17:06:10.009 [warning] [Decorations] CAPPING events from decorations provider vscode.git 4815
2024-02-15 17:09:09.774 [warning] [Decorations] CAPPING events from decorations provider vscode.git 4819
2024-02-15 17:09:10.826 [warning] [Decorations] CAPPING events from decorations provider vscode.git 4819
2024-02-15 17:12:24.147 [warning] [Decorations] CAPPING events from decorations provider vscode.git 4823
2024-02-15 17:12:25.212 [warning] [Decorations] CAPPING events from decorations provider vscode.git 4823
2024-02-15 17:14:35.499 [warning] [Decorations] CAPPING events from decorations provider vscode.git 4839
2024-02-15 17:15:13.976 [warning] [Decorations] CAPPING events from decorations provider vscode.git 4839
2024-02-15 17:15:24.944 [warning] [Decorations] CAPPING events from decorations provider vscode.git 4839
2024-02-15 17:15:25.733 [warning] [Decorations] CAPPING events from decorations provider vscode.git 4839
2024-02-15 17:16:22.199 [warning] [Decorations] CAPPING events from decorations provider vscode.git 4840
2024-02-16 14:49:38.222 [warning] [Decorations] CAPPING events from decorations provider vscode.git 5201
2024-02-16 14:52:39.087 [warning] [Decorations] CAPPING events from decorations provider vscode.git 5209
2024-02-16 14:55:59.470 [warning] [Decorations] CAPPING events from decorations provider vscode.git 5211
2024-02-16 14:59:27.710 [warning] [Decorations] CAPPING events from decorations provider vscode.git 5211
2024-02-16 15:02:28.836 [warning] [Decorations] CAPPING events from decorations provider vscode.git 5211
2024-02-16 15:05:39.725 [warning] [Decorations] CAPPING events from decorations provider vscode.git 5211
2024-02-16 15:08:40.603 [warning] [Decorations] CAPPING events from decorations provider vscode.git 5211
2024-02-16 15:11:41.452 [warning] [Decorations] CAPPING events from decorations provider vscode.git 5211
2024-02-16 15:14:52.300 [warning] [Decorations] CAPPING events from decorations provider vscode.git 5211
2024-02-16 15:18:12.646 [warning] [Decorations] CAPPING events from decorations provider vscode.git 5211
2024-02-16 15:21:13.554 [warning] [Decorations] CAPPING events from decorations provider vscode.git 5211
2024-02-16 15:24:33.910 [warning] [Decorations] CAPPING events from decorations provider vscode.git 5211
2024-02-16 15:32:34.520 [warning] [Decorations] CAPPING events from decorations provider vscode.git 5212
2024-02-16 15:51:57.258 [warning] [Decorations] CAPPING events from decorations provider vscode.git 5368
2024-02-16 15:54:58.112 [warning] [Decorations] CAPPING events from decorations provider vscode.git 5370
2024-02-16 15:58:08.952 [warning] [Decorations] CAPPING events from decorations provider vscode.git 5377
2024-02-16 16:01:09.813 [warning] [Decorations] CAPPING events from decorations provider vscode.git 5379
2024-02-16 16:04:10.674 [warning] [Decorations] CAPPING events from decorations provider vscode.git 5379
2024-02-16 16:07:11.499 [warning] [Decorations] CAPPING events from decorations provider vscode.git 5379
2024-02-16 16:10:12.319 [warning] [Decorations] CAPPING events from decorations provider vscode.git 5386
2024-02-16 16:13:13.204 [warning] [Decorations] CAPPING events from decorations provider vscode.git 5388
2024-02-16 16:16:14.024 [warning] [Decorations] CAPPING events from decorations provider vscode.git 5412
2024-02-16 16:19:45.389 [warning] [Decorations] CAPPING events from decorations provider vscode.git 5440
2024-02-16 16:22:46.367 [warning] [Decorations] CAPPING events from decorations provider vscode.git 5441
