2024-02-16 14:50:20.870 [info] Experiment 'pythonRecommendTensorboardExt' is active
2024-02-16 14:50:20.870 [info] Experiment 'pythonREPLSmartSend' is active
2024-02-16 14:50:20.870 [info] Experiment 'pythonTerminalEnvVarActivation' is active
2024-02-16 14:50:20.870 [info] Experiment 'pythonTestAdapter' is active
2024-02-16 14:50:20.870 [info] Default formatter is set to null for workspace /var/lib/odoo
2024-02-16 14:50:20.870 [info] Test server listening.
2024-02-16 14:50:20.954 [info] Python interpreter path: /bin/python3
2024-02-16 14:50:21.012 [warning] Retry failed, storage update failed for key PYTHON_GLOBAL_STORAGE_KEYS
2024-02-16 14:50:21.012 [warning] Retry failed, storage update failed for key PYTHON_WORKSPACE_STORAGE_KEYS
2024-02-16 14:50:21.013 [warning] Retry failed, storage update failed for key PYTHON_WORKSPACE_STORAGE_KEYS
2024-02-16 14:50:21.013 [warning] Retry failed, storage update failed for key PYTHON_WORKSPACE_STORAGE_KEYS
2024-02-16 14:50:21.955 [info] Starting Jedi language server for odoo.
2024-02-16 15:38:39.614 [info] Discover tests for workspace name: odoo - uri: /var/lib/odoo/modules/tarea03abm/models/diagnosticos.py
2024-02-16 15:38:59.033 [info] Discover tests for workspace name: odoo - uri: /var/lib/odoo/modules/tarea03abm/models/diagnostico.py
2024-02-16 15:40:06.335 [info] Discover tests for workspace name: odoo - uri: /var/lib/odoo/modules/tarea03abm/models/diagnostico.py
2024-02-16 15:40:08.489 [info] Discover tests for workspace name: odoo - uri: /var/lib/odoo/modules/tarea03abm/models/diagnostico.py
2024-02-16 15:40:45.302 [info] Discover tests for workspace name: odoo - uri: /var/lib/odoo/modules/tarea03abm/models/diagnostico.py
2024-02-16 15:43:51.688 [info] Discover tests for workspace name: odoo - uri: /var/lib/odoo/modules/tarea03abm/models/diagnostico.py
2024-02-16 15:46:10.351 [info] Discover tests for workspace name: odoo - uri: /var/lib/odoo/modules/tarea03abm/models/diagnostico.py
2024-02-16 15:46:25.174 [info] Discover tests for workspace name: odoo - uri: /var/lib/odoo/modules/tarea03abm/models/paciente.py
2024-02-16 15:46:45.912 [info] Discover tests for workspace name: odoo - uri: /var/lib/odoo/modules/tarea03abm/models/paciente.py
2024-02-16 15:47:04.676 [info] Discover tests for workspace name: odoo - uri: /var/lib/odoo/modules/tarea03abm/models/diagnostico.py
2024-02-16 15:47:06.543 [info] Discover tests for workspace name: odoo - uri: /var/lib/odoo/modules/tarea03abm/models/medico.py
2024-02-16 15:47:29.171 [info] Discover tests for workspace name: odoo - uri: /var/lib/odoo/modules/tarea03abm/models/medico.py
2024-02-16 15:47:37.430 [info] Discover tests for workspace name: odoo - uri: /var/lib/odoo/modules/tarea03abm/models/medico.py
2024-02-16 15:47:57.719 [info] Discover tests for workspace name: odoo - uri: /var/lib/odoo/modules/tarea03abm/models/medico.py
2024-02-16 15:47:58.565 [info] Discover tests for workspace name: odoo - uri: /var/lib/odoo/modules/tarea03abm/models/paciente.py
2024-02-16 15:48:04.873 [info] Discover tests for workspace name: odoo - uri: /var/lib/odoo/modules/tarea03abm/models/paciente.py
2024-02-16 15:49:09.296 [info] Discover tests for workspace name: odoo - uri: /var/lib/odoo/modules/tarea03abm/models/diagnostico.py
2024-02-16 15:51:26.180 [info] Discover tests for workspace name: odoo - uri: /var/lib/odoo/modules/tarea03abm/__manifest__.py
2024-02-16 15:52:51.809 [info] Discover tests for workspace name: odoo - uri: /var/lib/odoo/modules/tarea03abm/models/__init__.py
2024-02-16 15:55:46.648 [info] Discover tests for workspace name: odoo - uri: /var/lib/odoo/modules/tarea03abm/models/diagnostico.py
2024-02-16 15:57:06.259 [info] Discover tests for workspace name: odoo - uri: /var/lib/odoo/modules/tarea03abm/models/diagnostico.py
2024-02-16 15:58:05.839 [info] Discover tests for workspace name: odoo - uri: /var/lib/odoo/modules/tarea03abm/models/medico.py
2024-02-16 15:58:27.406 [info] Discover tests for workspace name: odoo - uri: /var/lib/odoo/modules/tarea03abm/models/paciente.py
2024-02-16 16:09:25.808 [info] Discover tests for workspace name: odoo - uri: /var/lib/odoo/modules/tarea03abm/models/medico.py
2024-02-16 16:09:39.057 [info] Discover tests for workspace name: odoo - uri: /var/lib/odoo/modules/tarea03abm/models/medico.py
2024-02-16 16:09:39.874 [info] Discover tests for workspace name: odoo - uri: /var/lib/odoo/modules/tarea03abm/models/medico.py
2024-02-16 16:13:08.535 [info] Discover tests for workspace name: odoo - uri: /var/lib/odoo/modules/tarea03abm/models/paciente.py
2024-02-16 16:14:28.423 [info] Discover tests for workspace name: odoo - uri: /var/lib/odoo/modules/tarea03abm/models/paciente.py
2024-02-16 16:14:33.520 [info] Discover tests for workspace name: odoo - uri: /var/lib/odoo/modules/tarea03abm/models/paciente.py
2024-02-16 16:15:39.912 [info] Discover tests for workspace name: odoo - uri: /var/lib/odoo/modules/tarea03abm/models/paciente.py
2024-02-16 16:15:56.150 [info] Discover tests for workspace name: odoo - uri: /var/lib/odoo/modules/tarea03abm/models/diagnostico.py
2024-02-16 16:16:00.195 [info] Discover tests for workspace name: odoo - uri: /var/lib/odoo/modules/tarea03abm/models/paciente.py
2024-02-16 16:16:04.006 [info] Discover tests for workspace name: odoo - uri: /var/lib/odoo/modules/tarea03abm/models/paciente.py
2024-02-16 16:17:10.894 [info] Discover tests for workspace name: odoo - uri: /var/lib/odoo/modules/tarea03abm/models/paciente.py
2024-02-16 16:18:01.669 [info] Discover tests for workspace name: odoo - uri: /var/lib/odoo/modules/tarea03abm/models/paciente.py
2024-02-16 16:18:06.282 [info] Discover tests for workspace name: odoo - uri: /var/lib/odoo/modules/tarea03abm/models/diagnostico.py
2024-02-16 16:20:02.188 [info] Discover tests for workspace name: odoo - uri: /var/lib/odoo/modules/tarea03abm/models/medico.py
2024-02-16 16:20:05.131 [info] Discover tests for workspace name: odoo - uri: /var/lib/odoo/modules/tarea03abm/models/medico.py
2024-02-16 16:20:27.012 [info] Discover tests for workspace name: odoo - uri: /var/lib/odoo/modules/tarea03abm/models/medico.py
