2024-02-13 17:03:36.469 [info] Log level: Info
2024-02-13 17:03:36.469 [info] Validating found git in: "git"
2024-02-13 17:03:36.469 [info] Using git "2.34.1" from "git"
2024-02-13 17:03:36.469 [info] > git rev-parse --show-toplevel [11ms]
2024-02-13 17:03:36.469 [info] > git rev-parse --git-dir --git-common-dir [3ms]
2024-02-13 17:03:36.470 [info] Open repository: /var/lib/odoo
2024-02-13 17:03:36.470 [info] > git config --get commit.template [13ms]
2024-02-13 17:03:36.470 [info] > git rev-parse --show-toplevel [4ms]
2024-02-13 17:03:36.470 [info] > git for-each-ref --format=%(refname)%00%(upstream:short)%00%(objectname)%00%(upstream:track)%00%(upstream:remotename)%00%(upstream:remoteref) refs/heads/main refs/remotes/main [16ms]
2024-02-13 17:03:36.470 [info] > git rev-parse --show-toplevel [25ms]
2024-02-13 17:03:36.470 [info] > git rev-parse --show-toplevel [12ms]
2024-02-13 17:03:36.470 [info] > git rev-parse --show-toplevel [3ms]
2024-02-13 17:03:36.470 [info] > git rev-parse --show-toplevel [4ms]
2024-02-13 17:03:36.771 [info] > git status -z -uall [404ms]
2024-02-13 17:03:36.941 [info] > git config --get commit.template [82ms]
2024-02-13 17:03:37.250 [info] > git for-each-ref --format=%(refname)%00%(upstream:short)%00%(objectname)%00%(upstream:track)%00%(upstream:remotename)%00%(upstream:remoteref) refs/heads/main refs/remotes/main [372ms]
2024-02-13 17:03:37.397 [info] > git check-ignore -v -z --stdin [18ms]
2024-02-13 17:03:37.509 [info] > git status -z -uall [190ms]
2024-02-13 17:03:38.077 [info] > git check-ignore -v -z --stdin [40ms]
2024-02-13 17:03:43.188 [info] > git show --textconv :modules/tarea03abm/__manifest__.py [25ms]
2024-02-13 17:03:43.189 [info] > git ls-files --stage -- /var/lib/odoo/modules/tarea03abm/__manifest__.py [12ms]
2024-02-13 17:03:56.403 [info] > git fetch [20128ms]
2024-02-13 17:03:56.404 [info] fatal: unable to access 'https://github.com/Adrienmol/SGE-ABM.git/': Could not resolve host: github.com
2024-02-13 17:03:56.433 [info] > git config --get commit.template [14ms]
2024-02-13 17:03:56.434 [info] > git for-each-ref --format=%(refname)%00%(upstream:short)%00%(objectname)%00%(upstream:track)%00%(upstream:remotename)%00%(upstream:remoteref) refs/heads/main refs/remotes/main [2ms]
2024-02-13 17:03:56.554 [info] > git status -z -uall [109ms]
2024-02-13 17:03:58.382 [info] > git config --get commit.template [15ms]
2024-02-13 17:03:58.383 [info] > git for-each-ref --format=%(refname)%00%(upstream:short)%00%(objectname)%00%(upstream:track)%00%(upstream:remotename)%00%(upstream:remoteref) refs/heads/main refs/remotes/main [4ms]
2024-02-13 17:03:58.500 [info] > git status -z -uall [105ms]
2024-02-13 17:04:03.537 [info] > git config --get commit.template [2ms]
2024-02-13 17:04:03.553 [info] > git for-each-ref --format=%(refname)%00%(upstream:short)%00%(objectname)%00%(upstream:track)%00%(upstream:remotename)%00%(upstream:remoteref) refs/heads/main refs/remotes/main [1ms]
2024-02-13 17:04:03.681 [info] > git status -z -uall [114ms]
2024-02-13 17:04:08.731 [info] > git config --get commit.template [16ms]
2024-02-13 17:04:08.732 [info] > git for-each-ref --format=%(refname)%00%(upstream:short)%00%(objectname)%00%(upstream:track)%00%(upstream:remotename)%00%(upstream:remoteref) refs/heads/main refs/remotes/main [3ms]
2024-02-13 17:04:08.848 [info] > git status -z -uall [103ms]
2024-02-13 17:04:14.391 [info] > git config --get commit.template [21ms]
2024-02-13 17:04:14.393 [info] > git for-each-ref --format=%(refname)%00%(upstream:short)%00%(objectname)%00%(upstream:track)%00%(upstream:remotename)%00%(upstream:remoteref) refs/heads/main refs/remotes/main [3ms]
2024-02-13 17:04:14.518 [info] > git status -z -uall [108ms]
2024-02-13 17:04:15.840 [info] > git show --textconv :modules/tarea03abm/__manifest__.py [21ms]
2024-02-13 17:04:15.843 [info] > git ls-files --stage -- /var/lib/odoo/modules/tarea03abm/__manifest__.py [4ms]
2024-02-13 17:04:19.555 [info] > git config --get commit.template [2ms]
2024-02-13 17:04:19.577 [info] > git for-each-ref --format=%(refname)%00%(upstream:short)%00%(objectname)%00%(upstream:track)%00%(upstream:remotename)%00%(upstream:remoteref) refs/heads/main refs/remotes/main [4ms]
2024-02-13 17:04:19.744 [info] > git status -z -uall [149ms]
2024-02-13 17:04:32.377 [info] > git config --get commit.template [3ms]
2024-02-13 17:04:32.406 [info] > git for-each-ref --format=%(refname)%00%(upstream:short)%00%(objectname)%00%(upstream:track)%00%(upstream:remotename)%00%(upstream:remoteref) refs/heads/main refs/remotes/main [5ms]
2024-02-13 17:04:32.594 [info] > git status -z -uall [175ms]
2024-02-13 17:04:37.708 [info] > git config --get commit.template [3ms]
2024-02-13 17:04:37.727 [info] > git for-each-ref --format=%(refname)%00%(upstream:short)%00%(objectname)%00%(upstream:track)%00%(upstream:remotename)%00%(upstream:remoteref) refs/heads/main refs/remotes/main [3ms]
2024-02-13 17:04:37.887 [info] > git status -z -uall [142ms]
2024-02-13 17:04:42.994 [info] > git config --get commit.template [17ms]
2024-02-13 17:04:42.995 [info] > git for-each-ref --format=%(refname)%00%(upstream:short)%00%(objectname)%00%(upstream:track)%00%(upstream:remotename)%00%(upstream:remoteref) refs/heads/main refs/remotes/main [3ms]
2024-02-13 17:04:43.135 [info] > git status -z -uall [127ms]
2024-02-13 17:04:48.233 [info] > git config --get commit.template [17ms]
2024-02-13 17:04:48.234 [info] > git for-each-ref --format=%(refname)%00%(upstream:short)%00%(objectname)%00%(upstream:track)%00%(upstream:remotename)%00%(upstream:remoteref) refs/heads/main refs/remotes/main [2ms]
2024-02-13 17:04:48.382 [info] > git status -z -uall [134ms]
2024-02-13 17:04:53.483 [info] > git config --get commit.template [17ms]
2024-02-13 17:04:53.484 [info] > git for-each-ref --format=%(refname)%00%(upstream:short)%00%(objectname)%00%(upstream:track)%00%(upstream:remotename)%00%(upstream:remoteref) refs/heads/main refs/remotes/main [2ms]
2024-02-13 17:04:53.633 [info] > git status -z -uall [132ms]
2024-02-13 17:04:58.726 [info] > git config --get commit.template [18ms]
2024-02-13 17:04:58.727 [info] > git for-each-ref --format=%(refname)%00%(upstream:short)%00%(objectname)%00%(upstream:track)%00%(upstream:remotename)%00%(upstream:remoteref) refs/heads/main refs/remotes/main [2ms]
2024-02-13 17:04:58.871 [info] > git status -z -uall [127ms]
2024-02-13 17:05:02.117 [info] > git show --textconv :modules/tarea03abm/security/ir.model.access.csv [19ms]
2024-02-13 17:05:02.126 [info] > git ls-files --stage -- /var/lib/odoo/modules/tarea03abm/security/ir.model.access.csv [10ms]
2024-02-13 17:05:03.961 [info] > git config --get commit.template [19ms]
2024-02-13 17:05:03.962 [info] > git for-each-ref --format=%(refname)%00%(upstream:short)%00%(objectname)%00%(upstream:track)%00%(upstream:remotename)%00%(upstream:remoteref) refs/heads/main refs/remotes/main [3ms]
2024-02-13 17:05:04.104 [info] > git status -z -uall [126ms]
2024-02-13 17:05:08.156 [info] > git show --textconv :modules/lista_tareas/security/ir.model.access.csv [19ms]
2024-02-13 17:05:08.159 [info] > git ls-files --stage -- /var/lib/odoo/modules/lista_tareas/security/ir.model.access.csv [4ms]
2024-02-13 17:05:08.178 [info] > git cat-file -s 6d8bd6795970ad7e890a0016d06b61b24ca965bf [2ms]
2024-02-13 17:05:09.208 [info] > git config --get commit.template [19ms]
2024-02-13 17:05:09.209 [info] > git for-each-ref --format=%(refname)%00%(upstream:short)%00%(objectname)%00%(upstream:track)%00%(upstream:remotename)%00%(upstream:remoteref) refs/heads/main refs/remotes/main [3ms]
2024-02-13 17:05:09.361 [info] > git status -z -uall [133ms]
2024-02-13 17:05:14.456 [info] > git config --get commit.template [17ms]
2024-02-13 17:05:14.460 [info] > git for-each-ref --format=%(refname)%00%(upstream:short)%00%(objectname)%00%(upstream:track)%00%(upstream:remotename)%00%(upstream:remoteref) refs/heads/main refs/remotes/main [5ms]
2024-02-13 17:05:14.619 [info] > git status -z -uall [143ms]
2024-02-13 17:05:14.710 [info] > git show --textconv :modules/tarea03abm/security/ir.model.access.csv [16ms]
2024-02-13 17:05:14.713 [info] > git ls-files --stage -- /var/lib/odoo/modules/tarea03abm/security/ir.model.access.csv [4ms]
2024-02-13 17:05:19.718 [info] > git config --get commit.template [18ms]
2024-02-13 17:05:19.720 [info] > git for-each-ref --format=%(refname)%00%(upstream:short)%00%(objectname)%00%(upstream:track)%00%(upstream:remotename)%00%(upstream:remoteref) refs/heads/main refs/remotes/main [2ms]
2024-02-13 17:05:19.863 [info] > git status -z -uall [124ms]
2024-02-13 17:05:24.953 [info] > git config --get commit.template [18ms]
2024-02-13 17:05:24.955 [info] > git for-each-ref --format=%(refname)%00%(upstream:short)%00%(objectname)%00%(upstream:track)%00%(upstream:remotename)%00%(upstream:remoteref) refs/heads/main refs/remotes/main [3ms]
2024-02-13 17:05:25.099 [info] > git status -z -uall [127ms]
2024-02-13 17:05:30.192 [info] > git config --get commit.template [18ms]
2024-02-13 17:05:30.193 [info] > git for-each-ref --format=%(refname)%00%(upstream:short)%00%(objectname)%00%(upstream:track)%00%(upstream:remotename)%00%(upstream:remoteref) refs/heads/main refs/remotes/main [2ms]
2024-02-13 17:05:30.341 [info] > git status -z -uall [131ms]
2024-02-13 17:05:35.437 [info] > git config --get commit.template [18ms]
2024-02-13 17:05:35.438 [info] > git for-each-ref --format=%(refname)%00%(upstream:short)%00%(objectname)%00%(upstream:track)%00%(upstream:remotename)%00%(upstream:remoteref) refs/heads/main refs/remotes/main [3ms]
2024-02-13 17:05:35.583 [info] > git status -z -uall [128ms]
2024-02-13 17:05:40.675 [info] > git config --get commit.template [17ms]
2024-02-13 17:05:40.678 [info] > git for-each-ref --format=%(refname)%00%(upstream:short)%00%(objectname)%00%(upstream:track)%00%(upstream:remotename)%00%(upstream:remoteref) refs/heads/main refs/remotes/main [5ms]
2024-02-13 17:05:40.837 [info] > git status -z -uall [143ms]
2024-02-13 17:05:45.927 [info] > git config --get commit.template [17ms]
2024-02-13 17:05:45.929 [info] > git for-each-ref --format=%(refname)%00%(upstream:short)%00%(objectname)%00%(upstream:track)%00%(upstream:remotename)%00%(upstream:remoteref) refs/heads/main refs/remotes/main [2ms]
2024-02-13 17:05:46.079 [info] > git status -z -uall [133ms]
2024-02-13 17:07:42.670 [info] > git config --get commit.template [22ms]
2024-02-13 17:07:42.674 [info] > git for-each-ref --format=%(refname)%00%(upstream:short)%00%(objectname)%00%(upstream:track)%00%(upstream:remotename)%00%(upstream:remoteref) refs/heads/main refs/remotes/main [5ms]
2024-02-13 17:07:42.854 [info] > git status -z -uall [166ms]
2024-02-13 17:07:44.291 [info] > git show --textconv :modules/tarea03abm/views/views.xml [28ms]
2024-02-13 17:07:44.336 [info] > git ls-files --stage -- /var/lib/odoo/modules/tarea03abm/views/views.xml [47ms]
2024-02-13 17:07:53.323 [info] > git fetch [10698ms]
2024-02-13 17:07:53.362 [info] > git config --get commit.template [18ms]
2024-02-13 17:07:53.363 [info] > git for-each-ref --format=%(refname)%00%(upstream:short)%00%(objectname)%00%(upstream:track)%00%(upstream:remotename)%00%(upstream:remoteref) refs/heads/main refs/remotes/main [2ms]
2024-02-13 17:07:53.520 [info] > git status -z -uall [139ms]
2024-02-13 17:09:43.739 [info] > git config --get commit.template [36ms]
2024-02-13 17:09:43.742 [info] > git for-each-ref --format=%(refname)%00%(upstream:short)%00%(objectname)%00%(upstream:track)%00%(upstream:remotename)%00%(upstream:remoteref) refs/heads/main refs/remotes/main [6ms]
2024-02-13 17:09:43.788 [info] > git ls-files --stage -- /var/lib/odoo/modules/tarea03abm/views/views.xml [19ms]
2024-02-13 17:09:43.843 [info] > git show --textconv :modules/tarea03abm/views/views.xml [11ms]
2024-02-13 17:09:43.957 [info] > git status -z -uall [172ms]
2024-02-13 17:09:49.085 [info] > git config --get commit.template [18ms]
2024-02-13 17:09:49.086 [info] > git for-each-ref --format=%(refname)%00%(upstream:short)%00%(objectname)%00%(upstream:track)%00%(upstream:remotename)%00%(upstream:remoteref) refs/heads/main refs/remotes/main [2ms]
2024-02-13 17:09:49.236 [info] > git status -z -uall [134ms]
2024-02-13 17:09:54.352 [info] > git config --get commit.template [18ms]
2024-02-13 17:09:54.355 [info] > git for-each-ref --format=%(refname)%00%(upstream:short)%00%(objectname)%00%(upstream:track)%00%(upstream:remotename)%00%(upstream:remoteref) refs/heads/main refs/remotes/main [4ms]
2024-02-13 17:09:54.505 [info] > git status -z -uall [134ms]
2024-02-13 17:09:59.604 [info] > git config --get commit.template [19ms]
2024-02-13 17:09:59.604 [info] > git for-each-ref --format=%(refname)%00%(upstream:short)%00%(objectname)%00%(upstream:track)%00%(upstream:remotename)%00%(upstream:remoteref) refs/heads/main refs/remotes/main [2ms]
2024-02-13 17:09:59.760 [info] > git status -z -uall [138ms]
2024-02-13 17:10:04.860 [info] > git config --get commit.template [18ms]
2024-02-13 17:10:04.861 [info] > git for-each-ref --format=%(refname)%00%(upstream:short)%00%(objectname)%00%(upstream:track)%00%(upstream:remotename)%00%(upstream:remoteref) refs/heads/main refs/remotes/main [2ms]
2024-02-13 17:10:05.003 [info] > git status -z -uall [125ms]
2024-02-13 17:10:10.104 [info] > git config --get commit.template [17ms]
2024-02-13 17:10:10.105 [info] > git for-each-ref --format=%(refname)%00%(upstream:short)%00%(objectname)%00%(upstream:track)%00%(upstream:remotename)%00%(upstream:remoteref) refs/heads/main refs/remotes/main [3ms]
2024-02-13 17:10:10.250 [info] > git status -z -uall [129ms]
2024-02-13 17:10:15.334 [info] > git config --get commit.template [2ms]
2024-02-13 17:10:15.354 [info] > git for-each-ref --format=%(refname)%00%(upstream:short)%00%(objectname)%00%(upstream:track)%00%(upstream:remotename)%00%(upstream:remoteref) refs/heads/main refs/remotes/main [2ms]
2024-02-13 17:10:15.503 [info] > git status -z -uall [133ms]
2024-02-13 17:10:20.601 [info] > git config --get commit.template [18ms]
2024-02-13 17:10:20.602 [info] > git for-each-ref --format=%(refname)%00%(upstream:short)%00%(objectname)%00%(upstream:track)%00%(upstream:remotename)%00%(upstream:remoteref) refs/heads/main refs/remotes/main [2ms]
2024-02-13 17:10:20.751 [info] > git status -z -uall [133ms]
2024-02-13 17:10:25.850 [info] > git config --get commit.template [20ms]
2024-02-13 17:10:25.854 [info] > git for-each-ref --format=%(refname)%00%(upstream:short)%00%(objectname)%00%(upstream:track)%00%(upstream:remotename)%00%(upstream:remoteref) refs/heads/main refs/remotes/main [4ms]
2024-02-13 17:10:26.034 [info] > git status -z -uall [163ms]
2024-02-13 17:10:31.198 [info] > git config --get commit.template [19ms]
2024-02-13 17:10:31.199 [info] > git for-each-ref --format=%(refname)%00%(upstream:short)%00%(objectname)%00%(upstream:track)%00%(upstream:remotename)%00%(upstream:remoteref) refs/heads/main refs/remotes/main [2ms]
2024-02-13 17:10:31.349 [info] > git status -z -uall [131ms]
2024-02-13 17:13:34.102 [info] > git config --get commit.template [17ms]
2024-02-13 17:13:34.106 [info] > git for-each-ref --format=%(refname)%00%(upstream:short)%00%(objectname)%00%(upstream:track)%00%(upstream:remotename)%00%(upstream:remoteref) refs/heads/main refs/remotes/main [5ms]
2024-02-13 17:13:34.287 [info] > git status -z -uall [166ms]
2024-02-13 17:13:35.553 [info] > git ls-files --stage -- /var/lib/odoo/modules/tarea03abm/views/views.xml [4ms]
2024-02-13 17:13:35.581 [info] > git show --textconv :modules/tarea03abm/views/views.xml [5ms]
2024-02-13 17:13:49.643 [info] > git fetch [15575ms]
2024-02-13 17:13:49.676 [info] > git config --get commit.template [16ms]
2024-02-13 17:13:49.677 [info] > git for-each-ref --format=%(refname)%00%(upstream:short)%00%(objectname)%00%(upstream:track)%00%(upstream:remotename)%00%(upstream:remoteref) refs/heads/main refs/remotes/main [2ms]
2024-02-13 17:13:49.822 [info] > git status -z -uall [129ms]
2024-02-13 17:13:49.917 [info] > git config --get commit.template [19ms]
2024-02-13 17:13:49.925 [info] > git for-each-ref --format=%(refname)%00%(upstream:short)%00%(objectname)%00%(upstream:track)%00%(upstream:remotename)%00%(upstream:remoteref) refs/heads/main refs/remotes/main [9ms]
2024-02-13 17:13:50.534 [info] > git status -z -uall [594ms]
2024-02-13 17:13:51.296 [info] > git ls-files --stage -- /var/lib/odoo/modules/tarea03abm/views/views.xml [10ms]
2024-02-13 17:13:51.325 [info] > git show --textconv :modules/tarea03abm/views/views.xml [5ms]
2024-02-13 17:13:55.628 [info] > git config --get commit.template [19ms]
2024-02-13 17:13:55.629 [info] > git for-each-ref --format=%(refname)%00%(upstream:short)%00%(objectname)%00%(upstream:track)%00%(upstream:remotename)%00%(upstream:remoteref) refs/heads/main refs/remotes/main [2ms]
2024-02-13 17:13:55.776 [info] > git status -z -uall [129ms]
2024-02-15 15:56:26.080 [info] > git fetch [543ms]
2024-02-15 15:56:26.109 [info] > git config --get commit.template [14ms]
2024-02-15 15:56:26.110 [info] > git for-each-ref --format=%(refname)%00%(upstream:short)%00%(objectname)%00%(upstream:track)%00%(upstream:remotename)%00%(upstream:remoteref) refs/heads/main refs/remotes/main [2ms]
2024-02-15 15:56:26.272 [info] > git status -z -uall [147ms]
2024-02-15 15:59:26.926 [info] > git fetch [564ms]
2024-02-15 15:59:26.961 [info] > git config --get commit.template [18ms]
2024-02-15 15:59:26.963 [info] > git for-each-ref --format=%(refname)%00%(upstream:short)%00%(objectname)%00%(upstream:track)%00%(upstream:remotename)%00%(upstream:remoteref) refs/heads/main refs/remotes/main [2ms]
2024-02-15 15:59:27.121 [info] > git status -z -uall [139ms]
2024-02-15 16:02:27.760 [info] > git fetch [533ms]
2024-02-15 16:02:27.791 [info] > git config --get commit.template [16ms]
2024-02-15 16:02:27.792 [info] > git for-each-ref --format=%(refname)%00%(upstream:short)%00%(objectname)%00%(upstream:track)%00%(upstream:remotename)%00%(upstream:remoteref) refs/heads/main refs/remotes/main [2ms]
2024-02-15 16:02:27.949 [info] > git status -z -uall [143ms]
2024-02-15 16:05:28.547 [info] > git fetch [506ms]
2024-02-15 16:05:28.566 [info] > git config --get commit.template [1ms]
2024-02-15 16:05:28.583 [info] > git for-each-ref --format=%(refname)%00%(upstream:short)%00%(objectname)%00%(upstream:track)%00%(upstream:remotename)%00%(upstream:remoteref) refs/heads/main refs/remotes/main [2ms]
2024-02-15 16:05:28.736 [info] > git status -z -uall [138ms]
2024-02-15 16:08:29.354 [info] > git fetch [509ms]
2024-02-15 16:08:29.388 [info] > git config --get commit.template [16ms]
2024-02-15 16:08:29.389 [info] > git for-each-ref --format=%(refname)%00%(upstream:short)%00%(objectname)%00%(upstream:track)%00%(upstream:remotename)%00%(upstream:remoteref) refs/heads/main refs/remotes/main [3ms]
2024-02-15 16:08:29.543 [info] > git status -z -uall [137ms]
2024-02-15 16:11:30.159 [info] > git fetch [521ms]
2024-02-15 16:11:30.186 [info] > git config --get commit.template [14ms]
2024-02-15 16:11:30.187 [info] > git for-each-ref --format=%(refname)%00%(upstream:short)%00%(objectname)%00%(upstream:track)%00%(upstream:remotename)%00%(upstream:remoteref) refs/heads/main refs/remotes/main [2ms]
2024-02-15 16:11:30.346 [info] > git status -z -uall [145ms]
2024-02-15 16:14:30.960 [info] > git fetch [522ms]
2024-02-15 16:14:30.992 [info] > git config --get commit.template [16ms]
2024-02-15 16:14:30.993 [info] > git for-each-ref --format=%(refname)%00%(upstream:short)%00%(objectname)%00%(upstream:track)%00%(upstream:remotename)%00%(upstream:remoteref) refs/heads/main refs/remotes/main [2ms]
2024-02-15 16:14:31.145 [info] > git status -z -uall [136ms]
2024-02-15 16:17:31.729 [info] > git fetch [492ms]
2024-02-15 16:17:31.756 [info] > git config --get commit.template [13ms]
2024-02-15 16:17:31.758 [info] > git for-each-ref --format=%(refname)%00%(upstream:short)%00%(objectname)%00%(upstream:track)%00%(upstream:remotename)%00%(upstream:remoteref) refs/heads/main refs/remotes/main [2ms]
2024-02-15 16:17:31.915 [info] > git status -z -uall [143ms]
2024-02-15 16:20:32.549 [info] > git fetch [546ms]
2024-02-15 16:20:32.578 [info] > git config --get commit.template [14ms]
2024-02-15 16:20:32.579 [info] > git for-each-ref --format=%(refname)%00%(upstream:short)%00%(objectname)%00%(upstream:track)%00%(upstream:remotename)%00%(upstream:remoteref) refs/heads/main refs/remotes/main [2ms]
2024-02-15 16:20:32.747 [info] > git status -z -uall [151ms]
2024-02-15 16:23:33.347 [info] > git fetch [506ms]
2024-02-15 16:23:33.365 [info] > git config --get commit.template [2ms]
2024-02-15 16:23:33.381 [info] > git for-each-ref --format=%(refname)%00%(upstream:short)%00%(objectname)%00%(upstream:track)%00%(upstream:remotename)%00%(upstream:remoteref) refs/heads/main refs/remotes/main [2ms]
2024-02-15 16:23:33.536 [info] > git status -z -uall [141ms]
2024-02-15 16:26:34.189 [info] > git fetch [549ms]
2024-02-15 16:26:34.226 [info] > git config --get commit.template [18ms]
2024-02-15 16:26:34.227 [info] > git for-each-ref --format=%(refname)%00%(upstream:short)%00%(objectname)%00%(upstream:track)%00%(upstream:remotename)%00%(upstream:remoteref) refs/heads/main refs/remotes/main [2ms]
2024-02-15 16:26:34.375 [info] > git status -z -uall [132ms]
2024-02-15 16:29:35.159 [info] > git fetch [695ms]
2024-02-15 16:29:35.188 [info] > git config --get commit.template [14ms]
2024-02-15 16:29:35.189 [info] > git for-each-ref --format=%(refname)%00%(upstream:short)%00%(objectname)%00%(upstream:track)%00%(upstream:remotename)%00%(upstream:remoteref) refs/heads/main refs/remotes/main [2ms]
2024-02-15 16:29:35.333 [info] > git status -z -uall [130ms]
2024-02-15 16:32:35.967 [info] > git fetch [529ms]
2024-02-15 16:32:35.998 [info] > git config --get commit.template [15ms]
2024-02-15 16:32:35.999 [info] > git for-each-ref --format=%(refname)%00%(upstream:short)%00%(objectname)%00%(upstream:track)%00%(upstream:remotename)%00%(upstream:remoteref) refs/heads/main refs/remotes/main [2ms]
2024-02-15 16:32:36.154 [info] > git status -z -uall [140ms]
2024-02-15 16:35:36.770 [info] > git fetch [524ms]
2024-02-15 16:35:36.819 [info] > git config --get commit.template [27ms]
2024-02-15 16:35:36.820 [info] > git for-each-ref --format=%(refname)%00%(upstream:short)%00%(objectname)%00%(upstream:track)%00%(upstream:remotename)%00%(upstream:remoteref) refs/heads/main refs/remotes/main [3ms]
2024-02-15 16:35:36.985 [info] > git status -z -uall [142ms]
2024-02-15 16:38:37.629 [info] > git fetch [532ms]
2024-02-15 16:38:37.662 [info] > git config --get commit.template [16ms]
2024-02-15 16:38:37.663 [info] > git for-each-ref --format=%(refname)%00%(upstream:short)%00%(objectname)%00%(upstream:track)%00%(upstream:remotename)%00%(upstream:remoteref) refs/heads/main refs/remotes/main [2ms]
2024-02-15 16:38:37.826 [info] > git status -z -uall [148ms]
2024-02-15 16:41:38.451 [info] > git fetch [522ms]
2024-02-15 16:41:38.482 [info] > git config --get commit.template [15ms]
2024-02-15 16:41:38.484 [info] > git for-each-ref --format=%(refname)%00%(upstream:short)%00%(objectname)%00%(upstream:track)%00%(upstream:remotename)%00%(upstream:remoteref) refs/heads/main refs/remotes/main [2ms]
2024-02-15 16:41:38.647 [info] > git status -z -uall [147ms]
2024-02-15 16:44:39.258 [info] > git fetch [503ms]
2024-02-15 16:44:39.290 [info] > git config --get commit.template [15ms]
2024-02-15 16:44:39.293 [info] > git for-each-ref --format=%(refname)%00%(upstream:short)%00%(objectname)%00%(upstream:track)%00%(upstream:remotename)%00%(upstream:remoteref) refs/heads/main refs/remotes/main [5ms]
2024-02-15 16:44:39.465 [info] > git status -z -uall [158ms]
2024-02-15 16:47:40.066 [info] > git fetch [499ms]
2024-02-15 16:47:40.101 [info] > git config --get commit.template [19ms]
2024-02-15 16:47:40.102 [info] > git for-each-ref --format=%(refname)%00%(upstream:short)%00%(objectname)%00%(upstream:track)%00%(upstream:remotename)%00%(upstream:remoteref) refs/heads/main refs/remotes/main [2ms]
2024-02-15 16:47:40.253 [info] > git status -z -uall [135ms]
2024-02-15 16:50:40.876 [info] > git fetch [513ms]
2024-02-15 16:50:40.905 [info] > git config --get commit.template [15ms]
2024-02-15 16:50:40.906 [info] > git for-each-ref --format=%(refname)%00%(upstream:short)%00%(objectname)%00%(upstream:track)%00%(upstream:remotename)%00%(upstream:remoteref) refs/heads/main refs/remotes/main [3ms]
2024-02-15 16:50:41.066 [info] > git status -z -uall [146ms]
2024-02-15 16:53:41.694 [info] > git fetch [529ms]
2024-02-15 16:53:41.730 [info] > git config --get commit.template [18ms]
2024-02-15 16:53:41.731 [info] > git for-each-ref --format=%(refname)%00%(upstream:short)%00%(objectname)%00%(upstream:track)%00%(upstream:remotename)%00%(upstream:remoteref) refs/heads/main refs/remotes/main [2ms]
2024-02-15 16:53:41.894 [info] > git status -z -uall [145ms]
2024-02-15 16:56:42.517 [info] > git fetch [529ms]
2024-02-15 16:56:42.548 [info] > git config --get commit.template [15ms]
2024-02-15 16:56:42.549 [info] > git for-each-ref --format=%(refname)%00%(upstream:short)%00%(objectname)%00%(upstream:track)%00%(upstream:remotename)%00%(upstream:remoteref) refs/heads/main refs/remotes/main [2ms]
2024-02-15 16:56:42.702 [info] > git status -z -uall [137ms]
2024-02-15 16:59:43.319 [info] > git fetch [518ms]
2024-02-15 16:59:43.348 [info] > git config --get commit.template [15ms]
2024-02-15 16:59:43.349 [info] > git for-each-ref --format=%(refname)%00%(upstream:short)%00%(objectname)%00%(upstream:track)%00%(upstream:remotename)%00%(upstream:remoteref) refs/heads/main refs/remotes/main [2ms]
2024-02-15 16:59:43.517 [info] > git status -z -uall [152ms]
2024-02-15 17:02:44.179 [info] > git fetch [558ms]
2024-02-15 17:02:44.213 [info] > git config --get commit.template [17ms]
2024-02-15 17:02:44.215 [info] > git for-each-ref --format=%(refname)%00%(upstream:short)%00%(objectname)%00%(upstream:track)%00%(upstream:remotename)%00%(upstream:remoteref) refs/heads/main refs/remotes/main [3ms]
2024-02-15 17:02:44.376 [info] > git status -z -uall [145ms]
2024-02-15 17:05:45.018 [info] > git fetch [541ms]
2024-02-15 17:05:45.049 [info] > git config --get commit.template [16ms]
2024-02-15 17:05:45.052 [info] > git for-each-ref --format=%(refname)%00%(upstream:short)%00%(objectname)%00%(upstream:track)%00%(upstream:remotename)%00%(upstream:remoteref) refs/heads/main refs/remotes/main [5ms]
2024-02-15 17:05:45.233 [info] > git status -z -uall [167ms]
2024-02-15 17:08:46.865 [info] > git fetch [1523ms]
2024-02-15 17:08:46.898 [info] > git config --get commit.template [17ms]
2024-02-15 17:08:46.899 [info] > git for-each-ref --format=%(refname)%00%(upstream:short)%00%(objectname)%00%(upstream:track)%00%(upstream:remotename)%00%(upstream:remoteref) refs/heads/main refs/remotes/main [2ms]
2024-02-15 17:08:47.058 [info] > git status -z -uall [139ms]
2024-02-15 17:11:47.691 [info] > git fetch [510ms]
2024-02-15 17:11:47.723 [info] > git config --get commit.template [16ms]
2024-02-15 17:11:47.724 [info] > git for-each-ref --format=%(refname)%00%(upstream:short)%00%(objectname)%00%(upstream:track)%00%(upstream:remotename)%00%(upstream:remoteref) refs/heads/main refs/remotes/main [3ms]
2024-02-15 17:11:47.896 [info] > git status -z -uall [156ms]
2024-02-15 17:14:48.505 [info] > git fetch [502ms]
2024-02-15 17:14:48.541 [info] > git config --get commit.template [19ms]
2024-02-15 17:14:48.542 [info] > git for-each-ref --format=%(refname)%00%(upstream:short)%00%(objectname)%00%(upstream:track)%00%(upstream:remotename)%00%(upstream:remoteref) refs/heads/main refs/remotes/main [2ms]
2024-02-15 17:14:48.696 [info] > git status -z -uall [137ms]
2024-02-16 14:48:51.767 [info] > git fetch [537ms]
2024-02-16 14:48:51.797 [info] > git config --get commit.template [16ms]
2024-02-16 14:48:51.798 [info] > git for-each-ref --format=%(refname)%00%(upstream:short)%00%(objectname)%00%(upstream:track)%00%(upstream:remotename)%00%(upstream:remoteref) refs/heads/main refs/remotes/main [3ms]
2024-02-16 14:48:51.968 [info] > git status -z -uall [154ms]
2024-02-16 14:52:12.107 [info] > git fetch [20040ms]
2024-02-16 14:52:12.108 [info] fatal: unable to access 'https://github.com/Adrienmol/SGE-ABM.git/': Could not resolve host: github.com
2024-02-16 14:52:12.144 [info] > git config --get commit.template [16ms]
2024-02-16 14:52:12.145 [info] > git for-each-ref --format=%(refname)%00%(upstream:short)%00%(objectname)%00%(upstream:track)%00%(upstream:remotename)%00%(upstream:remoteref) refs/heads/main refs/remotes/main [2ms]
2024-02-16 14:52:12.294 [info] > git status -z -uall [133ms]
