2024-02-16 14:50:16.471 [info] Log level: Info
2024-02-16 14:50:16.471 [info] Validating found git in: "git"
2024-02-16 14:50:16.471 [info] Using git "2.34.1" from "git"
2024-02-16 14:50:16.471 [info] > git rev-parse --show-toplevel [4ms]
2024-02-16 14:50:16.471 [info] > git rev-parse --git-dir --git-common-dir [2ms]
2024-02-16 14:50:16.471 [info] Open repository: /var/lib/odoo
2024-02-16 14:50:16.471 [info] > git config --get commit.template [15ms]
2024-02-16 14:50:16.471 [info] > git rev-parse --show-toplevel [16ms]
2024-02-16 14:50:16.471 [info] > git for-each-ref --format=%(refname)%00%(upstream:short)%00%(objectname)%00%(upstream:track)%00%(upstream:remotename)%00%(upstream:remoteref) refs/heads/main refs/remotes/main [14ms]
2024-02-16 14:50:16.471 [info] > git rev-parse --show-toplevel [4ms]
2024-02-16 14:50:16.471 [info] > git rev-parse --show-toplevel [20ms]
2024-02-16 14:50:16.471 [info] > git rev-parse --show-toplevel [15ms]
2024-02-16 14:50:16.479 [info] > git rev-parse --show-toplevel [10ms]
2024-02-16 14:50:16.670 [info] > git status -z -uall [260ms]
2024-02-16 14:50:18.003 [info] > git fetch [1676ms]
2024-02-16 14:50:18.062 [info] > git config --get commit.template [101ms]
2024-02-16 14:50:18.287 [info] > git config --get commit.template [225ms]
2024-02-16 14:50:18.290 [info] > git for-each-ref --format=%(refname)%00%(upstream:short)%00%(objectname)%00%(upstream:track)%00%(upstream:remotename)%00%(upstream:remoteref) refs/heads/main refs/remotes/main [8ms]
2024-02-16 14:50:18.326 [info] > git for-each-ref --format=%(refname)%00%(upstream:short)%00%(objectname)%00%(upstream:track)%00%(upstream:remotename)%00%(upstream:remoteref) refs/heads/main refs/remotes/main [245ms]
2024-02-16 14:50:19.023 [info] > git check-ignore -v -z --stdin [22ms]
2024-02-16 14:50:19.065 [info] > git status -z -uall [716ms]
2024-02-16 14:50:20.947 [info] > git check-ignore -v -z --stdin [17ms]
2024-02-16 15:09:55.908 [info] > git fetch [996668ms]
2024-02-16 15:09:55.909 [info] fatal: unable to access 'https://github.com/Adrienmol/SGE-ABM.git/': GnuTLS recv error (-54): Error in the pull function.
2024-02-16 15:09:55.941 [info] > git config --get commit.template [18ms]
2024-02-16 15:09:55.942 [info] > git for-each-ref --format=%(refname)%00%(upstream:short)%00%(objectname)%00%(upstream:track)%00%(upstream:remotename)%00%(upstream:remoteref) refs/heads/main refs/remotes/main [3ms]
2024-02-16 15:09:56.142 [info] > git status -z -uall [184ms]
2024-02-16 15:09:56.276 [info] > git config --get commit.template [18ms]
2024-02-16 15:09:57.109 [info] > git for-each-ref --format=%(refname)%00%(upstream:short)%00%(objectname)%00%(upstream:track)%00%(upstream:remotename)%00%(upstream:remoteref) refs/heads/main refs/remotes/main [7ms]
2024-02-16 15:09:57.269 [info] > git status -z -uall [142ms]
2024-02-16 15:12:56.780 [info] > git fetch [528ms]
2024-02-16 15:12:56.809 [info] > git config --get commit.template [14ms]
2024-02-16 15:12:56.810 [info] > git for-each-ref --format=%(refname)%00%(upstream:short)%00%(objectname)%00%(upstream:track)%00%(upstream:remotename)%00%(upstream:remoteref) refs/heads/main refs/remotes/main [2ms]
2024-02-16 15:12:56.966 [info] > git status -z -uall [141ms]
2024-02-16 15:12:57.089 [info] > git config --get commit.template [33ms]
2024-02-16 15:12:57.819 [info] > git for-each-ref --format=%(refname)%00%(upstream:short)%00%(objectname)%00%(upstream:track)%00%(upstream:remotename)%00%(upstream:remoteref) refs/heads/main refs/remotes/main [710ms]
2024-02-16 15:12:57.978 [info] > git status -z -uall [140ms]
2024-02-16 15:15:57.600 [info] > git fetch [538ms]
2024-02-16 15:15:57.632 [info] > git config --get commit.template [15ms]
2024-02-16 15:15:57.633 [info] > git for-each-ref --format=%(refname)%00%(upstream:short)%00%(objectname)%00%(upstream:track)%00%(upstream:remotename)%00%(upstream:remoteref) refs/heads/main refs/remotes/main [3ms]
2024-02-16 15:15:57.802 [info] > git status -z -uall [153ms]
2024-02-16 15:18:58.479 [info] > git fetch [572ms]
2024-02-16 15:18:58.511 [info] > git config --get commit.template [16ms]
2024-02-16 15:18:58.512 [info] > git for-each-ref --format=%(refname)%00%(upstream:short)%00%(objectname)%00%(upstream:track)%00%(upstream:remotename)%00%(upstream:remoteref) refs/heads/main refs/remotes/main [3ms]
2024-02-16 15:18:58.666 [info] > git status -z -uall [139ms]
2024-02-16 15:18:58.761 [info] > git config --get commit.template [3ms]
2024-02-16 15:18:58.784 [info] > git for-each-ref --format=%(refname)%00%(upstream:short)%00%(objectname)%00%(upstream:track)%00%(upstream:remotename)%00%(upstream:remoteref) refs/heads/main refs/remotes/main [3ms]
2024-02-16 15:18:59.580 [info] > git status -z -uall [777ms]
2024-02-16 15:32:31.905 [info] > git show --textconv :modules/tarea03abm/models/medico.py [18ms]
2024-02-16 15:32:31.916 [info] > git ls-files --stage -- /var/lib/odoo/modules/tarea03abm/models/medico.py [13ms]
2024-02-16 15:32:32.537 [info] > git show --textconv :modules/tarea03abm/models/paciente.py [18ms]
2024-02-16 15:32:32.543 [info] > git ls-files --stage -- /var/lib/odoo/modules/tarea03abm/models/paciente.py [7ms]
2024-02-16 15:33:06.119 [info] > git check-ignore -v -z --stdin [5ms]
2024-02-16 15:33:12.462 [info] > git show --textconv :modules/tarea03abm/models/medico.py [17ms]
2024-02-16 15:33:12.465 [info] > git ls-files --stage -- /var/lib/odoo/modules/tarea03abm/models/medico.py [5ms]
2024-02-16 15:33:13.583 [info] > git show --textconv :modules/tarea03abm/models/paciente.py [16ms]
2024-02-16 15:33:13.587 [info] > git ls-files --stage -- /var/lib/odoo/modules/tarea03abm/models/paciente.py [5ms]
2024-02-16 15:33:17.455 [info] > git show --textconv :modules/tarea03abm/__init__.py [17ms]
2024-02-16 15:33:17.458 [info] > git ls-files --stage -- /var/lib/odoo/modules/tarea03abm/__init__.py [4ms]
2024-02-16 15:33:18.404 [info] > git show --textconv :modules/tarea03abm/__manifest__.py [16ms]
2024-02-16 15:33:18.407 [info] > git ls-files --stage -- /var/lib/odoo/modules/tarea03abm/__manifest__.py [4ms]
2024-02-16 15:33:20.873 [info] > git show --textconv :modules/tarea03abm/__init__.py [16ms]
2024-02-16 15:33:20.876 [info] > git ls-files --stage -- /var/lib/odoo/modules/tarea03abm/__init__.py [4ms]
2024-02-16 15:33:21.989 [info] > git show --textconv :modules/tarea03abm/__manifest__.py [18ms]
2024-02-16 15:33:21.991 [info] > git ls-files --stage -- /var/lib/odoo/modules/tarea03abm/__manifest__.py [5ms]
2024-02-16 15:35:35.860 [info] > git ls-files --stage -- /var/lib/odoo/modules/tarea03abm/__manifest__.py [4ms]
2024-02-16 15:35:35.884 [info] > git show --textconv :modules/tarea03abm/__manifest__.py [4ms]
2024-02-16 15:37:37.877 [info] > git show --textconv :modules/tarea03abm/models/diagnosticos.py [18ms]
2024-02-16 15:37:37.883 [info] > git ls-files --stage -- /var/lib/odoo/modules/tarea03abm/models/diagnosticos.py [6ms]
2024-02-16 15:37:38.096 [info] > git check-ignore -v -z --stdin [4ms]
2024-02-16 15:38:25.990 [info] > git fetch [987227ms]
2024-02-16 15:38:25.991 [info] fatal: unable to access 'https://github.com/Adrienmol/SGE-ABM.git/': GnuTLS recv error (-54): Error in the pull function.
2024-02-16 15:38:26.023 [info] > git config --get commit.template [14ms]
2024-02-16 15:38:26.024 [info] > git for-each-ref --format=%(refname)%00%(upstream:short)%00%(objectname)%00%(upstream:track)%00%(upstream:remotename)%00%(upstream:remoteref) refs/heads/main refs/remotes/main [3ms]
2024-02-16 15:38:26.184 [info] > git status -z -uall [145ms]
2024-02-16 15:38:27.107 [info] > git for-each-ref --format=%(refname)%00%(upstream:short)%00%(objectname)%00%(upstream:track)%00%(upstream:remotename)%00%(upstream:remoteref) refs/heads/main refs/remotes/main [776ms]
2024-02-16 15:38:27.108 [info] > git config --get commit.template [814ms]
2024-02-16 15:38:27.272 [info] > git status -z -uall [144ms]
2024-02-16 15:38:28.477 [info] > git show --textconv :modules/tarea03abm/__manifest__.py [20ms]
2024-02-16 15:38:28.480 [info] > git ls-files --stage -- /var/lib/odoo/modules/tarea03abm/__manifest__.py [4ms]
2024-02-16 15:38:29.063 [info] > git show --textconv :modules/tarea03abm/models/paciente.py [19ms]
2024-02-16 15:38:29.066 [info] > git ls-files --stage -- /var/lib/odoo/modules/tarea03abm/models/paciente.py [4ms]
2024-02-16 15:38:33.662 [info] > git show --textconv :modules/tarea03abm/models/diagnosticos.py [18ms]
2024-02-16 15:38:33.665 [info] > git ls-files --stage -- /var/lib/odoo/modules/tarea03abm/models/diagnosticos.py [4ms]
2024-02-16 15:38:51.889 [info] > git show --textconv :modules/tarea03abm/models/diagnostico.py [21ms]
2024-02-16 15:38:51.896 [info] > git ls-files --stage -- /var/lib/odoo/modules/tarea03abm/models/diagnostico.py [8ms]
2024-02-16 15:38:52.066 [info] > git check-ignore -v -z --stdin [5ms]
2024-02-16 15:41:26.856 [info] > git fetch [562ms]
2024-02-16 15:41:26.890 [info] > git config --get commit.template [17ms]
2024-02-16 15:41:26.891 [info] > git for-each-ref --format=%(refname)%00%(upstream:short)%00%(objectname)%00%(upstream:track)%00%(upstream:remotename)%00%(upstream:remoteref) refs/heads/main refs/remotes/main [2ms]
2024-02-16 15:41:27.058 [info] > git status -z -uall [151ms]
2024-02-16 15:41:27.172 [info] > git config --get commit.template [5ms]
2024-02-16 15:41:28.009 [info] > git for-each-ref --format=%(refname)%00%(upstream:short)%00%(objectname)%00%(upstream:track)%00%(upstream:remotename)%00%(upstream:remoteref) refs/heads/main refs/remotes/main [815ms]
2024-02-16 15:41:28.179 [info] > git status -z -uall [151ms]
2024-02-16 15:41:28.179 [info] > git ls-files --stage -- /var/lib/odoo/modules/tarea03abm/models/diagnostico.py [10ms]
2024-02-16 15:41:28.281 [info] > git show --textconv :modules/tarea03abm/models/diagnostico.py [6ms]
2024-02-16 15:44:27.768 [info] > git fetch [611ms]
2024-02-16 15:44:27.802 [info] > git config --get commit.template [15ms]
2024-02-16 15:44:27.803 [info] > git for-each-ref --format=%(refname)%00%(upstream:short)%00%(objectname)%00%(upstream:track)%00%(upstream:remotename)%00%(upstream:remoteref) refs/heads/main refs/remotes/main [3ms]
2024-02-16 15:44:27.971 [info] > git status -z -uall [150ms]
2024-02-16 15:44:28.086 [info] > git config --get commit.template [30ms]
2024-02-16 15:44:28.934 [info] > git for-each-ref --format=%(refname)%00%(upstream:short)%00%(objectname)%00%(upstream:track)%00%(upstream:remotename)%00%(upstream:remoteref) refs/heads/main refs/remotes/main [813ms]
2024-02-16 15:44:28.994 [info] > git ls-files --stage -- /var/lib/odoo/modules/tarea03abm/models/diagnostico.py [6ms]
2024-02-16 15:44:29.023 [info] > git show --textconv :modules/tarea03abm/models/diagnostico.py [6ms]
2024-02-16 15:44:29.092 [info] > git status -z -uall [140ms]
2024-02-16 15:44:43.260 [info] > git show --textconv :modules/tarea03abm/models/paciente.py [19ms]
2024-02-16 15:44:43.266 [info] > git ls-files --stage -- /var/lib/odoo/modules/tarea03abm/models/paciente.py [6ms]
2024-02-16 15:44:45.064 [info] > git show --textconv :modules/tarea03abm/models/diagnostico.py [21ms]
2024-02-16 15:44:45.066 [info] > git ls-files --stage -- /var/lib/odoo/modules/tarea03abm/models/diagnostico.py [3ms]
2024-02-16 15:46:11.942 [info] > git show --textconv :modules/tarea03abm/models/paciente.py [18ms]
2024-02-16 15:46:11.945 [info] > git ls-files --stage -- /var/lib/odoo/modules/tarea03abm/models/paciente.py [4ms]
2024-02-16 15:46:22.235 [info] > git show --textconv :modules/tarea03abm/models/diagnostico.py [17ms]
2024-02-16 15:46:22.239 [info] > git ls-files --stage -- /var/lib/odoo/modules/tarea03abm/models/diagnostico.py [5ms]
2024-02-16 15:46:24.471 [info] > git show --textconv :modules/tarea03abm/models/paciente.py [20ms]
2024-02-16 15:46:24.477 [info] > git ls-files --stage -- /var/lib/odoo/modules/tarea03abm/models/paciente.py [7ms]
2024-02-16 15:46:42.334 [info] > git show --textconv :modules/tarea03abm/models/diagnostico.py [18ms]
2024-02-16 15:46:42.338 [info] > git ls-files --stage -- /var/lib/odoo/modules/tarea03abm/models/diagnostico.py [5ms]
2024-02-16 15:46:43.848 [info] > git show --textconv :modules/tarea03abm/models/paciente.py [17ms]
2024-02-16 15:46:43.852 [info] > git ls-files --stage -- /var/lib/odoo/modules/tarea03abm/models/paciente.py [5ms]
2024-02-16 15:46:56.522 [info] > git show --textconv :modules/tarea03abm/models/medico.py [17ms]
2024-02-16 15:46:56.525 [info] > git ls-files --stage -- /var/lib/odoo/modules/tarea03abm/models/medico.py [4ms]
2024-02-16 15:47:03.452 [info] > git show --textconv :modules/tarea03abm/models/diagnostico.py [17ms]
2024-02-16 15:47:03.456 [info] > git ls-files --stage -- /var/lib/odoo/modules/tarea03abm/models/diagnostico.py [5ms]
2024-02-16 15:47:05.774 [info] > git show --textconv :modules/tarea03abm/models/medico.py [18ms]
2024-02-16 15:47:05.780 [info] > git ls-files --stage -- /var/lib/odoo/modules/tarea03abm/models/medico.py [7ms]
2024-02-16 15:47:29.284 [info] > git ls-files --stage -- /var/lib/odoo/modules/tarea03abm/models/medico.py [4ms]
2024-02-16 15:47:29.310 [info] > git show --textconv :modules/tarea03abm/models/medico.py [4ms]
2024-02-16 15:47:45.802 [info] > git show --textconv :modules/tarea03abm/models/paciente.py [18ms]
2024-02-16 15:47:45.808 [info] > git ls-files --stage -- /var/lib/odoo/modules/tarea03abm/models/paciente.py [7ms]
2024-02-16 15:47:48.092 [info] > git fetch [20035ms]
2024-02-16 15:47:48.093 [info] fatal: unable to access 'https://github.com/Adrienmol/SGE-ABM.git/': Could not resolve host: github.com
2024-02-16 15:47:48.129 [info] > git config --get commit.template [16ms]
2024-02-16 15:47:48.130 [info] > git for-each-ref --format=%(refname)%00%(upstream:short)%00%(objectname)%00%(upstream:track)%00%(upstream:remotename)%00%(upstream:remoteref) refs/heads/main refs/remotes/main [3ms]
2024-02-16 15:47:48.291 [info] > git status -z -uall [143ms]
2024-02-16 15:47:48.403 [info] > git config --get commit.template [24ms]
2024-02-16 15:47:49.222 [info] > git for-each-ref --format=%(refname)%00%(upstream:short)%00%(objectname)%00%(upstream:track)%00%(upstream:remotename)%00%(upstream:remoteref) refs/heads/main refs/remotes/main [799ms]
2024-02-16 15:47:49.376 [info] > git status -z -uall [135ms]
2024-02-16 15:47:57.262 [info] > git show --textconv :modules/tarea03abm/models/medico.py [19ms]
2024-02-16 15:47:57.264 [info] > git ls-files --stage -- /var/lib/odoo/modules/tarea03abm/models/medico.py [4ms]
2024-02-16 15:47:58.123 [info] > git show --textconv :modules/tarea03abm/models/paciente.py [20ms]
2024-02-16 15:47:58.128 [info] > git ls-files --stage -- /var/lib/odoo/modules/tarea03abm/models/paciente.py [6ms]
2024-02-16 15:48:14.612 [info] > git show --textconv :modules/tarea03abm/views/vistaDiagnostico.xml [18ms]
2024-02-16 15:48:14.651 [info] > git ls-files --stage -- /var/lib/odoo/modules/tarea03abm/views/vistaDiagnostico.xml [39ms]
2024-02-16 15:48:14.733 [info] > git check-ignore -v -z --stdin [6ms]
2024-02-16 15:48:20.498 [info] > git show --textconv :modules/tarea03abm/views/vistaMedico.xml [32ms]
2024-02-16 15:48:20.498 [info] > git ls-files --stage -- /var/lib/odoo/modules/tarea03abm/views/vistaMedico.xml [6ms]
2024-02-16 15:48:22.217 [info] > git show --textconv :modules/tarea03abm/views/vistaDiagnostico.xml [22ms]
2024-02-16 15:48:22.219 [info] > git ls-files --stage -- /var/lib/odoo/modules/tarea03abm/views/vistaDiagnostico.xml [5ms]
2024-02-16 15:48:22.538 [info] > git config --get commit.template [21ms]
2024-02-16 15:48:22.540 [info] > git for-each-ref --format=%(refname)%00%(upstream:short)%00%(objectname)%00%(upstream:track)%00%(upstream:remotename)%00%(upstream:remoteref) refs/heads/main refs/remotes/main [4ms]
2024-02-16 15:48:22.718 [info] > git status -z -uall [158ms]
2024-02-16 15:48:42.397 [info] > git show --textconv :modules/tarea03abm/models/diagnostico.py [20ms]
2024-02-16 15:48:42.402 [info] > git ls-files --stage -- /var/lib/odoo/modules/tarea03abm/models/diagnostico.py [7ms]
2024-02-16 15:49:20.617 [info] > git show --textconv :modules/tarea03abm/views/vistaMedico.xml [18ms]
2024-02-16 15:49:20.620 [info] > git ls-files --stage -- /var/lib/odoo/modules/tarea03abm/views/vistaMedico.xml [4ms]
2024-02-16 15:49:21.926 [info] > git show --textconv :modules/tarea03abm/views/vistaDiagnostico.xml [16ms]
2024-02-16 15:49:21.929 [info] > git ls-files --stage -- /var/lib/odoo/modules/tarea03abm/views/vistaDiagnostico.xml [4ms]
2024-02-16 15:49:26.869 [info] > git show --textconv :modules/tarea03abm/models/diagnostico.py [17ms]
2024-02-16 15:49:26.871 [info] > git ls-files --stage -- /var/lib/odoo/modules/tarea03abm/models/diagnostico.py [4ms]
2024-02-16 15:49:28.299 [info] > git show --textconv :modules/tarea03abm/views/vistaDiagnostico.xml [20ms]
2024-02-16 15:49:28.303 [info] > git ls-files --stage -- /var/lib/odoo/modules/tarea03abm/views/vistaDiagnostico.xml [5ms]
2024-02-16 15:49:32.493 [info] > git show --textconv :modules/tarea03abm/models/diagnostico.py [16ms]
2024-02-16 15:49:32.496 [info] > git ls-files --stage -- /var/lib/odoo/modules/tarea03abm/models/diagnostico.py [3ms]
2024-02-16 15:49:34.216 [info] > git show --textconv :modules/tarea03abm/views/vistaDiagnostico.xml [19ms]
2024-02-16 15:49:34.219 [info] > git ls-files --stage -- /var/lib/odoo/modules/tarea03abm/views/vistaDiagnostico.xml [4ms]
2024-02-16 15:50:48.916 [info] > git fetch [534ms]
2024-02-16 15:50:48.952 [info] > git config --get commit.template [18ms]
2024-02-16 15:50:48.953 [info] > git for-each-ref --format=%(refname)%00%(upstream:short)%00%(objectname)%00%(upstream:track)%00%(upstream:remotename)%00%(upstream:remoteref) refs/heads/main refs/remotes/main [3ms]
2024-02-16 15:50:49.114 [info] > git status -z -uall [146ms]
2024-02-16 15:50:50.009 [info] > git for-each-ref --format=%(refname)%00%(upstream:short)%00%(objectname)%00%(upstream:track)%00%(upstream:remotename)%00%(upstream:remoteref) refs/heads/main refs/remotes/main [762ms]
2024-02-16 15:50:50.010 [info] > git config --get commit.template [794ms]
2024-02-16 15:50:50.177 [info] > git status -z -uall [148ms]
2024-02-16 15:50:50.287 [info] > git ls-files --stage -- /var/lib/odoo/modules/tarea03abm/views/vistaDiagnostico.xml [4ms]
2024-02-16 15:50:50.978 [info] > git show --textconv :modules/tarea03abm/views/vistaDiagnostico.xml [667ms]
2024-02-16 15:51:16.063 [info] > git show --textconv :modules/tarea03abm/__manifest__.py [20ms]
2024-02-16 15:51:16.067 [info] > git ls-files --stage -- /var/lib/odoo/modules/tarea03abm/__manifest__.py [6ms]
2024-02-16 15:51:50.123 [info] > git show --textconv :modules/tarea03abm/security/ir.model.access.csv [20ms]
2024-02-16 15:51:50.127 [info] > git ls-files --stage -- /var/lib/odoo/modules/tarea03abm/security/ir.model.access.csv [5ms]
2024-02-16 15:52:42.881 [info] > git show --textconv :modules/tarea03abm/__init__.py [22ms]
2024-02-16 15:52:42.887 [info] > git ls-files --stage -- /var/lib/odoo/modules/tarea03abm/__init__.py [9ms]
2024-02-16 15:52:47.404 [info] > git config --get commit.template [23ms]
2024-02-16 15:52:47.406 [info] > git for-each-ref --format=%(refname)%00%(upstream:short)%00%(objectname)%00%(upstream:track)%00%(upstream:remotename)%00%(upstream:remoteref) refs/heads/main refs/remotes/main [4ms]
2024-02-16 15:52:47.599 [info] > git status -z -uall [174ms]
2024-02-16 15:52:48.702 [info] > git show --textconv :modules/tarea03abm/models/__init__.py [24ms]
2024-02-16 15:52:48.705 [info] > git ls-files --stage -- /var/lib/odoo/modules/tarea03abm/models/__init__.py [5ms]
2024-02-16 15:52:52.744 [info] > git config --get commit.template [21ms]
2024-02-16 15:52:52.745 [info] > git for-each-ref --format=%(refname)%00%(upstream:short)%00%(objectname)%00%(upstream:track)%00%(upstream:remotename)%00%(upstream:remoteref) refs/heads/main refs/remotes/main [3ms]
2024-02-16 15:52:52.901 [info] > git status -z -uall [135ms]
2024-02-16 15:53:49.769 [info] > git fetch [544ms]
2024-02-16 15:53:49.807 [info] > git config --get commit.template [19ms]
2024-02-16 15:53:49.808 [info] > git for-each-ref --format=%(refname)%00%(upstream:short)%00%(objectname)%00%(upstream:track)%00%(upstream:remotename)%00%(upstream:remoteref) refs/heads/main refs/remotes/main [2ms]
2024-02-16 15:53:49.959 [info] > git status -z -uall [131ms]
2024-02-16 15:53:50.090 [info] > git config --get commit.template [20ms]
2024-02-16 15:53:50.091 [info] > git for-each-ref --format=%(refname)%00%(upstream:short)%00%(objectname)%00%(upstream:track)%00%(upstream:remotename)%00%(upstream:remoteref) refs/heads/main refs/remotes/main [3ms]
2024-02-16 15:53:50.841 [info] > git status -z -uall [729ms]
2024-02-16 15:53:51.721 [info] > git ls-files --stage -- /var/lib/odoo/modules/tarea03abm/models/__init__.py [3ms]
2024-02-16 15:53:51.750 [info] > git show --textconv :modules/tarea03abm/models/__init__.py [4ms]
2024-02-16 15:54:59.147 [info] > git ls-files --stage -- /var/lib/odoo/modules/tarea03abm/models/__init__.py [4ms]
2024-02-16 15:54:59.173 [info] > git show --textconv :modules/tarea03abm/models/__init__.py [5ms]
2024-02-16 15:55:05.678 [info] > git show --textconv :modules/tarea03abm/models/diagnostico.py [23ms]
2024-02-16 15:55:05.680 [info] > git ls-files --stage -- /var/lib/odoo/modules/tarea03abm/models/diagnostico.py [4ms]
2024-02-16 15:56:51.341 [info] > git ls-files --stage -- /var/lib/odoo/modules/tarea03abm/models/diagnostico.py [4ms]
2024-02-16 15:56:51.368 [info] > git show --textconv :modules/tarea03abm/models/diagnostico.py [5ms]
2024-02-16 15:57:00.602 [info] > git fetch [10532ms]
2024-02-16 15:57:00.639 [info] > git config --get commit.template [18ms]
2024-02-16 15:57:00.640 [info] > git for-each-ref --format=%(refname)%00%(upstream:short)%00%(objectname)%00%(upstream:track)%00%(upstream:remotename)%00%(upstream:remoteref) refs/heads/main refs/remotes/main [3ms]
2024-02-16 15:57:00.846 [info] > git status -z -uall [189ms]
2024-02-16 15:57:00.971 [info] > git config --get commit.template [5ms]
2024-02-16 15:57:01.939 [info] > git for-each-ref --format=%(refname)%00%(upstream:short)%00%(objectname)%00%(upstream:track)%00%(upstream:remotename)%00%(upstream:remoteref) refs/heads/main refs/remotes/main [941ms]
2024-02-16 15:57:02.003 [info] > git ls-files --stage -- /var/lib/odoo/modules/tarea03abm/models/diagnostico.py [8ms]
2024-02-16 15:57:02.034 [info] > git show --textconv :modules/tarea03abm/models/diagnostico.py [6ms]
2024-02-16 15:57:02.109 [info] > git status -z -uall [150ms]
2024-02-16 15:57:09.093 [info] > git show --textconv :modules/tarea03abm/models/__init__.py [29ms]
2024-02-16 15:57:09.096 [info] > git ls-files --stage -- /var/lib/odoo/modules/tarea03abm/models/__init__.py [3ms]
2024-02-16 15:57:23.175 [info] > git show --textconv :modules/tarea03abm/models/paciente.py [22ms]
2024-02-16 15:57:23.181 [info] > git ls-files --stage -- /var/lib/odoo/modules/tarea03abm/models/paciente.py [6ms]
2024-02-16 15:57:58.558 [info] > git show --textconv :modules/tarea03abm/models/diagnostico.py [18ms]
2024-02-16 15:57:58.564 [info] > git ls-files --stage -- /var/lib/odoo/modules/tarea03abm/models/diagnostico.py [7ms]
2024-02-16 15:57:59.578 [info] > git ls-files --stage -- /var/lib/odoo/modules/tarea03abm/models/diagnostico.py [4ms]
2024-02-16 15:57:59.607 [info] > git show --textconv :modules/tarea03abm/models/diagnostico.py [3ms]
2024-02-16 15:58:00.338 [info] > git config --get commit.template [21ms]
2024-02-16 15:58:00.339 [info] > git for-each-ref --format=%(refname)%00%(upstream:short)%00%(objectname)%00%(upstream:track)%00%(upstream:remotename)%00%(upstream:remoteref) refs/heads/main refs/remotes/main [3ms]
2024-02-16 15:58:00.515 [info] > git status -z -uall [153ms]
2024-02-16 15:58:00.644 [info] > git show --textconv :modules/tarea03abm/models/paciente.py [28ms]
2024-02-16 15:58:01.404 [info] > git ls-files --stage -- /var/lib/odoo/modules/tarea03abm/models/paciente.py [761ms]
2024-02-16 15:58:03.120 [info] > git show --textconv :modules/tarea03abm/models/medico.py [20ms]
2024-02-16 15:58:03.127 [info] > git ls-files --stage -- /var/lib/odoo/modules/tarea03abm/models/medico.py [8ms]
2024-02-16 15:58:09.982 [info] > git ls-files --stage -- /var/lib/odoo/modules/tarea03abm/models/medico.py [4ms]
2024-02-16 15:58:10.011 [info] > git show --textconv :modules/tarea03abm/models/medico.py [6ms]
2024-02-16 15:58:20.931 [info] > git show --textconv :modules/tarea03abm/models/paciente.py [26ms]
2024-02-16 15:58:20.935 [info] > git ls-files --stage -- /var/lib/odoo/modules/tarea03abm/models/paciente.py [5ms]
2024-02-16 15:58:22.387 [info] > git show --textconv :modules/tarea03abm/models/diagnostico.py [20ms]
2024-02-16 15:58:22.391 [info] > git ls-files --stage -- /var/lib/odoo/modules/tarea03abm/models/diagnostico.py [5ms]
2024-02-16 15:58:26.778 [info] > git show --textconv :modules/tarea03abm/models/paciente.py [19ms]
2024-02-16 15:58:26.781 [info] > git ls-files --stage -- /var/lib/odoo/modules/tarea03abm/models/paciente.py [5ms]
2024-02-16 16:00:02.517 [info] > git fetch [569ms]
2024-02-16 16:00:02.552 [info] > git config --get commit.template [16ms]
2024-02-16 16:00:02.553 [info] > git for-each-ref --format=%(refname)%00%(upstream:short)%00%(objectname)%00%(upstream:track)%00%(upstream:remotename)%00%(upstream:remoteref) refs/heads/main refs/remotes/main [3ms]
2024-02-16 16:00:02.724 [info] > git status -z -uall [154ms]
2024-02-16 16:00:02.848 [info] > git config --get commit.template [24ms]
2024-02-16 16:00:02.852 [info] > git for-each-ref --format=%(refname)%00%(upstream:short)%00%(objectname)%00%(upstream:track)%00%(upstream:remotename)%00%(upstream:remoteref) refs/heads/main refs/remotes/main [8ms]
2024-02-16 16:00:03.722 [info] > git ls-files --stage -- /var/lib/odoo/modules/tarea03abm/models/paciente.py [6ms]
2024-02-16 16:00:03.752 [info] > git show --textconv :modules/tarea03abm/models/paciente.py [5ms]
2024-02-16 16:00:03.807 [info] > git status -z -uall [146ms]
2024-02-16 16:01:10.765 [info] > git ls-files --stage -- /var/lib/odoo/modules/tarea03abm/models/paciente.py [4ms]
2024-02-16 16:01:10.793 [info] > git show --textconv :modules/tarea03abm/models/paciente.py [5ms]
2024-02-16 16:03:04.126 [info] > git ls-files --stage -- /var/lib/odoo/modules/tarea03abm/models/paciente.py [4ms]
2024-02-16 16:03:04.155 [info] > git show --textconv :modules/tarea03abm/models/paciente.py [5ms]
2024-02-16 16:03:13.410 [info] > git fetch [10578ms]
2024-02-16 16:03:13.449 [info] > git config --get commit.template [19ms]
2024-02-16 16:03:13.450 [info] > git for-each-ref --format=%(refname)%00%(upstream:short)%00%(objectname)%00%(upstream:track)%00%(upstream:remotename)%00%(upstream:remoteref) refs/heads/main refs/remotes/main [2ms]
2024-02-16 16:03:13.608 [info] > git status -z -uall [140ms]
2024-02-16 16:03:13.717 [info] > git config --get commit.template [21ms]
2024-02-16 16:03:13.718 [info] > git for-each-ref --format=%(refname)%00%(upstream:short)%00%(objectname)%00%(upstream:track)%00%(upstream:remotename)%00%(upstream:remoteref) refs/heads/main refs/remotes/main [4ms]
2024-02-16 16:03:14.458 [info] > git status -z -uall [720ms]
2024-02-16 16:03:15.286 [info] > git ls-files --stage -- /var/lib/odoo/modules/tarea03abm/models/paciente.py [5ms]
2024-02-16 16:03:15.320 [info] > git show --textconv :modules/tarea03abm/models/paciente.py [6ms]
2024-02-16 16:04:11.668 [info] > git ls-files --stage -- /var/lib/odoo/modules/tarea03abm/models/paciente.py [6ms]
2024-02-16 16:04:11.692 [info] > git show --textconv :modules/tarea03abm/models/paciente.py [4ms]
2024-02-16 16:05:01.645 [info] > git config --get commit.template [21ms]
2024-02-16 16:05:01.646 [info] > git for-each-ref --format=%(refname)%00%(upstream:short)%00%(objectname)%00%(upstream:track)%00%(upstream:remotename)%00%(upstream:remoteref) refs/heads/main refs/remotes/main [3ms]
2024-02-16 16:05:01.808 [info] > git status -z -uall [145ms]
2024-02-16 16:06:14.982 [info] > git ls-files --stage -- /var/lib/odoo/modules/tarea03abm/models/paciente.py [4ms]
2024-02-16 16:06:15.012 [info] > git show --textconv :modules/tarea03abm/models/paciente.py [4ms]
2024-02-16 16:06:24.272 [info] > git fetch [10567ms]
2024-02-16 16:06:24.311 [info] > git config --get commit.template [19ms]
2024-02-16 16:06:24.312 [info] > git for-each-ref --format=%(refname)%00%(upstream:short)%00%(objectname)%00%(upstream:track)%00%(upstream:remotename)%00%(upstream:remoteref) refs/heads/main refs/remotes/main [2ms]
2024-02-16 16:06:24.465 [info] > git status -z -uall [134ms]
2024-02-16 16:06:24.586 [info] > git config --get commit.template [4ms]
2024-02-16 16:06:25.300 [info] > git for-each-ref --format=%(refname)%00%(upstream:short)%00%(objectname)%00%(upstream:track)%00%(upstream:remotename)%00%(upstream:remoteref) refs/heads/main refs/remotes/main [695ms]
2024-02-16 16:06:25.473 [info] > git ls-files --stage -- /var/lib/odoo/modules/tarea03abm/models/paciente.py [5ms]
2024-02-16 16:06:25.502 [info] > git show --textconv :modules/tarea03abm/models/paciente.py [6ms]
2024-02-16 16:06:25.513 [info] > git status -z -uall [167ms]
2024-02-16 16:07:12.483 [info] > git ls-files --stage -- /var/lib/odoo/modules/tarea03abm/models/paciente.py [4ms]
2024-02-16 16:07:12.511 [info] > git show --textconv :modules/tarea03abm/models/paciente.py [5ms]
2024-02-16 16:07:13.464 [info] > git config --get commit.template [22ms]
2024-02-16 16:07:13.465 [info] > git for-each-ref --format=%(refname)%00%(upstream:short)%00%(objectname)%00%(upstream:track)%00%(upstream:remotename)%00%(upstream:remoteref) refs/heads/main refs/remotes/main [4ms]
2024-02-16 16:07:13.621 [info] > git status -z -uall [138ms]
2024-02-16 16:07:37.143 [info] > git show --textconv :modules/tarea03abm/__init__.py [23ms]
2024-02-16 16:07:37.145 [info] > git ls-files --stage -- /var/lib/odoo/modules/tarea03abm/__init__.py [4ms]
2024-02-16 16:07:43.068 [info] > git show --textconv :modules/tarea03abm/__manifest__.py [20ms]
2024-02-16 16:07:43.077 [info] > git ls-files --stage -- /var/lib/odoo/modules/tarea03abm/__manifest__.py [10ms]
2024-02-16 16:08:23.703 [info] > git config --get commit.template [29ms]
2024-02-16 16:08:23.705 [info] > git for-each-ref --format=%(refname)%00%(upstream:short)%00%(objectname)%00%(upstream:track)%00%(upstream:remotename)%00%(upstream:remoteref) refs/heads/main refs/remotes/main [7ms]
2024-02-16 16:08:24.018 [info] > git status -z -uall [271ms]
2024-02-16 16:08:42.935 [info] > git show --textconv :modules/tarea03abm/views/vistaDiagnostico.xml [19ms]
2024-02-16 16:08:42.941 [info] > git ls-files --stage -- /var/lib/odoo/modules/tarea03abm/views/vistaDiagnostico.xml [7ms]
2024-02-16 16:08:46.463 [info] > git show --textconv :modules/tarea03abm/views/vistaMedico.xml [22ms]
2024-02-16 16:08:46.468 [info] > git ls-files --stage -- /var/lib/odoo/modules/tarea03abm/views/vistaMedico.xml [6ms]
2024-02-16 16:08:53.246 [info] > git show --textconv :modules/tarea03abm/models/medico.py [18ms]
2024-02-16 16:08:53.251 [info] > git ls-files --stage -- /var/lib/odoo/modules/tarea03abm/models/medico.py [6ms]
2024-02-16 16:09:09.614 [info] > git show --textconv :modules/tarea03abm/views/vistaMedico.xml [21ms]
2024-02-16 16:09:09.620 [info] > git ls-files --stage -- /var/lib/odoo/modules/tarea03abm/views/vistaMedico.xml [6ms]
2024-02-16 16:09:24.654 [info] > git show --textconv :modules/tarea03abm/models/medico.py [23ms]
2024-02-16 16:09:24.673 [info] > git ls-files --stage -- /var/lib/odoo/modules/tarea03abm/models/medico.py [20ms]
2024-02-16 16:09:25.852 [info] > git ls-files --stage -- /var/lib/odoo/modules/tarea03abm/models/medico.py [4ms]
2024-02-16 16:09:25.881 [info] > git show --textconv :modules/tarea03abm/models/medico.py [3ms]
2024-02-16 16:09:40.367 [info] > git show --textconv :modules/tarea03abm/views/vistaMedico.xml [20ms]
2024-02-16 16:09:40.371 [info] > git ls-files --stage -- /var/lib/odoo/modules/tarea03abm/views/vistaMedico.xml [5ms]
2024-02-16 16:09:44.623 [info] > git fetch [20037ms]
2024-02-16 16:09:44.623 [info] fatal: unable to access 'https://github.com/Adrienmol/SGE-ABM.git/': Could not resolve host: github.com
2024-02-16 16:09:44.644 [info] > git config --get commit.template [2ms]
2024-02-16 16:09:44.665 [info] > git for-each-ref --format=%(refname)%00%(upstream:short)%00%(objectname)%00%(upstream:track)%00%(upstream:remotename)%00%(upstream:remoteref) refs/heads/main refs/remotes/main [3ms]
2024-02-16 16:09:44.830 [info] > git status -z -uall [145ms]
2024-02-16 16:09:44.944 [info] > git config --get commit.template [13ms]
2024-02-16 16:09:45.750 [info] > git for-each-ref --format=%(refname)%00%(upstream:short)%00%(objectname)%00%(upstream:track)%00%(upstream:remotename)%00%(upstream:remoteref) refs/heads/main refs/remotes/main [746ms]
2024-02-16 16:09:45.910 [info] > git status -z -uall [137ms]
2024-02-16 16:10:13.375 [info] > git ls-files --stage -- /var/lib/odoo/modules/tarea03abm/views/vistaMedico.xml [5ms]
2024-02-16 16:10:13.406 [info] > git show --textconv :modules/tarea03abm/views/vistaMedico.xml [5ms]
2024-02-16 16:11:02.891 [info] > git show --textconv :modules/tarea03abm/models/paciente.py [23ms]
2024-02-16 16:11:02.897 [info] > git ls-files --stage -- /var/lib/odoo/modules/tarea03abm/models/paciente.py [9ms]
2024-02-16 16:12:51.301 [info] > git ls-files --stage -- /var/lib/odoo/modules/tarea03abm/models/paciente.py [3ms]
2024-02-16 16:12:51.329 [info] > git show --textconv :modules/tarea03abm/models/paciente.py [6ms]
2024-02-16 16:12:57.806 [info] > git show --textconv :modules/tarea03abm/models/diagnostico.py [22ms]
2024-02-16 16:12:57.811 [info] > git ls-files --stage -- /var/lib/odoo/modules/tarea03abm/models/diagnostico.py [5ms]
2024-02-16 16:13:00.584 [info] > git fetch [10560ms]
2024-02-16 16:13:00.620 [info] > git config --get commit.template [17ms]
2024-02-16 16:13:00.621 [info] > git for-each-ref --format=%(refname)%00%(upstream:short)%00%(objectname)%00%(upstream:track)%00%(upstream:remotename)%00%(upstream:remoteref) refs/heads/main refs/remotes/main [3ms]
2024-02-16 16:13:00.792 [info] > git status -z -uall [153ms]
2024-02-16 16:13:00.916 [info] > git config --get commit.template [26ms]
2024-02-16 16:13:01.775 [info] > git for-each-ref --format=%(refname)%00%(upstream:short)%00%(objectname)%00%(upstream:track)%00%(upstream:remotename)%00%(upstream:remoteref) refs/heads/main refs/remotes/main [5ms]
2024-02-16 16:13:01.901 [info] > git show --textconv :modules/tarea03abm/models/paciente.py [26ms]
2024-02-16 16:13:01.908 [info] > git ls-files --stage -- /var/lib/odoo/modules/tarea03abm/models/paciente.py [9ms]
2024-02-16 16:13:01.963 [info] > git ls-files --stage -- /var/lib/odoo/modules/tarea03abm/models/paciente.py [11ms]
2024-02-16 16:13:01.964 [info] > git status -z -uall [168ms]
2024-02-16 16:13:11.531 [info] > git show --textconv :modules/tarea03abm/views/vistaPaciente.xml [24ms]
2024-02-16 16:13:11.537 [info] > git ls-files --stage -- /var/lib/odoo/modules/tarea03abm/views/vistaPaciente.xml [7ms]
2024-02-16 16:13:14.137 [info] > git ls-files --stage -- /var/lib/odoo/modules/tarea03abm/views/vistaPaciente.xml [6ms]
2024-02-16 16:13:14.170 [info] > git show --textconv :modules/tarea03abm/views/vistaPaciente.xml [6ms]
2024-02-16 16:13:15.542 [info] > git show --textconv :modules/tarea03abm/models/paciente.py [23ms]
2024-02-16 16:13:15.547 [info] > git ls-files --stage -- /var/lib/odoo/modules/tarea03abm/models/paciente.py [5ms]
2024-02-16 16:13:16.486 [info] > git show --textconv :modules/tarea03abm/views/vistaPaciente.xml [24ms]
2024-02-16 16:13:16.489 [info] > git ls-files --stage -- /var/lib/odoo/modules/tarea03abm/views/vistaPaciente.xml [4ms]
2024-02-16 16:14:01.554 [info] > git show --textconv :modules/tarea03abm/models/paciente.py [26ms]
2024-02-16 16:14:01.555 [info] > git ls-files --stage -- /var/lib/odoo/modules/tarea03abm/models/paciente.py [5ms]
2024-02-16 16:14:24.286 [info] > git show --textconv :modules/tarea03abm/models/diagnostico.py [18ms]
2024-02-16 16:14:24.296 [info] > git ls-files --stage -- /var/lib/odoo/modules/tarea03abm/models/diagnostico.py [11ms]
2024-02-16 16:14:27.995 [info] > git show --textconv :modules/tarea03abm/models/paciente.py [20ms]
2024-02-16 16:14:28.000 [info] > git ls-files --stage -- /var/lib/odoo/modules/tarea03abm/models/paciente.py [6ms]
2024-02-16 16:14:48.718 [info] > git show --textconv :modules/tarea03abm/models/diagnostico.py [32ms]
2024-02-16 16:14:48.721 [info] > git ls-files --stage -- /var/lib/odoo/modules/tarea03abm/models/diagnostico.py [4ms]
2024-02-16 16:14:53.809 [info] > git show --textconv :modules/tarea03abm/models/medico.py [20ms]
2024-02-16 16:14:53.816 [info] > git ls-files --stage -- /var/lib/odoo/modules/tarea03abm/models/medico.py [8ms]
2024-02-16 16:15:14.437 [info] > git show --textconv :modules/tarea03abm/models/paciente.py [19ms]
2024-02-16 16:15:14.441 [info] > git ls-files --stage -- /var/lib/odoo/modules/tarea03abm/models/paciente.py [5ms]
2024-02-16 16:15:37.673 [info] > git show --textconv :modules/tarea03abm/models/diagnostico.py [19ms]
2024-02-16 16:15:37.680 [info] > git ls-files --stage -- /var/lib/odoo/modules/tarea03abm/models/diagnostico.py [8ms]
2024-02-16 16:15:38.873 [info] > git show --textconv :modules/tarea03abm/models/paciente.py [19ms]
2024-02-16 16:15:38.879 [info] > git ls-files --stage -- /var/lib/odoo/modules/tarea03abm/models/paciente.py [7ms]
2024-02-16 16:15:41.133 [info] > git show --textconv :modules/tarea03abm/models/diagnostico.py [23ms]
2024-02-16 16:15:41.136 [info] > git ls-files --stage -- /var/lib/odoo/modules/tarea03abm/models/diagnostico.py [4ms]
2024-02-16 16:15:57.156 [info] > git show --textconv :modules/tarea03abm/models/paciente.py [20ms]
2024-02-16 16:15:57.159 [info] > git ls-files --stage -- /var/lib/odoo/modules/tarea03abm/models/paciente.py [5ms]
2024-02-16 16:16:01.435 [info] > git fetch [542ms]
2024-02-16 16:16:01.471 [info] > git config --get commit.template [18ms]
2024-02-16 16:16:01.472 [info] > git for-each-ref --format=%(refname)%00%(upstream:short)%00%(objectname)%00%(upstream:track)%00%(upstream:remotename)%00%(upstream:remoteref) refs/heads/main refs/remotes/main [3ms]
2024-02-16 16:16:01.637 [info] > git status -z -uall [148ms]
2024-02-16 16:16:01.748 [info] > git config --get commit.template [20ms]
2024-02-16 16:16:02.614 [info] > git for-each-ref --format=%(refname)%00%(upstream:short)%00%(objectname)%00%(upstream:track)%00%(upstream:remotename)%00%(upstream:remoteref) refs/heads/main refs/remotes/main [826ms]
2024-02-16 16:16:02.782 [info] > git ls-files --stage -- /var/lib/odoo/modules/tarea03abm/models/paciente.py [8ms]
2024-02-16 16:16:02.832 [info] > git show --textconv :modules/tarea03abm/models/paciente.py [3ms]
2024-02-16 16:16:02.859 [info] > git status -z -uall [186ms]
2024-02-16 16:16:05.912 [info] > git show --textconv :modules/tarea03abm/models/diagnostico.py [21ms]
2024-02-16 16:16:05.917 [info] > git ls-files --stage -- /var/lib/odoo/modules/tarea03abm/models/diagnostico.py [7ms]
2024-02-16 16:16:15.058 [info] > git ls-files --stage -- /var/lib/odoo/modules/tarea03abm/models/diagnostico.py [8ms]
2024-02-16 16:16:15.091 [info] > git show --textconv :modules/tarea03abm/models/diagnostico.py [4ms]
2024-02-16 16:17:04.765 [info] > git show --textconv :modules/tarea03abm/models/paciente.py [18ms]
2024-02-16 16:17:04.770 [info] > git ls-files --stage -- /var/lib/odoo/modules/tarea03abm/models/paciente.py [6ms]
2024-02-16 16:18:04.054 [info] > git show --textconv :modules/tarea03abm/models/diagnostico.py [20ms]
2024-02-16 16:18:04.058 [info] > git ls-files --stage -- /var/lib/odoo/modules/tarea03abm/models/diagnostico.py [5ms]
2024-02-16 16:18:32.766 [info] > git show --textconv :modules/tarea03abm/models/paciente.py [23ms]
2024-02-16 16:18:32.771 [info] > git ls-files --stage -- /var/lib/odoo/modules/tarea03abm/models/paciente.py [6ms]
2024-02-16 16:18:37.754 [info] > git show --textconv :modules/tarea03abm/models/diagnostico.py [18ms]
2024-02-16 16:18:37.757 [info] > git ls-files --stage -- /var/lib/odoo/modules/tarea03abm/models/diagnostico.py [4ms]
2024-02-16 16:19:02.299 [info] > git fetch [564ms]
2024-02-16 16:19:02.331 [info] > git config --get commit.template [16ms]
2024-02-16 16:19:02.332 [info] > git for-each-ref --format=%(refname)%00%(upstream:short)%00%(objectname)%00%(upstream:track)%00%(upstream:remotename)%00%(upstream:remoteref) refs/heads/main refs/remotes/main [2ms]
2024-02-16 16:19:02.496 [info] > git status -z -uall [147ms]
2024-02-16 16:19:02.611 [info] > git config --get commit.template [21ms]
2024-02-16 16:19:02.618 [info] > git for-each-ref --format=%(refname)%00%(upstream:short)%00%(objectname)%00%(upstream:track)%00%(upstream:remotename)%00%(upstream:remoteref) refs/heads/main refs/remotes/main [8ms]
2024-02-16 16:19:03.462 [info] > git status -z -uall [826ms]
2024-02-16 16:19:04.286 [info] > git ls-files --stage -- /var/lib/odoo/modules/tarea03abm/models/diagnostico.py [4ms]
2024-02-16 16:19:04.321 [info] > git show --textconv :modules/tarea03abm/models/diagnostico.py [4ms]
2024-02-16 16:19:15.349 [info] > git ls-files --stage -- /var/lib/odoo/modules/tarea03abm/models/diagnostico.py [4ms]
2024-02-16 16:19:15.380 [info] > git show --textconv :modules/tarea03abm/models/diagnostico.py [5ms]
2024-02-16 16:19:58.139 [info] > git ls-files --stage -- /var/lib/odoo/modules/tarea03abm/models/diagnostico.py [7ms]
2024-02-16 16:19:58.176 [info] > git show --textconv :modules/tarea03abm/models/diagnostico.py [5ms]
2024-02-16 16:20:00.017 [info] > git show --textconv :modules/tarea03abm/models/medico.py [24ms]
2024-02-16 16:20:00.020 [info] > git ls-files --stage -- /var/lib/odoo/modules/tarea03abm/models/medico.py [4ms]
2024-02-16 16:20:17.845 [info] > git show --textconv :modules/tarea03abm/views/vistaPaciente.xml [22ms]
2024-02-16 16:20:17.847 [info] > git ls-files --stage -- /var/lib/odoo/modules/tarea03abm/views/vistaPaciente.xml [4ms]
2024-02-16 16:20:18.119 [info] > git show --textconv :modules/tarea03abm/models/diagnostico.py [18ms]
2024-02-16 16:20:18.124 [info] > git ls-files --stage -- /var/lib/odoo/modules/tarea03abm/models/diagnostico.py [6ms]
2024-02-16 16:20:21.685 [info] > git show --textconv :modules/tarea03abm/models/medico.py [20ms]
2024-02-16 16:20:21.691 [info] > git ls-files --stage -- /var/lib/odoo/modules/tarea03abm/models/medico.py [6ms]
2024-02-16 16:21:05.400 [info] > git merge-base refs/heads/main refs/remotes/master/main [26ms]
2024-02-16 16:21:05.423 [info] > git rev-list --count --left-right refs/heads/main...refs/remotes/master/main [6ms]
2024-02-16 16:21:06.776 [info] > git check-ignore -v -z --stdin [4ms]
2024-02-16 16:21:07.756 [info] > git check-ignore -v -z --stdin [4ms]
2024-02-16 16:21:09.585 [info] > git check-ignore -v -z --stdin [9ms]
2024-02-16 16:21:13.299 [info] > git check-ignore -v -z --stdin [10ms]
2024-02-16 16:21:27.687 [info] > git check-ignore -v -z --stdin [54ms]
2024-02-16 16:21:30.583 [info] > git check-ignore -v -z --stdin [10ms]
2024-02-16 16:21:33.003 [info] > git check-ignore -v -z --stdin [9ms]
2024-02-16 16:21:34.309 [info] > git check-ignore -v -z --stdin [5ms]
2024-02-16 16:21:38.149 [info] > git check-ignore -v -z --stdin [12ms]
2024-02-16 16:21:43.171 [info] > git check-ignore -v -z --stdin [15ms]
2024-02-16 16:21:49.749 [info] > git check-ignore -v -z --stdin [32ms]
2024-02-16 16:21:50.348 [info] > git check-ignore -v -z --stdin [5ms]
2024-02-16 16:22:03.973 [info] > git ls-files --stage -- /var/lib/odoo/modules/tarea03abm/models/medico.py [4ms]
2024-02-16 16:22:04.055 [info] > git show --textconv :modules/tarea03abm/models/medico.py [5ms]
2024-02-16 16:22:08.179 [info] > git fetch [5585ms]
2024-02-16 16:22:08.215 [info] > git config --get commit.template [18ms]
2024-02-16 16:22:08.217 [info] > git for-each-ref --format=%(refname)%00%(upstream:short)%00%(objectname)%00%(upstream:track)%00%(upstream:remotename)%00%(upstream:remoteref) refs/heads/main refs/remotes/main [2ms]
2024-02-16 16:22:08.373 [info] > git status -z -uall [139ms]
2024-02-16 16:22:09.343 [info] > git config --get commit.template [808ms]
2024-02-16 16:22:09.370 [info] > git for-each-ref --format=%(refname)%00%(upstream:short)%00%(objectname)%00%(upstream:track)%00%(upstream:remotename)%00%(upstream:remoteref) refs/heads/main refs/remotes/main [4ms]
2024-02-16 16:22:09.536 [info] > git status -z -uall [145ms]
2024-02-16 16:22:10.481 [info] > git ls-files --stage -- /var/lib/odoo/modules/tarea03abm/models/medico.py [13ms]
2024-02-16 16:22:10.865 [info] > git show --textconv :modules/tarea03abm/models/medico.py [8ms]
2024-02-16 16:22:12.527 [info] > git check-ignore -v -z --stdin [6ms]
