2024-02-09 16:47:38.319 [info] Log level: Info
2024-02-09 16:47:38.320 [info] Validating found git in: "git"
2024-02-09 16:47:38.320 [info] Using git "2.34.1" from "git"
2024-02-09 16:47:38.321 [info] > git rev-parse --show-toplevel [5ms]
2024-02-09 16:47:38.321 [info] > git rev-parse --git-dir --git-common-dir [25ms]
2024-02-09 16:47:38.322 [info] Open repository: /var/lib/odoo
2024-02-09 16:47:38.322 [info] > git config --get commit.template [13ms]
2024-02-09 16:47:38.323 [info] > git fetch [31ms]
2024-02-09 16:47:38.323 [info] > git rev-parse --show-toplevel [19ms]
2024-02-09 16:47:38.324 [info] fatal: this operation must be run in a work tree
2024-02-09 16:47:38.324 [info] > git config --get commit.template [30ms]
2024-02-09 16:47:38.325 [info] > git rev-parse --show-toplevel [4ms]
2024-02-09 16:47:38.325 [info] > git for-each-ref --format=%(refname)%00%(upstream:short)%00%(objectname)%00%(upstream:track)%00%(upstream:remotename)%00%(upstream:remoteref) refs/heads/main refs/remotes/main [18ms]
2024-02-09 16:47:38.326 [info] > git rev-parse --show-toplevel [13ms]
2024-02-09 16:47:38.326 [info] > git for-each-ref --format=%(refname)%00%(upstream:short)%00%(objectname)%00%(upstream:track)%00%(upstream:remotename)%00%(upstream:remoteref) refs/heads/main refs/remotes/main [26ms]
2024-02-09 16:47:38.327 [info] > git config --get commit.template [20ms]
2024-02-09 16:47:38.327 [info] > git rev-parse --show-toplevel [16ms]
2024-02-09 16:47:38.328 [info] > git for-each-ref --format=%(refname)%00%(upstream:short)%00%(objectname)%00%(upstream:track)%00%(upstream:remotename)%00%(upstream:remoteref) refs/heads/main refs/remotes/main [16ms]
2024-02-09 16:47:38.329 [info] > git rev-parse --show-toplevel [16ms]
2024-02-09 16:47:38.329 [info] > git rev-parse --show-toplevel [5ms]
2024-02-09 16:47:38.330 [info] > git status -z -uall [147ms]
2024-02-09 16:47:38.840 [info] > git check-ignore -v -z --stdin [6ms]
2024-02-09 16:47:39.053 [info] > git show --textconv :.git/COMMIT_EDITMSG [16ms]
2024-02-09 16:47:39.059 [info] > git ls-files --stage -- /var/lib/odoo/.git/COMMIT_EDITMSG [9ms]
2024-02-09 16:47:39.841 [info] > git ls-files --stage -- /var/lib/odoo/.git/COMMIT_EDITMSG [68ms]
2024-02-09 16:47:39.883 [info] > git show --textconv :.git/COMMIT_EDITMSG [8ms]
2024-02-09 16:47:49.397 [info] > git ls-files --stage -- /var/lib/odoo/.git/COMMIT_EDITMSG [3ms]
2024-02-09 16:47:49.424 [info] > git show --textconv :.git/COMMIT_EDITMSG [4ms]
2024-02-09 16:48:14.142 [info] > git config --get commit.template [18ms]
2024-02-09 16:48:14.150 [info] > git for-each-ref --format=%(refname)%00%(upstream:short)%00%(objectname)%00%(upstream:track)%00%(upstream:remotename)%00%(upstream:remoteref) refs/heads/main refs/remotes/main [10ms]
2024-02-09 16:48:14.334 [info] > git status -z -uall [142ms]
2024-02-09 16:48:19.384 [info] > git config --get commit.template [17ms]
2024-02-09 16:48:19.386 [info] > git for-each-ref --format=%(refname)%00%(upstream:short)%00%(objectname)%00%(upstream:track)%00%(upstream:remotename)%00%(upstream:remoteref) refs/heads/main refs/remotes/main [3ms]
2024-02-09 16:48:19.513 [info] > git status -z -uall [113ms]
2024-02-09 16:48:30.557 [info] > git for-each-ref --format=%(refname)%00%(upstream:short)%00%(objectname)%00%(upstream:track)%00%(upstream:remotename)%00%(upstream:remoteref) refs/heads/main [11ms]
2024-02-09 16:48:30.574 [info] > git config --local branch.main.vscode-merge-base [3ms]
2024-02-09 16:48:30.574 [warning] git config failed: Failed to execute git
2024-02-09 16:48:30.590 [info] > git reflog refs/heads/main --grep-reflog=branch: Created from *. [3ms]
2024-02-09 16:48:30.607 [info] > git symbolic-ref --short refs/remotes/origin/HEAD [2ms]
2024-02-09 16:48:30.607 [info] fatal: ref refs/remotes/origin/HEAD is not a symbolic ref
2024-02-09 16:48:30.970 [info] > git for-each-ref --format=%(refname)%00%(upstream:short)%00%(objectname)%00%(upstream:track)%00%(upstream:remotename)%00%(upstream:remoteref) refs/heads/main [19ms]
2024-02-09 16:48:30.996 [info] > git config --local branch.main.vscode-merge-base [11ms]
2024-02-09 16:48:30.996 [warning] git config failed: Failed to execute git
2024-02-09 16:48:31.015 [info] > git reflog refs/heads/main --grep-reflog=branch: Created from *. [5ms]
2024-02-09 16:48:31.034 [info] > git symbolic-ref --short refs/remotes/origin/HEAD [6ms]
2024-02-09 16:48:31.034 [info] fatal: ref refs/remotes/origin/HEAD is not a symbolic ref
2024-02-09 16:48:31.519 [info] > git check-ignore -v -z --stdin [17ms]
2024-02-09 16:49:37.924 [info] > git ls-files --stage -- /var/lib/odoo/.git/COMMIT_EDITMSG [5ms]
2024-02-09 16:49:37.947 [info] > git show --textconv :.git/COMMIT_EDITMSG [4ms]
2024-02-09 16:50:34.270 [info] > git check-ignore -v -z --stdin [28ms]
2024-02-09 16:50:35.305 [info] > git check-ignore -v -z --stdin [5ms]
2024-02-09 16:50:37.886 [info] > git fetch [502ms]
2024-02-09 16:50:37.921 [info] > git config --get commit.template [15ms]
2024-02-09 16:50:37.922 [info] > git for-each-ref --format=%(refname)%00%(upstream:short)%00%(objectname)%00%(upstream:track)%00%(upstream:remotename)%00%(upstream:remoteref) refs/heads/main refs/remotes/main [2ms]
2024-02-09 16:50:38.052 [info] > git status -z -uall [113ms]
2024-02-09 16:50:38.131 [info] > git merge-base refs/heads/main refs/remotes/master/main [8ms]
2024-02-09 16:50:38.148 [info] > git rev-list --count --left-right refs/heads/main...refs/remotes/master/main [2ms]
2024-02-09 16:50:39.215 [info] > git ls-files --stage -- /var/lib/odoo/.git/COMMIT_EDITMSG [4ms]
2024-02-09 16:50:39.242 [info] > git show --textconv :.git/COMMIT_EDITMSG [5ms]
2024-02-09 16:50:50.095 [info] > git ls-files --stage -- /var/lib/odoo/.git/COMMIT_EDITMSG [4ms]
2024-02-09 16:50:50.137 [info] > git show --textconv :.git/COMMIT_EDITMSG [4ms]
2024-02-09 16:51:21.368 [info] > git check-ignore -v -z --stdin [18ms]
2024-02-09 16:51:21.432 [info] > git show --textconv :modules/tarea01abm/views/views.xml [37ms]
2024-02-09 16:51:21.439 [info] > git ls-files --stage -- /var/lib/odoo/modules/tarea01abm/views/views.xml [23ms]
2024-02-09 16:51:21.519 [info] > git cat-file -s 3541e97164440c24c0bc0eb711745a0f3c62805f [16ms]
2024-02-09 16:53:38.614 [info] > git fetch [512ms]
2024-02-09 16:53:38.651 [info] > git config --get commit.template [18ms]
2024-02-09 16:53:38.652 [info] > git for-each-ref --format=%(refname)%00%(upstream:short)%00%(objectname)%00%(upstream:track)%00%(upstream:remotename)%00%(upstream:remoteref) refs/heads/main refs/remotes/main [2ms]
2024-02-09 16:53:38.776 [info] > git status -z -uall [106ms]
2024-02-09 16:53:38.834 [info] > git config --get commit.template [20ms]
2024-02-09 16:53:38.835 [info] > git for-each-ref --format=%(refname)%00%(upstream:short)%00%(objectname)%00%(upstream:track)%00%(upstream:remotename)%00%(upstream:remoteref) refs/heads/main refs/remotes/main [4ms]
2024-02-09 16:53:39.021 [info] > git status -z -uall [168ms]
2024-02-09 16:53:39.964 [info] > git ls-files --stage -- /var/lib/odoo/modules/tarea01abm/views/views.xml [4ms]
2024-02-09 16:53:39.981 [info] > git cat-file -s 3541e97164440c24c0bc0eb711745a0f3c62805f [2ms]
2024-02-09 16:53:40.007 [info] > git show --textconv :modules/tarea01abm/views/views.xml [4ms]
2024-02-09 16:53:50.839 [info] > git ls-files --stage -- /var/lib/odoo/modules/tarea01abm/views/views.xml [4ms]
2024-02-09 16:53:50.854 [info] > git cat-file -s 3541e97164440c24c0bc0eb711745a0f3c62805f [2ms]
2024-02-09 16:53:50.880 [info] > git show --textconv :modules/tarea01abm/views/views.xml [5ms]
2024-02-09 16:54:28.612 [info] > git show --textconv :modules/tarea01abm/models/models.py [36ms]
2024-02-09 16:54:28.613 [info] > git ls-files --stage -- /var/lib/odoo/modules/tarea01abm/models/models.py [23ms]
2024-02-09 16:54:28.654 [info] > git check-ignore -v -z --stdin [43ms]
2024-02-09 16:54:28.658 [info] > git config --get commit.template [7ms]
2024-02-09 16:54:28.659 [info] > git cat-file -s 7fa1c918f0fd9d020c54ffddef6119f015b1b6c7 [31ms]
2024-02-09 16:54:28.678 [info] > git for-each-ref --format=%(refname)%00%(upstream:short)%00%(objectname)%00%(upstream:track)%00%(upstream:remotename)%00%(upstream:remoteref) refs/heads/main refs/remotes/main [3ms]
2024-02-09 16:54:28.855 [info] > git status -z -uall [139ms]
2024-02-09 16:56:39.501 [info] > git fetch [685ms]
2024-02-09 16:56:39.531 [info] > git config --get commit.template [16ms]
2024-02-09 16:56:39.533 [info] > git for-each-ref --format=%(refname)%00%(upstream:short)%00%(objectname)%00%(upstream:track)%00%(upstream:remotename)%00%(upstream:remoteref) refs/heads/main refs/remotes/main [3ms]
2024-02-09 16:56:39.658 [info] > git status -z -uall [110ms]
2024-02-09 16:56:39.888 [info] > git config --get commit.template [111ms]
2024-02-09 16:56:39.908 [info] > git for-each-ref --format=%(refname)%00%(upstream:short)%00%(objectname)%00%(upstream:track)%00%(upstream:remotename)%00%(upstream:remoteref) refs/heads/main refs/remotes/main [4ms]
2024-02-09 16:56:40.046 [info] > git status -z -uall [121ms]
2024-02-09 16:56:40.710 [info] > git ls-files --stage -- /var/lib/odoo/modules/tarea01abm/models/models.py [6ms]
2024-02-09 16:56:40.726 [info] > git cat-file -s 7fa1c918f0fd9d020c54ffddef6119f015b1b6c7 [2ms]
2024-02-09 16:56:40.756 [info] > git show --textconv :modules/tarea01abm/models/models.py [5ms]
2024-02-09 16:56:51.522 [info] > git ls-files --stage -- /var/lib/odoo/modules/tarea01abm/models/models.py [4ms]
2024-02-09 16:56:51.540 [info] > git cat-file -s 7fa1c918f0fd9d020c54ffddef6119f015b1b6c7 [3ms]
2024-02-09 16:56:51.565 [info] > git show --textconv :modules/tarea01abm/models/models.py [6ms]
2024-02-09 16:56:51.799 [info] > git config --get commit.template [1ms]
2024-02-09 16:56:51.817 [info] > git for-each-ref --format=%(refname)%00%(upstream:short)%00%(objectname)%00%(upstream:track)%00%(upstream:remotename)%00%(upstream:remoteref) refs/heads/main refs/remotes/main [2ms]
2024-02-09 16:56:51.939 [info] > git status -z -uall [108ms]
2024-02-09 16:56:56.993 [info] > git config --get commit.template [17ms]
2024-02-09 16:56:56.995 [info] > git for-each-ref --format=%(refname)%00%(upstream:short)%00%(objectname)%00%(upstream:track)%00%(upstream:remotename)%00%(upstream:remoteref) refs/heads/main refs/remotes/main [3ms]
2024-02-09 16:56:57.115 [info] > git status -z -uall [106ms]
2024-02-09 16:57:02.165 [info] > git config --get commit.template [15ms]
2024-02-09 16:57:02.167 [info] > git for-each-ref --format=%(refname)%00%(upstream:short)%00%(objectname)%00%(upstream:track)%00%(upstream:remotename)%00%(upstream:remoteref) refs/heads/main refs/remotes/main [3ms]
2024-02-09 16:57:02.288 [info] > git status -z -uall [106ms]
2024-02-09 16:57:07.343 [info] > git config --get commit.template [19ms]
2024-02-09 16:57:07.344 [info] > git for-each-ref --format=%(refname)%00%(upstream:short)%00%(objectname)%00%(upstream:track)%00%(upstream:remotename)%00%(upstream:remoteref) refs/heads/main refs/remotes/main [4ms]
2024-02-09 16:57:07.476 [info] > git status -z -uall [115ms]
2024-02-09 16:57:12.524 [info] > git config --get commit.template [18ms]
2024-02-09 16:57:12.526 [info] > git for-each-ref --format=%(refname)%00%(upstream:short)%00%(objectname)%00%(upstream:track)%00%(upstream:remotename)%00%(upstream:remoteref) refs/heads/main refs/remotes/main [3ms]
2024-02-09 16:57:12.650 [info] > git status -z -uall [109ms]
2024-02-09 16:57:17.702 [info] > git config --get commit.template [18ms]
2024-02-09 16:57:17.703 [info] > git for-each-ref --format=%(refname)%00%(upstream:short)%00%(objectname)%00%(upstream:track)%00%(upstream:remotename)%00%(upstream:remoteref) refs/heads/main refs/remotes/main [4ms]
2024-02-09 16:57:17.832 [info] > git status -z -uall [112ms]
2024-02-09 16:57:22.884 [info] > git config --get commit.template [16ms]
2024-02-09 16:57:22.886 [info] > git for-each-ref --format=%(refname)%00%(upstream:short)%00%(objectname)%00%(upstream:track)%00%(upstream:remotename)%00%(upstream:remoteref) refs/heads/main refs/remotes/main [3ms]
2024-02-09 16:57:23.009 [info] > git status -z -uall [107ms]
2024-02-09 16:57:28.048 [info] > git config --get commit.template [3ms]
2024-02-09 16:57:28.066 [info] > git for-each-ref --format=%(refname)%00%(upstream:short)%00%(objectname)%00%(upstream:track)%00%(upstream:remotename)%00%(upstream:remoteref) refs/heads/main refs/remotes/main [2ms]
2024-02-09 16:57:28.193 [info] > git status -z -uall [110ms]
2024-02-09 16:57:33.243 [info] > git config --get commit.template [19ms]
2024-02-09 16:57:33.244 [info] > git for-each-ref --format=%(refname)%00%(upstream:short)%00%(objectname)%00%(upstream:track)%00%(upstream:remotename)%00%(upstream:remoteref) refs/heads/main refs/remotes/main [3ms]
2024-02-09 16:57:33.369 [info] > git status -z -uall [109ms]
2024-02-09 16:57:38.419 [info] > git config --get commit.template [18ms]
2024-02-09 16:57:38.420 [info] > git for-each-ref --format=%(refname)%00%(upstream:short)%00%(objectname)%00%(upstream:track)%00%(upstream:remotename)%00%(upstream:remoteref) refs/heads/main refs/remotes/main [3ms]
2024-02-09 16:57:38.548 [info] > git status -z -uall [112ms]
2024-02-09 16:59:40.250 [info] > git fetch [549ms]
2024-02-09 16:59:40.281 [info] > git config --get commit.template [15ms]
2024-02-09 16:59:40.282 [info] > git for-each-ref --format=%(refname)%00%(upstream:short)%00%(objectname)%00%(upstream:track)%00%(upstream:remotename)%00%(upstream:remoteref) refs/heads/main refs/remotes/main [3ms]
2024-02-09 16:59:40.406 [info] > git status -z -uall [107ms]
2024-02-09 16:59:40.446 [info] > git config --get commit.template [11ms]
2024-02-09 16:59:40.475 [info] > git for-each-ref --format=%(refname)%00%(upstream:short)%00%(objectname)%00%(upstream:track)%00%(upstream:remotename)%00%(upstream:remoteref) refs/heads/main refs/remotes/main [6ms]
2024-02-09 16:59:40.632 [info] > git status -z -uall [140ms]
2024-02-09 16:59:41.578 [info] > git ls-files --stage -- /var/lib/odoo/modules/tarea01abm/models/models.py [5ms]
2024-02-09 16:59:41.595 [info] > git cat-file -s 7fa1c918f0fd9d020c54ffddef6119f015b1b6c7 [1ms]
2024-02-09 16:59:41.627 [info] > git show --textconv :modules/tarea01abm/models/models.py [5ms]
2024-02-09 16:59:45.675 [info] > git config --get commit.template [16ms]
2024-02-09 16:59:45.676 [info] > git for-each-ref --format=%(refname)%00%(upstream:short)%00%(objectname)%00%(upstream:track)%00%(upstream:remotename)%00%(upstream:remoteref) refs/heads/main refs/remotes/main [2ms]
2024-02-09 16:59:45.803 [info] > git status -z -uall [111ms]
2024-02-09 16:59:50.848 [info] > git config --get commit.template [16ms]
2024-02-09 16:59:50.849 [info] > git for-each-ref --format=%(refname)%00%(upstream:short)%00%(objectname)%00%(upstream:track)%00%(upstream:remotename)%00%(upstream:remoteref) refs/heads/main refs/remotes/main [3ms]
2024-02-09 16:59:50.974 [info] > git status -z -uall [110ms]
2024-02-09 16:59:52.423 [info] > git ls-files --stage -- /var/lib/odoo/modules/tarea01abm/models/models.py [1ms]
2024-02-09 16:59:52.443 [info] > git cat-file -s 7fa1c918f0fd9d020c54ffddef6119f015b1b6c7 [2ms]
2024-02-09 16:59:52.474 [info] > git show --textconv :modules/tarea01abm/models/models.py [7ms]
2024-02-09 17:00:05.959 [info] > git config --get commit.template [1ms]
2024-02-09 17:00:05.980 [info] > git for-each-ref --format=%(refname)%00%(upstream:short)%00%(objectname)%00%(upstream:track)%00%(upstream:remotename)%00%(upstream:remoteref) refs/heads/main refs/remotes/main [2ms]
2024-02-09 17:00:06.163 [info] > git status -z -uall [165ms]
2024-02-09 17:00:11.206 [info] > git config --get commit.template [16ms]
2024-02-09 17:00:11.207 [info] > git for-each-ref --format=%(refname)%00%(upstream:short)%00%(objectname)%00%(upstream:track)%00%(upstream:remotename)%00%(upstream:remoteref) refs/heads/main refs/remotes/main [2ms]
2024-02-09 17:00:11.328 [info] > git status -z -uall [106ms]
2024-02-09 17:00:16.372 [info] > git config --get commit.template [16ms]
2024-02-09 17:00:16.373 [info] > git for-each-ref --format=%(refname)%00%(upstream:short)%00%(objectname)%00%(upstream:track)%00%(upstream:remotename)%00%(upstream:remoteref) refs/heads/main refs/remotes/main [2ms]
2024-02-09 17:00:16.500 [info] > git status -z -uall [112ms]
2024-02-09 17:00:21.545 [info] > git config --get commit.template [15ms]
2024-02-09 17:00:21.546 [info] > git for-each-ref --format=%(refname)%00%(upstream:short)%00%(objectname)%00%(upstream:track)%00%(upstream:remotename)%00%(upstream:remoteref) refs/heads/main refs/remotes/main [3ms]
2024-02-09 17:00:21.671 [info] > git status -z -uall [109ms]
2024-02-09 17:00:26.712 [info] > git config --get commit.template [15ms]
2024-02-09 17:00:26.714 [info] > git for-each-ref --format=%(refname)%00%(upstream:short)%00%(objectname)%00%(upstream:track)%00%(upstream:remotename)%00%(upstream:remoteref) refs/heads/main refs/remotes/main [3ms]
2024-02-09 17:00:26.839 [info] > git status -z -uall [111ms]
2024-02-09 17:00:31.927 [info] > git config --get commit.template [20ms]
2024-02-09 17:00:31.929 [info] > git for-each-ref --format=%(refname)%00%(upstream:short)%00%(objectname)%00%(upstream:track)%00%(upstream:remotename)%00%(upstream:remoteref) refs/heads/main refs/remotes/main [4ms]
2024-02-09 17:00:32.058 [info] > git status -z -uall [114ms]
2024-02-09 17:00:37.088 [info] > git config --get commit.template [1ms]
2024-02-09 17:00:37.107 [info] > git for-each-ref --format=%(refname)%00%(upstream:short)%00%(objectname)%00%(upstream:track)%00%(upstream:remotename)%00%(upstream:remoteref) refs/heads/main refs/remotes/main [2ms]
2024-02-09 17:00:37.228 [info] > git status -z -uall [107ms]
2024-02-09 17:00:42.273 [info] > git config --get commit.template [16ms]
2024-02-09 17:00:42.275 [info] > git for-each-ref --format=%(refname)%00%(upstream:short)%00%(objectname)%00%(upstream:track)%00%(upstream:remotename)%00%(upstream:remoteref) refs/heads/main refs/remotes/main [2ms]
2024-02-09 17:00:42.397 [info] > git status -z -uall [108ms]
2024-02-09 17:00:47.444 [info] > git config --get commit.template [17ms]
2024-02-09 17:00:47.445 [info] > git for-each-ref --format=%(refname)%00%(upstream:short)%00%(objectname)%00%(upstream:track)%00%(upstream:remotename)%00%(upstream:remoteref) refs/heads/main refs/remotes/main [2ms]
2024-02-09 17:00:47.569 [info] > git status -z -uall [108ms]
2024-02-09 17:00:52.615 [info] > git config --get commit.template [20ms]
2024-02-09 17:00:52.617 [info] > git for-each-ref --format=%(refname)%00%(upstream:short)%00%(objectname)%00%(upstream:track)%00%(upstream:remotename)%00%(upstream:remoteref) refs/heads/main refs/remotes/main [2ms]
2024-02-09 17:00:52.742 [info] > git status -z -uall [109ms]
2024-02-09 17:00:59.035 [info] > git config --get commit.template [1ms]
2024-02-09 17:00:59.059 [info] > git for-each-ref --format=%(refname)%00%(upstream:short)%00%(objectname)%00%(upstream:track)%00%(upstream:remotename)%00%(upstream:remoteref) refs/heads/main refs/remotes/main [3ms]
2024-02-09 17:00:59.183 [info] > git status -z -uall [108ms]
2024-02-09 17:01:04.229 [info] > git config --get commit.template [18ms]
2024-02-09 17:01:04.230 [info] > git for-each-ref --format=%(refname)%00%(upstream:short)%00%(objectname)%00%(upstream:track)%00%(upstream:remotename)%00%(upstream:remoteref) refs/heads/main refs/remotes/main [3ms]
2024-02-09 17:01:04.355 [info] > git status -z -uall [109ms]
2024-02-09 17:01:09.397 [info] > git config --get commit.template [16ms]
2024-02-09 17:01:09.399 [info] > git for-each-ref --format=%(refname)%00%(upstream:short)%00%(objectname)%00%(upstream:track)%00%(upstream:remotename)%00%(upstream:remoteref) refs/heads/main refs/remotes/main [4ms]
2024-02-09 17:01:09.520 [info] > git status -z -uall [105ms]
2024-02-09 17:01:14.571 [info] > git config --get commit.template [18ms]
2024-02-09 17:01:14.573 [info] > git for-each-ref --format=%(refname)%00%(upstream:short)%00%(objectname)%00%(upstream:track)%00%(upstream:remotename)%00%(upstream:remoteref) refs/heads/main refs/remotes/main [3ms]
2024-02-09 17:01:14.714 [info] > git status -z -uall [120ms]
2024-02-09 17:01:19.764 [info] > git config --get commit.template [18ms]
2024-02-09 17:01:19.766 [info] > git for-each-ref --format=%(refname)%00%(upstream:short)%00%(objectname)%00%(upstream:track)%00%(upstream:remotename)%00%(upstream:remoteref) refs/heads/main refs/remotes/main [3ms]
2024-02-09 17:01:19.892 [info] > git status -z -uall [110ms]
2024-02-09 17:01:24.933 [info] > git config --get commit.template [15ms]
2024-02-09 17:01:24.935 [info] > git for-each-ref --format=%(refname)%00%(upstream:short)%00%(objectname)%00%(upstream:track)%00%(upstream:remotename)%00%(upstream:remoteref) refs/heads/main refs/remotes/main [3ms]
2024-02-09 17:01:25.058 [info] > git status -z -uall [109ms]
2024-02-09 17:01:30.099 [info] > git config --get commit.template [16ms]
2024-02-09 17:01:30.101 [info] > git for-each-ref --format=%(refname)%00%(upstream:short)%00%(objectname)%00%(upstream:track)%00%(upstream:remotename)%00%(upstream:remoteref) refs/heads/main refs/remotes/main [3ms]
2024-02-09 17:01:30.231 [info] > git status -z -uall [116ms]
2024-02-09 17:01:35.280 [info] > git config --get commit.template [17ms]
2024-02-09 17:01:35.281 [info] > git for-each-ref --format=%(refname)%00%(upstream:short)%00%(objectname)%00%(upstream:track)%00%(upstream:remotename)%00%(upstream:remoteref) refs/heads/main refs/remotes/main [3ms]
2024-02-09 17:01:35.402 [info] > git status -z -uall [105ms]
2024-02-09 17:01:40.445 [info] > git config --get commit.template [17ms]
2024-02-09 17:01:40.446 [info] > git for-each-ref --format=%(refname)%00%(upstream:short)%00%(objectname)%00%(upstream:track)%00%(upstream:remotename)%00%(upstream:remoteref) refs/heads/main refs/remotes/main [2ms]
2024-02-09 17:01:40.568 [info] > git status -z -uall [106ms]
2024-02-09 17:01:45.609 [info] > git config --get commit.template [16ms]
2024-02-09 17:01:45.611 [info] > git for-each-ref --format=%(refname)%00%(upstream:short)%00%(objectname)%00%(upstream:track)%00%(upstream:remotename)%00%(upstream:remoteref) refs/heads/main refs/remotes/main [3ms]
2024-02-09 17:01:45.742 [info] > git status -z -uall [115ms]
2024-02-09 17:01:50.794 [info] > git config --get commit.template [18ms]
2024-02-09 17:01:50.795 [info] > git for-each-ref --format=%(refname)%00%(upstream:short)%00%(objectname)%00%(upstream:track)%00%(upstream:remotename)%00%(upstream:remoteref) refs/heads/main refs/remotes/main [3ms]
2024-02-09 17:01:50.920 [info] > git status -z -uall [109ms]
2024-02-09 17:01:55.964 [info] > git config --get commit.template [16ms]
2024-02-09 17:01:55.966 [info] > git for-each-ref --format=%(refname)%00%(upstream:short)%00%(objectname)%00%(upstream:track)%00%(upstream:remotename)%00%(upstream:remoteref) refs/heads/main refs/remotes/main [4ms]
2024-02-09 17:01:56.091 [info] > git status -z -uall [108ms]
2024-02-09 17:02:01.133 [info] > git config --get commit.template [16ms]
2024-02-09 17:02:01.134 [info] > git for-each-ref --format=%(refname)%00%(upstream:short)%00%(objectname)%00%(upstream:track)%00%(upstream:remotename)%00%(upstream:remoteref) refs/heads/main refs/remotes/main [3ms]
2024-02-09 17:02:01.266 [info] > git status -z -uall [116ms]
2024-02-09 17:02:06.314 [info] > git config --get commit.template [17ms]
2024-02-09 17:02:06.315 [info] > git for-each-ref --format=%(refname)%00%(upstream:short)%00%(objectname)%00%(upstream:track)%00%(upstream:remotename)%00%(upstream:remoteref) refs/heads/main refs/remotes/main [3ms]
2024-02-09 17:02:06.441 [info] > git status -z -uall [110ms]
2024-02-09 17:02:11.486 [info] > git config --get commit.template [17ms]
2024-02-09 17:02:11.488 [info] > git for-each-ref --format=%(refname)%00%(upstream:short)%00%(objectname)%00%(upstream:track)%00%(upstream:remotename)%00%(upstream:remoteref) refs/heads/main refs/remotes/main [2ms]
2024-02-09 17:02:11.618 [info] > git status -z -uall [114ms]
2024-02-09 17:02:16.668 [info] > git config --get commit.template [21ms]
2024-02-09 17:02:16.669 [info] > git for-each-ref --format=%(refname)%00%(upstream:short)%00%(objectname)%00%(upstream:track)%00%(upstream:remotename)%00%(upstream:remoteref) refs/heads/main refs/remotes/main [3ms]
2024-02-09 17:02:16.795 [info] > git status -z -uall [110ms]
2024-02-09 17:02:21.836 [info] > git config --get commit.template [17ms]
2024-02-09 17:02:21.838 [info] > git for-each-ref --format=%(refname)%00%(upstream:short)%00%(objectname)%00%(upstream:track)%00%(upstream:remotename)%00%(upstream:remoteref) refs/heads/main refs/remotes/main [3ms]
2024-02-09 17:02:21.961 [info] > git status -z -uall [108ms]
2024-02-09 17:02:27.005 [info] > git config --get commit.template [17ms]
2024-02-09 17:02:27.006 [info] > git for-each-ref --format=%(refname)%00%(upstream:short)%00%(objectname)%00%(upstream:track)%00%(upstream:remotename)%00%(upstream:remoteref) refs/heads/main refs/remotes/main [3ms]
2024-02-09 17:02:27.143 [info] > git status -z -uall [118ms]
2024-02-09 17:02:32.186 [info] > git config --get commit.template [17ms]
2024-02-09 17:02:32.187 [info] > git for-each-ref --format=%(refname)%00%(upstream:short)%00%(objectname)%00%(upstream:track)%00%(upstream:remotename)%00%(upstream:remoteref) refs/heads/main refs/remotes/main [3ms]
2024-02-09 17:02:32.312 [info] > git status -z -uall [108ms]
2024-02-09 17:02:37.359 [info] > git config --get commit.template [17ms]
2024-02-09 17:02:37.360 [info] > git for-each-ref --format=%(refname)%00%(upstream:short)%00%(objectname)%00%(upstream:track)%00%(upstream:remotename)%00%(upstream:remoteref) refs/heads/main refs/remotes/main [3ms]
2024-02-09 17:02:37.481 [info] > git status -z -uall [105ms]
2024-02-09 17:02:40.916 [info] > git fetch [481ms]
2024-02-09 17:02:40.953 [info] > git config --get commit.template [20ms]
2024-02-09 17:02:40.954 [info] > git for-each-ref --format=%(refname)%00%(upstream:short)%00%(objectname)%00%(upstream:track)%00%(upstream:remotename)%00%(upstream:remoteref) refs/heads/main refs/remotes/main [2ms]
2024-02-09 17:02:41.082 [info] > git status -z -uall [112ms]
2024-02-09 17:02:42.223 [info] > git ls-files --stage -- /var/lib/odoo/modules/tarea01abm/models/models.py [4ms]
2024-02-09 17:02:42.240 [info] > git cat-file -s 7fa1c918f0fd9d020c54ffddef6119f015b1b6c7 [2ms]
2024-02-09 17:02:42.270 [info] > git show --textconv :modules/tarea01abm/models/models.py [4ms]
2024-02-09 17:02:44.158 [info] > git config --get commit.template [19ms]
2024-02-09 17:02:44.159 [info] > git for-each-ref --format=%(refname)%00%(upstream:short)%00%(objectname)%00%(upstream:track)%00%(upstream:remotename)%00%(upstream:remoteref) refs/heads/main refs/remotes/main [2ms]
2024-02-09 17:02:44.284 [info] > git status -z -uall [108ms]
2024-02-09 17:02:49.328 [info] > git config --get commit.template [16ms]
2024-02-09 17:02:49.330 [info] > git for-each-ref --format=%(refname)%00%(upstream:short)%00%(objectname)%00%(upstream:track)%00%(upstream:remotename)%00%(upstream:remoteref) refs/heads/main refs/remotes/main [2ms]
2024-02-09 17:02:49.453 [info] > git status -z -uall [105ms]
2024-02-09 17:02:53.033 [info] > git ls-files --stage -- /var/lib/odoo/modules/tarea01abm/models/models.py [5ms]
2024-02-09 17:02:53.054 [info] > git cat-file -s 7fa1c918f0fd9d020c54ffddef6119f015b1b6c7 [3ms]
2024-02-09 17:02:53.084 [info] > git show --textconv :modules/tarea01abm/models/models.py [5ms]
2024-02-09 17:02:54.498 [info] > git config --get commit.template [18ms]
2024-02-09 17:02:54.499 [info] > git for-each-ref --format=%(refname)%00%(upstream:short)%00%(objectname)%00%(upstream:track)%00%(upstream:remotename)%00%(upstream:remoteref) refs/heads/main refs/remotes/main [2ms]
2024-02-09 17:02:54.628 [info] > git status -z -uall [112ms]
2024-02-09 17:05:41.616 [info] > git fetch [507ms]
2024-02-09 17:05:41.646 [info] > git config --get commit.template [15ms]
2024-02-09 17:05:41.647 [info] > git for-each-ref --format=%(refname)%00%(upstream:short)%00%(objectname)%00%(upstream:track)%00%(upstream:remotename)%00%(upstream:remoteref) refs/heads/main refs/remotes/main [3ms]
2024-02-09 17:05:41.783 [info] > git status -z -uall [119ms]
2024-02-09 17:05:41.819 [info] > git config --get commit.template [3ms]
2024-02-09 17:05:41.836 [info] > git for-each-ref --format=%(refname)%00%(upstream:short)%00%(objectname)%00%(upstream:track)%00%(upstream:remotename)%00%(upstream:remoteref) refs/heads/main refs/remotes/main [3ms]
2024-02-09 17:05:41.987 [info] > git status -z -uall [138ms]
2024-02-09 17:05:42.946 [info] > git ls-files --stage -- /var/lib/odoo/modules/tarea01abm/models/models.py [6ms]
2024-02-09 17:05:42.962 [info] > git cat-file -s 7fa1c918f0fd9d020c54ffddef6119f015b1b6c7 [2ms]
2024-02-09 17:05:42.988 [info] > git show --textconv :modules/tarea01abm/models/models.py [5ms]
2024-02-09 17:05:53.696 [info] > git ls-files --stage -- /var/lib/odoo/modules/tarea01abm/models/models.py [3ms]
2024-02-09 17:05:53.710 [info] > git cat-file -s 7fa1c918f0fd9d020c54ffddef6119f015b1b6c7 [2ms]
2024-02-09 17:05:53.734 [info] > git show --textconv :modules/tarea01abm/models/models.py [5ms]
2024-02-09 17:08:42.352 [info] > git fetch [535ms]
2024-02-09 17:08:42.380 [info] > git config --get commit.template [14ms]
2024-02-09 17:08:42.382 [info] > git for-each-ref --format=%(refname)%00%(upstream:short)%00%(objectname)%00%(upstream:track)%00%(upstream:remotename)%00%(upstream:remoteref) refs/heads/main refs/remotes/main [4ms]
2024-02-09 17:08:42.503 [info] > git status -z -uall [108ms]
2024-02-09 17:08:42.598 [info] > git config --get commit.template [16ms]
2024-02-09 17:08:42.600 [info] > git for-each-ref --format=%(refname)%00%(upstream:short)%00%(objectname)%00%(upstream:track)%00%(upstream:remotename)%00%(upstream:remoteref) refs/heads/main refs/remotes/main [3ms]
2024-02-09 17:08:42.735 [info] > git status -z -uall [120ms]
2024-02-09 17:08:43.595 [info] > git ls-files --stage -- /var/lib/odoo/modules/tarea01abm/models/models.py [5ms]
2024-02-09 17:08:43.611 [info] > git cat-file -s 7fa1c918f0fd9d020c54ffddef6119f015b1b6c7 [2ms]
2024-02-09 17:08:43.635 [info] > git show --textconv :modules/tarea01abm/models/models.py [4ms]
2024-02-09 17:08:54.351 [info] > git ls-files --stage -- /var/lib/odoo/modules/tarea01abm/models/models.py [6ms]
2024-02-09 17:08:54.365 [info] > git cat-file -s 7fa1c918f0fd9d020c54ffddef6119f015b1b6c7 [2ms]
2024-02-09 17:08:54.388 [info] > git show --textconv :modules/tarea01abm/models/models.py [5ms]
2024-02-09 17:08:54.538 [info] > git config --get commit.template [16ms]
2024-02-09 17:08:54.540 [info] > git for-each-ref --format=%(refname)%00%(upstream:short)%00%(objectname)%00%(upstream:track)%00%(upstream:remotename)%00%(upstream:remoteref) refs/heads/main refs/remotes/main [3ms]
2024-02-09 17:08:54.660 [info] > git status -z -uall [105ms]
2024-02-09 17:11:10.754 [info] > git config --get commit.template [14ms]
2024-02-09 17:11:10.756 [info] > git for-each-ref --format=%(refname)%00%(upstream:short)%00%(objectname)%00%(upstream:track)%00%(upstream:remotename)%00%(upstream:remoteref) refs/heads/main refs/remotes/main [3ms]
2024-02-09 17:11:10.879 [info] > git status -z -uall [109ms]
2024-02-09 17:11:32.816 [info] > git config --get commit.template [30ms]
2024-02-09 17:11:32.826 [info] > git for-each-ref --format=%(refname)%00%(upstream:short)%00%(objectname)%00%(upstream:track)%00%(upstream:remotename)%00%(upstream:remoteref) refs/heads/main refs/remotes/main [10ms]
2024-02-09 17:11:33.082 [info] > git status -z -uall [234ms]
2024-02-09 17:11:43.272 [info] > git fetch [734ms]
2024-02-09 17:11:43.300 [info] > git config --get commit.template [14ms]
2024-02-09 17:11:43.301 [info] > git for-each-ref --format=%(refname)%00%(upstream:short)%00%(objectname)%00%(upstream:track)%00%(upstream:remotename)%00%(upstream:remoteref) refs/heads/main refs/remotes/main [2ms]
2024-02-09 17:11:43.419 [info] > git status -z -uall [104ms]
2024-02-09 17:51:44.057 [info] > git fetch [511ms]
2024-02-09 17:51:44.089 [info] > git config --get commit.template [14ms]
2024-02-09 17:51:44.090 [info] > git for-each-ref --format=%(refname)%00%(upstream:short)%00%(objectname)%00%(upstream:track)%00%(upstream:remotename)%00%(upstream:remoteref) refs/heads/main refs/remotes/main [3ms]
2024-02-09 17:51:44.218 [info] > git status -z -uall [112ms]
2024-02-09 17:54:44.780 [info] > git fetch [513ms]
2024-02-09 17:54:44.847 [info] > git config --get commit.template [23ms]
2024-02-09 17:54:44.852 [info] > git for-each-ref --format=%(refname)%00%(upstream:short)%00%(objectname)%00%(upstream:track)%00%(upstream:remotename)%00%(upstream:remoteref) refs/heads/main refs/remotes/main [6ms]
2024-02-09 17:54:45.082 [info] > git status -z -uall [136ms]
2024-02-09 17:57:45.678 [info] > git fetch [549ms]
2024-02-09 17:57:45.729 [info] > git config --get commit.template [1ms]
2024-02-09 17:57:45.748 [info] > git for-each-ref --format=%(refname)%00%(upstream:short)%00%(objectname)%00%(upstream:track)%00%(upstream:remotename)%00%(upstream:remoteref) refs/heads/main refs/remotes/main [2ms]
2024-02-09 17:57:46.045 [info] > git status -z -uall [282ms]
2024-02-09 18:00:46.991 [info] > git fetch [824ms]
2024-02-09 18:00:47.030 [info] > git config --get commit.template [19ms]
2024-02-09 18:00:47.031 [info] > git for-each-ref --format=%(refname)%00%(upstream:short)%00%(objectname)%00%(upstream:track)%00%(upstream:remotename)%00%(upstream:remoteref) refs/heads/main refs/remotes/main [3ms]
2024-02-09 18:00:47.164 [info] > git status -z -uall [114ms]
2024-02-09 18:03:47.709 [info] > git fetch [509ms]
2024-02-09 18:03:47.741 [info] > git config --get commit.template [16ms]
2024-02-09 18:03:47.743 [info] > git for-each-ref --format=%(refname)%00%(upstream:short)%00%(objectname)%00%(upstream:track)%00%(upstream:remotename)%00%(upstream:remoteref) refs/heads/main refs/remotes/main [4ms]
2024-02-09 18:03:47.861 [info] > git status -z -uall [102ms]
2024-02-09 18:06:48.437 [info] > git fetch [536ms]
2024-02-09 18:06:48.474 [info] > git config --get commit.template [16ms]
2024-02-09 18:06:48.475 [info] > git for-each-ref --format=%(refname)%00%(upstream:short)%00%(objectname)%00%(upstream:track)%00%(upstream:remotename)%00%(upstream:remoteref) refs/heads/main refs/remotes/main [2ms]
2024-02-09 18:06:48.616 [info] > git status -z -uall [124ms]
2024-02-09 18:09:49.174 [info] > git fetch [522ms]
2024-02-09 18:09:49.202 [info] > git config --get commit.template [15ms]
2024-02-09 18:09:49.204 [info] > git for-each-ref --format=%(refname)%00%(upstream:short)%00%(objectname)%00%(upstream:track)%00%(upstream:remotename)%00%(upstream:remoteref) refs/heads/main refs/remotes/main [3ms]
2024-02-09 18:09:49.326 [info] > git status -z -uall [105ms]
2024-02-09 18:12:49.903 [info] > git fetch [538ms]
2024-02-09 18:12:49.935 [info] > git config --get commit.template [16ms]
2024-02-09 18:12:49.936 [info] > git for-each-ref --format=%(refname)%00%(upstream:short)%00%(objectname)%00%(upstream:track)%00%(upstream:remotename)%00%(upstream:remoteref) refs/heads/main refs/remotes/main [3ms]
2024-02-09 18:12:50.081 [info] > git status -z -uall [123ms]
2024-02-09 18:15:50.687 [info] > git fetch [574ms]
2024-02-09 18:15:50.714 [info] > git config --get commit.template [13ms]
2024-02-09 18:15:50.716 [info] > git for-each-ref --format=%(refname)%00%(upstream:short)%00%(objectname)%00%(upstream:track)%00%(upstream:remotename)%00%(upstream:remoteref) refs/heads/main refs/remotes/main [3ms]
2024-02-09 18:15:50.838 [info] > git status -z -uall [108ms]
2024-02-09 18:18:51.369 [info] > git fetch [494ms]
2024-02-09 18:18:51.399 [info] > git config --get commit.template [15ms]
2024-02-09 18:18:51.401 [info] > git for-each-ref --format=%(refname)%00%(upstream:short)%00%(objectname)%00%(upstream:track)%00%(upstream:remotename)%00%(upstream:remoteref) refs/heads/main refs/remotes/main [4ms]
2024-02-09 18:18:51.520 [info] > git status -z -uall [104ms]
2024-02-09 18:21:52.090 [info] > git fetch [534ms]
2024-02-09 18:21:52.120 [info] > git config --get commit.template [15ms]
2024-02-09 18:21:52.122 [info] > git for-each-ref --format=%(refname)%00%(upstream:short)%00%(objectname)%00%(upstream:track)%00%(upstream:remotename)%00%(upstream:remoteref) refs/heads/main refs/remotes/main [3ms]
2024-02-09 18:21:52.262 [info] > git status -z -uall [126ms]
2024-02-09 18:24:53.176 [info] > git fetch [867ms]
2024-02-09 18:24:53.212 [info] > git config --get commit.template [18ms]
2024-02-09 18:24:53.214 [info] > git for-each-ref --format=%(refname)%00%(upstream:short)%00%(objectname)%00%(upstream:track)%00%(upstream:remotename)%00%(upstream:remoteref) refs/heads/main refs/remotes/main [3ms]
2024-02-09 18:24:53.354 [info] > git status -z -uall [125ms]
2024-02-09 18:27:53.935 [info] > git fetch [538ms]
2024-02-09 18:27:53.963 [info] > git config --get commit.template [15ms]
2024-02-09 18:27:53.964 [info] > git for-each-ref --format=%(refname)%00%(upstream:short)%00%(objectname)%00%(upstream:track)%00%(upstream:remotename)%00%(upstream:remoteref) refs/heads/main refs/remotes/main [3ms]
2024-02-09 18:27:54.087 [info] > git status -z -uall [107ms]
2024-02-09 18:30:54.682 [info] > git fetch [560ms]
2024-02-09 18:30:54.714 [info] > git config --get commit.template [15ms]
2024-02-09 18:30:54.715 [info] > git for-each-ref --format=%(refname)%00%(upstream:short)%00%(objectname)%00%(upstream:track)%00%(upstream:remotename)%00%(upstream:remoteref) refs/heads/main refs/remotes/main [2ms]
2024-02-09 18:30:54.831 [info] > git status -z -uall [102ms]
2024-02-09 18:33:55.371 [info] > git fetch [503ms]
2024-02-09 18:33:55.399 [info] > git config --get commit.template [14ms]
2024-02-09 18:33:55.400 [info] > git for-each-ref --format=%(refname)%00%(upstream:short)%00%(objectname)%00%(upstream:track)%00%(upstream:remotename)%00%(upstream:remoteref) refs/heads/main refs/remotes/main [3ms]
2024-02-09 18:33:55.518 [info] > git status -z -uall [103ms]
2024-02-09 18:36:56.111 [info] > git fetch [562ms]
2024-02-09 18:36:56.142 [info] > git config --get commit.template [16ms]
2024-02-09 18:36:56.143 [info] > git for-each-ref --format=%(refname)%00%(upstream:short)%00%(objectname)%00%(upstream:track)%00%(upstream:remotename)%00%(upstream:remoteref) refs/heads/main refs/remotes/main [3ms]
2024-02-09 18:36:56.276 [info] > git status -z -uall [115ms]
2024-02-09 18:39:56.815 [info] > git fetch [505ms]
2024-02-09 18:39:56.842 [info] > git config --get commit.template [14ms]
2024-02-09 18:39:56.843 [info] > git for-each-ref --format=%(refname)%00%(upstream:short)%00%(objectname)%00%(upstream:track)%00%(upstream:remotename)%00%(upstream:remoteref) refs/heads/main refs/remotes/main [2ms]
2024-02-09 18:39:56.960 [info] > git status -z -uall [103ms]
2024-02-09 18:42:57.515 [info] > git fetch [519ms]
2024-02-09 18:42:57.548 [info] > git config --get commit.template [17ms]
2024-02-09 18:42:57.550 [info] > git for-each-ref --format=%(refname)%00%(upstream:short)%00%(objectname)%00%(upstream:track)%00%(upstream:remotename)%00%(upstream:remoteref) refs/heads/main refs/remotes/main [3ms]
2024-02-09 18:42:57.672 [info] > git status -z -uall [106ms]
2024-02-09 18:45:58.241 [info] > git fetch [534ms]
2024-02-09 18:45:58.270 [info] > git config --get commit.template [14ms]
2024-02-09 18:45:58.271 [info] > git for-each-ref --format=%(refname)%00%(upstream:short)%00%(objectname)%00%(upstream:track)%00%(upstream:remotename)%00%(upstream:remoteref) refs/heads/main refs/remotes/main [2ms]
2024-02-09 18:45:58.396 [info] > git status -z -uall [111ms]
2024-02-09 18:48:58.960 [info] > git fetch [531ms]
2024-02-09 18:48:58.990 [info] > git config --get commit.template [14ms]
2024-02-09 18:48:58.991 [info] > git for-each-ref --format=%(refname)%00%(upstream:short)%00%(objectname)%00%(upstream:track)%00%(upstream:remotename)%00%(upstream:remoteref) refs/heads/main refs/remotes/main [3ms]
2024-02-09 18:48:59.110 [info] > git status -z -uall [105ms]
2024-02-09 18:51:59.702 [info] > git fetch [554ms]
2024-02-09 18:51:59.735 [info] > git config --get commit.template [17ms]
2024-02-09 18:51:59.736 [info] > git for-each-ref --format=%(refname)%00%(upstream:short)%00%(objectname)%00%(upstream:track)%00%(upstream:remotename)%00%(upstream:remoteref) refs/heads/main refs/remotes/main [2ms]
2024-02-09 18:51:59.875 [info] > git status -z -uall [123ms]
2024-02-09 18:55:00.449 [info] > git fetch [531ms]
2024-02-09 18:55:00.484 [info] > git config --get commit.template [18ms]
2024-02-09 18:55:00.485 [info] > git for-each-ref --format=%(refname)%00%(upstream:short)%00%(objectname)%00%(upstream:track)%00%(upstream:remotename)%00%(upstream:remoteref) refs/heads/main refs/remotes/main [3ms]
2024-02-09 18:55:00.603 [info] > git status -z -uall [103ms]
2024-02-09 18:58:01.160 [info] > git fetch [530ms]
2024-02-09 18:58:01.187 [info] > git config --get commit.template [14ms]
2024-02-09 18:58:01.188 [info] > git for-each-ref --format=%(refname)%00%(upstream:short)%00%(objectname)%00%(upstream:track)%00%(upstream:remotename)%00%(upstream:remoteref) refs/heads/main refs/remotes/main [2ms]
2024-02-09 18:58:01.305 [info] > git status -z -uall [102ms]
2024-02-09 19:01:01.839 [info] > git fetch [497ms]
2024-02-09 19:01:01.870 [info] > git config --get commit.template [16ms]
2024-02-09 19:01:01.872 [info] > git for-each-ref --format=%(refname)%00%(upstream:short)%00%(objectname)%00%(upstream:track)%00%(upstream:remotename)%00%(upstream:remoteref) refs/heads/main refs/remotes/main [4ms]
2024-02-09 19:01:01.992 [info] > git status -z -uall [105ms]
2024-02-09 19:04:02.538 [info] > git fetch [510ms]
2024-02-09 19:04:02.566 [info] > git config --get commit.template [14ms]
2024-02-09 19:04:02.567 [info] > git for-each-ref --format=%(refname)%00%(upstream:short)%00%(objectname)%00%(upstream:track)%00%(upstream:remotename)%00%(upstream:remoteref) refs/heads/main refs/remotes/main [2ms]
2024-02-09 19:04:02.687 [info] > git status -z -uall [103ms]
2024-02-09 19:07:03.222 [info] > git fetch [497ms]
2024-02-09 19:07:03.254 [info] > git config --get commit.template [16ms]
2024-02-09 19:07:03.256 [info] > git for-each-ref --format=%(refname)%00%(upstream:short)%00%(objectname)%00%(upstream:track)%00%(upstream:remotename)%00%(upstream:remoteref) refs/heads/main refs/remotes/main [4ms]
2024-02-09 19:07:03.377 [info] > git status -z -uall [108ms]
2024-02-09 19:10:04.930 [info] > git fetch [1518ms]
2024-02-09 19:10:04.947 [info] > git config --get commit.template [3ms]
2024-02-09 19:10:04.964 [info] > git for-each-ref --format=%(refname)%00%(upstream:short)%00%(objectname)%00%(upstream:track)%00%(upstream:remotename)%00%(upstream:remoteref) refs/heads/main refs/remotes/main [3ms]
2024-02-09 19:10:05.086 [info] > git status -z -uall [109ms]
2024-02-09 19:13:05.708 [info] > git fetch [585ms]
2024-02-09 19:13:05.738 [info] > git config --get commit.template [15ms]
2024-02-09 19:13:05.738 [info] > git for-each-ref --format=%(refname)%00%(upstream:short)%00%(objectname)%00%(upstream:track)%00%(upstream:remotename)%00%(upstream:remoteref) refs/heads/main refs/remotes/main [3ms]
2024-02-09 19:13:05.857 [info] > git status -z -uall [103ms]
2024-02-09 19:16:06.399 [info] > git fetch [499ms]
2024-02-09 19:16:06.433 [info] > git config --get commit.template [15ms]
2024-02-09 19:16:06.434 [info] > git for-each-ref --format=%(refname)%00%(upstream:short)%00%(objectname)%00%(upstream:track)%00%(upstream:remotename)%00%(upstream:remoteref) refs/heads/main refs/remotes/main [2ms]
2024-02-09 19:16:06.563 [info] > git status -z -uall [113ms]
2024-02-09 19:19:07.139 [info] > git fetch [539ms]
2024-02-09 19:19:07.167 [info] > git config --get commit.template [14ms]
2024-02-09 19:19:07.169 [info] > git for-each-ref --format=%(refname)%00%(upstream:short)%00%(objectname)%00%(upstream:track)%00%(upstream:remotename)%00%(upstream:remoteref) refs/heads/main refs/remotes/main [2ms]
2024-02-09 19:19:07.287 [info] > git status -z -uall [104ms]
2024-02-09 19:22:07.861 [info] > git fetch [537ms]
2024-02-09 19:22:07.889 [info] > git config --get commit.template [15ms]
2024-02-09 19:22:07.891 [info] > git for-each-ref --format=%(refname)%00%(upstream:short)%00%(objectname)%00%(upstream:track)%00%(upstream:remotename)%00%(upstream:remoteref) refs/heads/main refs/remotes/main [3ms]
2024-02-09 19:22:08.014 [info] > git status -z -uall [109ms]
2024-02-09 19:25:08.529 [info] > git fetch [476ms]
2024-02-09 19:25:08.559 [info] > git config --get commit.template [15ms]
2024-02-09 19:25:08.560 [info] > git for-each-ref --format=%(refname)%00%(upstream:short)%00%(objectname)%00%(upstream:track)%00%(upstream:remotename)%00%(upstream:remoteref) refs/heads/main refs/remotes/main [3ms]
2024-02-09 19:25:08.680 [info] > git status -z -uall [106ms]
2024-02-09 19:28:09.226 [info] > git fetch [516ms]
2024-02-09 19:28:09.255 [info] > git config --get commit.template [14ms]
2024-02-09 19:28:09.256 [info] > git for-each-ref --format=%(refname)%00%(upstream:short)%00%(objectname)%00%(upstream:track)%00%(upstream:remotename)%00%(upstream:remoteref) refs/heads/main refs/remotes/main [3ms]
2024-02-09 19:28:09.379 [info] > git status -z -uall [108ms]
2024-02-09 19:31:09.948 [info] > git fetch [537ms]
2024-02-09 19:31:09.981 [info] > git config --get commit.template [18ms]
2024-02-09 19:31:09.982 [info] > git for-each-ref --format=%(refname)%00%(upstream:short)%00%(objectname)%00%(upstream:track)%00%(upstream:remotename)%00%(upstream:remoteref) refs/heads/main refs/remotes/main [3ms]
2024-02-09 19:31:10.103 [info] > git status -z -uall [105ms]
2024-02-09 19:34:10.648 [info] > git fetch [507ms]
2024-02-09 19:34:10.681 [info] > git config --get commit.template [15ms]
2024-02-09 19:34:10.682 [info] > git for-each-ref --format=%(refname)%00%(upstream:short)%00%(objectname)%00%(upstream:track)%00%(upstream:remotename)%00%(upstream:remoteref) refs/heads/main refs/remotes/main [2ms]
2024-02-09 19:34:10.800 [info] > git status -z -uall [103ms]
2024-02-09 19:37:11.332 [info] > git fetch [500ms]
2024-02-09 19:37:11.365 [info] > git config --get commit.template [19ms]
2024-02-09 19:37:11.368 [info] > git for-each-ref --format=%(refname)%00%(upstream:short)%00%(objectname)%00%(upstream:track)%00%(upstream:remotename)%00%(upstream:remoteref) refs/heads/main refs/remotes/main [4ms]
2024-02-09 19:37:11.490 [info] > git status -z -uall [107ms]
2024-02-09 19:40:12.062 [info] > git fetch [537ms]
2024-02-09 19:40:12.092 [info] > git config --get commit.template [15ms]
2024-02-09 19:40:12.093 [info] > git for-each-ref --format=%(refname)%00%(upstream:short)%00%(objectname)%00%(upstream:track)%00%(upstream:remotename)%00%(upstream:remoteref) refs/heads/main refs/remotes/main [2ms]
2024-02-09 19:40:12.223 [info] > git status -z -uall [112ms]
2024-02-09 19:43:12.744 [info] > git fetch [485ms]
2024-02-09 19:43:12.778 [info] > git for-each-ref --format=%(refname)%00%(upstream:short)%00%(objectname)%00%(upstream:track)%00%(upstream:remotename)%00%(upstream:remoteref) refs/heads/main refs/remotes/main [0ms]
2024-02-09 19:43:12.778 [info] > git config --get commit.template [20ms]
2024-02-09 19:43:12.897 [info] > git status -z -uall [105ms]
2024-02-09 19:46:13.441 [info] > git fetch [511ms]
2024-02-09 19:46:13.469 [info] > git config --get commit.template [14ms]
2024-02-09 19:46:13.472 [info] > git for-each-ref --format=%(refname)%00%(upstream:short)%00%(objectname)%00%(upstream:track)%00%(upstream:remotename)%00%(upstream:remoteref) refs/heads/main refs/remotes/main [4ms]
2024-02-09 19:46:13.597 [info] > git status -z -uall [110ms]
2024-02-09 19:49:14.163 [info] > git fetch [525ms]
2024-02-09 19:49:14.190 [info] > git config --get commit.template [14ms]
2024-02-09 19:49:14.192 [info] > git for-each-ref --format=%(refname)%00%(upstream:short)%00%(objectname)%00%(upstream:track)%00%(upstream:remotename)%00%(upstream:remoteref) refs/heads/main refs/remotes/main [3ms]
2024-02-09 19:49:14.314 [info] > git status -z -uall [107ms]
2024-02-09 19:52:14.940 [info] > git fetch [588ms]
2024-02-09 19:52:14.977 [info] > git config --get commit.template [20ms]
2024-02-09 19:52:14.979 [info] > git for-each-ref --format=%(refname)%00%(upstream:short)%00%(objectname)%00%(upstream:track)%00%(upstream:remotename)%00%(upstream:remoteref) refs/heads/main refs/remotes/main [6ms]
2024-02-09 19:52:15.122 [info] > git status -z -uall [123ms]
2024-02-09 19:55:15.727 [info] > git fetch [568ms]
2024-02-09 19:55:15.758 [info] > git config --get commit.template [15ms]
2024-02-09 19:55:15.759 [info] > git for-each-ref --format=%(refname)%00%(upstream:short)%00%(objectname)%00%(upstream:track)%00%(upstream:remotename)%00%(upstream:remoteref) refs/heads/main refs/remotes/main [3ms]
2024-02-09 19:55:15.889 [info] > git status -z -uall [115ms]
2024-02-09 19:58:16.474 [info] > git fetch [548ms]
2024-02-09 19:58:16.539 [info] > git config --get commit.template [28ms]
2024-02-09 19:58:16.540 [info] > git for-each-ref --format=%(refname)%00%(upstream:short)%00%(objectname)%00%(upstream:track)%00%(upstream:remotename)%00%(upstream:remoteref) refs/heads/main refs/remotes/main [3ms]
2024-02-09 19:58:16.663 [info] > git status -z -uall [107ms]
2024-02-09 20:01:17.227 [info] > git fetch [526ms]
2024-02-09 20:01:17.257 [info] > git config --get commit.template [15ms]
2024-02-09 20:01:17.258 [info] > git for-each-ref --format=%(refname)%00%(upstream:short)%00%(objectname)%00%(upstream:track)%00%(upstream:remotename)%00%(upstream:remoteref) refs/heads/main refs/remotes/main [2ms]
2024-02-09 20:01:17.380 [info] > git status -z -uall [107ms]
2024-02-09 20:04:17.948 [info] > git fetch [530ms]
2024-02-09 20:04:17.984 [info] > git config --get commit.template [21ms]
2024-02-09 20:04:17.985 [info] > git for-each-ref --format=%(refname)%00%(upstream:short)%00%(objectname)%00%(upstream:track)%00%(upstream:remotename)%00%(upstream:remoteref) refs/heads/main refs/remotes/main [2ms]
2024-02-09 20:04:18.103 [info] > git status -z -uall [104ms]
2024-02-09 20:07:18.645 [info] > git fetch [505ms]
2024-02-09 20:07:18.680 [info] > git config --get commit.template [20ms]
2024-02-09 20:07:18.681 [info] > git for-each-ref --format=%(refname)%00%(upstream:short)%00%(objectname)%00%(upstream:track)%00%(upstream:remotename)%00%(upstream:remoteref) refs/heads/main refs/remotes/main [3ms]
2024-02-09 20:07:18.800 [info] > git status -z -uall [105ms]
2024-02-09 20:10:19.499 [info] > git fetch [656ms]
2024-02-09 20:10:19.585 [info] > git config --get commit.template [73ms]
2024-02-09 20:10:19.586 [info] > git for-each-ref --format=%(refname)%00%(upstream:short)%00%(objectname)%00%(upstream:track)%00%(upstream:remotename)%00%(upstream:remoteref) refs/heads/main refs/remotes/main [2ms]
2024-02-09 20:10:19.800 [info] > git status -z -uall [201ms]
