2024-02-22 16:16:26.906 [info] Extension host with pid 1676 started
2024-02-22 16:16:26.906 [error] Error: EEXIST: file already exists, open '/var/lib/odoo/.vscode-server/data/User/workspaceStorage/b09d447946748cf914d57fecda080cc7/vscode.lock'
2024-02-22 16:16:26.913 [info] Lock '/var/lib/odoo/.vscode-server/data/User/workspaceStorage/b09d447946748cf914d57fecda080cc7/vscode.lock': Could not acquire lock, checking if the file is stale.
2024-02-22 16:16:26.937 [info] Lock '/var/lib/odoo/.vscode-server/data/User/workspaceStorage/b09d447946748cf914d57fecda080cc7/vscode.lock': The pid 20691 appears to be gone.
2024-02-22 16:16:26.937 [info] Lock '/var/lib/odoo/.vscode-server/data/User/workspaceStorage/b09d447946748cf914d57fecda080cc7/vscode.lock': Deleting a stale lock.
2024-02-22 16:16:26.941 [info] Lock '/var/lib/odoo/.vscode-server/data/User/workspaceStorage/b09d447946748cf914d57fecda080cc7/vscode.lock': Lock acquired.
2024-02-22 16:16:27.068 [info] ExtensionService#_doActivateExtension ms-python.debugpy, startup: false, activationEvent: 'onLanguage:python'
2024-02-22 16:16:27.069 [info] ExtensionService#_doActivateExtension ms-python.python, startup: false, activationEvent: 'onLanguage:python'
2024-02-22 16:16:27.070 [info] ExtensionService#_doActivateExtension vscode.emmet, startup: false, activationEvent: 'onLanguage'
2024-02-22 16:16:28.072 [info] ExtensionService#_doActivateExtension vscode.git-base, startup: true, activationEvent: '*', root cause: vscode.git
2024-02-22 16:16:29.280 [info] ExtensionService#_doActivateExtension vscode.git, startup: true, activationEvent: '*'
2024-02-22 16:16:29.281 [info] ExtensionService#_doActivateExtension vscode.github, startup: true, activationEvent: '*'
2024-02-22 16:16:29.658 [info] Eager extensions activated
2024-02-22 16:16:29.659 [info] ExtensionService#_doActivateExtension vscode.debug-auto-launch, startup: false, activationEvent: 'onStartupFinished'
2024-02-22 16:16:29.659 [info] ExtensionService#_doActivateExtension vscode.merge-conflict, startup: false, activationEvent: 'onStartupFinished'
2024-02-22 16:16:29.659 [info] ExtensionService#_doActivateExtension eamodio.gitlens, startup: false, activationEvent: 'onStartupFinished'
2024-02-22 16:16:29.660 [info] ExtensionService#_doActivateExtension felipecaputo.git-project-manager, startup: false, activationEvent: 'onStartupFinished'
2024-02-22 16:16:30.733 [warning] [Decorations] CAPPING events from decorations provider vscode.git 3158
2024-02-22 16:16:31.916 [warning] [Decorations] CAPPING events from decorations provider vscode.git 3160
2024-02-22 16:16:32.607 [info] ExtensionService#_doActivateExtension mechatroner.rainbow-csv, startup: false, activationEvent: 'onLanguage:plaintext'
2024-02-22 16:16:35.779 [warning] [Decorations] CAPPING events from decorations provider vscode.git 3161
2024-02-22 16:16:41.030 [warning] [Decorations] CAPPING events from decorations provider vscode.git 3161
2024-02-22 16:16:46.259 [warning] [Decorations] CAPPING events from decorations provider vscode.git 3161
2024-02-22 16:17:07.703 [warning] [Decorations] CAPPING events from decorations provider vscode.git 3161
2024-02-22 16:17:12.940 [warning] [Decorations] CAPPING events from decorations provider vscode.git 3161
2024-02-22 16:17:18.155 [warning] [Decorations] CAPPING events from decorations provider vscode.git 3161
2024-02-22 16:17:23.373 [warning] [Decorations] CAPPING events from decorations provider vscode.git 3161
2024-02-22 16:17:28.595 [warning] [Decorations] CAPPING events from decorations provider vscode.git 3161
2024-02-22 16:17:33.837 [warning] [Decorations] CAPPING events from decorations provider vscode.git 3161
2024-02-22 16:17:39.056 [warning] [Decorations] CAPPING events from decorations provider vscode.git 3161
2024-02-22 16:17:44.275 [warning] [Decorations] CAPPING events from decorations provider vscode.git 3161
2024-02-22 16:17:49.493 [warning] [Decorations] CAPPING events from decorations provider vscode.git 3161
2024-02-22 16:17:54.746 [warning] [Decorations] CAPPING events from decorations provider vscode.git 3161
2024-02-22 16:17:59.951 [warning] [Decorations] CAPPING events from decorations provider vscode.git 3161
2024-02-22 16:18:05.172 [warning] [Decorations] CAPPING events from decorations provider vscode.git 3161
2024-02-22 16:18:46.190 [warning] [Decorations] CAPPING events from decorations provider vscode.git 3161
2024-02-22 16:18:51.422 [warning] [Decorations] CAPPING events from decorations provider vscode.git 3161
2024-02-22 16:18:56.648 [warning] [Decorations] CAPPING events from decorations provider vscode.git 3161
2024-02-22 16:19:01.858 [warning] [Decorations] CAPPING events from decorations provider vscode.git 3161
2024-02-22 16:19:07.074 [warning] [Decorations] CAPPING events from decorations provider vscode.git 3160
2024-02-22 16:19:12.304 [warning] [Decorations] CAPPING events from decorations provider vscode.git 3160
2024-02-22 16:19:17.532 [warning] [Decorations] CAPPING events from decorations provider vscode.git 3160
2024-02-22 16:19:17.877 [info] ExtensionService#_doActivateExtension vscode.npm, startup: false, activationEvent: 'onTerminalQuickFixRequest:ms-vscode.npm-command'
2024-02-22 16:19:22.742 [warning] [Decorations] CAPPING events from decorations provider vscode.git 3160
2024-02-22 16:19:27.968 [warning] [Decorations] CAPPING events from decorations provider vscode.git 3160
2024-02-22 16:19:32.673 [warning] [Decorations] CAPPING events from decorations provider vscode.git 3160
2024-02-22 16:19:33.296 [warning] [Decorations] CAPPING events from decorations provider vscode.git 3160
2024-02-22 16:19:38.510 [warning] [Decorations] CAPPING events from decorations provider vscode.git 3160
2024-02-22 16:19:43.718 [warning] [Decorations] CAPPING events from decorations provider vscode.git 3160
2024-02-22 16:19:48.939 [warning] [Decorations] CAPPING events from decorations provider vscode.git 3160
2024-02-22 16:19:54.149 [warning] [Decorations] CAPPING events from decorations provider vscode.git 3160
2024-02-22 16:19:59.360 [warning] [Decorations] CAPPING events from decorations provider vscode.git 3160
2024-02-22 16:20:04.578 [warning] [Decorations] CAPPING events from decorations provider vscode.git 3160
2024-02-22 16:20:09.799 [warning] [Decorations] CAPPING events from decorations provider vscode.git 3160
2024-02-22 16:20:15.022 [warning] [Decorations] CAPPING events from decorations provider vscode.git 3160
2024-02-22 16:20:20.253 [warning] [Decorations] CAPPING events from decorations provider vscode.git 3160
2024-02-22 16:20:25.466 [warning] [Decorations] CAPPING events from decorations provider vscode.git 3160
2024-02-22 16:20:30.676 [warning] [Decorations] CAPPING events from decorations provider vscode.git 3160
2024-02-22 16:20:35.883 [warning] [Decorations] CAPPING events from decorations provider vscode.git 3160
2024-02-22 16:20:41.092 [warning] [Decorations] CAPPING events from decorations provider vscode.git 3160
2024-02-22 16:20:46.297 [warning] [Decorations] CAPPING events from decorations provider vscode.git 3160
2024-02-22 16:20:51.505 [warning] [Decorations] CAPPING events from decorations provider vscode.git 3160
2024-02-22 16:20:56.714 [warning] [Decorations] CAPPING events from decorations provider vscode.git 3160
2024-02-22 16:21:01.929 [warning] [Decorations] CAPPING events from decorations provider vscode.git 3160
2024-02-22 16:21:07.137 [warning] [Decorations] CAPPING events from decorations provider vscode.git 3160
2024-02-22 16:21:12.345 [warning] [Decorations] CAPPING events from decorations provider vscode.git 3160
2024-02-22 16:21:17.553 [warning] [Decorations] CAPPING events from decorations provider vscode.git 3160
2024-02-22 16:21:22.761 [warning] [Decorations] CAPPING events from decorations provider vscode.git 3160
2024-02-22 16:21:27.965 [warning] [Decorations] CAPPING events from decorations provider vscode.git 3160
2024-02-22 16:21:33.178 [warning] [Decorations] CAPPING events from decorations provider vscode.git 3160
2024-02-22 16:21:38.383 [warning] [Decorations] CAPPING events from decorations provider vscode.git 3160
2024-02-22 16:21:43.597 [warning] [Decorations] CAPPING events from decorations provider vscode.git 3160
2024-02-22 16:21:48.804 [warning] [Decorations] CAPPING events from decorations provider vscode.git 3160
2024-02-22 16:21:54.016 [warning] [Decorations] CAPPING events from decorations provider vscode.git 3160
2024-02-22 16:21:59.228 [warning] [Decorations] CAPPING events from decorations provider vscode.git 3160
2024-02-22 16:22:04.436 [warning] [Decorations] CAPPING events from decorations provider vscode.git 3160
2024-02-22 16:22:09.648 [warning] [Decorations] CAPPING events from decorations provider vscode.git 3160
2024-02-22 16:22:14.857 [warning] [Decorations] CAPPING events from decorations provider vscode.git 3160
2024-02-22 16:22:20.065 [warning] [Decorations] CAPPING events from decorations provider vscode.git 3160
2024-02-22 16:22:25.273 [warning] [Decorations] CAPPING events from decorations provider vscode.git 3160
2024-02-22 16:22:30.477 [warning] [Decorations] CAPPING events from decorations provider vscode.git 3160
2024-02-22 16:22:33.436 [warning] [Decorations] CAPPING events from decorations provider vscode.git 3160
2024-02-22 16:22:35.679 [warning] [Decorations] CAPPING events from decorations provider vscode.git 3160
2024-02-22 16:22:40.888 [warning] [Decorations] CAPPING events from decorations provider vscode.git 3160
2024-02-22 16:22:46.097 [warning] [Decorations] CAPPING events from decorations provider vscode.git 3160
2024-02-22 16:22:51.312 [warning] [Decorations] CAPPING events from decorations provider vscode.git 3160
2024-02-22 16:22:56.523 [warning] [Decorations] CAPPING events from decorations provider vscode.git 3160
2024-02-22 16:23:01.728 [warning] [Decorations] CAPPING events from decorations provider vscode.git 3160
2024-02-22 16:23:06.934 [warning] [Decorations] CAPPING events from decorations provider vscode.git 3160
2024-02-22 16:23:12.150 [warning] [Decorations] CAPPING events from decorations provider vscode.git 3160
2024-02-22 16:23:17.355 [warning] [Decorations] CAPPING events from decorations provider vscode.git 3160
2024-02-22 16:23:22.562 [warning] [Decorations] CAPPING events from decorations provider vscode.git 3160
2024-02-22 16:23:27.784 [warning] [Decorations] CAPPING events from decorations provider vscode.git 3160
2024-02-22 16:23:33.015 [warning] [Decorations] CAPPING events from decorations provider vscode.git 3160
2024-02-22 16:23:38.224 [warning] [Decorations] CAPPING events from decorations provider vscode.git 3160
2024-02-22 16:23:43.440 [warning] [Decorations] CAPPING events from decorations provider vscode.git 3160
2024-02-22 16:23:48.648 [warning] [Decorations] CAPPING events from decorations provider vscode.git 3160
2024-02-22 16:23:53.857 [warning] [Decorations] CAPPING events from decorations provider vscode.git 3160
2024-02-22 16:23:59.085 [warning] [Decorations] CAPPING events from decorations provider vscode.git 3160
2024-02-22 16:24:04.312 [warning] [Decorations] CAPPING events from decorations provider vscode.git 3160
2024-02-22 16:24:09.531 [warning] [Decorations] CAPPING events from decorations provider vscode.git 3160
2024-02-22 16:24:14.753 [warning] [Decorations] CAPPING events from decorations provider vscode.git 3160
2024-02-22 16:24:19.978 [warning] [Decorations] CAPPING events from decorations provider vscode.git 3160
2024-02-22 16:24:25.222 [warning] [Decorations] CAPPING events from decorations provider vscode.git 3160
2024-02-22 16:24:30.452 [warning] [Decorations] CAPPING events from decorations provider vscode.git 3160
2024-02-22 16:24:35.692 [warning] [Decorations] CAPPING events from decorations provider vscode.git 3160
2024-02-22 16:24:40.900 [warning] [Decorations] CAPPING events from decorations provider vscode.git 3160
2024-02-22 16:24:46.110 [warning] [Decorations] CAPPING events from decorations provider vscode.git 3160
2024-02-22 16:24:49.896 [info] ExtensionService#_doActivateExtension redhat.vscode-xml, startup: false, activationEvent: 'onLanguage:xml'
2024-02-22 16:24:50.872 [warning] [redhat.vscode-xml] Accessing a resource scoped configuration without providing a resource is not expected. To get the effective value for '[xml]', provide the URI of a resource or 'null' for any resource.
2024-02-22 16:24:51.346 [warning] [Decorations] CAPPING events from decorations provider vscode.git 3161
2024-02-22 16:24:56.565 [warning] [Decorations] CAPPING events from decorations provider vscode.git 3161
2024-02-22 16:25:01.780 [warning] [Decorations] CAPPING events from decorations provider vscode.git 3161
2024-02-22 16:25:07.016 [warning] [Decorations] CAPPING events from decorations provider vscode.git 3161
2024-02-22 16:25:12.247 [warning] [Decorations] CAPPING events from decorations provider vscode.git 3161
2024-02-22 16:25:17.481 [warning] [Decorations] CAPPING events from decorations provider vscode.git 3161
2024-02-22 16:25:22.694 [warning] [Decorations] CAPPING events from decorations provider vscode.git 3161
2024-02-22 16:25:27.907 [warning] [Decorations] CAPPING events from decorations provider vscode.git 3161
2024-02-22 16:25:33.122 [warning] [Decorations] CAPPING events from decorations provider vscode.git 3161
2024-02-22 16:25:34.215 [warning] [Decorations] CAPPING events from decorations provider vscode.git 3161
2024-02-22 16:25:38.329 [warning] [Decorations] CAPPING events from decorations provider vscode.git 3161
2024-02-22 16:25:43.545 [warning] [Decorations] CAPPING events from decorations provider vscode.git 3161
2024-02-22 16:25:48.763 [warning] [Decorations] CAPPING events from decorations provider vscode.git 3161
2024-02-22 16:25:53.994 [warning] [Decorations] CAPPING events from decorations provider vscode.git 3161
2024-02-22 16:25:59.209 [warning] [Decorations] CAPPING events from decorations provider vscode.git 3161
2024-02-22 16:26:06.527 [warning] [Decorations] CAPPING events from decorations provider vscode.git 3161
2024-02-22 16:26:11.768 [warning] [Decorations] CAPPING events from decorations provider vscode.git 3161
2024-02-22 16:26:17.058 [warning] [Decorations] CAPPING events from decorations provider vscode.git 3161
2024-02-22 16:26:22.291 [warning] [Decorations] CAPPING events from decorations provider vscode.git 3161
2024-02-22 16:26:27.551 [warning] [Decorations] CAPPING events from decorations provider vscode.git 3161
2024-02-22 16:26:32.770 [warning] [Decorations] CAPPING events from decorations provider vscode.git 3161
2024-02-22 16:26:37.989 [warning] [Decorations] CAPPING events from decorations provider vscode.git 3161
2024-02-22 16:26:43.201 [warning] [Decorations] CAPPING events from decorations provider vscode.git 3161
2024-02-22 16:26:48.415 [warning] [Decorations] CAPPING events from decorations provider vscode.git 3161
2024-02-22 16:26:53.694 [warning] [Decorations] CAPPING events from decorations provider vscode.git 3162
2024-02-22 16:26:58.923 [warning] [Decorations] CAPPING events from decorations provider vscode.git 3163
2024-02-22 16:27:04.171 [warning] [Decorations] CAPPING events from decorations provider vscode.git 3163
2024-02-22 16:27:09.439 [warning] [Decorations] CAPPING events from decorations provider vscode.git 3163
2024-02-22 16:27:38.956 [warning] [Decorations] CAPPING events from decorations provider vscode.git 3163
2024-02-22 16:27:44.178 [warning] [Decorations] CAPPING events from decorations provider vscode.git 3162
2024-02-22 16:27:49.392 [warning] [Decorations] CAPPING events from decorations provider vscode.git 3162
2024-02-22 16:27:54.633 [warning] [Decorations] CAPPING events from decorations provider vscode.git 3162
2024-02-22 16:27:59.849 [warning] [Decorations] CAPPING events from decorations provider vscode.git 3162
2024-02-22 16:28:05.066 [warning] [Decorations] CAPPING events from decorations provider vscode.git 3162
2024-02-22 16:28:10.278 [warning] [Decorations] CAPPING events from decorations provider vscode.git 3162
2024-02-22 16:28:15.506 [warning] [Decorations] CAPPING events from decorations provider vscode.git 3162
2024-02-22 16:29:39.610 [warning] [Decorations] CAPPING events from decorations provider vscode.git 3162
2024-02-22 16:29:40.277 [warning] [Decorations] CAPPING events from decorations provider vscode.git 3162
2024-02-22 16:29:44.833 [warning] [Decorations] CAPPING events from decorations provider vscode.git 3163
2024-02-22 16:29:50.055 [warning] [Decorations] CAPPING events from decorations provider vscode.git 3163
2024-02-22 16:29:55.277 [warning] [Decorations] CAPPING events from decorations provider vscode.git 3163
2024-02-22 16:30:00.499 [warning] [Decorations] CAPPING events from decorations provider vscode.git 3163
2024-02-22 16:30:05.713 [warning] [Decorations] CAPPING events from decorations provider vscode.git 3163
2024-02-22 16:30:10.925 [warning] [Decorations] CAPPING events from decorations provider vscode.git 3163
2024-02-22 16:30:16.135 [warning] [Decorations] CAPPING events from decorations provider vscode.git 3163
2024-02-22 16:30:21.348 [warning] [Decorations] CAPPING events from decorations provider vscode.git 3163
2024-02-22 16:30:26.559 [warning] [Decorations] CAPPING events from decorations provider vscode.git 3163
2024-02-22 16:30:31.778 [warning] [Decorations] CAPPING events from decorations provider vscode.git 3163
2024-02-22 16:30:36.992 [warning] [Decorations] CAPPING events from decorations provider vscode.git 3163
2024-02-22 16:30:42.212 [warning] [Decorations] CAPPING events from decorations provider vscode.git 3164
2024-02-22 16:30:47.444 [warning] [Decorations] CAPPING events from decorations provider vscode.git 3164
2024-02-22 16:30:52.678 [warning] [Decorations] CAPPING events from decorations provider vscode.git 3164
2024-02-22 16:31:45.094 [warning] [Decorations] CAPPING events from decorations provider vscode.git 3164
2024-02-22 16:31:50.309 [warning] [Decorations] CAPPING events from decorations provider vscode.git 3165
2024-02-22 16:31:55.525 [warning] [Decorations] CAPPING events from decorations provider vscode.git 3165
2024-02-22 16:32:00.742 [warning] [Decorations] CAPPING events from decorations provider vscode.git 3165
2024-02-22 16:32:05.968 [warning] [Decorations] CAPPING events from decorations provider vscode.git 3165
2024-02-22 16:32:11.186 [warning] [Decorations] CAPPING events from decorations provider vscode.git 3165
2024-02-22 16:32:16.401 [warning] [Decorations] CAPPING events from decorations provider vscode.git 3165
2024-02-22 16:32:21.618 [warning] [Decorations] CAPPING events from decorations provider vscode.git 3165
2024-02-22 16:32:26.848 [warning] [Decorations] CAPPING events from decorations provider vscode.git 3165
2024-02-22 16:32:32.062 [warning] [Decorations] CAPPING events from decorations provider vscode.git 3165
2024-02-22 16:32:37.297 [warning] [Decorations] CAPPING events from decorations provider vscode.git 3165
2024-02-22 16:32:41.073 [warning] [Decorations] CAPPING events from decorations provider vscode.git 3165
2024-02-22 16:32:42.533 [warning] [Decorations] CAPPING events from decorations provider vscode.git 3166
2024-02-22 16:32:47.822 [warning] [Decorations] CAPPING events from decorations provider vscode.git 3166
2024-02-22 16:32:53.048 [warning] [Decorations] CAPPING events from decorations provider vscode.git 3166
2024-02-22 16:32:58.266 [warning] [Decorations] CAPPING events from decorations provider vscode.git 3166
2024-02-22 16:33:49.330 [warning] [Decorations] CAPPING events from decorations provider vscode.git 3166
2024-02-22 16:33:54.570 [warning] [Decorations] CAPPING events from decorations provider vscode.git 3166
2024-02-22 16:33:59.802 [warning] [Decorations] CAPPING events from decorations provider vscode.git 3166
2024-02-22 16:34:05.021 [warning] [Decorations] CAPPING events from decorations provider vscode.git 3166
2024-02-22 16:34:10.248 [warning] [Decorations] CAPPING events from decorations provider vscode.git 3166
2024-02-22 16:34:15.461 [warning] [Decorations] CAPPING events from decorations provider vscode.git 3166
2024-02-22 16:34:20.690 [warning] [Decorations] CAPPING events from decorations provider vscode.git 3167
2024-02-22 16:34:25.923 [warning] [Decorations] CAPPING events from decorations provider vscode.git 3167
2024-02-22 16:34:31.149 [warning] [Decorations] CAPPING events from decorations provider vscode.git 3167
2024-02-22 16:34:36.365 [warning] [Decorations] CAPPING events from decorations provider vscode.git 3167
2024-02-22 16:34:41.578 [warning] [Decorations] CAPPING events from decorations provider vscode.git 3167
2024-02-22 16:34:46.799 [warning] [Decorations] CAPPING events from decorations provider vscode.git 3168
2024-02-22 16:34:52.046 [warning] [Decorations] CAPPING events from decorations provider vscode.git 3174
2024-02-22 16:34:57.262 [warning] [Decorations] CAPPING events from decorations provider vscode.git 3186
2024-02-22 16:35:02.485 [warning] [Decorations] CAPPING events from decorations provider vscode.git 3187
2024-02-22 16:35:07.708 [warning] [Decorations] CAPPING events from decorations provider vscode.git 3187
2024-02-22 16:35:12.938 [warning] [Decorations] CAPPING events from decorations provider vscode.git 3189
2024-02-22 16:35:18.156 [warning] [Decorations] CAPPING events from decorations provider vscode.git 3189
2024-02-22 16:35:23.381 [warning] [Decorations] CAPPING events from decorations provider vscode.git 3189
2024-02-22 16:35:28.607 [warning] [Decorations] CAPPING events from decorations provider vscode.git 3189
2024-02-22 16:35:33.829 [warning] [Decorations] CAPPING events from decorations provider vscode.git 3189
2024-02-22 16:35:39.069 [warning] [Decorations] CAPPING events from decorations provider vscode.git 3189
2024-02-22 16:35:41.816 [warning] [Decorations] CAPPING events from decorations provider vscode.git 3189
2024-02-22 16:35:44.295 [warning] [Decorations] CAPPING events from decorations provider vscode.git 3189
2024-02-22 16:35:49.566 [warning] [Decorations] CAPPING events from decorations provider vscode.git 3189
2024-02-22 16:35:54.791 [warning] [Decorations] CAPPING events from decorations provider vscode.git 3189
2024-02-22 16:36:06.818 [warning] [Decorations] CAPPING events from decorations provider vscode.git 3189
2024-02-22 16:36:21.869 [warning] [Decorations] CAPPING events from decorations provider vscode.git 3189
2024-02-22 16:36:27.145 [warning] [Decorations] CAPPING events from decorations provider vscode.git 3190
2024-02-22 16:36:32.370 [warning] [Decorations] CAPPING events from decorations provider vscode.git 3190
2024-02-22 16:36:37.615 [warning] [Decorations] CAPPING events from decorations provider vscode.git 3190
2024-02-22 16:36:48.719 [warning] [Decorations] CAPPING events from decorations provider vscode.git 3190
2024-02-22 16:36:53.940 [warning] [Decorations] CAPPING events from decorations provider vscode.git 3190
2024-02-22 16:36:59.168 [warning] [Decorations] CAPPING events from decorations provider vscode.git 3191
2024-02-22 16:37:04.394 [warning] [Decorations] CAPPING events from decorations provider vscode.git 3191
2024-02-22 16:37:50.149 [warning] [Decorations] CAPPING events from decorations provider vscode.git 3191
2024-02-22 16:37:55.396 [warning] [Decorations] CAPPING events from decorations provider vscode.git 3191
2024-02-22 16:38:00.625 [warning] [Decorations] CAPPING events from decorations provider vscode.git 3191
2024-02-22 16:38:05.868 [warning] [Decorations] CAPPING events from decorations provider vscode.git 3191
2024-02-22 16:38:11.097 [warning] [Decorations] CAPPING events from decorations provider vscode.git 3191
2024-02-22 16:38:16.340 [warning] [Decorations] CAPPING events from decorations provider vscode.git 3192
2024-02-22 16:38:21.595 [warning] [Decorations] CAPPING events from decorations provider vscode.git 3192
2024-02-22 16:38:26.813 [warning] [Decorations] CAPPING events from decorations provider vscode.git 3192
2024-02-22 16:38:32.046 [warning] [Decorations] CAPPING events from decorations provider vscode.git 3192
2024-02-22 16:38:42.885 [warning] [Decorations] CAPPING events from decorations provider vscode.git 3192
2024-02-22 16:38:43.540 [warning] [Decorations] CAPPING events from decorations provider vscode.git 3192
2024-02-22 16:38:48.107 [warning] [Decorations] CAPPING events from decorations provider vscode.git 3192
2024-02-22 16:38:53.341 [warning] [Decorations] CAPPING events from decorations provider vscode.git 3192
2024-02-22 16:38:58.581 [warning] [Decorations] CAPPING events from decorations provider vscode.git 3192
2024-02-22 16:39:03.813 [warning] [Decorations] CAPPING events from decorations provider vscode.git 3192
2024-02-22 16:39:09.044 [warning] [Decorations] CAPPING events from decorations provider vscode.git 3192
2024-02-22 16:39:14.267 [warning] [Decorations] CAPPING events from decorations provider vscode.git 3192
2024-02-22 16:39:19.489 [warning] [Decorations] CAPPING events from decorations provider vscode.git 3192
2024-02-22 16:39:24.715 [warning] [Decorations] CAPPING events from decorations provider vscode.git 3192
2024-02-22 16:39:29.959 [warning] [Decorations] CAPPING events from decorations provider vscode.git 3192
2024-02-22 16:39:35.198 [warning] [Decorations] CAPPING events from decorations provider vscode.git 3192
2024-02-22 16:39:40.414 [warning] [Decorations] CAPPING events from decorations provider vscode.git 3192
2024-02-22 16:39:45.657 [warning] [Decorations] CAPPING events from decorations provider vscode.git 3192
2024-02-22 16:39:50.868 [warning] [Decorations] CAPPING events from decorations provider vscode.git 3192
2024-02-22 16:39:56.083 [warning] [Decorations] CAPPING events from decorations provider vscode.git 3192
2024-02-22 16:40:01.325 [warning] [Decorations] CAPPING events from decorations provider vscode.git 3192
2024-02-22 16:40:06.546 [warning] [Decorations] CAPPING events from decorations provider vscode.git 3192
2024-02-22 16:40:11.766 [warning] [Decorations] CAPPING events from decorations provider vscode.git 3192
2024-02-22 16:40:16.983 [warning] [Decorations] CAPPING events from decorations provider vscode.git 3192
2024-02-22 16:40:22.211 [warning] [Decorations] CAPPING events from decorations provider vscode.git 3192
2024-02-22 16:40:27.434 [warning] [Decorations] CAPPING events from decorations provider vscode.git 3192
2024-02-22 16:40:32.657 [warning] [Decorations] CAPPING events from decorations provider vscode.git 3192
2024-02-22 16:40:37.877 [warning] [Decorations] CAPPING events from decorations provider vscode.git 3192
2024-02-22 16:40:43.104 [warning] [Decorations] CAPPING events from decorations provider vscode.git 3192
2024-02-22 16:40:48.349 [warning] [Decorations] CAPPING events from decorations provider vscode.git 3192
2024-02-22 16:40:53.612 [warning] [Decorations] CAPPING events from decorations provider vscode.git 3192
2024-02-22 16:40:58.838 [warning] [Decorations] CAPPING events from decorations provider vscode.git 3192
2024-02-22 16:41:04.059 [warning] [Decorations] CAPPING events from decorations provider vscode.git 3192
2024-02-22 16:41:09.294 [warning] [Decorations] CAPPING events from decorations provider vscode.git 3192
2024-02-22 16:41:14.532 [warning] [Decorations] CAPPING events from decorations provider vscode.git 3193
2024-02-22 16:41:19.759 [warning] [Decorations] CAPPING events from decorations provider vscode.git 3194
2024-02-22 16:41:24.989 [warning] [Decorations] CAPPING events from decorations provider vscode.git 3194
2024-02-22 16:41:30.280 [warning] [Decorations] CAPPING events from decorations provider vscode.git 3194
2024-02-22 16:41:35.502 [warning] [Decorations] CAPPING events from decorations provider vscode.git 3194
2024-02-22 16:41:40.721 [warning] [Decorations] CAPPING events from decorations provider vscode.git 3194
2024-02-22 16:41:44.283 [warning] [Decorations] CAPPING events from decorations provider vscode.git 3194
2024-02-22 16:41:45.945 [warning] [Decorations] CAPPING events from decorations provider vscode.git 3194
2024-02-22 16:41:51.170 [warning] [Decorations] CAPPING events from decorations provider vscode.git 3194
2024-02-22 16:41:56.400 [warning] [Decorations] CAPPING events from decorations provider vscode.git 3194
2024-02-22 16:42:01.639 [warning] [Decorations] CAPPING events from decorations provider vscode.git 3198
2024-02-22 16:42:06.873 [warning] [Decorations] CAPPING events from decorations provider vscode.git 3198
2024-02-22 16:42:12.114 [warning] [Decorations] CAPPING events from decorations provider vscode.git 3200
2024-02-22 16:42:17.360 [warning] [Decorations] CAPPING events from decorations provider vscode.git 3200
2024-02-22 16:42:22.589 [warning] [Decorations] CAPPING events from decorations provider vscode.git 3200
2024-02-22 16:42:27.817 [warning] [Decorations] CAPPING events from decorations provider vscode.git 3200
2024-02-22 16:42:33.048 [warning] [Decorations] CAPPING events from decorations provider vscode.git 3201
2024-02-22 16:42:38.290 [warning] [Decorations] CAPPING events from decorations provider vscode.git 3201
2024-02-22 16:42:43.533 [warning] [Decorations] CAPPING events from decorations provider vscode.git 3202
2024-02-22 16:42:48.761 [warning] [Decorations] CAPPING events from decorations provider vscode.git 3202
2024-02-22 16:42:53.991 [warning] [Decorations] CAPPING events from decorations provider vscode.git 3203
2024-02-22 16:42:59.212 [warning] [Decorations] CAPPING events from decorations provider vscode.git 3203
2024-02-22 16:43:04.426 [warning] [Decorations] CAPPING events from decorations provider vscode.git 3203
2024-02-22 16:43:09.638 [warning] [Decorations] CAPPING events from decorations provider vscode.git 3203
2024-02-22 16:43:14.874 [warning] [Decorations] CAPPING events from decorations provider vscode.git 3203
2024-02-22 16:43:20.110 [warning] [Decorations] CAPPING events from decorations provider vscode.git 3203
2024-02-22 16:43:25.339 [warning] [Decorations] CAPPING events from decorations provider vscode.git 3203
2024-02-22 16:43:30.557 [warning] [Decorations] CAPPING events from decorations provider vscode.git 3203
2024-02-22 16:43:35.796 [warning] [Decorations] CAPPING events from decorations provider vscode.git 3204
2024-02-22 16:43:41.033 [warning] [Decorations] CAPPING events from decorations provider vscode.git 3204
2024-02-22 16:43:46.265 [warning] [Decorations] CAPPING events from decorations provider vscode.git 3204
2024-02-22 16:43:51.531 [warning] [Decorations] CAPPING events from decorations provider vscode.git 3204
2024-02-22 16:43:56.767 [warning] [Decorations] CAPPING events from decorations provider vscode.git 3204
2024-02-22 16:44:01.987 [warning] [Decorations] CAPPING events from decorations provider vscode.git 3205
2024-02-22 16:44:07.218 [warning] [Decorations] CAPPING events from decorations provider vscode.git 3205
2024-02-22 16:44:12.453 [warning] [Decorations] CAPPING events from decorations provider vscode.git 3205
2024-02-22 16:44:17.667 [warning] [Decorations] CAPPING events from decorations provider vscode.git 3205
2024-02-22 16:44:22.886 [warning] [Decorations] CAPPING events from decorations provider vscode.git 3205
2024-02-22 16:44:28.110 [warning] [Decorations] CAPPING events from decorations provider vscode.git 3205
2024-02-22 16:44:33.323 [warning] [Decorations] CAPPING events from decorations provider vscode.git 3205
2024-02-22 16:44:38.548 [warning] [Decorations] CAPPING events from decorations provider vscode.git 3205
2024-02-22 16:44:43.771 [warning] [Decorations] CAPPING events from decorations provider vscode.git 3205
2024-02-22 16:44:45.070 [warning] [Decorations] CAPPING events from decorations provider vscode.git 3205
2024-02-22 16:44:49.010 [warning] [Decorations] CAPPING events from decorations provider vscode.git 3205
2024-02-22 16:44:54.264 [warning] [Decorations] CAPPING events from decorations provider vscode.git 3205
2024-02-22 16:44:59.492 [warning] [Decorations] CAPPING events from decorations provider vscode.git 3205
2024-02-22 16:46:34.860 [warning] [Decorations] CAPPING events from decorations provider vscode.git 3205
2024-02-22 16:46:40.100 [warning] [Decorations] CAPPING events from decorations provider vscode.git 3205
2024-02-22 16:46:45.322 [warning] [Decorations] CAPPING events from decorations provider vscode.git 3205
2024-02-22 16:46:50.543 [warning] [Decorations] CAPPING events from decorations provider vscode.git 3205
2024-02-22 16:46:55.760 [warning] [Decorations] CAPPING events from decorations provider vscode.git 3205
2024-02-22 16:47:00.977 [warning] [Decorations] CAPPING events from decorations provider vscode.git 3205
2024-02-22 16:47:06.194 [warning] [Decorations] CAPPING events from decorations provider vscode.git 3205
2024-02-22 16:47:34.094 [warning] [Decorations] CAPPING events from decorations provider vscode.git 3205
2024-02-22 16:47:39.323 [warning] [Decorations] CAPPING events from decorations provider vscode.git 3205
2024-02-22 16:47:44.554 [warning] [Decorations] CAPPING events from decorations provider vscode.git 3205
2024-02-22 16:47:45.822 [warning] [Decorations] CAPPING events from decorations provider vscode.git 3205
2024-02-22 16:47:49.773 [warning] [Decorations] CAPPING events from decorations provider vscode.git 3205
2024-02-22 16:47:54.999 [warning] [Decorations] CAPPING events from decorations provider vscode.git 3205
2024-02-22 16:48:00.215 [warning] [Decorations] CAPPING events from decorations provider vscode.git 3205
2024-02-22 16:48:05.451 [warning] [Decorations] CAPPING events from decorations provider vscode.git 3205
2024-02-22 16:48:10.770 [warning] [Decorations] CAPPING events from decorations provider vscode.git 3205
2024-02-22 16:48:16.056 [warning] [Decorations] CAPPING events from decorations provider vscode.git 3205
2024-02-22 16:48:21.336 [warning] [Decorations] CAPPING events from decorations provider vscode.git 3209
2024-02-22 16:48:26.564 [warning] [Decorations] CAPPING events from decorations provider vscode.git 3217
2024-02-22 16:48:31.783 [warning] [Decorations] CAPPING events from decorations provider vscode.git 3218
2024-02-22 16:48:36.997 [warning] [Decorations] CAPPING events from decorations provider vscode.git 3218
2024-02-22 16:48:42.214 [warning] [Decorations] CAPPING events from decorations provider vscode.git 3218
2024-02-22 16:48:47.431 [warning] [Decorations] CAPPING events from decorations provider vscode.git 3218
2024-02-22 16:48:52.650 [warning] [Decorations] CAPPING events from decorations provider vscode.git 3218
2024-02-22 16:48:57.868 [warning] [Decorations] CAPPING events from decorations provider vscode.git 3218
2024-02-22 16:49:03.082 [warning] [Decorations] CAPPING events from decorations provider vscode.git 3218
2024-02-22 16:49:08.311 [warning] [Decorations] CAPPING events from decorations provider vscode.git 3218
2024-02-22 16:49:13.577 [warning] [Decorations] CAPPING events from decorations provider vscode.git 3218
2024-02-22 16:49:18.842 [warning] [Decorations] CAPPING events from decorations provider vscode.git 3220
2024-02-22 16:49:24.096 [warning] [Decorations] CAPPING events from decorations provider vscode.git 3220
2024-02-22 16:49:29.332 [warning] [Decorations] CAPPING events from decorations provider vscode.git 3222
2024-02-22 16:49:34.553 [warning] [Decorations] CAPPING events from decorations provider vscode.git 3222
2024-02-22 16:49:39.770 [warning] [Decorations] CAPPING events from decorations provider vscode.git 3222
2024-02-22 16:49:44.985 [warning] [Decorations] CAPPING events from decorations provider vscode.git 3222
2024-02-22 16:49:50.206 [warning] [Decorations] CAPPING events from decorations provider vscode.git 3222
2024-02-22 16:49:55.427 [warning] [Decorations] CAPPING events from decorations provider vscode.git 3222
2024-02-22 16:50:00.648 [warning] [Decorations] CAPPING events from decorations provider vscode.git 3222
2024-02-22 16:50:05.857 [warning] [Decorations] CAPPING events from decorations provider vscode.git 3222
2024-02-22 16:50:11.082 [warning] [Decorations] CAPPING events from decorations provider vscode.git 3222
2024-02-22 16:50:16.320 [warning] [Decorations] CAPPING events from decorations provider vscode.git 3223
2024-02-22 16:50:21.539 [warning] [Decorations] CAPPING events from decorations provider vscode.git 3223
2024-02-22 16:50:26.758 [warning] [Decorations] CAPPING events from decorations provider vscode.git 3223
2024-02-22 16:50:31.976 [warning] [Decorations] CAPPING events from decorations provider vscode.git 3223
2024-02-22 16:50:37.203 [warning] [Decorations] CAPPING events from decorations provider vscode.git 3223
2024-02-22 16:50:42.431 [warning] [Decorations] CAPPING events from decorations provider vscode.git 3224
2024-02-22 16:50:46.560 [warning] [Decorations] CAPPING events from decorations provider vscode.git 3224
2024-02-22 16:50:47.668 [warning] [Decorations] CAPPING events from decorations provider vscode.git 3224
2024-02-22 16:50:52.887 [warning] [Decorations] CAPPING events from decorations provider vscode.git 3224
2024-02-22 16:50:58.106 [warning] [Decorations] CAPPING events from decorations provider vscode.git 3224
2024-02-22 16:51:03.327 [warning] [Decorations] CAPPING events from decorations provider vscode.git 3224
2024-02-22 16:51:08.544 [warning] [Decorations] CAPPING events from decorations provider vscode.git 3224
2024-02-22 16:51:13.761 [warning] [Decorations] CAPPING events from decorations provider vscode.git 3224
2024-02-22 16:51:18.982 [warning] [Decorations] CAPPING events from decorations provider vscode.git 3224
2024-02-22 16:51:24.200 [warning] [Decorations] CAPPING events from decorations provider vscode.git 3224
2024-02-22 16:51:29.419 [warning] [Decorations] CAPPING events from decorations provider vscode.git 3224
2024-02-22 16:51:34.634 [warning] [Decorations] CAPPING events from decorations provider vscode.git 3224
2024-02-22 16:51:39.852 [warning] [Decorations] CAPPING events from decorations provider vscode.git 3224
2024-02-22 16:51:45.060 [warning] [Decorations] CAPPING events from decorations provider vscode.git 3224
2024-02-22 16:51:50.274 [warning] [Decorations] CAPPING events from decorations provider vscode.git 3224
2024-02-22 16:51:55.492 [warning] [Decorations] CAPPING events from decorations provider vscode.git 3224
2024-02-22 16:52:00.703 [warning] [Decorations] CAPPING events from decorations provider vscode.git 3224
2024-02-22 16:52:05.915 [warning] [Decorations] CAPPING events from decorations provider vscode.git 3224
2024-02-22 16:52:11.132 [warning] [Decorations] CAPPING events from decorations provider vscode.git 3224
2024-02-22 16:52:16.358 [warning] [Decorations] CAPPING events from decorations provider vscode.git 3224
2024-02-22 16:52:21.566 [warning] [Decorations] CAPPING events from decorations provider vscode.git 3224
2024-02-22 16:52:26.782 [warning] [Decorations] CAPPING events from decorations provider vscode.git 3224
2024-02-22 16:52:32.000 [warning] [Decorations] CAPPING events from decorations provider vscode.git 3224
2024-02-22 16:52:37.219 [warning] [Decorations] CAPPING events from decorations provider vscode.git 3224
2024-02-22 16:52:42.433 [warning] [Decorations] CAPPING events from decorations provider vscode.git 3224
2024-02-22 16:52:47.649 [warning] [Decorations] CAPPING events from decorations provider vscode.git 3224
2024-02-22 16:52:52.863 [warning] [Decorations] CAPPING events from decorations provider vscode.git 3224
2024-02-22 16:52:58.078 [warning] [Decorations] CAPPING events from decorations provider vscode.git 3224
2024-02-22 16:53:03.292 [warning] [Decorations] CAPPING events from decorations provider vscode.git 3224
2024-02-22 16:53:08.520 [warning] [Decorations] CAPPING events from decorations provider vscode.git 3224
2024-02-22 16:53:13.744 [warning] [Decorations] CAPPING events from decorations provider vscode.git 3224
2024-02-22 16:53:18.971 [warning] [Decorations] CAPPING events from decorations provider vscode.git 3225
2024-02-22 16:53:24.220 [warning] [Decorations] CAPPING events from decorations provider vscode.git 3225
2024-02-22 16:53:29.455 [warning] [Decorations] CAPPING events from decorations provider vscode.git 3225
2024-02-22 16:53:34.697 [warning] [Decorations] CAPPING events from decorations provider vscode.git 3225
2024-02-22 16:53:39.936 [warning] [Decorations] CAPPING events from decorations provider vscode.git 3226
2024-02-22 16:53:45.171 [warning] [Decorations] CAPPING events from decorations provider vscode.git 3226
2024-02-22 16:53:47.305 [warning] [Decorations] CAPPING events from decorations provider vscode.git 3226
2024-02-22 16:53:50.494 [warning] [Decorations] CAPPING events from decorations provider vscode.git 3226
2024-02-22 16:53:55.718 [warning] [Decorations] CAPPING events from decorations provider vscode.git 3226
2024-02-22 16:54:00.935 [warning] [Decorations] CAPPING events from decorations provider vscode.git 3226
2024-02-22 16:54:06.200 [warning] [Decorations] CAPPING events from decorations provider vscode.git 3226
2024-02-22 16:54:11.417 [warning] [Decorations] CAPPING events from decorations provider vscode.git 3226
2024-02-22 16:54:16.635 [warning] [Decorations] CAPPING events from decorations provider vscode.git 3226
2024-02-22 16:54:21.862 [warning] [Decorations] CAPPING events from decorations provider vscode.git 3226
2024-02-22 16:54:27.088 [warning] [Decorations] CAPPING events from decorations provider vscode.git 3226
2024-02-22 16:54:32.305 [warning] [Decorations] CAPPING events from decorations provider vscode.git 3226
2024-02-22 16:54:37.524 [warning] [Decorations] CAPPING events from decorations provider vscode.git 3226
2024-02-22 16:54:42.741 [warning] [Decorations] CAPPING events from decorations provider vscode.git 3226
2024-02-22 16:54:47.958 [warning] [Decorations] CAPPING events from decorations provider vscode.git 3226
2024-02-22 16:54:53.175 [warning] [Decorations] CAPPING events from decorations provider vscode.git 3226
2024-02-22 16:54:58.407 [warning] [Decorations] CAPPING events from decorations provider vscode.git 3227
2024-02-22 16:55:03.624 [warning] [Decorations] CAPPING events from decorations provider vscode.git 3227
2024-02-22 16:55:08.854 [warning] [Decorations] CAPPING events from decorations provider vscode.git 3227
2024-02-22 16:55:14.068 [warning] [Decorations] CAPPING events from decorations provider vscode.git 3227
2024-02-22 16:55:19.299 [warning] [Decorations] CAPPING events from decorations provider vscode.git 3227
2024-02-22 16:55:24.536 [warning] [Decorations] CAPPING events from decorations provider vscode.git 3227
2024-02-22 16:55:29.784 [warning] [Decorations] CAPPING events from decorations provider vscode.git 3228
2024-02-22 16:55:35.014 [warning] [Decorations] CAPPING events from decorations provider vscode.git 3228
2024-02-22 16:55:40.243 [warning] [Decorations] CAPPING events from decorations provider vscode.git 3228
2024-02-22 16:55:40.635 [error] [redhat.vscode-xml] provider FAILED
2024-02-22 16:55:40.635 [error] TypeError: Cannot read properties of null (reading 'tags')
	at Object.D [as asCompletionItem] (/var/lib/odoo/.vscode-server/extensions/redhat.vscode-xml-0.26.1-linux-x64/dist/extension.js:2:459134)
	at /var/lib/odoo/.vscode-server/extensions/redhat.vscode-xml-0.26.1-linux-x64/dist/extension.js:2:385140
	at async $e.resolveCompletionItem (/var/lib/odoo/.vscode-server/bin/903b1e9d8990623e3d7da1df3d33db3e42d80eda/out/vs/workbench/api/node/extensionHostProcess.js:150:99793)
2024-02-22 16:55:40.792 [error] [redhat.vscode-xml] provider FAILED
2024-02-22 16:55:40.792 [error] TypeError: Cannot read properties of null (reading 'tags')
	at Object.D [as asCompletionItem] (/var/lib/odoo/.vscode-server/extensions/redhat.vscode-xml-0.26.1-linux-x64/dist/extension.js:2:459134)
	at /var/lib/odoo/.vscode-server/extensions/redhat.vscode-xml-0.26.1-linux-x64/dist/extension.js:2:385140
	at async $e.resolveCompletionItem (/var/lib/odoo/.vscode-server/bin/903b1e9d8990623e3d7da1df3d33db3e42d80eda/out/vs/workbench/api/node/extensionHostProcess.js:150:99793)
2024-02-22 16:55:40.801 [error] [redhat.vscode-xml] provider FAILED
2024-02-22 16:55:40.801 [error] TypeError: Cannot read properties of null (reading 'tags')
	at Object.D [as asCompletionItem] (/var/lib/odoo/.vscode-server/extensions/redhat.vscode-xml-0.26.1-linux-x64/dist/extension.js:2:459134)
	at /var/lib/odoo/.vscode-server/extensions/redhat.vscode-xml-0.26.1-linux-x64/dist/extension.js:2:385140
	at async $e.resolveCompletionItem (/var/lib/odoo/.vscode-server/bin/903b1e9d8990623e3d7da1df3d33db3e42d80eda/out/vs/workbench/api/node/extensionHostProcess.js:150:99793)
2024-02-22 16:55:45.484 [warning] [Decorations] CAPPING events from decorations provider vscode.git 3228
2024-02-22 16:55:50.753 [warning] [Decorations] CAPPING events from decorations provider vscode.git 3229
2024-02-22 16:55:55.975 [warning] [Decorations] CAPPING events from decorations provider vscode.git 3229
2024-02-22 16:56:01.205 [warning] [Decorations] CAPPING events from decorations provider vscode.git 3229
2024-02-22 16:56:06.445 [warning] [Decorations] CAPPING events from decorations provider vscode.git 3229
2024-02-22 16:56:11.688 [warning] [Decorations] CAPPING events from decorations provider vscode.git 3230
2024-02-22 16:56:16.934 [warning] [Decorations] CAPPING events from decorations provider vscode.git 3230
2024-02-22 16:56:22.174 [warning] [Decorations] CAPPING events from decorations provider vscode.git 3230
2024-02-22 16:56:27.407 [warning] [Decorations] CAPPING events from decorations provider vscode.git 3230
2024-02-22 16:56:32.639 [warning] [Decorations] CAPPING events from decorations provider vscode.git 3230
2024-02-22 16:56:37.866 [warning] [Decorations] CAPPING events from decorations provider vscode.git 3231
2024-02-22 16:56:43.086 [warning] [Decorations] CAPPING events from decorations provider vscode.git 3231
2024-02-22 16:56:48.110 [warning] [Decorations] CAPPING events from decorations provider vscode.git 3231
2024-02-22 16:56:48.805 [warning] [Decorations] CAPPING events from decorations provider vscode.git 3231
2024-02-22 16:56:54.050 [warning] [Decorations] CAPPING events from decorations provider vscode.git 3231
2024-02-22 16:58:54.359 [warning] [Decorations] CAPPING events from decorations provider vscode.git 3231
2024-02-22 16:59:16.974 [warning] [Decorations] CAPPING events from decorations provider vscode.git 3231
2024-02-22 16:59:22.222 [warning] [Decorations] CAPPING events from decorations provider vscode.git 3231
2024-02-22 16:59:27.469 [warning] [Decorations] CAPPING events from decorations provider vscode.git 3231
2024-02-22 16:59:32.698 [warning] [Decorations] CAPPING events from decorations provider vscode.git 3232
2024-02-22 16:59:38.041 [warning] [Decorations] CAPPING events from decorations provider vscode.git 3232
2024-02-22 16:59:43.270 [warning] [Decorations] CAPPING events from decorations provider vscode.git 3232
2024-02-22 16:59:48.901 [warning] [Decorations] CAPPING events from decorations provider vscode.git 3232
2024-02-22 16:59:49.307 [warning] [Decorations] CAPPING events from decorations provider vscode.git 3232
2024-02-22 16:59:54.527 [warning] [Decorations] CAPPING events from decorations provider vscode.git 3232
2024-02-22 16:59:59.784 [warning] [Decorations] CAPPING events from decorations provider vscode.git 3232
2024-02-22 17:00:05.013 [warning] [Decorations] CAPPING events from decorations provider vscode.git 3232
2024-02-22 17:00:12.536 [warning] [Decorations] CAPPING events from decorations provider vscode.git 3232
2024-02-22 17:11:26.879 [warning] TextEditor is closed/disposed
