2024-02-23 15:02:32.472 [info] Extension host with pid 15521 started
2024-02-23 15:02:32.472 [error] Error: EEXIST: file already exists, open '/var/lib/odoo/.vscode-server/data/User/workspaceStorage/b09d447946748cf914d57fecda080cc7/vscode.lock'
2024-02-23 15:02:32.478 [info] Lock '/var/lib/odoo/.vscode-server/data/User/workspaceStorage/b09d447946748cf914d57fecda080cc7/vscode.lock': Could not acquire lock, checking if the file is stale.
2024-02-23 15:02:32.496 [info] Lock '/var/lib/odoo/.vscode-server/data/User/workspaceStorage/b09d447946748cf914d57fecda080cc7/vscode.lock': The lock does not look stale, elapsed: 13 ms, giving up.
2024-02-23 15:02:32.497 [error] Error: EEXIST: file already exists, open '/var/lib/odoo/.vscode-server/data/User/workspaceStorage/b09d447946748cf914d57fecda080cc7-1/vscode.lock'
2024-02-23 15:02:32.498 [info] Lock '/var/lib/odoo/.vscode-server/data/User/workspaceStorage/b09d447946748cf914d57fecda080cc7-1/vscode.lock': Could not acquire lock, checking if the file is stale.
2024-02-23 15:02:32.499 [info] Lock '/var/lib/odoo/.vscode-server/data/User/workspaceStorage/b09d447946748cf914d57fecda080cc7-1/vscode.lock': The pid 10653 appears to be gone.
2024-02-23 15:02:32.499 [info] Lock '/var/lib/odoo/.vscode-server/data/User/workspaceStorage/b09d447946748cf914d57fecda080cc7-1/vscode.lock': Deleting a stale lock.
2024-02-23 15:02:32.503 [info] Lock '/var/lib/odoo/.vscode-server/data/User/workspaceStorage/b09d447946748cf914d57fecda080cc7-1/vscode.lock': Lock acquired.
2024-02-23 15:02:32.773 [info] ExtensionService#_doActivateExtension ms-python.debugpy, startup: false, activationEvent: 'onLanguage:python'
2024-02-23 15:02:32.774 [info] ExtensionService#_doActivateExtension ms-python.python, startup: false, activationEvent: 'onLanguage:python'
2024-02-23 15:02:32.775 [info] ExtensionService#_doActivateExtension vscode.emmet, startup: false, activationEvent: 'onLanguage'
2024-02-23 15:02:33.776 [info] ExtensionService#_doActivateExtension vscode.git-base, startup: true, activationEvent: '*', root cause: vscode.git
2024-02-23 15:02:34.451 [info] ExtensionService#_doActivateExtension vscode.git, startup: true, activationEvent: '*'
2024-02-23 15:02:34.451 [info] ExtensionService#_doActivateExtension vscode.github, startup: true, activationEvent: '*'
2024-02-23 15:02:34.860 [info] Eager extensions activated
2024-02-23 15:02:34.861 [info] ExtensionService#_doActivateExtension vscode.debug-auto-launch, startup: false, activationEvent: 'onStartupFinished'
2024-02-23 15:02:34.862 [info] ExtensionService#_doActivateExtension vscode.merge-conflict, startup: false, activationEvent: 'onStartupFinished'
2024-02-23 15:02:34.862 [info] ExtensionService#_doActivateExtension eamodio.gitlens, startup: false, activationEvent: 'onStartupFinished'
2024-02-23 15:02:34.863 [info] ExtensionService#_doActivateExtension felipecaputo.git-project-manager, startup: false, activationEvent: 'onStartupFinished'
2024-02-23 15:02:36.962 [info] ExtensionService#_doActivateExtension mechatroner.rainbow-csv, startup: false, activationEvent: 'onLanguage:plaintext'
2024-02-23 15:04:53.541 [warning] TextEditor is closed/disposed
2024-02-23 15:04:53.626 [info] ExtensionService#_doActivateExtension redhat.vscode-xml, startup: false, activationEvent: 'onLanguage:xml'
2024-02-23 15:04:54.764 [warning] [redhat.vscode-xml] Accessing a resource scoped configuration without providing a resource is not expected. To get the effective value for '[xml]', provide the URI of a resource or 'null' for any resource.
2024-02-23 15:06:46.923 [warning] TextEditor is closed/disposed
2024-02-23 15:13:50.186 [warning] TextEditor is closed/disposed
2024-02-23 15:15:34.980 [warning] TextEditor is closed/disposed
2024-02-23 15:15:46.603 [warning] TextEditor is closed/disposed
2024-02-23 15:19:41.895 [warning] TextEditor is closed/disposed
2024-02-23 15:22:03.457 [warning] TextEditor is closed/disposed
2024-02-23 15:24:41.029 [warning] TextEditor is closed/disposed
2024-02-23 15:28:46.336 [warning] TextEditor is closed/disposed
2024-02-23 15:30:40.961 [warning] TextEditor is closed/disposed
2024-02-23 15:38:28.252 [warning] TextEditor is closed/disposed
2024-02-23 15:40:27.203 [warning] TextEditor is closed/disposed
2024-02-23 15:41:52.985 [warning] TextEditor is closed/disposed
2024-02-23 15:42:07.196 [warning] TextEditor is closed/disposed
2024-02-23 15:42:52.398 [warning] TextEditor is closed/disposed
2024-02-23 15:43:20.393 [warning] TextEditor is closed/disposed
2024-02-23 15:43:22.371 [warning] TextEditor is closed/disposed
2024-02-23 15:43:42.830 [warning] TextEditor is closed/disposed
2024-02-23 15:48:17.350 [warning] TextEditor is closed/disposed
2024-02-23 15:49:14.538 [warning] TextEditor is closed/disposed
2024-02-23 15:52:54.504 [warning] TextEditor is closed/disposed
2024-02-23 15:58:56.968 [warning] TextEditor is closed/disposed
2024-02-23 16:00:10.841 [warning] TextEditor is closed/disposed
2024-02-23 16:39:01.701 [warning] TextEditor is closed/disposed
2024-02-23 16:39:11.379 [warning] TextEditor is closed/disposed
2024-02-23 16:39:30.803 [warning] TextEditor is closed/disposed
2024-02-23 16:40:03.172 [warning] TextEditor is closed/disposed
2024-02-23 16:40:47.329 [warning] TextEditor is closed/disposed
2024-02-23 16:40:49.119 [warning] TextEditor is closed/disposed
2024-02-23 16:41:19.464 [warning] TextEditor is closed/disposed
2024-02-23 16:56:20.831 [warning] TextEditor is closed/disposed
2024-02-23 16:56:24.510 [warning] TextEditor is closed/disposed
2024-02-23 16:56:56.850 [warning] TextEditor is closed/disposed
2024-02-23 16:57:10.878 [warning] TextEditor is closed/disposed
2024-02-23 16:57:13.131 [warning] TextEditor is closed/disposed
2024-02-23 16:57:14.184 [warning] TextEditor is closed/disposed
2024-02-23 16:57:15.030 [warning] TextEditor is closed/disposed
2024-02-23 16:57:16.736 [warning] TextEditor is closed/disposed
2024-02-23 16:57:27.166 [warning] TextEditor is closed/disposed
2024-02-23 16:58:01.778 [warning] TextEditor is closed/disposed
2024-02-23 16:59:19.676 [warning] TextEditor is closed/disposed
2024-02-23 16:59:34.722 [warning] TextEditor is closed/disposed
2024-02-23 17:03:00.612 [warning] TextEditor is closed/disposed
2024-02-23 17:03:02.918 [warning] TextEditor is closed/disposed
