2024-02-09 16:14:29.177 [info] Extension host with pid 40331 started
2024-02-09 16:14:29.178 [error] Error: EEXIST: file already exists, open '/var/lib/odoo/.vscode-server/data/User/workspaceStorage/b09d447946748cf914d57fecda080cc7/vscode.lock'
2024-02-09 16:14:29.185 [info] Lock '/var/lib/odoo/.vscode-server/data/User/workspaceStorage/b09d447946748cf914d57fecda080cc7/vscode.lock': Could not acquire lock, checking if the file is stale.
2024-02-09 16:14:29.209 [info] Lock '/var/lib/odoo/.vscode-server/data/User/workspaceStorage/b09d447946748cf914d57fecda080cc7/vscode.lock': The lock does not look stale, elapsed: 911 ms, giving up.
2024-02-09 16:14:29.215 [info] Lock '/var/lib/odoo/.vscode-server/data/User/workspaceStorage/b09d447946748cf914d57fecda080cc7-1/vscode.lock': Lock acquired.
2024-02-09 16:14:33.731 [info] ExtensionService#_doActivateExtension mechatroner.rainbow-csv, startup: false, activationEvent: 'onLanguage:plaintext'
2024-02-09 16:14:33.733 [info] ExtensionService#_doActivateExtension vscode.emmet, startup: false, activationEvent: 'onLanguage'
2024-02-09 16:14:33.735 [info] ExtensionService#_doActivateExtension redhat.vscode-xml, startup: false, activationEvent: 'onLanguage:xml'
2024-02-09 16:14:34.737 [info] ExtensionService#_doActivateExtension vscode.git-base, startup: true, activationEvent: '*', root cause: vscode.git
2024-02-09 16:14:35.311 [info] ExtensionService#_doActivateExtension vscode.git, startup: true, activationEvent: '*'
2024-02-09 16:14:35.312 [info] ExtensionService#_doActivateExtension vscode.github, startup: true, activationEvent: '*'
2024-02-09 16:14:36.519 [info] Eager extensions activated
2024-02-09 16:14:36.519 [info] ExtensionService#_doActivateExtension vscode.debug-auto-launch, startup: false, activationEvent: 'onStartupFinished'
2024-02-09 16:14:36.520 [info] ExtensionService#_doActivateExtension vscode.merge-conflict, startup: false, activationEvent: 'onStartupFinished'
2024-02-09 16:14:37.406 [warning] [Decorations] CAPPING events from decorations provider vscode.git 1167
2024-02-09 16:14:39.240 [warning] [Decorations] CAPPING events from decorations provider vscode.git 1167
2024-02-09 16:14:40.130 [warning] [redhat.vscode-xml] Accessing a resource scoped configuration without providing a resource is not expected. To get the effective value for '[xml]', provide the URI of a resource or 'null' for any resource.
2024-02-09 16:15:48.475 [info] ExtensionService#_doActivateExtension vscode.npm, startup: false, activationEvent: 'onTerminalQuickFixRequest:ms-vscode.npm-command'
2024-02-09 16:16:46.712 [warning] [Decorations] CAPPING events from decorations provider vscode.git 1170
2024-02-09 16:16:50.696 [warning] [Decorations] CAPPING events from decorations provider vscode.git 1169
2024-02-09 16:16:55.806 [warning] [Decorations] CAPPING events from decorations provider vscode.git 1169
2024-02-09 16:17:00.916 [warning] [Decorations] CAPPING events from decorations provider vscode.git 1169
2024-02-09 16:17:06.565 [warning] [Decorations] CAPPING events from decorations provider vscode.git 1169
2024-02-09 16:29:41.601 [info] Extension host terminating: received terminate message from renderer
2024-02-09 16:29:41.610 [info] Lock '/var/lib/odoo/.vscode-server/data/User/workspaceStorage/b09d447946748cf914d57fecda080cc7-1/vscode.lock': Marking the lockfile as scheduled to be released in 6000 ms.
2024-02-09 16:29:41.665 [error] Canceled: Canceled
	at new f (/var/lib/odoo/.vscode-server/bin/05047486b6df5eb8d44b2ecd70ea3bdf775fd937/out/vs/workbench/api/node/extensionHostProcess.js:140:45069)
	at d.U (/var/lib/odoo/.vscode-server/bin/05047486b6df5eb8d44b2ecd70ea3bdf775fd937/out/vs/workbench/api/node/extensionHostProcess.js:147:5557)
	at T.<computed>.O.charCodeAt.T.<computed> (/var/lib/odoo/.vscode-server/bin/05047486b6df5eb8d44b2ecd70ea3bdf775fd937/out/vs/workbench/api/node/extensionHostProcess.js:147:3008)
	at s.g (/var/lib/odoo/.vscode-server/bin/05047486b6df5eb8d44b2ecd70ea3bdf775fd937/out/vs/workbench/api/node/extensionHostProcess.js:150:174704)
	at s.executeCommand (/var/lib/odoo/.vscode-server/bin/05047486b6df5eb8d44b2ecd70ea3bdf775fd937/out/vs/workbench/api/node/extensionHostProcess.js:150:174142)
	at m.registerCommand.description (/var/lib/odoo/.vscode-server/bin/05047486b6df5eb8d44b2ecd70ea3bdf775fd937/out/vs/workbench/api/node/extensionHostProcess.js:150:173466)
	at s.h (/var/lib/odoo/.vscode-server/bin/05047486b6df5eb8d44b2ecd70ea3bdf775fd937/out/vs/workbench/api/node/extensionHostProcess.js:150:175243)
	at s.g (/var/lib/odoo/.vscode-server/bin/05047486b6df5eb8d44b2ecd70ea3bdf775fd937/out/vs/workbench/api/node/extensionHostProcess.js:150:174235)
	at s.executeCommand (/var/lib/odoo/.vscode-server/bin/05047486b6df5eb8d44b2ecd70ea3bdf775fd937/out/vs/workbench/api/node/extensionHostProcess.js:150:174142)
	at Object.executeCommand (/var/lib/odoo/.vscode-server/bin/05047486b6df5eb8d44b2ecd70ea3bdf775fd937/out/vs/workbench/api/node/extensionHostProcess.js:160:21634)
	at g.I [as value] (/var/lib/odoo/.vscode-server/bin/05047486b6df5eb8d44b2ecd70ea3bdf775fd937/extensions/git/dist/main.js:2:927298)
	at r.y (/var/lib/odoo/.vscode-server/bin/05047486b6df5eb8d44b2ecd70ea3bdf775fd937/out/vs/workbench/api/node/extensionHostProcess.js:80:1902)
	at r.z (/var/lib/odoo/.vscode-server/bin/05047486b6df5eb8d44b2ecd70ea3bdf775fd937/out/vs/workbench/api/node/extensionHostProcess.js:80:1972)
	at r.fire (/var/lib/odoo/.vscode-server/bin/05047486b6df5eb8d44b2ecd70ea3bdf775fd937/out/vs/workbench/api/node/extensionHostProcess.js:80:2188)
	at Object.m [as dispose] (/var/lib/odoo/.vscode-server/bin/05047486b6df5eb8d44b2ecd70ea3bdf775fd937/extensions/git/dist/main.js:2:943089)
	at /var/lib/odoo/.vscode-server/bin/05047486b6df5eb8d44b2ecd70ea3bdf775fd937/extensions/git/dist/main.js:2:947930
	at Array.forEach (<anonymous>)
	at p.dispose (/var/lib/odoo/.vscode-server/bin/05047486b6df5eb8d44b2ecd70ea3bdf775fd937/extensions/git/dist/main.js:2:947916)
	at c.<anonymous> (/var/lib/odoo/.vscode-server/bin/05047486b6df5eb8d44b2ecd70ea3bdf775fd937/out/vs/workbench/api/node/extensionHostProcess.js:148:3650)
	at c.dispose (/var/lib/odoo/.vscode-server/bin/05047486b6df5eb8d44b2ecd70ea3bdf775fd937/out/vs/workbench/api/node/extensionHostProcess.js:148:3747)
	at c.<anonymous> (/var/lib/odoo/.vscode-server/bin/05047486b6df5eb8d44b2ecd70ea3bdf775fd937/extensions/git/dist/main.js:2:929310)
	at c.dispose (/var/lib/odoo/.vscode-server/bin/05047486b6df5eb8d44b2ecd70ea3bdf775fd937/out/vs/workbench/api/node/extensionHostProcess.js:148:3747)
	at o (/var/lib/odoo/.vscode-server/bin/05047486b6df5eb8d44b2ecd70ea3bdf775fd937/out/vs/workbench/api/node/extensionHostProcess.js:30:754)
	at g.cb (/var/lib/odoo/.vscode-server/bin/05047486b6df5eb8d44b2ecd70ea3bdf775fd937/out/vs/workbench/api/node/extensionHostProcess.js:156:9874)
	at /var/lib/odoo/.vscode-server/bin/05047486b6df5eb8d44b2ecd70ea3bdf775fd937/out/vs/workbench/api/node/extensionHostProcess.js:156:7808
	at Array.map (<anonymous>)
	at g.Y (/var/lib/odoo/.vscode-server/bin/05047486b6df5eb8d44b2ecd70ea3bdf775fd937/out/vs/workbench/api/node/extensionHostProcess.js:156:7795)
	at g.terminate (/var/lib/odoo/.vscode-server/bin/05047486b6df5eb8d44b2ecd70ea3bdf775fd937/out/vs/workbench/api/node/extensionHostProcess.js:156:8068)
	at o.terminate (/var/lib/odoo/.vscode-server/bin/05047486b6df5eb8d44b2ecd70ea3bdf775fd937/out/vs/workbench/api/node/extensionHostProcess.js:160:1513)
	at t (/var/lib/odoo/.vscode-server/bin/05047486b6df5eb8d44b2ecd70ea3bdf775fd937/out/vs/workbench/api/node/extensionHostProcess.js:173:9950)
	at g.value (/var/lib/odoo/.vscode-server/bin/05047486b6df5eb8d44b2ecd70ea3bdf775fd937/out/vs/workbench/api/node/extensionHostProcess.js:173:7997)
	at r.y (/var/lib/odoo/.vscode-server/bin/05047486b6df5eb8d44b2ecd70ea3bdf775fd937/out/vs/workbench/api/node/extensionHostProcess.js:80:1902)
	at r.fire (/var/lib/odoo/.vscode-server/bin/05047486b6df5eb8d44b2ecd70ea3bdf775fd937/out/vs/workbench/api/node/extensionHostProcess.js:80:2119)
	at n.fire (/var/lib/odoo/.vscode-server/bin/05047486b6df5eb8d44b2ecd70ea3bdf775fd937/out/vs/workbench/api/node/extensionHostProcess.js:105:14073)
	at s.z (/var/lib/odoo/.vscode-server/bin/05047486b6df5eb8d44b2ecd70ea3bdf775fd937/out/vs/workbench/api/node/extensionHostProcess.js:105:17138)
	at g.value (/var/lib/odoo/.vscode-server/bin/05047486b6df5eb8d44b2ecd70ea3bdf775fd937/out/vs/workbench/api/node/extensionHostProcess.js:105:15590)
	at r.y (/var/lib/odoo/.vscode-server/bin/05047486b6df5eb8d44b2ecd70ea3bdf775fd937/out/vs/workbench/api/node/extensionHostProcess.js:80:1902)
	at r.fire (/var/lib/odoo/.vscode-server/bin/05047486b6df5eb8d44b2ecd70ea3bdf775fd937/out/vs/workbench/api/node/extensionHostProcess.js:80:2119)
	at g.acceptChunk (/var/lib/odoo/.vscode-server/bin/05047486b6df5eb8d44b2ecd70ea3bdf775fd937/out/vs/workbench/api/node/extensionHostProcess.js:105:11847)
	at g.value (/var/lib/odoo/.vscode-server/bin/05047486b6df5eb8d44b2ecd70ea3bdf775fd937/out/vs/workbench/api/node/extensionHostProcess.js:105:11134)
	at r.y (/var/lib/odoo/.vscode-server/bin/05047486b6df5eb8d44b2ecd70ea3bdf775fd937/out/vs/workbench/api/node/extensionHostProcess.js:80:1902)
	at r.fire (/var/lib/odoo/.vscode-server/bin/05047486b6df5eb8d44b2ecd70ea3bdf775fd937/out/vs/workbench/api/node/extensionHostProcess.js:80:2119)
	at r.z (/var/lib/odoo/.vscode-server/bin/05047486b6df5eb8d44b2ecd70ea3bdf775fd937/out/vs/workbench/api/node/extensionHostProcess.js:170:19748) setContext undefined
2024-02-09 16:29:41.667 [error] Canceled: Canceled
	at new f (/var/lib/odoo/.vscode-server/bin/05047486b6df5eb8d44b2ecd70ea3bdf775fd937/out/vs/workbench/api/node/extensionHostProcess.js:140:45069)
	at d.U (/var/lib/odoo/.vscode-server/bin/05047486b6df5eb8d44b2ecd70ea3bdf775fd937/out/vs/workbench/api/node/extensionHostProcess.js:147:5557)
	at T.<computed>.O.charCodeAt.T.<computed> (/var/lib/odoo/.vscode-server/bin/05047486b6df5eb8d44b2ecd70ea3bdf775fd937/out/vs/workbench/api/node/extensionHostProcess.js:147:3008)
	at s.g (/var/lib/odoo/.vscode-server/bin/05047486b6df5eb8d44b2ecd70ea3bdf775fd937/out/vs/workbench/api/node/extensionHostProcess.js:150:174704)
	at s.executeCommand (/var/lib/odoo/.vscode-server/bin/05047486b6df5eb8d44b2ecd70ea3bdf775fd937/out/vs/workbench/api/node/extensionHostProcess.js:150:174142)
	at m.registerCommand.description (/var/lib/odoo/.vscode-server/bin/05047486b6df5eb8d44b2ecd70ea3bdf775fd937/out/vs/workbench/api/node/extensionHostProcess.js:150:173466)
	at s.h (/var/lib/odoo/.vscode-server/bin/05047486b6df5eb8d44b2ecd70ea3bdf775fd937/out/vs/workbench/api/node/extensionHostProcess.js:150:175243)
	at s.g (/var/lib/odoo/.vscode-server/bin/05047486b6df5eb8d44b2ecd70ea3bdf775fd937/out/vs/workbench/api/node/extensionHostProcess.js:150:174235)
	at s.executeCommand (/var/lib/odoo/.vscode-server/bin/05047486b6df5eb8d44b2ecd70ea3bdf775fd937/out/vs/workbench/api/node/extensionHostProcess.js:150:174142)
	at Object.executeCommand (/var/lib/odoo/.vscode-server/bin/05047486b6df5eb8d44b2ecd70ea3bdf775fd937/out/vs/workbench/api/node/extensionHostProcess.js:160:21634)
	at set b [as b] (/var/lib/odoo/.vscode-server/bin/05047486b6df5eb8d44b2ecd70ea3bdf775fd937/extensions/github/dist/extension.js:2:322364)
	at /var/lib/odoo/.vscode-server/bin/05047486b6df5eb8d44b2ecd70ea3bdf775fd937/extensions/github/dist/extension.js:2:323005
	at g.value (/var/lib/odoo/.vscode-server/bin/05047486b6df5eb8d44b2ecd70ea3bdf775fd937/extensions/git/dist/main.js:2:1018251)
	at r.y (/var/lib/odoo/.vscode-server/bin/05047486b6df5eb8d44b2ecd70ea3bdf775fd937/out/vs/workbench/api/node/extensionHostProcess.js:80:1902)
	at r.z (/var/lib/odoo/.vscode-server/bin/05047486b6df5eb8d44b2ecd70ea3bdf775fd937/out/vs/workbench/api/node/extensionHostProcess.js:80:1972)
	at r.fire (/var/lib/odoo/.vscode-server/bin/05047486b6df5eb8d44b2ecd70ea3bdf775fd937/out/vs/workbench/api/node/extensionHostProcess.js:80:2188)
	at Object.m [as dispose] (/var/lib/odoo/.vscode-server/bin/05047486b6df5eb8d44b2ecd70ea3bdf775fd937/extensions/git/dist/main.js:2:943089)
	at /var/lib/odoo/.vscode-server/bin/05047486b6df5eb8d44b2ecd70ea3bdf775fd937/extensions/git/dist/main.js:2:947930
	at Array.forEach (<anonymous>)
	at p.dispose (/var/lib/odoo/.vscode-server/bin/05047486b6df5eb8d44b2ecd70ea3bdf775fd937/extensions/git/dist/main.js:2:947916)
	at c.<anonymous> (/var/lib/odoo/.vscode-server/bin/05047486b6df5eb8d44b2ecd70ea3bdf775fd937/out/vs/workbench/api/node/extensionHostProcess.js:148:3650)
	at c.dispose (/var/lib/odoo/.vscode-server/bin/05047486b6df5eb8d44b2ecd70ea3bdf775fd937/out/vs/workbench/api/node/extensionHostProcess.js:148:3747)
	at c.<anonymous> (/var/lib/odoo/.vscode-server/bin/05047486b6df5eb8d44b2ecd70ea3bdf775fd937/extensions/git/dist/main.js:2:929310)
	at c.dispose (/var/lib/odoo/.vscode-server/bin/05047486b6df5eb8d44b2ecd70ea3bdf775fd937/out/vs/workbench/api/node/extensionHostProcess.js:148:3747)
	at o (/var/lib/odoo/.vscode-server/bin/05047486b6df5eb8d44b2ecd70ea3bdf775fd937/out/vs/workbench/api/node/extensionHostProcess.js:30:754)
	at g.cb (/var/lib/odoo/.vscode-server/bin/05047486b6df5eb8d44b2ecd70ea3bdf775fd937/out/vs/workbench/api/node/extensionHostProcess.js:156:9874)
	at /var/lib/odoo/.vscode-server/bin/05047486b6df5eb8d44b2ecd70ea3bdf775fd937/out/vs/workbench/api/node/extensionHostProcess.js:156:7808
	at Array.map (<anonymous>)
	at g.Y (/var/lib/odoo/.vscode-server/bin/05047486b6df5eb8d44b2ecd70ea3bdf775fd937/out/vs/workbench/api/node/extensionHostProcess.js:156:7795)
	at g.terminate (/var/lib/odoo/.vscode-server/bin/05047486b6df5eb8d44b2ecd70ea3bdf775fd937/out/vs/workbench/api/node/extensionHostProcess.js:156:8068)
	at o.terminate (/var/lib/odoo/.vscode-server/bin/05047486b6df5eb8d44b2ecd70ea3bdf775fd937/out/vs/workbench/api/node/extensionHostProcess.js:160:1513)
	at t (/var/lib/odoo/.vscode-server/bin/05047486b6df5eb8d44b2ecd70ea3bdf775fd937/out/vs/workbench/api/node/extensionHostProcess.js:173:9950)
	at g.value (/var/lib/odoo/.vscode-server/bin/05047486b6df5eb8d44b2ecd70ea3bdf775fd937/out/vs/workbench/api/node/extensionHostProcess.js:173:7997)
	at r.y (/var/lib/odoo/.vscode-server/bin/05047486b6df5eb8d44b2ecd70ea3bdf775fd937/out/vs/workbench/api/node/extensionHostProcess.js:80:1902)
	at r.fire (/var/lib/odoo/.vscode-server/bin/05047486b6df5eb8d44b2ecd70ea3bdf775fd937/out/vs/workbench/api/node/extensionHostProcess.js:80:2119)
	at n.fire (/var/lib/odoo/.vscode-server/bin/05047486b6df5eb8d44b2ecd70ea3bdf775fd937/out/vs/workbench/api/node/extensionHostProcess.js:105:14073)
	at s.z (/var/lib/odoo/.vscode-server/bin/05047486b6df5eb8d44b2ecd70ea3bdf775fd937/out/vs/workbench/api/node/extensionHostProcess.js:105:17138)
	at g.value (/var/lib/odoo/.vscode-server/bin/05047486b6df5eb8d44b2ecd70ea3bdf775fd937/out/vs/workbench/api/node/extensionHostProcess.js:105:15590)
	at r.y (/var/lib/odoo/.vscode-server/bin/05047486b6df5eb8d44b2ecd70ea3bdf775fd937/out/vs/workbench/api/node/extensionHostProcess.js:80:1902)
	at r.fire (/var/lib/odoo/.vscode-server/bin/05047486b6df5eb8d44b2ecd70ea3bdf775fd937/out/vs/workbench/api/node/extensionHostProcess.js:80:2119)
	at g.acceptChunk (/var/lib/odoo/.vscode-server/bin/05047486b6df5eb8d44b2ecd70ea3bdf775fd937/out/vs/workbench/api/node/extensionHostProcess.js:105:11847)
	at g.value (/var/lib/odoo/.vscode-server/bin/05047486b6df5eb8d44b2ecd70ea3bdf775fd937/out/vs/workbench/api/node/extensionHostProcess.js:105:11134)
	at r.y (/var/lib/odoo/.vscode-server/bin/05047486b6df5eb8d44b2ecd70ea3bdf775fd937/out/vs/workbench/api/node/extensionHostProcess.js:80:1902)
	at r.fire (/var/lib/odoo/.vscode-server/bin/05047486b6df5eb8d44b2ecd70ea3bdf775fd937/out/vs/workbench/api/node/extensionHostProcess.js:80:2119)
	at r.z (/var/lib/odoo/.vscode-server/bin/05047486b6df5eb8d44b2ecd70ea3bdf775fd937/out/vs/workbench/api/node/extensionHostProcess.js:170:19748) setContext undefined
2024-02-09 16:29:41.671 [error] Canceled: Canceled
	at new f (/var/lib/odoo/.vscode-server/bin/05047486b6df5eb8d44b2ecd70ea3bdf775fd937/out/vs/workbench/api/node/extensionHostProcess.js:140:45069)
	at d.U (/var/lib/odoo/.vscode-server/bin/05047486b6df5eb8d44b2ecd70ea3bdf775fd937/out/vs/workbench/api/node/extensionHostProcess.js:147:5557)
	at T.<computed>.O.charCodeAt.T.<computed> (/var/lib/odoo/.vscode-server/bin/05047486b6df5eb8d44b2ecd70ea3bdf775fd937/out/vs/workbench/api/node/extensionHostProcess.js:147:3008)
	at s.g (/var/lib/odoo/.vscode-server/bin/05047486b6df5eb8d44b2ecd70ea3bdf775fd937/out/vs/workbench/api/node/extensionHostProcess.js:150:174704)
	at s.executeCommand (/var/lib/odoo/.vscode-server/bin/05047486b6df5eb8d44b2ecd70ea3bdf775fd937/out/vs/workbench/api/node/extensionHostProcess.js:150:174142)
	at m.registerCommand.description (/var/lib/odoo/.vscode-server/bin/05047486b6df5eb8d44b2ecd70ea3bdf775fd937/out/vs/workbench/api/node/extensionHostProcess.js:150:173466)
	at s.h (/var/lib/odoo/.vscode-server/bin/05047486b6df5eb8d44b2ecd70ea3bdf775fd937/out/vs/workbench/api/node/extensionHostProcess.js:150:175243)
	at s.g (/var/lib/odoo/.vscode-server/bin/05047486b6df5eb8d44b2ecd70ea3bdf775fd937/out/vs/workbench/api/node/extensionHostProcess.js:150:174235)
	at s.executeCommand (/var/lib/odoo/.vscode-server/bin/05047486b6df5eb8d44b2ecd70ea3bdf775fd937/out/vs/workbench/api/node/extensionHostProcess.js:150:174142)
	at Object.executeCommand (/var/lib/odoo/.vscode-server/bin/05047486b6df5eb8d44b2ecd70ea3bdf775fd937/out/vs/workbench/api/node/extensionHostProcess.js:160:21634)
	at /var/lib/odoo/.vscode-server/extensions/redhat.vscode-xml-0.26.1-linux-x64/dist/extension.js:2:280393
	at r.invoke (/var/lib/odoo/.vscode-server/extensions/redhat.vscode-xml-0.26.1-linux-x64/dist/extension.js:2:567242)
	at o.fire (/var/lib/odoo/.vscode-server/extensions/redhat.vscode-xml-0.26.1-linux-x64/dist/extension.js:2:568007)
	at set $state [as $state] (/var/lib/odoo/.vscode-server/extensions/redhat.vscode-xml-0.26.1-linux-x64/dist/extension.js:2:339773)
	at w.shutdown (/var/lib/odoo/.vscode-server/extensions/redhat.vscode-xml-0.26.1-linux-x64/dist/extension.js:2:351430) setContext undefined
2024-02-09 16:29:41.679 [info] Extension host with pid 40331 exiting with code 0
