*
* Visual Studio Code Server
*
* By using the software, you agree to
* the Visual Studio Code Server License Terms (https://aka.ms/vscode-server-license) and
* the Microsoft Privacy Statement (https://privacy.microsoft.com/en-US/privacystatement).
*
Server bound to 127.0.0.1:35239 (IPv4)
Extension host agent listening on 35239

[15:43:34] 




[15:43:34] Extension host agent started.
[15:43:34] Started initializing default profile extensions in extensions installation folder. file:///var/lib/odoo/.vscode-server/extensions
[15:43:34] Completed initializing default profile extensions in extensions installation folder. file:///var/lib/odoo/.vscode-server/extensions
[15:43:34] [127.0.0.1][6da16274][ManagementConnection] New connection established.
[15:43:34] [127.0.0.1][0091b8ca][ExtensionHostConnection] New connection established.
[15:43:34] [127.0.0.1][0091b8ca][ExtensionHostConnection] <11667> Launched Extension Host Process.
[15:46:17] [127.0.0.1][6da16274][ManagementConnection] The client has disconnected gracefully, so the connection will be disposed.
[15:46:17] [127.0.0.1][0091b8ca][ExtensionHostConnection] <11667> Extension Host Process exited with code: 0, signal: null.
Cancelling previous shutdown timeout
[15:46:17] Cancelling previous shutdown timeout
Last EH closed, waiting before shutting down
[15:46:17] Last EH closed, waiting before shutting down
Got delay-shutdown request while in shutdown timeout, delaying
[15:46:29] Got delay-shutdown request while in shutdown timeout, delaying
Cancelling previous shutdown timeout
[15:46:29] Cancelling previous shutdown timeout
[15:46:29] [127.0.0.1][a1bc768e][ManagementConnection] New connection established.
[15:46:29] [127.0.0.1][a19f1b58][ExtensionHostConnection] New connection established.
[15:46:29] [127.0.0.1][a19f1b58][ExtensionHostConnection] <11844> Launched Extension Host Process.
New EH opened, aborting shutdown
[15:51:29] New EH opened, aborting shutdown
[17:12:32] Getting Manifest... redhat.vscode-xml
[17:12:33] Installing extension: redhat.vscode-xml
[17:12:37] Extension signature verification failed with error 'ENOENT': redhat.vscode-xml
[17:12:39] Extracted extension to file:///var/lib/odoo/.vscode-server/extensions/redhat.vscode-xml-0.26.1-linux-x64: redhat.vscode-xml
[17:12:39] Renamed to /var/lib/odoo/.vscode-server/extensions/redhat.vscode-xml-0.26.1-linux-x64
[17:12:39] Extracting extension completed. redhat.vscode-xml
[17:12:39] Extension installed successfully: redhat.vscode-xml
[16:31:24] [127.0.0.1][72f8dfbd][ManagementConnection] New connection established.
[16:31:24] [127.0.0.1][f0a5ef3e][ExtensionHostConnection] New connection established.
[16:31:24] [127.0.0.1][f0a5ef3e][ExtensionHostConnection] <13192> Launched Extension Host Process.
rejected promise not handled within 1 second: CodeExpectedError: Could not find pty on pty host
stack trace: CodeExpectedError: Could not find pty on pty host
    at A.U (/var/lib/odoo/.vscode-server/bin/8b3775030ed1a69b13e4f4c628c612102e30a681/out/vs/platform/terminal/node/ptyHostMain.js:43:32377)
    at A.updateTitle (/var/lib/odoo/.vscode-server/bin/8b3775030ed1a69b13e4f4c628c612102e30a681/out/vs/platform/terminal/node/ptyHostMain.js:43:27509)
    at T.<computed> (/var/lib/odoo/.vscode-server/bin/8b3775030ed1a69b13e4f4c628c612102e30a681/out/vs/platform/terminal/node/ptyHostMain.js:43:22735)
    at Object.call (/var/lib/odoo/.vscode-server/bin/8b3775030ed1a69b13e4f4c628c612102e30a681/out/vs/platform/terminal/node/ptyHostMain.js:34:5041)
    at g.s (/var/lib/odoo/.vscode-server/bin/8b3775030ed1a69b13e4f4c628c612102e30a681/out/vs/platform/terminal/node/ptyHostMain.js:32:5153)
    at g.q (/var/lib/odoo/.vscode-server/bin/8b3775030ed1a69b13e4f4c628c612102e30a681/out/vs/platform/terminal/node/ptyHostMain.js:32:4662)
    at a.value (/var/lib/odoo/.vscode-server/bin/8b3775030ed1a69b13e4f4c628c612102e30a681/out/vs/platform/terminal/node/ptyHostMain.js:32:4064)
    at i.y (/var/lib/odoo/.vscode-server/bin/8b3775030ed1a69b13e4f4c628c612102e30a681/out/vs/platform/terminal/node/ptyHostMain.js:27:1906)
    at i.fire (/var/lib/odoo/.vscode-server/bin/8b3775030ed1a69b13e4f4c628c612102e30a681/out/vs/platform/terminal/node/ptyHostMain.js:27:2123)
    at process.ce (/var/lib/odoo/.vscode-server/bin/8b3775030ed1a69b13e4f4c628c612102e30a681/out/vs/platform/terminal/node/ptyHostMain.js:25:10117)
    at process.emit (node:events:513:28)
    at emit (node:internal/child_process:937:14)
    at process.processTicksAndRejections (node:internal/process/task_queues:83:21)
[16:31:26] Error [CodeExpectedError]: Could not find pty on pty host
    at A.U (/var/lib/odoo/.vscode-server/bin/8b3775030ed1a69b13e4f4c628c612102e30a681/out/vs/platform/terminal/node/ptyHostMain.js:43:32377)
    at A.updateTitle (/var/lib/odoo/.vscode-server/bin/8b3775030ed1a69b13e4f4c628c612102e30a681/out/vs/platform/terminal/node/ptyHostMain.js:43:27509)
    at T.<computed> (/var/lib/odoo/.vscode-server/bin/8b3775030ed1a69b13e4f4c628c612102e30a681/out/vs/platform/terminal/node/ptyHostMain.js:43:22735)
    at Object.call (/var/lib/odoo/.vscode-server/bin/8b3775030ed1a69b13e4f4c628c612102e30a681/out/vs/platform/terminal/node/ptyHostMain.js:34:5041)
    at g.s (/var/lib/odoo/.vscode-server/bin/8b3775030ed1a69b13e4f4c628c612102e30a681/out/vs/platform/terminal/node/ptyHostMain.js:32:5153)
    at g.q (/var/lib/odoo/.vscode-server/bin/8b3775030ed1a69b13e4f4c628c612102e30a681/out/vs/platform/terminal/node/ptyHostMain.js:32:4662)
    at a.value (/var/lib/odoo/.vscode-server/bin/8b3775030ed1a69b13e4f4c628c612102e30a681/out/vs/platform/terminal/node/ptyHostMain.js:32:4064)
    at i.y (/var/lib/odoo/.vscode-server/bin/8b3775030ed1a69b13e4f4c628c612102e30a681/out/vs/platform/terminal/node/ptyHostMain.js:27:1906)
    at i.fire (/var/lib/odoo/.vscode-server/bin/8b3775030ed1a69b13e4f4c628c612102e30a681/out/vs/platform/terminal/node/ptyHostMain.js:27:2123)
    at process.ce (/var/lib/odoo/.vscode-server/bin/8b3775030ed1a69b13e4f4c628c612102e30a681/out/vs/platform/terminal/node/ptyHostMain.js:25:10117)
    at process.emit (node:events:513:28)
    at emit (node:internal/child_process:937:14)
    at process.processTicksAndRejections (node:internal/process/task_queues:83:21)
rejected promise not handled within 1 second: CodeExpectedError: Could not find pty on pty host
stack trace: CodeExpectedError: Could not find pty on pty host
    at A.U (/var/lib/odoo/.vscode-server/bin/8b3775030ed1a69b13e4f4c628c612102e30a681/out/vs/platform/terminal/node/ptyHostMain.js:43:32377)
    at A.updateTitle (/var/lib/odoo/.vscode-server/bin/8b3775030ed1a69b13e4f4c628c612102e30a681/out/vs/platform/terminal/node/ptyHostMain.js:43:27509)
    at T.<computed> (/var/lib/odoo/.vscode-server/bin/8b3775030ed1a69b13e4f4c628c612102e30a681/out/vs/platform/terminal/node/ptyHostMain.js:43:22735)
    at Object.call (/var/lib/odoo/.vscode-server/bin/8b3775030ed1a69b13e4f4c628c612102e30a681/out/vs/platform/terminal/node/ptyHostMain.js:34:5041)
    at g.s (/var/lib/odoo/.vscode-server/bin/8b3775030ed1a69b13e4f4c628c612102e30a681/out/vs/platform/terminal/node/ptyHostMain.js:32:5153)
    at g.q (/var/lib/odoo/.vscode-server/bin/8b3775030ed1a69b13e4f4c628c612102e30a681/out/vs/platform/terminal/node/ptyHostMain.js:32:4662)
    at a.value (/var/lib/odoo/.vscode-server/bin/8b3775030ed1a69b13e4f4c628c612102e30a681/out/vs/platform/terminal/node/ptyHostMain.js:32:4064)
    at i.y (/var/lib/odoo/.vscode-server/bin/8b3775030ed1a69b13e4f4c628c612102e30a681/out/vs/platform/terminal/node/ptyHostMain.js:27:1906)
    at i.fire (/var/lib/odoo/.vscode-server/bin/8b3775030ed1a69b13e4f4c628c612102e30a681/out/vs/platform/terminal/node/ptyHostMain.js:27:2123)
    at process.ce (/var/lib/odoo/.vscode-server/bin/8b3775030ed1a69b13e4f4c628c612102e30a681/out/vs/platform/terminal/node/ptyHostMain.js:25:10117)
    at process.emit (node:events:513:28)
    at emit (node:internal/child_process:937:14)
    at process.processTicksAndRejections (node:internal/process/task_queues:83:21)
[16:31:29] Error [CodeExpectedError]: Could not find pty on pty host
    at A.U (/var/lib/odoo/.vscode-server/bin/8b3775030ed1a69b13e4f4c628c612102e30a681/out/vs/platform/terminal/node/ptyHostMain.js:43:32377)
    at A.updateTitle (/var/lib/odoo/.vscode-server/bin/8b3775030ed1a69b13e4f4c628c612102e30a681/out/vs/platform/terminal/node/ptyHostMain.js:43:27509)
    at T.<computed> (/var/lib/odoo/.vscode-server/bin/8b3775030ed1a69b13e4f4c628c612102e30a681/out/vs/platform/terminal/node/ptyHostMain.js:43:22735)
    at Object.call (/var/lib/odoo/.vscode-server/bin/8b3775030ed1a69b13e4f4c628c612102e30a681/out/vs/platform/terminal/node/ptyHostMain.js:34:5041)
    at g.s (/var/lib/odoo/.vscode-server/bin/8b3775030ed1a69b13e4f4c628c612102e30a681/out/vs/platform/terminal/node/ptyHostMain.js:32:5153)
    at g.q (/var/lib/odoo/.vscode-server/bin/8b3775030ed1a69b13e4f4c628c612102e30a681/out/vs/platform/terminal/node/ptyHostMain.js:32:4662)
    at a.value (/var/lib/odoo/.vscode-server/bin/8b3775030ed1a69b13e4f4c628c612102e30a681/out/vs/platform/terminal/node/ptyHostMain.js:32:4064)
    at i.y (/var/lib/odoo/.vscode-server/bin/8b3775030ed1a69b13e4f4c628c612102e30a681/out/vs/platform/terminal/node/ptyHostMain.js:27:1906)
    at i.fire (/var/lib/odoo/.vscode-server/bin/8b3775030ed1a69b13e4f4c628c612102e30a681/out/vs/platform/terminal/node/ptyHostMain.js:27:2123)
    at process.ce (/var/lib/odoo/.vscode-server/bin/8b3775030ed1a69b13e4f4c628c612102e30a681/out/vs/platform/terminal/node/ptyHostMain.js:25:10117)
    at process.emit (node:events:513:28)
    at emit (node:internal/child_process:937:14)
    at process.processTicksAndRejections (node:internal/process/task_queues:83:21)
rejected promise not handled within 1 second: CodeExpectedError: Could not find pty on pty host
stack trace: CodeExpectedError: Could not find pty on pty host
    at A.U (/var/lib/odoo/.vscode-server/bin/8b3775030ed1a69b13e4f4c628c612102e30a681/out/vs/platform/terminal/node/ptyHostMain.js:43:32377)
    at A.updateIcon (/var/lib/odoo/.vscode-server/bin/8b3775030ed1a69b13e4f4c628c612102e30a681/out/vs/platform/terminal/node/ptyHostMain.js:43:27562)
    at T.<computed> (/var/lib/odoo/.vscode-server/bin/8b3775030ed1a69b13e4f4c628c612102e30a681/out/vs/platform/terminal/node/ptyHostMain.js:43:22735)
    at Object.call (/var/lib/odoo/.vscode-server/bin/8b3775030ed1a69b13e4f4c628c612102e30a681/out/vs/platform/terminal/node/ptyHostMain.js:34:5041)
    at g.s (/var/lib/odoo/.vscode-server/bin/8b3775030ed1a69b13e4f4c628c612102e30a681/out/vs/platform/terminal/node/ptyHostMain.js:32:5153)
    at g.q (/var/lib/odoo/.vscode-server/bin/8b3775030ed1a69b13e4f4c628c612102e30a681/out/vs/platform/terminal/node/ptyHostMain.js:32:4662)
    at a.value (/var/lib/odoo/.vscode-server/bin/8b3775030ed1a69b13e4f4c628c612102e30a681/out/vs/platform/terminal/node/ptyHostMain.js:32:4064)
    at i.y (/var/lib/odoo/.vscode-server/bin/8b3775030ed1a69b13e4f4c628c612102e30a681/out/vs/platform/terminal/node/ptyHostMain.js:27:1906)
    at i.fire (/var/lib/odoo/.vscode-server/bin/8b3775030ed1a69b13e4f4c628c612102e30a681/out/vs/platform/terminal/node/ptyHostMain.js:27:2123)
    at process.ce (/var/lib/odoo/.vscode-server/bin/8b3775030ed1a69b13e4f4c628c612102e30a681/out/vs/platform/terminal/node/ptyHostMain.js:25:10117)
    at process.emit (node:events:513:28)
    at emit (node:internal/child_process:937:14)
    at process.processTicksAndRejections (node:internal/process/task_queues:83:21)
[16:31:29] Error [CodeExpectedError]: Could not find pty on pty host
    at A.U (/var/lib/odoo/.vscode-server/bin/8b3775030ed1a69b13e4f4c628c612102e30a681/out/vs/platform/terminal/node/ptyHostMain.js:43:32377)
    at A.updateIcon (/var/lib/odoo/.vscode-server/bin/8b3775030ed1a69b13e4f4c628c612102e30a681/out/vs/platform/terminal/node/ptyHostMain.js:43:27562)
    at T.<computed> (/var/lib/odoo/.vscode-server/bin/8b3775030ed1a69b13e4f4c628c612102e30a681/out/vs/platform/terminal/node/ptyHostMain.js:43:22735)
    at Object.call (/var/lib/odoo/.vscode-server/bin/8b3775030ed1a69b13e4f4c628c612102e30a681/out/vs/platform/terminal/node/ptyHostMain.js:34:5041)
    at g.s (/var/lib/odoo/.vscode-server/bin/8b3775030ed1a69b13e4f4c628c612102e30a681/out/vs/platform/terminal/node/ptyHostMain.js:32:5153)
    at g.q (/var/lib/odoo/.vscode-server/bin/8b3775030ed1a69b13e4f4c628c612102e30a681/out/vs/platform/terminal/node/ptyHostMain.js:32:4662)
    at a.value (/var/lib/odoo/.vscode-server/bin/8b3775030ed1a69b13e4f4c628c612102e30a681/out/vs/platform/terminal/node/ptyHostMain.js:32:4064)
    at i.y (/var/lib/odoo/.vscode-server/bin/8b3775030ed1a69b13e4f4c628c612102e30a681/out/vs/platform/terminal/node/ptyHostMain.js:27:1906)
    at i.fire (/var/lib/odoo/.vscode-server/bin/8b3775030ed1a69b13e4f4c628c612102e30a681/out/vs/platform/terminal/node/ptyHostMain.js:27:2123)
    at process.ce (/var/lib/odoo/.vscode-server/bin/8b3775030ed1a69b13e4f4c628c612102e30a681/out/vs/platform/terminal/node/ptyHostMain.js:25:10117)
    at process.emit (node:events:513:28)
    at emit (node:internal/child_process:937:14)
    at process.processTicksAndRejections (node:internal/process/task_queues:83:21)
[16:31:58] [127.0.0.1][72f8dfbd][ManagementConnection] The client has disconnected gracefully, so the connection will be disposed.
[16:31:58] [127.0.0.1][f0a5ef3e][ExtensionHostConnection] <13192> Extension Host Process exited with code: 0, signal: null.
[16:32:08] [127.0.0.1][b7e8eb92][ManagementConnection] New connection established.
[16:32:08] [127.0.0.1][ff921a61][ExtensionHostConnection] New connection established.
[16:32:08] [127.0.0.1][ff921a61][ExtensionHostConnection] <13340> Launched Extension Host Process.
rejected promise not handled within 1 second: CodeExpectedError: Could not find pty on pty host
stack trace: CodeExpectedError: Could not find pty on pty host
    at A.U (/var/lib/odoo/.vscode-server/bin/8b3775030ed1a69b13e4f4c628c612102e30a681/out/vs/platform/terminal/node/ptyHostMain.js:43:32377)
    at A.updateTitle (/var/lib/odoo/.vscode-server/bin/8b3775030ed1a69b13e4f4c628c612102e30a681/out/vs/platform/terminal/node/ptyHostMain.js:43:27509)
    at T.<computed> (/var/lib/odoo/.vscode-server/bin/8b3775030ed1a69b13e4f4c628c612102e30a681/out/vs/platform/terminal/node/ptyHostMain.js:43:22735)
    at Object.call (/var/lib/odoo/.vscode-server/bin/8b3775030ed1a69b13e4f4c628c612102e30a681/out/vs/platform/terminal/node/ptyHostMain.js:34:5041)
    at g.s (/var/lib/odoo/.vscode-server/bin/8b3775030ed1a69b13e4f4c628c612102e30a681/out/vs/platform/terminal/node/ptyHostMain.js:32:5153)
    at g.q (/var/lib/odoo/.vscode-server/bin/8b3775030ed1a69b13e4f4c628c612102e30a681/out/vs/platform/terminal/node/ptyHostMain.js:32:4662)
    at a.value (/var/lib/odoo/.vscode-server/bin/8b3775030ed1a69b13e4f4c628c612102e30a681/out/vs/platform/terminal/node/ptyHostMain.js:32:4064)
    at i.y (/var/lib/odoo/.vscode-server/bin/8b3775030ed1a69b13e4f4c628c612102e30a681/out/vs/platform/terminal/node/ptyHostMain.js:27:1906)
    at i.fire (/var/lib/odoo/.vscode-server/bin/8b3775030ed1a69b13e4f4c628c612102e30a681/out/vs/platform/terminal/node/ptyHostMain.js:27:2123)
    at process.ce (/var/lib/odoo/.vscode-server/bin/8b3775030ed1a69b13e4f4c628c612102e30a681/out/vs/platform/terminal/node/ptyHostMain.js:25:10117)
    at process.emit (node:events:513:28)
    at emit (node:internal/child_process:937:14)
    at process.processTicksAndRejections (node:internal/process/task_queues:83:21)
[16:32:12] Error [CodeExpectedError]: Could not find pty on pty host
    at A.U (/var/lib/odoo/.vscode-server/bin/8b3775030ed1a69b13e4f4c628c612102e30a681/out/vs/platform/terminal/node/ptyHostMain.js:43:32377)
    at A.updateTitle (/var/lib/odoo/.vscode-server/bin/8b3775030ed1a69b13e4f4c628c612102e30a681/out/vs/platform/terminal/node/ptyHostMain.js:43:27509)
    at T.<computed> (/var/lib/odoo/.vscode-server/bin/8b3775030ed1a69b13e4f4c628c612102e30a681/out/vs/platform/terminal/node/ptyHostMain.js:43:22735)
    at Object.call (/var/lib/odoo/.vscode-server/bin/8b3775030ed1a69b13e4f4c628c612102e30a681/out/vs/platform/terminal/node/ptyHostMain.js:34:5041)
    at g.s (/var/lib/odoo/.vscode-server/bin/8b3775030ed1a69b13e4f4c628c612102e30a681/out/vs/platform/terminal/node/ptyHostMain.js:32:5153)
    at g.q (/var/lib/odoo/.vscode-server/bin/8b3775030ed1a69b13e4f4c628c612102e30a681/out/vs/platform/terminal/node/ptyHostMain.js:32:4662)
    at a.value (/var/lib/odoo/.vscode-server/bin/8b3775030ed1a69b13e4f4c628c612102e30a681/out/vs/platform/terminal/node/ptyHostMain.js:32:4064)
    at i.y (/var/lib/odoo/.vscode-server/bin/8b3775030ed1a69b13e4f4c628c612102e30a681/out/vs/platform/terminal/node/ptyHostMain.js:27:1906)
    at i.fire (/var/lib/odoo/.vscode-server/bin/8b3775030ed1a69b13e4f4c628c612102e30a681/out/vs/platform/terminal/node/ptyHostMain.js:27:2123)
    at process.ce (/var/lib/odoo/.vscode-server/bin/8b3775030ed1a69b13e4f4c628c612102e30a681/out/vs/platform/terminal/node/ptyHostMain.js:25:10117)
    at process.emit (node:events:513:28)
    at emit (node:internal/child_process:937:14)
    at process.processTicksAndRejections (node:internal/process/task_queues:83:21)
[14:37:31] [127.0.0.1][b7e8eb92][ManagementConnection] The client has reconnected.
[14:37:31] [127.0.0.1][ff921a61][ExtensionHostConnection] The client has reconnected.
[14:42:31] [127.0.0.1][a19f1b58][ExtensionHostConnection] <11844> Extension Host Process exited with code: 0, signal: null.
[15:41:46] Getting Manifest... mechatroner.rainbow-csv
[15:41:46] Installing extension: mechatroner.rainbow-csv
[15:41:47] Extension signature verification failed with error 'ENOENT': mechatroner.rainbow-csv
[15:41:47] Extracted extension to file:///var/lib/odoo/.vscode-server/extensions/mechatroner.rainbow-csv-3.11.0: mechatroner.rainbow-csv
[15:41:47] Renamed to /var/lib/odoo/.vscode-server/extensions/mechatroner.rainbow-csv-3.11.0
[15:41:47] Extracting extension completed. mechatroner.rainbow-csv
[15:41:47] Extension installed successfully: mechatroner.rainbow-csv
[15:26:36] [127.0.0.1][d5d471c4][ManagementConnection] New connection established.
[15:26:36] [127.0.0.1][ed352544][ExtensionHostConnection] New connection established.
[15:26:36] [127.0.0.1][ed352544][ExtensionHostConnection] <21437> Launched Extension Host Process.
[15:26:43] [127.0.0.1][d5d471c4][ManagementConnection] The client has disconnected gracefully, so the connection will be disposed.
[15:26:43] [127.0.0.1][ed352544][ExtensionHostConnection] <21437> Extension Host Process exited with code: 0, signal: null.
[15:26:54] [127.0.0.1][77772270][ManagementConnection] New connection established.
[15:26:54] [127.0.0.1][f8abd15d][ExtensionHostConnection] New connection established.
[15:26:54] [127.0.0.1][f8abd15d][ExtensionHostConnection] <21581> Launched Extension Host Process.
[node.js fs] readdir with filetypes failed with error:  [Error: ENOENT: no such file or directory, scandir '/var/lib/odoo/modules/listatareaskanban/description'] {
  errno: -2,
  code: 'ENOENT',
  syscall: 'scandir',
  path: '/var/lib/odoo/modules/listatareaskanban/description'
}
[16:56:16] [File Watcher (node.js)] Watcher shutdown because watched path got deleted
[16:33:13] [127.0.0.1][172c85b3][ManagementConnection] New connection established.
[16:33:13] [127.0.0.1][a05f0720][ExtensionHostConnection] New connection established.
[16:33:13] [127.0.0.1][a05f0720][ExtensionHostConnection] <27106> Launched Extension Host Process.
rejected promise not handled within 1 second: CodeExpectedError: Could not find pty on pty host
stack trace: CodeExpectedError: Could not find pty on pty host
    at A.U (/var/lib/odoo/.vscode-server/bin/8b3775030ed1a69b13e4f4c628c612102e30a681/out/vs/platform/terminal/node/ptyHostMain.js:43:32377)
    at A.updateTitle (/var/lib/odoo/.vscode-server/bin/8b3775030ed1a69b13e4f4c628c612102e30a681/out/vs/platform/terminal/node/ptyHostMain.js:43:27509)
    at T.<computed> (/var/lib/odoo/.vscode-server/bin/8b3775030ed1a69b13e4f4c628c612102e30a681/out/vs/platform/terminal/node/ptyHostMain.js:43:22735)
    at Object.call (/var/lib/odoo/.vscode-server/bin/8b3775030ed1a69b13e4f4c628c612102e30a681/out/vs/platform/terminal/node/ptyHostMain.js:34:5041)
    at g.s (/var/lib/odoo/.vscode-server/bin/8b3775030ed1a69b13e4f4c628c612102e30a681/out/vs/platform/terminal/node/ptyHostMain.js:32:5153)
    at g.q (/var/lib/odoo/.vscode-server/bin/8b3775030ed1a69b13e4f4c628c612102e30a681/out/vs/platform/terminal/node/ptyHostMain.js:32:4662)
    at a.value (/var/lib/odoo/.vscode-server/bin/8b3775030ed1a69b13e4f4c628c612102e30a681/out/vs/platform/terminal/node/ptyHostMain.js:32:4064)
    at i.y (/var/lib/odoo/.vscode-server/bin/8b3775030ed1a69b13e4f4c628c612102e30a681/out/vs/platform/terminal/node/ptyHostMain.js:27:1906)
    at i.fire (/var/lib/odoo/.vscode-server/bin/8b3775030ed1a69b13e4f4c628c612102e30a681/out/vs/platform/terminal/node/ptyHostMain.js:27:2123)
    at process.ce (/var/lib/odoo/.vscode-server/bin/8b3775030ed1a69b13e4f4c628c612102e30a681/out/vs/platform/terminal/node/ptyHostMain.js:25:10117)
    at process.emit (node:events:513:28)
    at emit (node:internal/child_process:937:14)
    at process.processTicksAndRejections (node:internal/process/task_queues:83:21)
[16:33:16] Error [CodeExpectedError]: Could not find pty on pty host
    at A.U (/var/lib/odoo/.vscode-server/bin/8b3775030ed1a69b13e4f4c628c612102e30a681/out/vs/platform/terminal/node/ptyHostMain.js:43:32377)
    at A.updateTitle (/var/lib/odoo/.vscode-server/bin/8b3775030ed1a69b13e4f4c628c612102e30a681/out/vs/platform/terminal/node/ptyHostMain.js:43:27509)
    at T.<computed> (/var/lib/odoo/.vscode-server/bin/8b3775030ed1a69b13e4f4c628c612102e30a681/out/vs/platform/terminal/node/ptyHostMain.js:43:22735)
    at Object.call (/var/lib/odoo/.vscode-server/bin/8b3775030ed1a69b13e4f4c628c612102e30a681/out/vs/platform/terminal/node/ptyHostMain.js:34:5041)
    at g.s (/var/lib/odoo/.vscode-server/bin/8b3775030ed1a69b13e4f4c628c612102e30a681/out/vs/platform/terminal/node/ptyHostMain.js:32:5153)
    at g.q (/var/lib/odoo/.vscode-server/bin/8b3775030ed1a69b13e4f4c628c612102e30a681/out/vs/platform/terminal/node/ptyHostMain.js:32:4662)
    at a.value (/var/lib/odoo/.vscode-server/bin/8b3775030ed1a69b13e4f4c628c612102e30a681/out/vs/platform/terminal/node/ptyHostMain.js:32:4064)
    at i.y (/var/lib/odoo/.vscode-server/bin/8b3775030ed1a69b13e4f4c628c612102e30a681/out/vs/platform/terminal/node/ptyHostMain.js:27:1906)
    at i.fire (/var/lib/odoo/.vscode-server/bin/8b3775030ed1a69b13e4f4c628c612102e30a681/out/vs/platform/terminal/node/ptyHostMain.js:27:2123)
    at process.ce (/var/lib/odoo/.vscode-server/bin/8b3775030ed1a69b13e4f4c628c612102e30a681/out/vs/platform/terminal/node/ptyHostMain.js:25:10117)
    at process.emit (node:events:513:28)
    at emit (node:internal/child_process:937:14)
    at process.processTicksAndRejections (node:internal/process/task_queues:83:21)
[16:33:42] [127.0.0.1][172c85b3][ManagementConnection] The client has disconnected gracefully, so the connection will be disposed.
[16:33:42] [127.0.0.1][a05f0720][ExtensionHostConnection] <27106> Extension Host Process exited with code: 0, signal: null.
[16:33:59] [127.0.0.1][2576e09a][ManagementConnection] New connection established.
[16:33:59] [127.0.0.1][e498249c][ExtensionHostConnection] New connection established.
[16:33:59] [127.0.0.1][e498249c][ExtensionHostConnection] <27256> Launched Extension Host Process.
[16:38:14] [127.0.0.1][ff921a61][ExtensionHostConnection] <13340> Extension Host Process exited with code: 0, signal: null.
[17:14:28] No ptyHost heartbeat after 6 seconds
[14:44:23] [127.0.0.1][2576e09a][ManagementConnection] The client has reconnected.
[14:44:23] [127.0.0.1][e498249c][ExtensionHostConnection] The client has reconnected.
rejected promise not handled within 1 second: CodeExpectedError: Could not find pty on pty host
stack trace: CodeExpectedError: Could not find pty on pty host
    at A.U (/var/lib/odoo/.vscode-server/bin/8b3775030ed1a69b13e4f4c628c612102e30a681/out/vs/platform/terminal/node/ptyHostMain.js:43:32377)
    at A.updateIcon (/var/lib/odoo/.vscode-server/bin/8b3775030ed1a69b13e4f4c628c612102e30a681/out/vs/platform/terminal/node/ptyHostMain.js:43:27562)
    at T.<computed> (/var/lib/odoo/.vscode-server/bin/8b3775030ed1a69b13e4f4c628c612102e30a681/out/vs/platform/terminal/node/ptyHostMain.js:43:22735)
    at Object.call (/var/lib/odoo/.vscode-server/bin/8b3775030ed1a69b13e4f4c628c612102e30a681/out/vs/platform/terminal/node/ptyHostMain.js:34:5041)
    at g.s (/var/lib/odoo/.vscode-server/bin/8b3775030ed1a69b13e4f4c628c612102e30a681/out/vs/platform/terminal/node/ptyHostMain.js:32:5153)
    at g.q (/var/lib/odoo/.vscode-server/bin/8b3775030ed1a69b13e4f4c628c612102e30a681/out/vs/platform/terminal/node/ptyHostMain.js:32:4662)
    at a.value (/var/lib/odoo/.vscode-server/bin/8b3775030ed1a69b13e4f4c628c612102e30a681/out/vs/platform/terminal/node/ptyHostMain.js:32:4064)
    at i.y (/var/lib/odoo/.vscode-server/bin/8b3775030ed1a69b13e4f4c628c612102e30a681/out/vs/platform/terminal/node/ptyHostMain.js:27:1906)
    at i.fire (/var/lib/odoo/.vscode-server/bin/8b3775030ed1a69b13e4f4c628c612102e30a681/out/vs/platform/terminal/node/ptyHostMain.js:27:2123)
    at process.ce (/var/lib/odoo/.vscode-server/bin/8b3775030ed1a69b13e4f4c628c612102e30a681/out/vs/platform/terminal/node/ptyHostMain.js:25:10117)
    at process.emit (node:events:513:28)
    at emit (node:internal/child_process:937:14)
    at process.processTicksAndRejections (node:internal/process/task_queues:83:21)
[14:44:24] Error [CodeExpectedError]: Could not find pty on pty host
    at A.U (/var/lib/odoo/.vscode-server/bin/8b3775030ed1a69b13e4f4c628c612102e30a681/out/vs/platform/terminal/node/ptyHostMain.js:43:32377)
    at A.updateIcon (/var/lib/odoo/.vscode-server/bin/8b3775030ed1a69b13e4f4c628c612102e30a681/out/vs/platform/terminal/node/ptyHostMain.js:43:27562)
    at T.<computed> (/var/lib/odoo/.vscode-server/bin/8b3775030ed1a69b13e4f4c628c612102e30a681/out/vs/platform/terminal/node/ptyHostMain.js:43:22735)
    at Object.call (/var/lib/odoo/.vscode-server/bin/8b3775030ed1a69b13e4f4c628c612102e30a681/out/vs/platform/terminal/node/ptyHostMain.js:34:5041)
    at g.s (/var/lib/odoo/.vscode-server/bin/8b3775030ed1a69b13e4f4c628c612102e30a681/out/vs/platform/terminal/node/ptyHostMain.js:32:5153)
    at g.q (/var/lib/odoo/.vscode-server/bin/8b3775030ed1a69b13e4f4c628c612102e30a681/out/vs/platform/terminal/node/ptyHostMain.js:32:4662)
    at a.value (/var/lib/odoo/.vscode-server/bin/8b3775030ed1a69b13e4f4c628c612102e30a681/out/vs/platform/terminal/node/ptyHostMain.js:32:4064)
    at i.y (/var/lib/odoo/.vscode-server/bin/8b3775030ed1a69b13e4f4c628c612102e30a681/out/vs/platform/terminal/node/ptyHostMain.js:27:1906)
    at i.fire (/var/lib/odoo/.vscode-server/bin/8b3775030ed1a69b13e4f4c628c612102e30a681/out/vs/platform/terminal/node/ptyHostMain.js:27:2123)
    at process.ce (/var/lib/odoo/.vscode-server/bin/8b3775030ed1a69b13e4f4c628c612102e30a681/out/vs/platform/terminal/node/ptyHostMain.js:25:10117)
    at process.emit (node:events:513:28)
    at emit (node:internal/child_process:937:14)
    at process.processTicksAndRejections (node:internal/process/task_queues:83:21)
rejected promise not handled within 1 second: CodeExpectedError: Could not find pty on pty host
stack trace: CodeExpectedError: Could not find pty on pty host
    at A.U (/var/lib/odoo/.vscode-server/bin/8b3775030ed1a69b13e4f4c628c612102e30a681/out/vs/platform/terminal/node/ptyHostMain.js:43:32377)
    at A.updateTitle (/var/lib/odoo/.vscode-server/bin/8b3775030ed1a69b13e4f4c628c612102e30a681/out/vs/platform/terminal/node/ptyHostMain.js:43:27509)
    at T.<computed> (/var/lib/odoo/.vscode-server/bin/8b3775030ed1a69b13e4f4c628c612102e30a681/out/vs/platform/terminal/node/ptyHostMain.js:43:22735)
    at Object.call (/var/lib/odoo/.vscode-server/bin/8b3775030ed1a69b13e4f4c628c612102e30a681/out/vs/platform/terminal/node/ptyHostMain.js:34:5041)
    at g.s (/var/lib/odoo/.vscode-server/bin/8b3775030ed1a69b13e4f4c628c612102e30a681/out/vs/platform/terminal/node/ptyHostMain.js:32:5153)
    at g.q (/var/lib/odoo/.vscode-server/bin/8b3775030ed1a69b13e4f4c628c612102e30a681/out/vs/platform/terminal/node/ptyHostMain.js:32:4662)
    at a.value (/var/lib/odoo/.vscode-server/bin/8b3775030ed1a69b13e4f4c628c612102e30a681/out/vs/platform/terminal/node/ptyHostMain.js:32:4064)
    at i.y (/var/lib/odoo/.vscode-server/bin/8b3775030ed1a69b13e4f4c628c612102e30a681/out/vs/platform/terminal/node/ptyHostMain.js:27:1906)
    at i.fire (/var/lib/odoo/.vscode-server/bin/8b3775030ed1a69b13e4f4c628c612102e30a681/out/vs/platform/terminal/node/ptyHostMain.js:27:2123)
    at process.ce (/var/lib/odoo/.vscode-server/bin/8b3775030ed1a69b13e4f4c628c612102e30a681/out/vs/platform/terminal/node/ptyHostMain.js:25:10117)
    at process.emit (node:events:513:28)
    at emit (node:internal/child_process:937:14)
    at process.processTicksAndRejections (node:internal/process/task_queues:83:21)
[14:44:24] Error [CodeExpectedError]: Could not find pty on pty host
    at A.U (/var/lib/odoo/.vscode-server/bin/8b3775030ed1a69b13e4f4c628c612102e30a681/out/vs/platform/terminal/node/ptyHostMain.js:43:32377)
    at A.updateTitle (/var/lib/odoo/.vscode-server/bin/8b3775030ed1a69b13e4f4c628c612102e30a681/out/vs/platform/terminal/node/ptyHostMain.js:43:27509)
    at T.<computed> (/var/lib/odoo/.vscode-server/bin/8b3775030ed1a69b13e4f4c628c612102e30a681/out/vs/platform/terminal/node/ptyHostMain.js:43:22735)
    at Object.call (/var/lib/odoo/.vscode-server/bin/8b3775030ed1a69b13e4f4c628c612102e30a681/out/vs/platform/terminal/node/ptyHostMain.js:34:5041)
    at g.s (/var/lib/odoo/.vscode-server/bin/8b3775030ed1a69b13e4f4c628c612102e30a681/out/vs/platform/terminal/node/ptyHostMain.js:32:5153)
    at g.q (/var/lib/odoo/.vscode-server/bin/8b3775030ed1a69b13e4f4c628c612102e30a681/out/vs/platform/terminal/node/ptyHostMain.js:32:4662)
    at a.value (/var/lib/odoo/.vscode-server/bin/8b3775030ed1a69b13e4f4c628c612102e30a681/out/vs/platform/terminal/node/ptyHostMain.js:32:4064)
    at i.y (/var/lib/odoo/.vscode-server/bin/8b3775030ed1a69b13e4f4c628c612102e30a681/out/vs/platform/terminal/node/ptyHostMain.js:27:1906)
    at i.fire (/var/lib/odoo/.vscode-server/bin/8b3775030ed1a69b13e4f4c628c612102e30a681/out/vs/platform/terminal/node/ptyHostMain.js:27:2123)
    at process.ce (/var/lib/odoo/.vscode-server/bin/8b3775030ed1a69b13e4f4c628c612102e30a681/out/vs/platform/terminal/node/ptyHostMain.js:25:10117)
    at process.emit (node:events:513:28)
    at emit (node:internal/child_process:937:14)
    at process.processTicksAndRejections (node:internal/process/task_queues:83:21)
rejected promise not handled within 1 second: CodeExpectedError: Could not find pty on pty host
stack trace: CodeExpectedError: Could not find pty on pty host
    at A.U (/var/lib/odoo/.vscode-server/bin/8b3775030ed1a69b13e4f4c628c612102e30a681/out/vs/platform/terminal/node/ptyHostMain.js:43:32377)
    at A.updateTitle (/var/lib/odoo/.vscode-server/bin/8b3775030ed1a69b13e4f4c628c612102e30a681/out/vs/platform/terminal/node/ptyHostMain.js:43:27509)
    at T.<computed> (/var/lib/odoo/.vscode-server/bin/8b3775030ed1a69b13e4f4c628c612102e30a681/out/vs/platform/terminal/node/ptyHostMain.js:43:22735)
    at Object.call (/var/lib/odoo/.vscode-server/bin/8b3775030ed1a69b13e4f4c628c612102e30a681/out/vs/platform/terminal/node/ptyHostMain.js:34:5041)
    at g.s (/var/lib/odoo/.vscode-server/bin/8b3775030ed1a69b13e4f4c628c612102e30a681/out/vs/platform/terminal/node/ptyHostMain.js:32:5153)
    at g.q (/var/lib/odoo/.vscode-server/bin/8b3775030ed1a69b13e4f4c628c612102e30a681/out/vs/platform/terminal/node/ptyHostMain.js:32:4662)
    at a.value (/var/lib/odoo/.vscode-server/bin/8b3775030ed1a69b13e4f4c628c612102e30a681/out/vs/platform/terminal/node/ptyHostMain.js:32:4064)
    at i.y (/var/lib/odoo/.vscode-server/bin/8b3775030ed1a69b13e4f4c628c612102e30a681/out/vs/platform/terminal/node/ptyHostMain.js:27:1906)
    at i.fire (/var/lib/odoo/.vscode-server/bin/8b3775030ed1a69b13e4f4c628c612102e30a681/out/vs/platform/terminal/node/ptyHostMain.js:27:2123)
    at process.ce (/var/lib/odoo/.vscode-server/bin/8b3775030ed1a69b13e4f4c628c612102e30a681/out/vs/platform/terminal/node/ptyHostMain.js:25:10117)
    at process.emit (node:events:513:28)
    at emit (node:internal/child_process:937:14)
    at process.processTicksAndRejections (node:internal/process/task_queues:83:21)
[14:44:24] Error [CodeExpectedError]: Could not find pty on pty host
    at A.U (/var/lib/odoo/.vscode-server/bin/8b3775030ed1a69b13e4f4c628c612102e30a681/out/vs/platform/terminal/node/ptyHostMain.js:43:32377)
    at A.updateTitle (/var/lib/odoo/.vscode-server/bin/8b3775030ed1a69b13e4f4c628c612102e30a681/out/vs/platform/terminal/node/ptyHostMain.js:43:27509)
    at T.<computed> (/var/lib/odoo/.vscode-server/bin/8b3775030ed1a69b13e4f4c628c612102e30a681/out/vs/platform/terminal/node/ptyHostMain.js:43:22735)
    at Object.call (/var/lib/odoo/.vscode-server/bin/8b3775030ed1a69b13e4f4c628c612102e30a681/out/vs/platform/terminal/node/ptyHostMain.js:34:5041)
    at g.s (/var/lib/odoo/.vscode-server/bin/8b3775030ed1a69b13e4f4c628c612102e30a681/out/vs/platform/terminal/node/ptyHostMain.js:32:5153)
    at g.q (/var/lib/odoo/.vscode-server/bin/8b3775030ed1a69b13e4f4c628c612102e30a681/out/vs/platform/terminal/node/ptyHostMain.js:32:4662)
    at a.value (/var/lib/odoo/.vscode-server/bin/8b3775030ed1a69b13e4f4c628c612102e30a681/out/vs/platform/terminal/node/ptyHostMain.js:32:4064)
    at i.y (/var/lib/odoo/.vscode-server/bin/8b3775030ed1a69b13e4f4c628c612102e30a681/out/vs/platform/terminal/node/ptyHostMain.js:27:1906)
    at i.fire (/var/lib/odoo/.vscode-server/bin/8b3775030ed1a69b13e4f4c628c612102e30a681/out/vs/platform/terminal/node/ptyHostMain.js:27:2123)
    at process.ce (/var/lib/odoo/.vscode-server/bin/8b3775030ed1a69b13e4f4c628c612102e30a681/out/vs/platform/terminal/node/ptyHostMain.js:25:10117)
    at process.emit (node:events:513:28)
    at emit (node:internal/child_process:937:14)
    at process.processTicksAndRejections (node:internal/process/task_queues:83:21)
rejected promise not handled within 1 second: CodeExpectedError: Could not find pty on pty host
stack trace: CodeExpectedError: Could not find pty on pty host
    at A.U (/var/lib/odoo/.vscode-server/bin/8b3775030ed1a69b13e4f4c628c612102e30a681/out/vs/platform/terminal/node/ptyHostMain.js:43:32377)
    at A.updateTitle (/var/lib/odoo/.vscode-server/bin/8b3775030ed1a69b13e4f4c628c612102e30a681/out/vs/platform/terminal/node/ptyHostMain.js:43:27509)
    at T.<computed> (/var/lib/odoo/.vscode-server/bin/8b3775030ed1a69b13e4f4c628c612102e30a681/out/vs/platform/terminal/node/ptyHostMain.js:43:22735)
    at Object.call (/var/lib/odoo/.vscode-server/bin/8b3775030ed1a69b13e4f4c628c612102e30a681/out/vs/platform/terminal/node/ptyHostMain.js:34:5041)
    at g.s (/var/lib/odoo/.vscode-server/bin/8b3775030ed1a69b13e4f4c628c612102e30a681/out/vs/platform/terminal/node/ptyHostMain.js:32:5153)
    at g.q (/var/lib/odoo/.vscode-server/bin/8b3775030ed1a69b13e4f4c628c612102e30a681/out/vs/platform/terminal/node/ptyHostMain.js:32:4662)
    at a.value (/var/lib/odoo/.vscode-server/bin/8b3775030ed1a69b13e4f4c628c612102e30a681/out/vs/platform/terminal/node/ptyHostMain.js:32:4064)
    at i.y (/var/lib/odoo/.vscode-server/bin/8b3775030ed1a69b13e4f4c628c612102e30a681/out/vs/platform/terminal/node/ptyHostMain.js:27:1906)
    at i.fire (/var/lib/odoo/.vscode-server/bin/8b3775030ed1a69b13e4f4c628c612102e30a681/out/vs/platform/terminal/node/ptyHostMain.js:27:2123)
    at process.ce (/var/lib/odoo/.vscode-server/bin/8b3775030ed1a69b13e4f4c628c612102e30a681/out/vs/platform/terminal/node/ptyHostMain.js:25:10117)
    at process.emit (node:events:513:28)
    at emit (node:internal/child_process:937:14)
    at process.processTicksAndRejections (node:internal/process/task_queues:83:21)
[14:44:24] Error [CodeExpectedError]: Could not find pty on pty host
    at A.U (/var/lib/odoo/.vscode-server/bin/8b3775030ed1a69b13e4f4c628c612102e30a681/out/vs/platform/terminal/node/ptyHostMain.js:43:32377)
    at A.updateTitle (/var/lib/odoo/.vscode-server/bin/8b3775030ed1a69b13e4f4c628c612102e30a681/out/vs/platform/terminal/node/ptyHostMain.js:43:27509)
    at T.<computed> (/var/lib/odoo/.vscode-server/bin/8b3775030ed1a69b13e4f4c628c612102e30a681/out/vs/platform/terminal/node/ptyHostMain.js:43:22735)
    at Object.call (/var/lib/odoo/.vscode-server/bin/8b3775030ed1a69b13e4f4c628c612102e30a681/out/vs/platform/terminal/node/ptyHostMain.js:34:5041)
    at g.s (/var/lib/odoo/.vscode-server/bin/8b3775030ed1a69b13e4f4c628c612102e30a681/out/vs/platform/terminal/node/ptyHostMain.js:32:5153)
    at g.q (/var/lib/odoo/.vscode-server/bin/8b3775030ed1a69b13e4f4c628c612102e30a681/out/vs/platform/terminal/node/ptyHostMain.js:32:4662)
    at a.value (/var/lib/odoo/.vscode-server/bin/8b3775030ed1a69b13e4f4c628c612102e30a681/out/vs/platform/terminal/node/ptyHostMain.js:32:4064)
    at i.y (/var/lib/odoo/.vscode-server/bin/8b3775030ed1a69b13e4f4c628c612102e30a681/out/vs/platform/terminal/node/ptyHostMain.js:27:1906)
    at i.fire (/var/lib/odoo/.vscode-server/bin/8b3775030ed1a69b13e4f4c628c612102e30a681/out/vs/platform/terminal/node/ptyHostMain.js:27:2123)
    at process.ce (/var/lib/odoo/.vscode-server/bin/8b3775030ed1a69b13e4f4c628c612102e30a681/out/vs/platform/terminal/node/ptyHostMain.js:25:10117)
    at process.emit (node:events:513:28)
    at emit (node:internal/child_process:937:14)
    at process.processTicksAndRejections (node:internal/process/task_queues:83:21)
[14:49:23] [127.0.0.1][f8abd15d][ExtensionHostConnection] <21581> Extension Host Process exited with code: 0, signal: null.
[16:13:11] [127.0.0.1][2576e09a][ManagementConnection] The client has disconnected gracefully, so the connection will be disposed.
[16:13:11] [127.0.0.1][e498249c][ExtensionHostConnection] <27256> Extension Host Process exited with code: 0, signal: null.
Last EH closed, waiting before shutting down
[16:13:11] Last EH closed, waiting before shutting down
Got delay-shutdown request while in shutdown timeout, delaying
[16:13:34] Got delay-shutdown request while in shutdown timeout, delaying
Cancelling previous shutdown timeout
[16:13:34] Cancelling previous shutdown timeout
[16:13:35] [127.0.0.1][a136c98d][ManagementConnection] New connection established.
[16:13:35] [127.0.0.1][9f8f3a17][ExtensionHostConnection] New connection established.
[16:13:35] [127.0.0.1][9f8f3a17][ExtensionHostConnection] <39961> Launched Extension Host Process.
New EH opened, aborting shutdown
[16:18:34] New EH opened, aborting shutdown
